1:
1.96
1.84
1.98
2.18
1.92
2.03
1.85
1.96
2.06
1.88
1.78
1.9
2.02
1.96
1.61
1.97
1.93
2.18
2.05
2.03
1.78
2.16
1.93
10:
1.71
1.68
1000:
1.85
1.71
1.66
2.2
1.98
1.87
1.83
1.96
1.75
1.64
1.82
1.89
1.82
2.11
1.94
1.77
1.73
1.72
1.77
1.88
1.86
1.97
1.53
1.73
2.04
1.78
1.9
10000:
1.91
1.96
10001:
1.85
2.06
1.94
1.71
2.09
1.88
1.87
2
1.98
1.99
1.99
2.01
1.74
2.1
1.92
1.91
2.09
10002:
2.1
1.83
2.19
2.04
10003:
1.54
10004:
2.23
2.1
2.03
2.06
2.15
2.07
2.1
2.04
2.04
2
2.13
2.03
2.1
2
2.17
2.05
2.09
2.12
2.12
2.06
2.1
1.97
2.04
2.07
2.32
1.91
2.1
2.07
1.94
2.18
2.13
10005:
1.86
2.04
1.82
1.7
1.71
10006:
1.97
1.83
2.06
1.69
10007:
1.63
1.82
1.57
1.53
1.48
1.72
1.68
1.7
1.62
1.76
1.63
1.63
1.55
10008:
2.17
1.84
1.94
1.63
2.06
2.08
2.02
10009:
1.76
1.82
2.02
1.72
1.63
1.79
1001:
2.09
1.86
1.76
1.84
2.04
1.98
1.9
1.83
1.65
1.9
1.93
1.94
1.71
1.93
1.81
1.8
2.05
1.98
1.72
1.79
1.7
1.92
1.8
1.65
1.84
1.84
1.87
1.86
1.91
2.03
1.95
2.19
1.71
1.86
1.83
1.9
1.94
1.67
1.68
1.91
1.98
1.68
1.85
1.99
1.98
1.9
1.8
1.8
1.77
2
1.81
1.56
1.63
1.88
1.99
2.04
1.73
1.88
1.88
1.75
1.84
1.77
1.76
1.71
1.98
1.73
1.68
1.77
2.03
1.85
1.7
1.77
1.84
1.74
1.77
1.96
1.62
1.65
1.84
1.86
1.94
1.96
1.65
1.9
1.82
1.84
1.79
2.03
1.87
1.76
2.03
1.9
1.91
1.95
1.8
1.65
1.73
1.82
1.75
1.85
1.84
1.89
1.76
1.76
1.84
1.83
1.92
1.92
1.94
1.73
1.71
1.8
1.88
1.74
1.82
1.71
1.71
1.95
1.88
1.69
1.86
1.81
1.79
1.86
1.82
1.87
1.78
1.95
1.89
1.83
1.85
1.89
1.89
1.76
10010:
1.53
1.57
1.45
1.81
1.7
1.57
1.59
1.54
1.4
1.62
1.44
1.38
1.43
1.37
1.67
1.49
1.45
1.66
1.13
1.53
1.33
1.5
1.41
10011:
2.15
2.05
10012:
1.79
2.02
1.74
1.77
1.95
1.96
1.56
1.79
1.74
1.82
1.95
1.77
1.76
10013:
1.92
1.82
1.89
1.92
1.82
1.85
1.79
1.94
1.79
1.97
1.76
2.05
1.84
1.89
1.76
1.83
1.7
1.78
1.83
1.67
1.75
1.7
1.77
1.95
1.9
1.78
1.85
1.59
1.69
1.79
1.77
1.63
1.67
1.94
1.77
1.74
1.88
1.98
1.95
1.66
2.03
1.81
1.84
1.85
1.86
1.65
1.82
1.86
1.73
1.89
1.76
1.75
1.86
1.91
1.8
1.61
1.95
10014:
1.8
1.99
1.61
1.88
1.72
10015:
1.94
1.79
1.78
1.89
1.95
1.99
2.05
1.98
2.02
1.9
1.96
1.93
1.89
2.06
2.05
1.87
1.93
2.03
1.99
2.02
2.32
2.05
2.11
1.7
1.77
1.82
2.06
1.93
10016:
1.75
1.55
1.65
1.77
1.94
10017:
1.83
1.88
1.79
10018:
2.14
1.91
1.74
1.76
1.81
1.92
1.87
1.77
1.64
2.05
1.91
2.01
1.99
1.92
1.85
1.93
1.81
1.92
1.91
1.87
1.87
1.75
1.96
2
1.8
1.97
1.89
1.93
1.94
1.98
10019:
1.84
1.8
1.95
1.72
2.05
2.06
1.88
1.58
1.91
1.81
2.05
1.69
1.71
1.8
1.92
1.94
1.92
1.87
1.83
2.09
1.83
1.97
1.88
1.9
1.98
1.93
1.8
1.79
1.81
1.91
1.81
1.84
1.89
2
1.83
1.98
1.57
1.92
1.96
2.02
2.03
2.03
1.94
1.89
2.05
1.73
1.97
1.99
2.02
1.92
1.77
1.8
1.92
1.83
1.87
1.45
1.68
1.78
2.08
1.82
1.76
1.85
1.81
1.83
1.93
2.08
1.82
2.16
1.88
1002:
1.79
1.75
1.87
1.85
1.8
1.92
1.94
1.56
1.85
1.85
2.03
1.9
1.85
1.72
10020:
2.03
1.99
1.96
2.1
1.97
1.94
2.01
2.07
2.12
2.01
2
2.22
1.94
2.05
2.04
1.94
2.08
1.92
2.07
1.95
2.08
1.8
1.92
1.93
1.83
1.55
2.06
10021:
1.48
1.57
1.59
1.44
10022:
1.54
1.82
1.74
1.65
1.87
1.87
1.6
1.67
10023:
2.04
2
2.02
1.94
2.21
1.88
1.82
1.96
2.06
1.96
2.13
10024:
1.86
2.02
1.88
1.98
1.9
1.83
1.8
1.82
1.92
1.93
10025:
1.79
10027:
2.13
1.93
1.93
1.94
1.7
1.92
1.91
2.08
1.82
2.04
1.94
1.95
2.02
1.86
1.96
2.1
1.91
1.98
2.01
1.98
1.88
2.07
1.96
1.93
2.05
2.01
2.09
2.12
2.14
2.12
2.11
2.01
1.77
1.93
2.04
2.11
2.16
1.97
2.03
1.88
2.06
2.04
2.27
1.89
1.88
2.05
2.04
1.99
2.1
2.11
1.94
2.09
1.95
1.93
1.87
2.06
1.88
1.86
2.11
2.04
1.95
1.94
1.89
1.81
2.11
2.24
1.82
2.03
1.77
2.01
1.99
2.04
2
1.97
2.13
1.98
2.07
2.08
1.76
1.94
2.18
2.24
1.78
1.99
1.98
2.07
2.01
2.01
10028:
1.71
1.76
1.73
2.02
2.05
1.69
2.04
10029:
1.86
1.99
2
1.76
10031:
1.87
1.66
1.93
1.63
2.01
1.76
1.66
1.61
1.71
10032:
1.74
2.24
2.06
2.02
1.99
1.69
1.87
1.85
1.96
1.57
1.83
2.1
2.18
1.88
2.04
1.68
1.9
1.9
1.87
1.95
1.84
1.82
1.8
1.97
1.92
1.78
1.88
1.89
2.06
1.81
1.89
1.92
2.03
1.99
1.84
2
1.81
1.82
1.86
1.83
1.86
1.93
1.84
1.72
1.8
1.9
2.01
10033:
1.91
1.87
1.57
1.9
1.81
1.69
1.75
1.68
1.79
1.75
1.91
1.81
2.19
1.9
10034:
1.36
1.6
10035:
1.71
2.19
2.22
2.05
2.16
2.08
1.93
1.97
2.02
1.88
1.96
2.02
2
2.04
1.94
2.01
2.06
2.05
2.12
2.24
10036:
1.87
1.87
1.92
1.84
2.03
1.92
1.81
1.92
1.72
1.8
1.83
1.9
2.02
2
2.21
1.99
1.95
2.03
1.64
1.77
2.01
1.95
2.1
2.02
2
2.04
1.98
2
2.01
1.76
1.94
1.84
1.75
1.88
1.93
1.9
1.98
1.99
1.87
1.96
1.85
2.01
2.11
2.04
2.01
1.99
2.12
2.17
1.77
2.05
1.82
2
1.99
1.79
1.9
2.11
1.83
2.23
1.92
2.03
1.98
2.12
1.84
2.12
1.84
2.16
1.96
2.01
1.98
2
2.16
2.05
1.98
1.84
2.05
2.08
2.04
1.87
2.01
2.04
1.96
1.86
2.22
2.05
1.74
1.97
1.94
1.98
1.99
1.86
1.91
2.05
1.89
2.08
1.91
1.76
1.91
2
1.88
2.09
2.07
2.03
1.86
2.13
1.89
1.79
2.01
1.92
1.9
2
2
1.87
1.9
1.99
1.87
2.01
2.15
1.85
1.91
2.01
1.96
1.93
2
1.92
2.04
1.91
2.13
2.16
1.93
1.88
2.01
1.85
1.84
2.06
1.94
1.8
2.01
2.01
2.05
1.87
2.21
2.03
1.86
1.97
1.91
2.06
1.9
2.04
1.84
1.89
2.03
2.06
2.01
1.9
1.99
1.89
2.24
1.94
1.95
2.12
2.01
1.92
1.98
2.06
1.94
1.96
2.02
2.05
1.97
1.89
1.89
1.9
2.08
1.88
1.98
2.04
1.9
2.01
2.01
2.13
1.97
2.1
1.8
1.98
2.18
1.93
1.93
1.93
2.03
1.97
1.99
1.85
2.04
2.24
2.06
1.77
1.94
2.01
1.77
1.95
1.99
1.99
1.91
1.96
1.82
2.24
1.98
2.01
1.9
1.98
1.96
1.88
2.1
1.94
1.88
10037:
2.01
1.76
1.8
1.97
1.93
1.91
1.81
1.72
1.8
1.94
1.8
1.81
1.83
1.86
10038:
1.95
1.79
1.75
1.84
1.73
1.89
1.84
1.77
10039:
1.36
1004:
1.55
1.6
1.64
1.67
1.82
1.77
1.73
1.96
1.47
1.74
1.78
1.95
1.8
1.77
1.7
1.66
1.67
1.76
1.61
1.74
1.79
1.74
1.67
1.34
1.65
1.51
1.62
1.74
1.55
1.8
1.73
10040:
1.87
1.74
1.89
10041:
1.84
1.69
1.76
1.65
1.77
1.75
2
1.71
1.82
1.6
1.66
1.84
1.97
1.69
1.81
1.84
1.81
1.6
1.72
1.6
1.82
1.79
1.66
1.79
1.84
1.58
1.77
1.7
1.79
1.65
1.77
10042:
2.19
2.06
2.15
2.07
2.1
2.2
2.23
2.03
2.25
2.09
2.17
2.07
2.16
2.12
2.14
2.25
2.08
2.25
2.23
2.15
2.13
2.22
1.84
2.08
2.17
2.26
2.24
1.86
2.19
2.21
2.12
2.18
2.14
2.3
2.14
2.28
2.17
2.17
2.1
2.07
2.15
2.09
2.06
2.08
2.12
2.24
2.1
2.05
2.13
1.97
2.13
2.22
2.29
2.03
2.3
2.2
2
2.17
2.05
2.13
2.17
2.14
2.17
2.13
1.93
1.99
2.05
2.24
2.05
2.04
2.1
2.06
2.16
2.08
2.06
2.24
2.21
2.11
2.12
2.21
2.04
2.16
2.19
2.13
2.22
2.04
2.15
2.2
2.01
2.27
2.07
2.12
2.39
2.11
2.06
2.21
2.13
2.14
2.1
2.11
2.15
2.23
2.08
2.3
2.21
2.1
2.16
2.16
2.33
2.16
2.22
2.17
2.02
2.23
2.04
2.14
2.14
2.07
2.17
2.29
2.01
2.33
2.19
2.28
2.2
2.37
1.99
2.11
2.13
2.06
2.06
2.16
2.13
1.68
2.1
2.11
2.31
2.29
2.07
2.25
2.12
2.3
2.12
2.08
2.13
2.18
2.19
1.99
2.01
2.24
2.06
2.2
2.26
2.11
2.2
2.1
2.12
2.02
2.01
2.2
1.96
2.26
2.16
2.22
2.09
2.25
2.12
2.09
2.15
2.15
2.23
2.22
2.02
2.1
2.26
2.07
2.2
2.25
2.34
2.18
2.07
2.18
2.26
2.09
2.12
2.3
2.04
1.97
2.15
2.24
2.05
2.13
2.23
2.11
2.24
2.26
2.24
2.15
2.16
2.19
2.17
2.19
2.1
2.12
2.21
1.71
2.2
2.14
2.18
2.11
2.1
2.12
2.26
2.24
2.3
2.2
2.27
2.21
2.13
2.17
2.15
2.2
2.26
2.19
2.2
2.16
2.21
2.09
2.13
2.07
2.16
2.15
2.13
2.1
2.3
2.15
2.22
2.08
2.2
2.17
2.05
2.27
2.03
2.23
2.23
2.2
2.24
2.19
2.16
2.13
2.02
2.15
2.28
2.13
2.14
2.13
2.03
2.18
2.17
2
2.08
2.05
2.18
2.29
1.97
2.09
2.11
2.17
2.07
2.04
2.13
2.21
2.15
2.09
2.05
2.04
2.09
2.2
2.17
2.16
2.11
2.11
2.22
2.11
2.18
2.08
2.02
2.18
2.05
2.18
2.19
2.04
2.17
2.04
2.22
2.05
2.05
2.18
2.09
2.11
2.19
2.15
2.17
2.17
2.01
2.16
2.1
2.18
2.22
2.21
2.16
2.1
2.18
2.16
2.11
2.26
2.08
2.24
2.23
2.07
2.19
2.1
2.25
2.17
2.24
2.23
2.19
2.16
2.29
2.12
2.21
2.15
2.02
2.22
2.09
2.16
2.2
2.3
2.04
2.22
2.21
2.15
2.22
2.42
2.04
2.21
2.2
2.29
2.06
2.2
2.28
2.09
2.2
2.1
2.02
2.2
2.17
2.23
2.1
2.21
2.04
2.05
2.13
2.15
2.15
2.09
2.06
2.1
2.21
2.12
2.34
2.14
2.13
2.1
2.19
2.33
2.01
1.94
2.13
2.15
2.17
2.14
2.03
2.2
2.08
2.24
2.13
2.07
2.06
2.15
2.11
2.06
2.12
2.09
2.04
2.31
2.16
1.99
2.12
2.21
2.14
2.14
2.08
2.11
2.14
2.11
2.22
2.09
1.96
2.17
2.22
2.05
2.21
2.09
2.07
2.18
2.02
2.22
2.17
1.98
2.29
2.09
2.2
2.29
2.17
2.06
2.27
2.35
2.17
2.08
2.09
2.24
2.02
2.18
2.22
2.02
2.13
1.85
2.01
2.13
2.11
2.19
2.18
2.15
2.26
2.16
2.16
2.12
2.15
2.02
2.06
2.31
1.97
2.18
2.22
2.17
2.05
2.2
2.13
2.21
2.15
2.06
2.09
2.02
2.38
2.12
2.19
1.91
2.19
2.28
2.21
2.15
2.06
2.28
2.2
2.2
2.19
2.26
2.06
2
2.12
2.17
2.1
2.09
2.33
2.1
1.96
2.13
2.12
2.04
2.19
2.09
2
2.16
2.12
2.19
2.1
2.15
2.16
2.05
1.98
2.03
2.1
1.97
1.94
2.28
2.21
2.22
2.05
2.15
2.11
2.2
2.15
2.12
2.23
2.24
2.31
2.23
2.08
2.06
2.21
2.07
2.02
2.12
2.24
2.15
2.12
2.03
2
2.3
2.23
2.03
2.1
2.18
2.21
2.1
2.32
2.28
2.15
2.13
2.05
2.22
2.19
2.12
2.23
2.26
2.08
2.26
2.19
2.12
1.99
1.96
2.22
1.67
2.11
2.23
2.15
2.1
2.02
2.22
2.09
2.08
2.21
2.12
2.19
2.28
2.14
2.05
2.15
2.07
2.09
2.04
2.02
2.25
2.06
2.2
2.1
1.91
2.15
2.1
2.28
1.99
2.1
2.09
2.09
2.18
2.11
2.18
2.17
2.25
2.13
2.19
2.1
2.06
2.01
2.11
2.19
2.22
2.09
2.02
2.16
2.2
2.15
2.1
1.93
2.19
2.13
2.11
2.28
2.05
2.13
2.07
2.22
2.17
2.09
2.12
2.1
2.28
2.07
2.06
1.98
2.14
2.17
2.16
2.07
2.16
2.01
1.98
2.16
2.08
2.13
2.21
2.16
2.08
2.12
2.04
2.29
2.14
2.16
2.26
2.23
2.03
2.16
2.14
2.22
2.24
2.22
2.09
2.11
2.04
2.09
2.11
2.16
2.16
2.2
2.22
2.1
2.21
2.14
2.15
1.93
2.23
1.96
2.18
2.18
2.19
2.07
2.05
2.1
2.14
2.17
2.08
2.25
2.23
2.3
2.17
2.05
2.12
2.04
2.08
2.3
2.09
2.24
2.07
2.19
2.08
2.11
2.31
2.09
2.12
2.08
2.26
2.16
2.07
2.13
2.17
2.2
2.22
2.15
2.14
2.15
2.03
2.09
2.16
2.23
2.18
2.09
2.12
2.07
2.13
2.15
2.06
2.13
2.26
2.14
2.25
2.19
2.14
2.19
2.11
2.03
2.28
2.29
2.16
2.03
2.04
2.16
1.87
2
2.05
2.12
2.15
2.23
2.04
2.25
2.17
2.07
2.11
2.1
1.9
2.15
2.14
2.05
2.2
2.12
2.12
2.27
2.2
2.18
2.26
2.01
2.26
2.26
2.09
2.14
2.21
10043:
2.04
2
2
1.9
2
2.03
1.95
2.04
2.17
2.01
2.06
2.16
1.98
2.1
2
1.97
2.12
2.02
1.96
1.93
2.08
2.17
2.03
2.1
1.96
2.05
2.04
2.08
2.05
1.83
2
2.01
2.02
2.06
2.11
2
2.04
2.13
2.11
2.01
2.08
1.89
1.66
1.98
1.96
2.06
1.97
2.09
2.04
2.11
1.92
2.07
1.97
2.01
2.01
1.94
1.93
1.87
2.11
2.21
2.19
2.13
1.95
1.95
10044:
2.06
1.94
1.88
1.93
2
2.14
1.91
1.99
1.79
1.9
1.9
1.71
1.81
2.07
1.98
2.15
2.07
1.74
2.18
2.02
1.93
1.97
1.86
1.99
1.82
1.89
1.8
1.9
2.05
1.97
1.9
1.99
2.08
1.87
2.01
1.9
1.95
1.92
1.92
1.89
1.89
2.17
1.84
1.68
2.1
1.89
1.85
1.82
1.91
1.93
1.88
1.83
1.84
1.94
1.88
1.98
1.94
1.99
1.86
1.9
2.03
1.96
2.05
1.93
10045:
1.84
10046:
1.6
1.6
1.41
10047:
1.97
2.15
1.99
2.06
2.11
1.82
2.02
1.98
10048:
1.68
1.85
1.81
1.72
1.89
1.97
1.88
10049:
1.57
1.53
1.41
1005:
1.78
1.75
1.65
1.62
1.77
1.81
1.8
1.61
1.86
1.72
1.86
1.66
1.69
0.88
