1 30878 3.78
1 2647871 3.38
1 1283744 3.69
1 2488120 4.81
1 317050 3.8
1 1904905 4
1 1989766 3.48
1 14756 3.79
1 1027056 4.13
1 1149588 3.61
1 1394012 3.06
1 1406595 3.68
1 2529547 4.07
1 1682104 4.09
1 2625019 2.88
1 2603381 4.04
1 1774623 3.68
1 470861 4.6
1 712610 4.23
1 1772839 4.28
1 1059319 3.17
1 2380848 5
1 548064 3.62
10 1952305 2.99
10 1531863 2.73
1000 2326571 3.28
1000 977808 2.97
1000 1010534 2.68
1000 1861759 4.68
1000 79755 3.81
1000 98259 3.44
1000 1960212 3.31
1000 97460 3.97
1000 2623506 3.03
1000 2409123 2.54
1000 1959111 3.32
1000 809597 3.57
1000 2251189 3.28
1000 537705 4.36
1000 929584 3.96
1000 506737 3.08
1000 708895 3.04
1000 1900790 3.07
1000 2553920 3.23
1000 1196779 3.68
1000 2411446 3.41
1000 1002296 3.95
1000 1580442 2.42
1000 100291 3.09
1000 433455 4.09
1000 2368043 3.13
1000 906984 3.65
10000 200206 3.71
10000 523108 3.56
10001 262828 3.49
10001 2609496 4.39
10001 1474804 3.81
10001 831991 2.79
10001 267142 4.41
10001 2305771 3.52
10001 220050 3.54
10001 1959883 4.08
10001 27822 4.03
10001 2570808 3.63
10001 90355 4.22
10001 2417258 4.23
10001 264764 3
10001 143866 4.27
10001 766895 3.71
10001 714089 3.56
10001 2350428 4.47
10002 1450941 4.35
10002 1213181 3.38
10002 308502 4.8
10002 2581993 4.08
10003 1515111 2.48
10004 1737087 5
10004 1270334 4.18
10004 1262711 4.4
10004 1903515 3.99
10004 2140798 4.77
10004 2479158 4.41
10004 2161335 4.53
10004 2099522 4.39
10004 1291600 4.37
10004 2198877 4.31
10004 2214717 4.47
10004 1936582 4.03
10004 84804 4.37
10004 1257912 3.96
10004 1263375 4.5
10004 735147 4.42
10004 1186407 4.52
10004 350806 4.51
10004 1141242 4.7
10004 638738 4.11
10004 590598 4.34
10004 1704823 4.1
10004 2238464 4.15
10004 273497 4.23
10004 2499539 5
10004 2543444 3.91
10004 119309 4.25
10004 2540335 4.44
10004 129495 3.56
10004 956464 4.89
10004 1648424 4.63
10005 254775 3.62
10005 1892654 4.08
10005 469365 3.3
10005 793736 2.96
10005 926698 3.07
10006 1093333 3.81
10006 1982605 3.24
10006 1534853 4
10006 1632583 2.73
10007 1204847 2.15
10007 2160216 2.75
10007 248206 2.33
10007 835054 2.33
10007 1064667 2.11
10007 2419805 2.59
10007 2084848 2.22
10007 671106 2.94
10007 2087887 2.53
10007 1340891 2.85
10007 1917538 2.33
10007 2018945 2.63
10007 2520477 2.41
10008 1813636 4.76
10008 2048630 3.29
10008 930946 3.56
10008 1492860 2.76
10008 1687570 4.28
10008 1122917 4.04
10008 1885441 4.02
10009 1927533 3.05
10009 1789102 3.46
10009 2263612 4.62
10009 964421 2.72
10009 701514 2.62
10009 2120902 3.37
1001 1050889 4.43
1001 67976 3.44
1001 1025642 3.04
1001 624334 3.19
1001 239718 4.03
1001 549109 4.01
1001 143504 3.74
1001 584301 3.44
1001 437680 2.69
1001 2434971 3.68
1001 400819 3.63
1001 1841130 3.87
1001 1926199 2.93
1001 805709 3.59
1001 545109 3.4
1001 662875 3.31
1001 74408 4.01
1001 529725 3.81
1001 1786012 2.92
1001 2382523 3.14
1001 1358422 2.93
1001 780049 3.74
1001 1894639 3.32
1001 1014799 2.76
1001 2176030 3.53
1001 286045 3.04
1001 1381947 3.61
1001 386254 3.63
1001 224172 3.72
1001 404085 4.17
1001 2005305 3.67
1001 1956315 4.72
1001 2580275 2.96
1001 2110738 3.46
1001 1525405 3.44
1001 2187027 3.46
1001 1995906 4.08
1001 2133433 2.72
1001 2097983 2.77
1001 884805 3.72
1001 2083077 3.97
1001 1642134 3.02
1001 2550380 3.63
1001 2559056 4
1001 1080407 4.09
1001 1455000 3.68
1001 498315 3.36
1001 2464251 3.14
1001 1149181 3.19
1001 2117376 4.07
1001 1368543 3.17
1001 1216717 2.34
1001 1727516 2.52
1001 1771413 3.68
1001 2326782 3.79
1001 2423679 4.16
1001 1198786 2.9
1001 1042938 3.45
1001 2640911 3.55
1001 328713 3.15
1001 2591056 3.42
1001 256030 3.12
1001 1363889 3.1
1001 2615076 2.94
1001 52736 4
1001 1359594 2.92
1001 1385396 2.81
1001 2414993 2.99
1001 1274754 3.99
1001 715115 3.49
1001 795536 2.98
1001 1991455 3.14
1001 1107351 3.53
1001 1451770 2.97
1001 1433190 3.1
1001 1769644 3.73
1001 875020 2.61
1001 2456714 2.68
1001 906813 3.52
1001 837457 3.54
1001 672807 3.72
1001 1863197 4
1001 2585014 2.55
1001 666419 3.62
1001 1849372 3.43
1001 1308814 3.32
1001 2344636 3.35
1001 755775 4.06
1001 768710 3.34
1001 2334860 2.86
1001 468090 4.05
1001 1996056 3.48
1001 1603215 3.65
1001 274970 3.78
1001 1060880 3.11
1001 721144 2.72
1001 1381762 3.1
1001 1589154 3.16
1001 2033841 3.3
1001 1372601 3.43
1001 2339869 3.55
1001 41031 3.47
1001 655047 3.05
1001 916708 3.02
1001 1924771 3.46
1001 1686092 3.44
1001 1552908 3.67
1001 329102 3.75
1001 1181907 3.66
1001 1762077 2.71
1001 1583835 3.01
1001 773994 3.35
1001 25452 3.39
1001 321005 3
1001 1369500 3.39
1001 2429351 2.68
1001 396491 3.01
1001 1745676 3.84
1001 2204817 3.71
1001 2624938 3.06
1001 491487 3.29
1001 1298591 3.47
1001 77828 3.22
1001 1047191 3.47
1001 2642897 3.25
1001 2494183 3.36
1001 1337506 3.05
1001 1802655 3.81
1001 126058 3.41
1001 940778 3.19
1001 1988427 3.45
1001 1720476 3.73
1001 1947287 3.61
1001 31062 3.19
10010 1462925 2.31
10010 52050 2.1
10010 650466 2.14
10010 1813166 2.98
10010 2224061 2.69
10010 815731 2.27
10010 154626 2.42
10010 531384 2.2
10010 696688 1.74
10010 1088633 2.54
10010 639327 1.91
10010 59938 1.89
10010 1856669 2.03
10010 2034703 1.73
10010 1060588 2.88
10010 2475682 2.2
10010 1075860 1.93
10010 1633365 2.66
10010 681503 1.27
10010 186927 2.27
10010 2374977 1.7
10010 2113696 1.88
10010 1677862 1.95
10011 1624701 4.51
10011 2646826 4.15
10012 2445069 3.13
10012 1483604 4.05
10012 418164 2.99
10012 2491070 3.12
10012 1485175 3.72
10012 1043648 3.8
10012 1913770 2.49
10012 2560523 3.31
10012 2416960 3.01
10012 161063 3.32
10012 56741 3.77
10012 2301550 3.11
10012 1275794 2.99
10013 2503691 3.61
10013 1222878 3.27
10013 843201 3.57
10013 2271154 3.72
10013 1346139 3.33
10013 124014 3.47
10013 1501028 3.26
10013 2201453 3.6
10013 225422 3.26
10013 222553 3.82
10013 1521657 2.9
10013 295833 4.02
10013 10616 3.25
10013 512945 3.65
10013 844777 3.06
10013 973206 3.25
10013 2246803 2.91
10013 395087 3.13
10013 2360499 3.37
10013 1153049 2.83
10013 1846387 3.02
10013 1454544 2.7
10013 1018789 3.2
10013 914602 3.64
10013 1321443 3.65
10013 1150421 3.2
10013 2045002 3.36
10013 1379641 2.59
10013 178089 2.83
10013 291407 3.32
10013 2229322 3.12
10013 2177405 2.78
10013 105997 2.96
10013 2346736 3.8
10013 1729494 3.11
10013 472225 2.97
10013 1233535 3.4
10013 1529676 3.97
10013 1414279 3.79
10013 461311 2.76
10013 1715286 4.07
10013 1714052 3.28
10013 649457 3.47
10013 451510 3.37
10013 494014 3.47
10013 1544885 2.75
10013 110412 3.24
10013 1894679 3.45
10013 1006623 2.96
10013 467438 3.58
10013 776931 3.01
10013 952735 3.13
10013 221590 3.57
10013 348279 3.82
10013 1911099 3.3
10013 1923760 2.67
10013 397753 3.83
10014 1626179 3.13
10014 1359761 4.02
10014 430376 2.61
10014 723484 3.63
10014 839609 3.1
10015 975179 3.83
10015 829739 3.32
10015 1732761 2.93
10015 2162539 3.55
10015 933118 3.94
10015 467156 3.54
10015 164480 4.11
10015 613439 3.89
10015 1312973 3.92
10015 1769664 3.4
10015 2477285 4.01
10015 484575 3.7
10015 2602717 3.47
10015 1320821 4.15
10015 1236649 4.15
10015 705793 3.5
10015 1395812 3.8
10015 2056853 4.2
10015 770517 3.78
10015 1514136 4.18
10015 988835 5
10015 1172474 4.17
10015 1213571 4.67
10015 1801332 2.89
10015 1623337 3.22
10015 588400 3.35
10015 2378764 4.18
10015 2405069 3.73
10016 1751359 2.75
10016 234929 1.94
10016 1759349 2.24
10016 1604433 2.87
10016 1003759 3.69
10017 2280428 3.1
10017 1129341 3.44
10017 1377724 3.16
10018 305767 4.75
10018 2316945 3.9
10018 2173031 2.87
10018 676747 3.09
10018 354053 3.46
10018 2119257 3.8
10018 2282361 3.58
10018 1670793 3.29
10018 1960248 2.38
10018 73918 3.98
10018 1516345 3.58
10018 1236649 3.98
10018 1403470 3.93
10018 913554 3.81
10018 647979 3.31
10018 404170 3.7
10018 2487526 3.46
10018 502190 3.65
10018 801510 3.46
10018 2126132 3.65
10018 1652905 3.54
10018 828150 3.24
10018 1634975 4.07
10018 324441 4.17
10018 1569186 3.42
10018 905901 4.01
10018 1435115 3.6
10018 1140656 3.89
10018 423065 3.75
10018 178629 4.13
10019 22036 3.47
10019 1126085 3.12
10019 487154 3.79
10019 261890 3.04
10019 204512 4.4
10019 2350988 4.27
10019 943653 3.55
10019 1725053 2.67
10019 1967016 3.83
10019 2042897 3.36
10019 513351 4.51
10019 467597 2.97
10019 475394 3.01
10019 610785 3.28
10019 1191387 3.8
10019 2597191 3.63
10019 289045 3.89
10019 1466477 3.53
10019 1970876 3.39
10019 1259566 4.45
10019 2049251 3.8
10019 2535358 3.84
10019 1041111 3.81
10019 67095 3.59
10019 1989902 3.96
10019 1796655 3.89
10019 1772740 3.14
10019 2356037 3.28
10019 884657 3.32
10019 1367415 3.8
10019 1394476 3.39
10019 1137339 3.42
10019 658929 3.8
10019 518974 4.03
10019 1568346 3.29
10019 371346 4.06
10019 1207852 2.39
10019 719156 3.68
10019 1151159 3.98
10019 1882122 4
10019 1340177 4.07
10019 306688 4.25
10019 2455675 3.69
10019 1750548 3.89
10019 2145783 4.25
10019 1191324 2.97
10019 389917 3.85
10019 505579 4.21
10019 814902 3.94
10019 245527 3.67
10019 1462807 3.09
10019 459444 3.28
10019 1591721 3.89
10019 1214125 3.3
10019 398395 3.37
10019 2093048 2.4
10019 1933736 2.86
10019 1274113 3.22
10019 1994982 4.41
10019 258371 3.23
10019 378543 2.91
10019 1703266 3.41
10019 2250647 3.34
10019 2085688 3.4
10019 2391227 3.89
10019 2380848 4.8
10019 1116868 3.4
10019 2157768 4.79
10019 1306541 3.6
1002 2174660 3.23
1002 1685301 2.83
1002 2030264 3.38
1002 1419286 3.55
1002 2520929 3.41
1002 2035568 3.65
1002 1288929 3.93
1002 1680156 2.45
1002 1858104 3.48
1002 988266 3.47
1002 2633719 4.08
1002 156594 3.53
1002 1384253 3.35
1002 1417842 3.07
10020 922636 4.01
10020 1967058 4.17
10020 1949297 3.78
10020 1562927 4.31
10020 2138373 3.98
10020 431122 3.76
10020 1077653 4.01
10020 167248 4.39
10020 776126 4.34
10020 722639 4.07
10020 2341725 4.01
10020 1252652 5
10020 251807 3.85
10020 1751559 4.13
10020 2398282 4.05
10020 705246 4.01
10020 47787 4.36
10020 1064752 3.67
10020 2308022 4.27
10020 2414321 3.67
10020 945481 4.49
10020 1854443 3.45
10020 2035232 3.88
10020 951643 3.81
10020 2381070 3.36
10020 1011906 2.56
10020 908968 4.31
10021 2366406 2.05
10021 1033592 2.5
10021 249998 2.56
10021 1205724 2.16
10022 510391 2.2
10022 268014 3.26
10022 2511719 2.97
10022 661571 2.75
10022 1824779 3.3
10022 2178013 3.29
10022 2104013 2.57
10022 1829777 2.61
10023 1429287 4.05
10023 1321374 3.93
10023 2563028 3.97
10023 679315 3.62
10023 1363076 4.87
10023 982889 3.62
10023 2107604 3.37
10023 2286495 3.89
10023 1756370 3.55
10023 2317624 4.01
10023 2548120 4.47
10024 2059382 3.56
10024 1210053 4.03
10024 1654205 3.35
10024 2027932 3.89
10024 311377 3.51
10024 2161379 3.14
10024 1611053 3.12
10024 516686 3.25
10024 2529292 3.75
10024 2248946 3.77
10025 1791064 2.93
10027 401511 4.64
10027 2354884 3.77
10027 1951605 3.68
10027 1609548 3.79
10027 2620148 3.1
10027 37748 3.71
10027 2414149 3.59
10027 748800 4.33
10027 1050405 3.43
10027 408479 4.22
10027 2361485 3.87
10027 97178 3.92
10027 329172 4.12
10027 307876 3.42
10027 812384 3.98
10027 1619494 4.41
10027 978638 3.7
10027 825069 4.16
10027 2472069 4.3
10027 1837559 4.04
10027 1549473 3.61
10027 163607 4.27
10027 932638 3.9
10027 2106623 3.74
10027 2611092 4.35
10027 2602187 4.14
10027 2310492 4.48
10027 916375 4.6
10027 1591556 4.76
10027 2389108 4.61
10027 1422109 4.67
10027 764479 4.17
10027 1945345 3.37
10027 2308597 3.75
10027 2092389 4.15
10027 2505218 4.62
10027 1973874 4.81
10027 174668 4.15
10027 672519 4.2
10027 2568396 3.64
10027 2015359 4.3
10027 2228062 4.27
10027 202876 5
10027 2163080 3.83
10027 2422758 3.75
10027 536155 4.38
10027 1179516 4.19
10027 1503954 4.03
10027 1967313 4.48
10027 2577872 4.43
10027 2327767 3.99
10027 1169517 4.39
10027 2269919 3.78
10027 1608374 3.69
10027 425537 3.58
10027 1658682 4.35
10027 669364 3.62
10027 2057570 3.67
10027 564258 4.49
10027 1744450 4.32
10027 527270 3.73
10027 1656050 3.76
10027 2420503 3.39
10027 767061 3.32
10027 1200899 4.63
10027 712624 5
10027 1955071 3.35
10027 347886 4.24
10027 1229916 3.4
10027 1825013 4.36
10027 402519 4.28
10027 523629 4.25
10027 58130 4.09
10027 1155332 3.9
10027 685923 4.64
10027 2605052 4.08
10027 865625 4.37
10027 919670 4.22
10027 1606382 3.04
10027 1637481 3.81
10027 644233 4.85
10027 2011133 4.97
10027 2055639 3.08
10027 1766599 3.87
10027 2032781 4.15
10027 2609268 4.41
10027 1561126 3.91
10027 572440 4.18
10028 1986255 2.88
10028 1312610 3.13
10028 1527666 2.8
10028 1606775 3.88
10028 1649392 4.02
10028 1522640 2.74
10028 440956 4.19
10029 2293890 3.07
10029 1141552 3.98
10029 1823836 3.85
10029 2551226 2.87
10031 548690 3.32
10031 2518265 2.67
10031 1575474 3.57
10031 2203195 2.51
10031 1578801 4
10031 2614194 2.92
10031 1224756 2.72
10031 2157060 2.35
10031 1528644 2.71
10032 2329101 3.15
10032 569745 4.9
10032 640080 4.27
10032 177766 4.38
10032 1949239 4.17
10032 624145 2.8
10032 709091 3.59
10032 2104131 3.46
10032 688765 3.91
10032 1390809 2.51
10032 336400 3.26
10032 1268066 4.31
10032 470044 4.8
10032 1791554 3.54
10032 1920755 4.21
10032 2317575 2.86
10032 2488926 3.76
10032 1212320 3.53
10032 996425 3.53
10032 123345 3.75
10032 799400 3.28
10032 824189 3.6
10032 650940 3.37
10032 1573281 3.61
10032 910244 3.65
10032 1547411 3.13
10032 2222535 3.53
10032 2458016 3.59
10032 83110 4.27
10032 1274574 3.29
10032 1587304 3.66
10032 2214218 3.88
10032 677039 4.21
10032 1903221 3.86
10032 1879733 3.47
10032 662218 4.09
10032 1563172 3.38
10032 1724551 3.35
10032 775034 3.49
10032 884907 3.47
10032 2174325 3.6
10032 739713 3.72
10032 1169824 3.48
10032 61009 3.08
10032 319516 3.46
10032 750365 3.68
10032 1819621 4.04
10033 1989027 3.68
10033 1227591 3.35
10033 1810636 2.41
10033 1335621 3.43
10033 1001590 3.27
10033 1207661 2.69
10033 1401075 3.1
10033 2403799 2.86
10033 791223 3.31
10033 639727 2.93
10033 1957988 3.48
10033 1762834 3.22
10033 1381789 4.5
10033 334033 3.74
10034 2107088 1.72
10034 69088 2.41
10035 1651047 2.7
10035 811486 4.76
10035 2112205 4.88
10035 2070135 4.37
10035 2148631 4.57
10035 2212430 4.48
10035 822400 3.75
10035 49255 3.64
10035 801884 3.88
10035 1303306 3.53
10035 2268521 4.15
10035 929407 3.92
10035 2172403 4.16
10035 282064 4.3
10035 1985000 4
10035 88318 4.03
10035 1408280 4.15
10035 2440091 4.27
10035 1813810 4.38
10035 1727192 5
10036 2105693 3.38
10036 842613 3.48
10036 2557615 3.67
10036 2125051 3.43
10036 397569 4.01
10036 2636037 3.71
10036 2063030 3.13
10036 2159553 3.85
10036 1531624 2.94
10036 437680 3.2
10036 2091752 3.43
10036 10071 3.75
10036 472432 4.15
10036 215393 4.04
10036 1324372 4.7
10036 2619107 4.13
10036 1904442 3.8
10036 646572 4.1
10036 1970420 2.7
10036 2461533 3.18
10036 1880905 3.87
10036 2030429 3.48
10036 1845130 4.35
10036 1521902 4.09
10036 2161 4.07
10036 2134637 4.33
10036 417734 4.05
10036 1010725 3.93
10036 1261548 4
10036 2316498 3.11
10036 2494106 3.77
10036 1082992 3.22
10036 2541752 3.1
10036 1317259 3.6
10036 42211 3.46
10036 2214676 3.6
10036 1554836 3.89
10036 234405 3.84
10036 41897 3.63
10036 2536262 4.01
10036 2240178 3.5
10036 1097048 3.98
10036 2124584 4.39
10036 671935 4.16
10036 1677871 4.03
10036 1223288 4.21
10036 2192915 4.76
10036 2068878 4.7
10036 426137 3.27
10036 696122 4.19
10036 455707 3.4
10036 1714077 3.91
10036 333914 3.91
10036 707412 3.16
10036 9450 3.74
10036 1390002 4.46
10036 970271 3.28
10036 1873549 5
10036 2494920 3.51
10036 32361 4.18
10036 556369 3.98
10036 504989 4.52
10036 1030812 3.35
10036 2350832 4.57
10036 2401396 3.37
10036 2207277 4.63
10036 2035729 3.68
10036 2646867 4.23
10036 1154500 3.96
10036 1132428 4.11
10036 558523 4.8
10036 8580 4.13
10036 22964 3.95
10036 1595703 3.42
10036 1995943 4.07
10036 2023361 4.36
10036 2437646 4.2
10036 2303816 3.38
10036 336016 4.23
10036 2224280 4.24
10036 2438187 3.83
10036 2465683 3.52
10036 845006 4.85
10036 1934299 4.17
10036 2021702 3.09
10036 725549 3.94
10036 2031681 3.67
10036 1441351 4.02
10036 259822 3.99
10036 812240 3.73
10036 1723408 3.47
10036 1994101 4.37
10036 1184088 3.65
10036 511569 4.27
10036 2008955 3.68
10036 576406 3.39
10036 1371204 3.4
10036 33130 4.04
10036 1125370 3.59
10036 706530 4.3
10036 1511155 4.37
10036 1787860 3.93
10036 8129 3.64
10036 2026150 4.59
10036 1190492 3.41
10036 1581139 3.09
10036 1522922 3.86
10036 2598077 3.33
10036 1647159 3.48
10036 2354598 3.98
10036 997168 4
10036 1008576 3.49
10036 2046106 3.67
10036 1466613 4.08
10036 109154 3.58
10036 2257846 3.81
10036 2525634 4.73
10036 1391499 3.51
10036 2535303 3.63
10036 1394196 4.06
10036 1699044 3.83
10036 857146 3.94
10036 195153 3.97
10036 52147 3.71
10036 2398282 4.05
10036 1715538 3.52
10036 1981250 4.37
10036 1585765 4.65
10036 87273 3.59
10036 1281611 3.45
10036 1549677 4.09
10036 355111 3.28
10036 383108 3.37
10036 180775 4.23
10036 730570 3.63
10036 1961276 3.36
10036 1850833 3.97
10036 228544 3.94
10036 2344026 4.2
10036 1841778 3.18
10036 1372729 4.78
10036 1801097 4.26
10036 1197941 3.35
10036 2006300 3.79
10036 1227437 3.47
10036 1438082 4.73
10036 1109446 3.52
10036 1956794 3.97
10036 1791704 3.54
10036 1914110 3.37
10036 992576 4.03
10036 264916 4.08
10036 578055 4.13
10036 782690 3.57
10036 2383290 3.83
10036 1544559 3.5
10036 2179884 4.94
10036 173760 3.63
10036 747219 3.81
10036 1782055 4.53
10036 2646027 4.21
10036 1984941 3.53
10036 440949 4.06
10036 924842 4.18
10036 755689 3.8
10036 1211291 3.8
10036 2574257 4.18
10036 2345522 4.49
10036 220702 3.94
10036 730768 3.62
10036 2469669 3.45
10036 1409483 3.64
10036 713561 4.28
10036 1994152 3.55
10036 734075 4.06
10036 1815129 3.98
10036 1396608 3.66
10036 1742906 4.23
10036 1573284 4.17
10036 2570733 4.52
10036 171163 3.82
10036 2090999 4.51
10036 1636781 3.35
RMSE: 0.963708
