2103:
3.53
3.61
2.78
3.53
3.77
3.54
3.21
3.84
3.66
3.75
3.57
3.15
3.56
3.39
3.38
3.73
3.40
4.02
2.88
3.12
3.53
3.33
3.56
2.82
3.60
3.40
3.70
3.37
3.42
3.11
3.40
3.71
3.31
3.46
3.11
3.84
3.29
3.10
3.13
3.28
3.38
2.71
2.84
2.96
3.08
3.53
3.64
3.62
2.80
2.90
3.13
3.32
3.86
3.82
3.32
3.30
3.59
3.57
3.70
3.59
3.01
3.56
3.51
3.31
3.81
3.39
3.78
2.74
3.29
2.79
3.07
3.48
3.15
3.20
2.98
3.31
3.47
3.26
3.65
3.95
2.90
3.78
3.04
3.40
3.05
3.59
3.62
4.24
3.84
2.91
3.20
3.40
3.46
3.79
3.45
3.18
3.68
3.68
3.62
8432:
3.79
3.32
2.72
3.25
2.77
3.43
2.95
3.48
3.52
3.19
3.08
3.14
3.27
4.13
3.56
3.49
3.19
2.72
3.40
3.61
3.60
3.00
3.15
2.95
2.40
3.34
3.73
2.30
2.82
2.29
3.68
3.29
3.35
13709:
3.16
3.33
3.33
3.19
3.59
3.65
4.00
3.33
13496:
3.80
3.19
3.39
3.44
3.45
3.47
2.03
2.56
3.97
2.98
3.37
3.86
3.43
10333:
3.39
3.21
3.51
3.37
4.08
3.60
3.88
3.76
5577:
3.56
4.16
4.35
4.14
4.25
3.99
4.00
3.90
3.80
4.49
4.22
4.36
4.54
3.60
3.59
3.84
3.98
4.08
3.82
4.69
3.76
3.69
4.48
3.68
4.29
3.84
4.22
4.22
3.61
4.09
3.86
3.60
4.16
4.13
4.22
5.05
4.03
3.42
3.81
4.61
4.16
3.98
3.66
3.69
4.36
3.84
3.88
3.95
3.43
3.81
3.94
4.22
3.84
4.11
4.02
3.67
3.92
4.22
4.56
4.29
4.62
4.00
3.90
3.93
3.50
4.43
3.33
4.11
3.81
4.69
4.31
3.64
3.76
4.09
4.38
4.24
3.56
3.84
4.22
2.99
3.28
4.24
3.75
4.39
3.97
4.01
4.08
5.08
4.04
4.80
3.51
4.01
3.99
3.25
3.74
3.77
4.14
4.04
3.83
4.47
3.94
3.37
13283:
2.87
3.74
2.61
3.20
3.37
3.41
3.93
3.45
2.78
15422:
3.19
3.74
4.31
3.37
2.93
3.11
3.92
3.49
2883:
3.45
3.28
4.02
3.49
3.14
3.91
2.44
5505:
3.30
4922:
2.40
3.15
2.94
2.44
2.06
2.38
2.40
11921:
3.06
2.80
3.43
1.98
3.49
2.47
2.80
9875:
2.90
2.64
2.87
2.77
2.72
2.82
2.82
3.14
2.37
2.93
2.73
2.75
2.92
3.65
2.87
3.07
3.08
3.07
2.67
3.09
2.73
2.83
2.73
2.79
3.26
3.27
2.87
2.93
3.60
3.35
2.66
3.24
2.93
2.49
3.39
3.03
2.19
2.51
10071:
3.73
3.85
3.78
4.66
4.20
3.87
4.05
4.03
4.27
4.26
3.92
4.39
3.84
4.08
3.50
4.21
3.94
4.26
3.61
4.16
4.02
9262:
4.14
3.02
2.92
9747:
3.52
3.45
3.91
3.97
4.09
3.59
3.90
3.49
3.10
2.67
3.47
3.73
3.84
4.06
4.19
3.94
4.10
3.61
4.04
3.68
3.09
3.84
3.68
4.01
3.55
3.69
4.59
3.61
3.69
4.21
3.64
3.59
3.45
2.66
3.49
3.68
3.76
3.46
3.78
3.14
3.59
4.20
3.69
3.68
4.12
4.03
3.65
3.37
3.83
3.56
3.52
3.56
3.68
3.54
3.91
3.70
3.59
3.73
4.03
3.45
4.39
3.75
4.14
3.88
3.52
4.17
4.00
3.25
3.48
3.84
3.51
3.60
3.41
4.08
3.79
3.33
4.10
3.28
3.53
3.77
3.28
3.99
3.85
3.62
3.57
3.74
3.48
3.53
3.53
3.48
3.42
4.15
3.80
4.31
3.82
3.37
3.21
3.50
3.68
3.27
4.32
3.68
3.86
3.22
3.64
3.85
3.86
3.68
3.02
4.37
3.92
3.66
3.65
3.88
3.30
4.00
3.35
4.14
4.25
3.77
4.36
3.62
4.06
3.85
3.54
4.06
4.40
3.72
3.66
3.56
3.65
4.27
3.61
3.92
3.76
3.29
3.79
3.55
3.83
3.77
3.69
3.66
3.03
3.82
3.59
3.08
4.60
3.51
3.68
3.71
3.70
4.17
3.79
2.89
3.77
3.37
3.65
3.12
3.53
3.70
3.40
3.92
3.96
3.37
2.92
3.53
3.70
3.08
4.26
3.88
3.29
3.15
3.90
3.44
3.47
3.98
4.29
3.91
3.46
3.68
3.44
827:
3.38
3403:
3.36
3.73
3.43
3.70
3.88
3.58
4.38
3.95
3.64
3.75
3.82
4.30
3.33
4.40
2.63
4.67
3.06
3.86
3.61
4.02
3.06
3.84
3.76
4.15
3.07
2.72
3.41
4.14
3.39
3.67
3.92
3.90
3.43
3.84
2.73
4.49
3.86
3.68
3.21
3.42
3.57
3.86
3.76
3.53
3.16
3.20
3.68
4.16
3.46
3.45
2.99
3.74
3.70
3.81
3.19
3.04
4.27
9349:
2.53
2.51
2.01
2.15
1.07
2.11
14735:
3.38
3.57
3.49
3.14
3.55
3.92
3.15
3.59
3.10
3.88
3.04
3.02
3.63
3.61
3.76
3.97
2.95
3.76
3.19
3.42
3.63
3.21
3.62
2.94
3.33
3.41
3.61
3.83
354:
2.26
2.09
2.03
1.76
1.79
2.00
1.81
16956:
4.39
4.07
3.98
4.12
3.60
3.93
3.66
3.84
4.19
4.50
3.80
3.81
3.18
3.35
3.73
3.91
4.34
8476:
2.65
2.97
2.83
2.53
2.90
15384:
3.68
4.16
4.30
3.72
4.77
4.12
3.51
4.12
3.93
3.32
4.16
3.17
4.04
3.74
3.82
3.08
10596:
3.50
3.42
3.43
3.32
3.47
3.86
3.56
2.90
4.17
3.25
3.50
2.80
3.14
3.14
3.04
2.52
3.08
3.56
3.53
3.15
3.47
3.51
3.59
3.14
3.02
3.52
3.37
3.70
3.29
3.06
2.51
2.86
2.49
3.82
3.23
3.10
4.07
3.35
3.10
2.59
3.45
2.49
3.29
3.65
3.26
3.04
3.83
3.17
3.22
3.29
3.53
3.19
3.58
2.70
2.82
3.04
3.37
3.36
2.80
3.44
3.36
3.39
3.21
3.07
3.92
3.68
3.73
4.01
3.00
3.72
7680:
3.21
2.86
3.48
3.21
8158:
2.59
2.48
3.14
3.50
2.84
7094:
3.38
3.20
4.09
3.23
9039:
4.16
3.61
3.61
3.39
4.37
4.13
3.63
3.43
4.09
4.15
107:
3.37
3.10
3.45
3.25
3.50
3.02
3.75
3.91
3.93
2659:
3.27
3.10
3.73
3.29
3.63
2.62
3.47
3.72
3.67
2.91
3.28
3.03
3.23
3.34
3.08
3.53
4.19
4.22
2.90
8501:
2.68
3.43
3.44
5753:
3.05
2.59
14934:
3.44
3.55
16612:
3.35
3.93
3.61
2.98
3.21
12753:
3.44
3.25
4.27
11002:
3.53
3.44
3.39
3.46
3.77
4.04
3.36
2.86
3.26
3627:
2.67
5435:
3.38
2.80
3.43
3.45
2.52
3.71
3.32
3.09
3.15
3.03
3.26
3.34
4.09
4.56
3.16
3.65
3.00
3.49
3.11
3.29
3.14
3.35
2.92
3.76
2.85
3.21
3.28
4.16
3.21
3.53
3.37
3.36
3.57
3.58
3.53
3.30
9147:
4.06
3.94
4.31
4.12
3.37
4.26
3.45
4.32
4.39
3.73
3.51
4.68
3.80
3.41
3.87
5035:
3.12
2.59
3.28
2.72
3.35
3.69
2.94
2.83
2.70
2.94
3.59
3.64
3.78
3.14
3.54
3.25
3.59
3.45
2.60
3.96
2.75
3.06
2.98
3.37
2.90
3.66
2.78
2.83
3.06
3.02
3.48
3.36
2.98
3.80
3.05
3.50
3.53
2.74
3.46
3.33
3.21
2.76
3.07
3.92
3.37
2.82
2.89
3.12
4.02
3.69
2.74
3.62
3.25
3.42
3.23
3.26
3.21
3.13
3.55
2.82
3.17
3.59
3.68
3.61
3.27
3.33
3.29
2.84
2.72
2.76
2.98
2.97
2.90
3.11
2.96
3.34
3.04
3.42
3.17
3.27
3.27
3.06
4.28
3.95
3.21
3.70
2.96
3951:
3.37
3.01
1251:
3.18
3.36
3.71
3.79
3.16
3.21
3.68
2.74
3.21
2.58
4242:
3.03
2.96
2.71
3.31
3.02
3.72
3.60
2.90
8214:
3.05
3.08
3.52
2.54
2.87
2.35
2787:
3.91
4.43
3.62
4.35
4.55
4.86
4.16
3.98
3.75
3.61
3.64
4.03
4.31
4.06
3.68
4.07
4.53
4.26
4.35
5.07
3.46
5.17
3.78
4.43
4.70
4.79
4.17
3.85
4.15
4.72
3.74
3.53
4.48
7757:
3.99
3.73
3.18
2.60
3.56
3.46
3.58
3.45
3.53
3.84
3.69
3.12
3.02
4.10
3.46
3.97
3.90
3.60
3.26
3.70
3.18
3.41
3.28
3.25
3.68
3.14
2.60
3.31
4.09
4.00
2.99
3.78
3.93
3.58
3.31
3.12
4.13
3.30
3.47
4.33
3.58
3.65
3.94
3.32
3.45
3.23
3.22
4.00
3.35
3.03
3.61
3.18
3.94
3.48
3.96
3.56
4.26
2.60
4.00
3.47
3.57
3.38
3.27
3.49
3.37
3.76
2.39
3.37
3.63
3.53
4.07
3.52
3.25
3.37
2.60
3.81
3.72
3.63
3.23
3.43
3.47
3.90
3.33
3.84
3.37
3.82
3.53
2.97
3.51
4.16
3.10
3.70
3.77
3.29
3.19
3.07
3.44
3.29
3.69
2.99
3.38
3.58
3.42
4.11
3.67
3.95
3.99
4.16
3.92
3.69
3.42
3.45
3.78
3.34
3.23
3.35
2.43
3.37
3.54
7421:
3.97
4.52
4.23
3.63
4.30
2.47
4.16
3.96
4.27
3.74
4.43
4.37
4.08
3.68
4.31
4.64
3.86
3.29
3.29
4.06
4.63
17500:
2.94
3.68
3.39
4.15
3.84
3.82
4.39
3.62
RMSE: 0.94
