16235:
0.08
12171:
0.5
7223:
0.5
13574:
0.63
11869:
0.64
11374:
0.7
8322:
0.8
16469:
0.82
11421:
0.83
236:
0.83
2572:
0.9
7238:
0.95
17097:
0.97
68:
5.2
199:
5.1
270:
5
5.2
5.2
5
5.3
457:
5
722:
5
724:
5.2
886:
5.3
5
908:
5.2
1230:
5.1
1256:
5.1
1476:
5.1
1625:
5
1905:
5.2
5
1994:
5
2102:
5.4
2290:
5.1
5.1
2342:
5
2430:
5
2452:
5.1
5.1
2743:
5
3078:
5.1
5.1
3290:
5
3864:
5.1
3938:
5.4
5.2
3962:
5
5
5.6
4115:
5.2
4306:
5
5.2
4633:
5.4
4928:
0
5092:
5.1
5309:
5.1
5414:
5.1
5539:
5.1
5582:
5.2
5.1
5862:
5
6007:
5
6428:
5.2
5.3
7057:
5.6
5.2
7230:
5.2
5.1
5.1
7430:
5.4
7596:
5.2
7742:
5.2
7833:
5
5.1
7978:
5.1
8116:
5.2
5.2
8292:
5.2
8688:
5.1
9683:
5
10147:
5.2
10947:
5.1
5
5.3
11152:
5.3
11443:
5.2
11607:
5.1
5.1
11810:
5
12184:
5
12293:
5
12338:
5.2
12731:
5.1
13255:
5
5.2
14240:
5.1
14302:
5
14533:
5.2
14550:
5.2
15437:
5
16147:
5.2
5
16265:
5.3
16644:
5.2
17219:
5.2
17328:
5
5836:
0.98
4919:
5
1131:
0.98
7669:
5
4041:
5
11064:
5
11607:
5
3864:
5
11089:
5
6037:
4.9
2913:
4.9
6015:
4.9
13073:
4.9
15777:
4.9
8347:
4.9
270:
4.9
6007:
4.9
270:
4.9
7111:
4.9
13255:
4.9
7416:
4.9
3078:
4.9
7370:
4.9
7018:
4.9
2532:
4.9
3456:
4.9
223:
4.9
14103:
4.9
13798:
4.9
14240:
4.9
17307:
4.9
1365:
1
13255:
4.9
2178:
4.9
15296:
4.9
11812:
4.9
494:
4.9
2548:
4.9
6974:
4.9
4640:
4.9
10947:
4.9
223:
4.9
7235:
4.9
2342:
4.9
17219:
4.9
8468:
4.9
7430:
4.9
11064:
4.9
7669:
4.9
11812:
4.9
7230:
4.9
4509:
4.9
8327:
4.9
3938:
4.9
2162:
4.9
188:
1.1
11671:
4.9
473:
4.9
2342:
4.9
16499:
4.9
2782:
4.9
8596:
4.9
7586:
4.9
963:
4.9
3605:
4.9
10598:
4.9
3864:
4.9
17312:
1.1
7233:
4.9
11443:
4.9
5571:
4.9
2290:
4.9
7669:
4.9
13439:
4.9
13437:
4.9
270:
4.9
1525:
1.1
3864:
4.9
6134:
4.8
3864:
4.9
5751:
1.1
10598:
4.8
5862:
4.8
3427:
1.1
2102:
4.8
13255:
4.8
14240:
4.9
13255:
4.8
5283:
4.9
7833:
4.8
2195:
4.8
270:
4.8
4345:
4.8
4184:
1.1
1256:
4.8
1180:
4.8
3456:
4.8
4919:
4.8
2942:
4.8
9864:
4.8
10947:
4.8
4098:
4.8
270:
4.8
13887:
4.8
17449:
4.8
11164:
4.8
8627:
4.8
16784:
4.8
11166:
4.8
6974:
4.8
5736:
4.8
14621:
4.8
406:
4.8
5843:
4.8
758:
1.1
8295:
4.8
12870:
4.8
167:
4.8
2913:
4.8
7230:
4.8
12312:
4.8
8993:
4.8
5559:
4.8
3928:
4.8
1256:
4.8
2913:
4.8
16147:
4.8
10947:
4.8
886:
4.8
15107:
4.8
4266:
4.8
2862:
4.8
663:
4.8
2938:
4.8
12293:
4.8
872:
4.8
996:
4.8
11812:
4.8
2913:
4.8
15777:
4.8
6974:
4.8
13051:
4.8
13488:
4.8
1865:
4.8
2803:
4.8
11064:
4.8
6235:
4.8
513:
1.1
3046:
4.8
4663:
4.8
2441:
4.8
175:
4.8
12293:
4.8
11607:
4.8
7426:
4.8
270:
4.8
30:
1.2
14103:
4.8
10449:
4.8
2175:
4.8
15296:
4.8
14659:
4.8
7594:
4.8
14111:
4.8
3817:
4.8
7230:
4.8
760:
4.8
1476:
4.8
4.8
270:
4.8
1073:
4.8
2290:
4.8
1743:
4.8
8197:
4.8
5862:
4.8
3456:
4.8
223:
4.8
15296:
4.8
2057:
4.8
2928:
4.8
2152:
1.2
15509:
4.8
7657:
4.8
14302:
4.8
10607:
4.8
7057:
4.8
1495:
4.8
1905:
4.8
4928:
1.2
13255:
4.8
3046:
4.8
2939:
1.2
17124:
1.2
1409:
4.8
1357:
4.8
9156:
4.8
2452:
4.7
1754:
4.8
2452:
4.7
1905:
4.7
5760:
4.7
4472:
4.7
7230:
4.8
16147:
4.8
12852:
1.2
12530:
4.7
2452:
4.7
16022:
4.7
989:
1.2
2862:
4.7
8327:
4.7
6736:
4.7
2452:
4.7
13129:
4.7
10729:
4.7
7669:
4.7
7430:
4.7
12727:
4.7
11812:
4.7
1962:
1.2
1256:
4.7
270:
4.7
3012:
4.7
1073:
4.7
5515:
4.7
11521:
4.7
14454:
4.7
1220:
4.7
3864:
4.7
14302:
4.7
886:
4.7
14584:
4.7
8038:
4.7
11022:
4.7
12184:
4.7
10459:
4.7
7496:
4.7
2613:
4.7
1476:
4.7
5309:
4.7
10080:
4.7
11975:
4.7
12582:
4.7
3938:
4.7
1073:
4.7
2831:
4.7
7984:
4.7
4978:
4.7
2452:
4.7
3456:
4.7
5582:
4.7
8743:
4.7
4353:
4.7
2548:
4.7
2942:
4.7
9623:
1.2
10598:
4.7
6007:
4.7
13614:
4.7
16113:
1.2
7669:
4.7
3290:
4.7
12582:
4.7
3456:
4.7
3624:
4.7
11525:
4.7
2465:
4.7
621:
4.7
12891:
4.7
12870:
4.7
14103:
4.7
2465:
4.7
223:
4.7
752:
4.7
7695:
4.7
2938:
4.7
11812:
4.7
1220:
4.7
7742:
4.7
16265:
4.7
986:
4.7
5293:
4.7
14240:
4.7
1865:
4.7
17480:
4.7
9669:
4.7
2172:
4.7
9144:
4.7
17157:
4.7
16147:
4.7
1073:
4.7
316:
4.7
2874:
4.7
5724:
4.7
6974:
4.7
8197:
4.7
15609:
4.7
8327:
4.7
11443:
4.7
886:
4.7
3864:
4.7
13269:
4.7
11812:
4.7
16554:
4.7
2342:
4.7
4353:
4.7
6615:
4.7
1642:
4.7
406:
4.7
11607:
4.7
3290:
4.7
7430:
4.7
14103:
4.7
621:
4.7
270:
4.7
5096:
1.3
886:
4.7
4306:
4.7
12184:
4.7
11271:
4.7
10042:
4.7
15151:
4.7
1256:
4.7
1947:
4.7
5226:
4.7
6029:
4.7
16265:
4.7
7057:
4.7
3624:
4.7
16445:
1.3
1495:
4.7
10560:
4.7
1905:
4.7
3046:
4.7
5075:
4.7
270:
4.7
1014:
1.3
10729:
4.7
14691:
4.7
11607:
4.7
1470:
4.7
6007:
4.7
14135:
1.3
3078:
4.7
16147:
4.7
5760:
4.7
13887:
4.7
12155:
4.7
886:
4.7
1110:
4.7
1659:
4.7
1110:
4.7
6029:
4.7
16522:
4.7
4584:
1.3
30:
4.7
11607:
4.7
7206:
4.7
11812:
4.6
2172:
4.7
8224:
4.7
9236:
4.7
17436:
4.7
1409:
4.7
270:
4.7
3449:
1.3
7751:
4.7
8580:
4.6
11607:
4.7
270:
4.6
12872:
4.6
10080:
4.7
17474:
4.7
3315:
4.7
2519:
4.7
8993:
4.7
1073:
4.7
2782:
4.6
11812:
4.6
1316:
4.7
2114:
4.6
16265:
4.6
1409:
4.6
8596:
4.6
6099:
4.6
571:
4.6
13847:
4.6
2548:
4.7
3456:
4.6
3928:
4.6
2342:
4.6
4207:
4.6
13628:
4.6
14621:
4.6
11283:
4.6
748:
4.6
2172:
4.6
10254:
4.6
3961:
4.6
5549:
4.6
11607:
4.6
9326:
4.6
2803:
4.6
2938:
4.6
5651:
1.3
17003:
4.6
5515:
4.6
2372:
4.6
12891:
4.6
1409:
4.6
14209:
4.6
10378:
4.6
13115:
4.6
11812:
4.6
14961:
4.6
1073:
4.6
4266:
4.6
6450:
4.6
6287:
4.6
17405:
4.6
5582:
4.6
16384:
4.6
5406:
4.6
13635:
4.6
13979:
4.6
17449:
4.6
1905:
4.6
11949:
4.6
7430:
4.6
3078:
4.6
10449:
4.6
1939:
4.6
571:
4.6
2913:
4.6
1877:
4.6
1905:
4.6
4306:
4.6
872:
4.6
6428:
4.6
8832:
4.6
5239:
4.6
16609:
4.6
11064:
4.6
5538:
4.6
4472:
4.6
13081:
4.6
14103:
4.6
5297:
4.6
14621:
4.6
1947:
4.6
2517:
1.3
7474:
1.3
3713:
4.6
17306:
1.3
4506:
4.6
14621:
4.6
334:
4.6
15183:
4.6
12338:
4.6
4043:
4.6
223:
4.6
9458:
4.6
6756:
4.6
11283:
4.6
14050:
4.6
15116:
4.6
2692:
4.6
6829:
4.6
9297:
4.6
16147:
4.6
15070:
4.6
1905:
4.6
10947:
4.6
4.6
620:
4.6
2580:
4.6
15700:
4.6
1110:
4.6
4306:
4.6
7230:
4.6
2290:
4.6
2913:
4.6
2830:
1.3
3917:
4.6
2913:
4.6
8197:
4.6
223:
4.6
1110:
4.6
621:
4.6
5085:
4.6
9981:
4.6
1495:
4.6
6205:
4.6
270:
4.6
7854:
1.3
13960:
4.6
13493:
4.6
560:
4.6
2938:
4.6
11840:
4.6
2895:
4.6
270:
4.6
3962:
4.6
11812:
4.6
886:
4.6
191:
4.6
6974:
4.6
2441:
4.6
5760:
4.6
13081:
4.6
1220:
4.6
571:
4.6
14781:
4.6
14822:
4.6
14103:
4.6
11064:
4.6
1703:
4.6
580:
1.4
4736:
1.4
7669:
4.6
1719:
1.4
215:
4.6
473:
4.6
290:
4.6
12155:
4.6
457:
4.6
3624:
4.6
2385:
1.4
3864:
4.6
11134:
4.6
1865:
4.6
14961:
4.6
12034:
4.6
270:
4.6
4.6
17405:
4.6
14170:
4.6
10231:
4.6
17431:
4.6
3999:
4.6
12161:
4.6
7669:
4.6
7695:
4.6
13593:
4.6
17169:
4.6
5414:
4.6
9628:
4.6
44:
4.6
5283:
4.6
872:
4.6
406:
4.6
2290:
4.6
8172:
4.6
167:
4.6
13847:
4.6
2000:
4.6
8292:
4.6
14911:
4.6
5862:
4.6
9683:
4.6
11234:
4.6
3946:
1.4
12999:
4.6
3864:
4.6
1144:
4.6
17174:
4.6
17085:
4.6
13887:
4.6
11521:
4.6
13255:
4.6
5226:
4.6
2771:
4.6
1435:
4.6
6860:
4.6
16895:
4.6
6664:
4.6
7230:
4.6
9034:
4.6
12670:
4.6
9254:
4.6
6287:
4.6
15922:
4.6
5085:
4.6
175:
4.6
4013:
4.6
2386:
1.4
16262:
4.6
16241:
4.6
9828:
4.6
13614:
4.6
1476:
4.6
2122:
4.6
7057:
4.6
8545:
4.6
7235:
4.6
2452:
4.6
4.6
2102:
4.6
6635:
4.6
11026:
4.6
2057:
4.6
3624:
4.6
11271:
4.6
3559:
4.6
4884:
4.6
8292:
4.6
14240:
4.6
2443:
4.6
621:
4.6
5258:
4.6
2942:
4.6
1409:
4.6
16711:
4.6
14519:
4.6
3593:
4.6
3864:
4.6
11812:
4.6
3151:
4.6
13463:
4.6
2405:
4.6
15116:
4.6
13471:
4.6
1180:
4.6
10643:
4.6
11812:
4.6
13255:
4.6
3078:
4.6
571:
4.6
10451:
4.6
1542:
4.6
1073:
4.6
6287:
4.6
946:
1.4
1073:
4.6
1679:
4.6
10774:
4.6
5401:
4.6
2452:
4.5
2965:
4.6
10231:
4.6
8596:
4.6
3624:
4.6
5926:
4.6
3864:
4.6
16469:
4.6
11812:
4.6
8511:
4.5
11733:
1.4
2680:
1.4
14800:
4.6
3282:
4.6
13255:
4.6
8197:
4.6
5318:
4.6
14482:
4.6
12582:
4.5
12338:
4.6
11812:
4.5
1905:
4.6
11479:
4.6
3962:
4.6
3824:
4.5
12155:
4.6
12582:
4.5
1073:
4.6
8131:
4.6
2862:
4.6
7605:
4.6
520:
4.5
571:
4.5
5515:
4.6
270:
4.6
11022:
4.5
8116:
4.5
270:
4.6
11152:
4.5
15922:
4.6
692:
4.5
11126:
4.6
10947:
4.5
14621:
4.5
8468:
4.5
12232:
1.4
16363:
4.5
223:
4.5
2862:
4.5
4392:
4.5
2548:
4.5
9598:
4.5
2913:
4.5
430:
4.5
1256:
4.5
5755:
1.4
3864:
4.5
2862:
4.5
12886:
4.5
270:
4.5
10554:
4.5
11662:
4.5
7974:
4.5
5414:
4.5
15573:
1.4
4001:
1.4
3938:
4.5
6366:
4.5
8515:
4.5
2043:
4.5
3565:
4.5
3151:
4.5
311:
4.5
7393:
4.5
11040:
4.5
3605:
4.5
5870:
1.4
2114:
4.5
10561:
4.5
6971:
4.5
17085:
4.5
313:
4.5
14410:
4.5
7028:
4.5
5119:
1.4
1435:
4.5
17387:
4.5
6797:
4.5
5732:
4.5
13205:
4.5
7669:
4.5
8596:
4.5
11040:
4.5
270:
4.5
3938:
4.5
3151:
4.5
1144:
4.5
17436:
4.5
13255:
4.5
1442:
4.5
13255:
4.5
10231:
4.5
3938:
4.5
316:
4.5
3239:
4.5
2743:
4.5
10815:
1.4
1649:
1.4
14393:
4.5
406:
4.5
17395:
4.5
270:
4.5
14187:
4.5
4472:
4.5
457:
4.5
13255:
4.5
3282:
4.5
3713:
4.5
2554:
4.5
9023:
4.5
1552:
4.5
12582:
4.5
1915:
4.5
12925:
4.5
9728:
4.5
3966:
4.5
1798:
4.5
361:
1.4
270:
4.5
2782:
4.5
1109:
4.5
760:
4.5
3917:
4.5
4972:
4.5
621:
4.5
4179:
4.5
9939:
4.5
2942:
4.5
16147:
4.5
14198:
4.5
6859:
4.5
12690:
4.5
17249:
1.4
11812:
4.5
7057:
4.5
1265:
1.4
5991:
4.5
1905:
4.5
9144:
4.5
3456:
4.5
6428:
4.5
16707:
4.5
5760:
4.5
621:
4.5
3239:
4.5
440:
1.4
13081:
4.5
3118:
1.4
8474:
0.44
7230:
4.5
16147:
4.5
223:
4.5
3713:
4.5
11164:
4.5
11166:
4.5
571:
4.5
270:
4.5
2342:
4.5
4115:
4.5
1877:
4.5
14103:
4.5
14999:
4.5
1476:
4.5
11314:
4.5
1865:
4.5
3817:
4.5
2862:
4.5
7751:
4.5
7158:
4.5
1220:
4.5
270:
4.5
7430:
4.5
1905:
4.5
3446:
4.5
10947:
4.5
16153:
4.5
1905:
4.5
1590:
4.5
1625:
4.5
10375:
4.5
15509:
4.5
6445:
4.5
1174:
4.5
15036:
4.5
10027:
4.5
1144:
4.5
2782:
4.5
2452:
4.5
305:
4.5
6450:
4.5
3541:
4.5
4432:
4.5
16265:
4.5
7985:
4.5
1110:
4.5
270:
4.5
3713:
4.5
7155:
4.5
13930:
4.5
17324:
4.5
14216:
4.5
3897:
1.4
199:
4.5
1144:
4.5
9326:
4.5
1795:
4.5
11812:
4.5
11026:
4.5
2430:
4.5
2112:
4.5
11607:
4.5
3828:
1.4
11740:
4.5
6134:
4.5
7833:
4.5
2452:
4.5
9939:
4.5
7234:
4.5
9101:
4.5
2913:
4.5
2452:
4.5
788:
4.5
2140:
1.4
17292:
4.5
7600:
4.5
8719:
4.5
2441:
4.5
9598:
4.5
1476:
4.5
1409:
4.5
313:
4.5
7669:
4.5
7685:
4.5
16027:
4.5
270:
4.5
1941:
4.5
2112:
4.5
3523:
4.5
571:
4.5
8354:
4.5
1110:
4.5
5069:
4.5
2465:
4.5
1470:
4.5
16574:
0.46
7630:
4.5
7849:
4.5
10778:
4.5
4280:
4.5
316:
4.5
2782:
4.5
13255:
4.5
8069:
1.5
2452:
4.5
13191:
1.5
10231:
4.5
15070:
4.5
12732:
4.5
12417:
4.5
15440:
4.5
7521:
RMSE: 3.7
