2:
3.43
3.28
2.81
3.34
3.36
3.71
3.48
3.03
4.55
4.56
573:
2.88
3.72
3.71
3.41
703:
4.05
2.89
3.66
3.29
3.5
3.06
3.65
3.03
3.15
3.46
3.91
2.86
3.24
3.76
3.5
1189:
2.98
3.81
2.37
4.03
1995:
1.95
1.93
2495:
2.43
3.96
3.1
3.1
3.21
2.25
2.96
1.91
3.04
3.26
2.82
3.95
3.07
3.01
3.64
3.59
3.04
1.84
2.24
2.94
2.65
2.87
2.51
2.43
2.59
3.14
2.84
2.97
3.34
3.52
3.22
3.2
3.26
2.84
3.52
3.15
3.32
2.97
3.54
2.5
4.26
2.95
3.14
3.42
2.35
3.55
2.67
3.11
4.13
2.93
2.62
3.76
3.2
2.42
3.58
2.4
3.01
3.55
2.91
3.03
3.66
3.59
3.43
2.89
2.26
2.64
2.96
2.55
3.26
2.34
3.17
3.05
2.82
2.87
4.14
3.43
3.53
3.31
2.9
3.1
3.13
2.85
3.47
3.45
2.84
2.53
2.69
3.74
2.55
3.49
2.68
2.88
2.51
3.07
1.57
2.66
2.89
3.47
3.05
2.86
2.77
3.51
3.62
1.82
3.19
4
3.73
3.35
3.91
3.18
2.67
3.97
3.51
3.15
3.92
3.2
2.3
3.28
3.08
2.82
3.05
1.37
3.61
3.43
3.21
4.28
3.07
3.13
3.66
2.78
3.12
3.01
3.07
2.63
3.53
3.21
3.52
3.01
3.04
2.74
2.46
2.77
2.53
2.69
3.61
2.98
2.77
3.45
2.12
2.36
2.9
3.48
3.17
2.84
2.64
3.51
3.44
3.18
2.65
2.9
2.88
3.21
3.43
2.44
3.49
2.46
3.04
2.48
3.2
2.66
2.47
2.36
2.95
3.15
2.66
3.42
2.98
2.27
3.72
3.31
3.3
3.45
3.35
2.66
2.68
2.83
2.65
3.05
2.6
3.74
3.56
3.12
2.25
3.06
2.41
2.73
3.91
3.43
1.59
3.43
3.64
2.77
3.14
2.35
2.63
3.53
3.13
3.13
4
2.77
3
3.05
3.78
2.93
3.9
2.95
3.51
3.1
3.62
2.72
3.08
2.63
2.93
3.67
3.01
2.16
2.98
2.53
2.87
3.25
2.03
4.14
1.71
3.5
3.36
3.09
2.74
2.9
2.43
2.75
3.01
3.42
3.62
3.99
2.72
2.3
2.5
3011:
2.19
2.13
1.46
2.01
1.63
3.04
1.79
2.21
2.37
2.01
2.95
2.01
2.57
2.22
2.64
2.57
3
2.16
1.31
2.54
2.52
2.19
2.32
3475:
4
4.94
3.97
1.91
3.65
4.14
3.87
3.54
3.03
4.23
3.46
3.92
4.36
3.3
3.03
4.39
3.97
3.1
3.39
3.63
4.94
3.81
3.77
3.15
3.48
3.64
4.33
3.27
3.83
3.71
4.79
3.7
3603:
3.72
3.39
4.39
3.71
3.9
3.37
3.84
3.64
3.61
3648:
3.23
3.8
3.76
3.84
3.83
4.46
4.07
4.11
3.71
3.25
4.41
3.6
3.69
3.72
3.47
3.56
3.46
3.53
3.67
2.94
3.39
3.87
3.08
4.04
3.68
3.51
3.04
3.47
4.38
3.92
3.45
3.75
2.77
4.05
3.37
3.53
3.37
3.18
3.14
2.85
3.87
3.21
3.04
2.85
2.41
2.7
3.32
4.15
3.46
2.9
3.75
3.37
3.05
2.56
2.64
2.97
4.43
3.27
3.94
3.84
2.8
4.47
4.2
3.54
2.97
3.55
3.71
2.95
3.22
3.33
3.28
3.75
1.78
3.51
3.08
4.19
4.03
4.65
3.51
3.62
4.38
3.38
3.23
3.64
3.94
3.7
3.26
3.49
4.41
3.1
3.12
3.55
2.4
3.58
2.43
3.44
3.43
3.93
3.98
4.38
3.59
3.37
3.27
3.83
4.72
3.88
3.66
2.65
4.08
3.66
4.32
3.72
3.87
3.69
3.38
3.61
3.56
4.38
3.46
3.31
3.22
4.32
3.82
3.72
3.61
2.94
2.9
2.81
3.54
3.68
3.86
3.48
3.31
3.49
3.39
4.8
3.44
3.59
3.78
3.87
3.69
3.34
3.68
3.24
4.31
3.77
3.64
2.84
3.34
3.46
3.52
3.3
3.88
3.74
4.4
3.34
3.06
4.27
3.21
4.73
3.55
4.02
2.93
3.5
3.94
3.76
3.08
3.61
3.42
3.54
2.42
3.73
3.72
3.45
4.32
4.42
3.36
3.74
3.55
3.94
3.11
4.08
3.42
3.03
3.82
3.41
3.09
2.8
3.08
3.46
3.95
3.52
3.51
3.71
3.89
3.96
4.42
3.07
3.18
3.9
3.93
3.58
3.59
3.9
4.13
3.64
3.42
3.58
3.88
3.33
4.01
2.93
3.7
3.53
3.26
3.89
2.9
3.32
4.27
3.49
3.97
3.5
3.97
4.94
3.26
3.5
2.95
4.33
3.95
4.33
3.97
2.78
3.65
2.94
3.91
3.37
3.25
3.44
2.93
4.04
3.99
3.85
3.13
3.27
3.02
3.07
3.2
3.37
4
3.14
3.93
4.37
3.17
4.01
3.97
3.75
3.43
3.05
3.09
3.76
4.18
3.54
3.75
3.07
3.92
3.59
3.87
3.52
3.48
3.78
3.77
3.17
3.2
3.62
3.38
3.58
3.39
3.59
3.41
3.05
3.79
4.43
4
3.66
4.22
3.03
3.25
2.94
3.69
3.91
4.24
4.03
2.58
3.46
2.44
3.94
3.2
3.32
2.98
4.37
3.98
3.83
3.87
4.22
3.34
3.29
3.36
3.99
2.71
3.02
3.43
3.87
3.71
3.48
4.21
4.08
3.42
3.79
2.67
3.49
4.55
3.58
3.37
3.45
3.05
3.63
3.16
3.61
3.5
3.44
2.68
3.79
3.49
3.66
3.35
3.62
3.8
4.03
3.27
3.62
3.25
3.06
2.96
3.32
4.19
4.34
3.68
3.8
3.97
3.88
3.48
4208:
2.93
2.96
4679:
3.78
5.12
3.87
4.12
4.34
3.65
4.22
3.84
3.7
3.78
4.23
3.48
3.69
4.08
3.96
3.94
3.78
3.72
3.87
3.15
3.34
3.51
3.43
2.87
4.36
4.16
3.42
3.12
3.6
3.51
4.94
3.51
4.23
3.82
4.45
3.53
3.48
3.69
3.39
4.72
3.63
4.04
3.2
4.36
3.78
3.87
3.73
4.11
4.19
3.67
4.1
3.87
5.09
3.92
3.82
2.91
4.38
4.04
2.34
3.82
3.89
3.58
4.51
4.24
2.7
3.7
3.31
3.74
3.76
4.07
3.97
3.56
3.61
4.73
3.97
4.13
6323:
1.78
2.37
2.43
3.61
2.43
6484:
4.28
3.78
3.58
4.2
3.49
3.98
3.79
4.14
3.83
4.33
4.03
3.31
4.66
4.62
3.9
3.57
4.91
4.49
3.96
3.85
3.03
4.87
3.89
4.52
3.6
3.99
4.28
3.84
6782:
2.37
1.78
2.56
2.99
2.94
2.53
2.18
2.75
2.78
3.35
1.69
2.25
2.18
3.38
2.32
2.45
2.88
2.04
2.75
2.3
2.63
7330:
2.44
3.98
3.74
3.52
3.64
4.69
3.69
3
3.02
3.99
3.69
3.68
3.74
3.63
4.24
3.46
3.83
3.72
3.73
3.93
3.79
3.63
3.87
3.39
3.63
3.37
3.6
2.83
4.03
3.79
3.19
3.5
3.71
4.19
4.07
4.03
3.68
4.5
3.52
3.68
3.71
3.7
3.98
3.91
4.62
3.82
4.96
3.78
4.37
2.83
3.88
4.22
4.55
3.92
4.01
3.36
3.54
3.75
2.99
3.16
3.47
3.68
3.95
3.52
3.84
3.92
3.31
3.94
3.22
3.82
3.39
3.71
3.79
3.83
3.89
4.18
3.48
3.83
4.07
3.52
3.8
3.66
3.62
4.84
3.98
4.18
4
3.44
3.68
4
4.08
3.21
4.37
3.85
3.37
3.39
3.91
3.51
4.03
3.7
3.47
4.62
3.37
3.71
2.97
3.81
3.15
3.82
3.67
3.67
3.95
3.98
3.16
4.02
3.73
3.83
3.52
3.33
3.48
2.59
3.81
3.64
3.43
3.22
4.49
3.37
4.18
3.71
3.36
4.32
3.71
3.64
3.19
3.66
4.01
3.89
3.9
4.6
4.12
3.06
4.37
4.16
4.1
3.83
3.6
2.85
3.61
3.28
3.38
4.04
4
3.76
2.99
3.85
3.66
4.15
3.52
4.29
3.09
4.28
3.53
2.68
3.76
4.22
3.72
3.75
3.77
4.06
3.87
3.31
3.74
3.68
3.76
4.07
8478:
2.88
3.65
9190:
3.78
2.27
3.63
3.3
3.53
3.34
3.12
3.85
3.94
2.73
1.62
4.24
9925:
3.78
2.91
3.05
4.78
10365:
4.8
3.99
4.56
3.42
3.74
4.42
5.01
4.04
4.44
3.27
4.69
4.56
4.83
2.99
3.96
3.86
3.39
4.32
5.03
4.22
4.25
4.16
3.5
5.16
3.44
4.2
4.16
4.16
10552:
4.55
4.04
4.74
3.7
4.82
4.21
3.94
4.03
4.17
3.54
3.92
3.9
4.38
4.56
4.11
4.05
3.45
4.32
4.3
4.11
4.17
3.61
4.36
3.88
3.84
4.57
3.9
4.78
4.18
3.76
4.38
3.98
3.82
4.3
4.16
4.59
3.83
3.75
3.43
4.45
3.77
5.27
4.26
4.93
3.75
4.11
3.24
11517:
3.33
13847:
3.9
3.75
3.2
4.12
3.66
4.06
3.73
3.76
4.58
3.72
4.59
4.06
3.58
3.36
4.12
3.44
4.22
4.6
3.9
4.02
4.43
3.53
4.25
4.43
3.75
3.63
3.6
4.24
3.64
3.75
4.38
3.79
3.88
4.46
3.85
3.87
3.66
3.85
3.92
3.67
3.23
4.33
3.67
3.25
3.9
3.46
3.51
2.96
3.61
4.05
3.66
4.79
4.33
4.23
4.07
4.06
4.25
3.96
3.63
3.15
4.39
4.2
4.61
3.87
3.51
3.73
4
4.56
3.72
4.47
4.62
3.89
4.06
3.97
4.18
4.31
4.39
4.28
4.12
3.87
4.13
3.84
4.6
4.37
3.99
3.67
4.29
4.55
4.13
3.51
3.2
3.22
3.23
3.79
4.28
3.56
5.13
3.53
3.89
4.07
4.3
4.64
4.09
3.7
4.33
4.38
4.1
3.51
4.55
4.41
3.96
3.64
3.91
4.42
3.76
3.93
5.21
3.7
3.19
5.11
4.38
3.69
3.81
4.52
4.37
4.68
3.41
3.97
4.51
4.86
3.5
3.42
4.52
4.11
4.05
3.7
2.53
4.45
4.05
3.69
3.91
3.68
3.85
3.59
4.54
3.72
3.56
4.39
3.82
4.08
4.05
3.92
3.82
3.69
3.74
3.87
4.05
3.36
3.77
3.7
3.93
4.06
3.88
4.85
3.27
4.12
3.72
4.07
3.01
4.15
3.3
4.24
4.73
3.29
4.68
3.98
4.1
3.93
3.71
4.11
3.27
3.6
3.81
4.2
4.47
4.42
3.67
3.85
4.31
4.09
4.04
4.14
4.88
4.01
3.95
4.46
3.86
4.21
3.79
4.16
3.96
3.63
4.17
4.34
4.23
4.03
4.46
4.59
4.18
4.58
3.85
4.45
3.94
4.66
4.07
4.18
4.21
4.08
3.56
3.72
3.25
4.87
3.28
4.08
4.06
4.01
4.02
3.52
3.57
3.93
4.56
4.03
4.1
4.91
3.62
3.68
3.74
4.65
4.57
3.85
4.12
3.97
4.22
3.39
4.08
3.41
4.29
3.45
4.13
3.94
3.09
3.54
3.54
4.44
3.64
3.62
3.56
3.96
3.52
4.06
4.39
3.34
3.87
3.59
4.58
3.76
4.28
4.68
3.59
3.99
4.09
4.19
4.35
4.65
4.07
3.78
3.69
4.08
3.59
4.29
3.54
3.16
4.63
3.86
3.08
4.32
4.13
3.39
2.9
4.35
4.45
3.81
3.77
4.05
3.98
4
4.57
3.77
4.25
4.53
3.52
3.73
4.16
4.54
3.93
3.95
3.52
3.82
4.28
3.35
4.5
4.19
3.73
4.66
4.29
3.5
4.49
3.99
4.32
3.47
4.79
3.77
3.72
4.02
4.5
4.1
4.1
5.03
4.33
4.26
3.56
3.72
3.77
4.57
3.86
3.31
3.43
4.39
4.17
3.99
3.87
3.21
3.77
4.71
3.83
3.2
2.92
4.48
4.74
3.04
4.08
3.33
3.83
3.63
4.08
3.48
3.72
3.93
4.31
3.81
4.36
4.13
4.09
4.32
2.97
3.49
3.98
4.55
3.82
4.31
3.45
3.8
3.69
4.38
5.08
4.14
4.04
4.35
3.83
4.39
4.4
3.53
3.95
4.64
3.66
3.45
4.09
4.12
4.98
3.68
3.93
3.73
3.99
3.73
4.5
3.57
4.22
3.91
3.53
4.25
3.13
4.05
3.81
3.72
3.95
3.56
4.04
4.36
3.41
4.46
4.06
4.47
3.74
4.64
4.28
4.07
4.02
3.09
4.05
3.81
3.44
3.75
4.05
4.05
3.4
4.33
4.41
3.85
3.73
3.59
3.99
4.19
3.33
3.93
4.5
4.05
4.23
4.24
4.91
3.49
3.89
3.8
4.1
4.24
3.5
4.27
2.94
3.44
3.99
4.28
3.81
4.2
3.92
4.14
4.73
3.44
3.83
4.03
3.71
3.78
3.75
4.29
4.42
3.82
4.31
4.21
4.66
4.37
3.85
4.23
3.6
4.43
4.73
3.73
4.21
3.31
3.86
4.38
3.75
4.18
3.78
3.74
3.83
3.67
3.78
4
3.99
4.58
3.44
3.33
4.1
3.23
3.94
3.63
4.15
4.18
3.95
3.94
3.93
3.36
4.07
4.37
3.96
4.35
4.41
3.7
3.17
4.38
3.67
3.82
4.25
3.33
4.12
4.71
4.25
3.76
3.76
3.63
4.32
3.7
3.98
4.17
4.07
4.72
3.98
3.9
3.76
3.58
3.58
3.54
4.43
4.45
3.85
4.2
4.23
3.38
4.02
3.65
4.29
3.93
4.08
4.26
3.44
3.86
4.68
3.97
4.19
3.92
3.81
4.33
3.83
4.42
4.53
3.94
4.63
4.41
4.03
4.19
4.22
4.24
3.16
4.47
4.09
3.78
3.91
4.73
4.37
3.87
3.62
4.21
3.64
3.46
4.3
3.68
3.82
3.94
4.4
4.02
4.04
3.9
4.42
3.97
4.34
3.94
3.94
3.62
3.63
4.04
3.76
4.38
4.13
4.37
3.82
3.8
3.45
3.87
4.26
4.3
3.53
4.04
3.77
4.41
RMSE: 0.96
