15000:
3.3
3.0
2.1
2.5
2.8
15001:
4.4
3.5
3.4
4.0
4.4
4.8
3.5
3.7
4.2
3.6
4.0
4.5
4.4
5.0
3.8
3.7
5.0
4.9
3.8
4.7
4.1
4.2
3.9
4.0
4.1
4.2
4.0
15002:
2.8
15003:
1.9
1.4
15004:
2.4
3.4
2.5
3.1
2.6
2.3
15005:
1.7
15006:
3.8
3.1
3.4
2.5
4.0
3.0
2.6
2.9
3.1
15007:
3.0
2.8
3.4
3.0
3.5
3.8
2.8
2.6
2.9
2.4
2.8
3.2
2.6
3.4
3.3
2.9
3.2
2.7
3.7
2.8
3.2
15008:
1.7
1.1
1.4
2.3
2.6
1.9
2.1
1.5
2.3
2.1
15009:
3.3
2.4
3.4
3.2
3.5
3.2
3.8
3.9
3.4
2.7
2.8
3.5
3.0
3.7
3.8
3.0
3.8
3.8
2.3
2.8
3.5
2.9
3.5
3.0
1501:
2.3
3.0
3.3
3.4
3.3
3.7
3.3
4.1
1.8
2.9
3.0
2.9
2.8
2.6
2.6
2.9
2.4
2.8
3.2
15010:
2.6
3.4
2.8
3.9
3.4
3.4
3.8
2.9
3.8
3.2
3.1
3.4
3.5
3.2
3.0
2.8
2.9
3.8
3.1
4.1
3.5
3.7
3.9
3.8
3.9
3.7
3.8
3.3
3.9
3.4
3.2
3.6
2.8
1.1
3.9
3.2
3.5
3.6
3.3
3.3
2.3
3.9
3.7
2.9
3.4
3.4
3.0
3.8
3.4
3.7
3.5
3.6
3.3
2.8
3.3
3.4
4.2
3.3
2.9
2.9
2.9
3.2
3.4
3.2
4.0
4.6
3.6
2.6
3.3
3.2
15011:
3.1
1.7
2.4
3.1
15012:
1.6
2.1
0.8
2.0
15013:
3.4
4.4
4.2
4.1
4.0
3.1
4.5
4.9
3.5
3.2
4.4
3.4
4.1
3.6
3.9
3.8
3.8
3.8
3.6
3.4
3.6
4.1
4.4
4.0
3.6
3.5
4.0
3.7
3.5
3.6
3.8
3.5
15014:
4.8
4.6
4.8
4.8
4.3
5.0
4.5
4.4
4.9
4.1
4.8
4.8
5.0
4.2
5.0
3.6
4.6
4.4
3.1
3.3
4.2
4.7
4.0
4.5
4.5
3.9
3.8
4.3
4.3
4.9
4.4
4.7
3.9
4.2
4.4
4.7
4.7
4.3
5.0
5.0
4.5
4.3
4.5
4.2
4.4
4.6
4.6
4.0
4.9
3.5
4.3
4.4
4.1
4.3
4.6
4.4
4.1
4.8
5.0
3.8
4.8
4.4
3.7
4.4
5.0
4.2
4.1
4.5
4.7
4.9
4.2
15015:
1.8
2.8
2.5
3.6
2.4
3.1
3.1
3.3
2.6
2.8
3.0
15016:
3.5
4.7
4.1
3.7
3.8
3.8
3.2
3.6
3.8
3.6
3.9
3.7
3.0
3.6
4.6
3.7
4.0
3.8
4.0
4.2
4.2
3.5
2.7
3.6
4.4
4.1
4.2
3.7
4.3
3.5
3.7
4.3
3.5
4.4
3.8
4.4
3.5
3.8
4.1
3.8
3.8
15017:
2.5
3.8
2.7
15019:
2.9
1502:
2.9
3.1
2.8
3.1
3.1
3.2
3.0
3.1
3.0
3.3
2.8
3.9
3.5
2.5
2.7
3.4
2.9
2.8
3.9
3.2
2.7
3.5
2.9
3.7
3.5
3.8
4.2
3.1
3.0
3.2
2.5
2.6
3.7
3.5
3.9
2.8
3.1
2.5
3.4
2.8
4.1
3.1
3.2
3.3
3.1
3.3
3.6
3.7
3.5
2.8
2.9
3.5
3.7
3.2
4.2
2.4
3.0
4.4
4.1
3.0
3.4
3.4
3.6
4.1
3.4
3.8
3.2
2.4
3.5
4.1
3.2
2.3
3.6
2.5
3.9
4.2
4.1
3.2
3.9
3.2
2.7
3.2
2.8
2.8
3.1
3.2
2.9
3.2
3.1
3.1
3.9
2.9
3.6
4.2
2.5
3.5
3.3
3.7
4.0
3.3
2.6
3.5
3.3
3.8
3.1
3.9
3.0
3.2
3.0
2.3
3.2
2.6
2.8
4.1
4.0
3.5
2.9
3.2
2.7
3.8
2.9
3.1
3.2
3.2
3.7
3.4
2.9
3.7
2.9
2.9
3.0
2.6
3.4
3.5
3.3
3.4
3.5
2.7
3.0
3.0
3.4
3.1
3.6
3.6
3.7
3.4
3.4
3.1
3.1
3.6
3.2
3.5
3.8
3.0
3.2
3.4
2.4
3.2
4.1
2.7
2.6
3.3
4.1
2.8
3.6
3.7
3.3
3.7
2.4
2.3
3.2
2.8
3.1
3.1
2.7
3.5
3.5
3.1
2.5
15020:
3.7
15021:
3.6
3.5
3.5
15022:
3.2
3.7
3.2
3.0
15023:
3.5
3.9
15024:
3.8
2.7
2.9
3.5
3.1
3.4
3.0
2.7
2.3
15025:
3.0
2.8
3.1
2.6
2.7
15026:
3.6
3.5
3.6
3.9
4.0
2.8
3.9
3.5
3.5
3.1
3.4
3.2
3.3
3.2
3.8
3.0
3.8
3.7
3.1
3.2
2.9
3.0
3.8
3.5
15027:
4.3
3.4
4.1
4.1
3.8
3.9
4.6
3.9
3.7
4.5
3.6
15028:
2.9
2.8
2.5
1.6
4.1
2.8
2.9
2.1
2.8
2.5
2.8
3.1
3.3
2.6
2.5
2.1
2.0
2.3
2.7
3.0
3.1
2.4
3.2
2.8
1.9
2.1
3.2
3.2
3.2
2.2
2.2
2.4
3.2
2.8
2.6
3.5
2.6
3.1
3.1
3.0
2.9
3.7
2.6
3.0
2.6
2.4
2.6
2.9
1.8
1.7
2.6
1.8
2.9
2.0
3.1
2.8
2.4
2.9
2.3
2.6
2.8
1.9
3.0
3.4
2.2
3.4
2.8
2.4
3.5
2.7
15029:
3.7
3.4
3.3
3.0
2.9
3.1
3.1
3.2
3.0
3.1
2.8
3.5
2.6
2.5
3.2
3.9
2.8
3.2
2.9
3.0
3.4
2.6
3.2
3.2
2.7
1503:
3.2
3.0
3.5
3.6
3.9
3.9
3.3
3.9
2.9
2.6
3.6
3.3
3.1
3.8
2.8
3.0
3.8
3.0
3.7
3.6
3.7
3.2
3.2
2.8
3.7
4.2
3.8
4.3
2.8
3.0
3.7
3.0
3.6
3.3
4.2
3.2
3.2
15030:
2.8
1.4
15031:
4.0
4.4
4.5
3.9
4.1
3.9
4.9
4.3
4.0
4.4
3.6
3.8
4.1
3.7
4.4
3.4
4.7
4.4
3.7
4.0
4.2
4.8
4.4
3.4
3.9
4.5
3.9
3.6
4.2
4.2
3.9
4.0
4.2
3.7
3.9
4.2
3.8
4.3
4.3
4.4
3.8
4.3
4.4
4.1
3.7
3.9
3.7
4.2
15032:
2.2
15033:
3.9
3.4
3.8
3.3
3.7
3.6
3.9
3.4
3.6
3.8
3.8
3.3
4.4
3.4
3.6
3.5
15034:
4.1
3.9
2.0
2.7
3.3
3.4
2.8
2.1
3.2
2.8
3.0
3.0
3.1
3.1
2.3
2.6
2.8
2.6
2.6
2.6
3.4
3.6
3.6
2.9
2.6
3.4
15035:
3.7
3.5
3.9
5.0
4.3
4.5
4.1
4.8
4.5
4.5
4.3
3.9
3.3
4.3
4.0
4.4
4.5
4.2
3.8
3.9
3.9
4.1
4.4
3.7
3.7
5.0
4.4
4.2
4.6
5.0
4.2
4.3
4.3
3.7
4.1
4.1
4.4
4.3
4.8
4.0
4.1
5.0
4.1
4.7
3.8
4.0
4.3
4.3
15036:
2.9
3.4
3.9
3.8
3.6
4.7
4.6
4.1
3.8
3.9
4.4
4.5
3.9
4.4
4.5
3.7
3.4
3.7
4.4
3.7
3.7
4.3
3.6
3.7
4.4
4.1
3.9
4.1
3.9
5.0
4.1
4.2
3.1
15037:
3.5
4.2
3.7
3.7
4.1
4.1
4.6
3.8
3.7
3.6
3.7
3.8
3.8
3.9
4.3
4.2
3.7
3.8
3.6
3.5
3.8
3.7
4.3
3.8
3.6
4.0
3.7
5.0
3.5
3.8
3.8
4.1
4.1
3.7
3.8
4.4
3.8
4.4
4.2
4.6
4.5
3.5
3.6
4.5
4.0
2.9
3.6
3.5
4.2
4.5
4.2
3.8
3.7
3.1
4.5
4.3
3.9
4.0
4.2
3.2
4.0
3.7
3.4
3.7
4.0
4.3
3.6
4.6
3.9
4.6
2.9
3.6
3.7
4.4
3.5
3.3
4.3
4.7
4.2
3.5
3.9
4.2
4.5
3.5
3.8
3.5
4.4
4.5
3.7
15038:
1.6
1.5
2.1
15039:
3.6
3.3
3.0
3.0
3.2
3.7
3.6
3.7
2.9
3.2
3.1
2.7
3.4
3.1
2.7
3.6
3.2
3.5
3.5
3.4
3.1
3.7
3.0
3.4
3.5
3.5
3.2
3.6
3.6
3.4
2.8
3.2
3.6
3.1
1.7
3.8
3.6
3.6
3.4
3.9
3.5
2.8
3.0
3.0
3.2
3.8
3.5
3.6
3.0
2.8
3.4
3.8
3.7
3.6
3.2
4.1
3.2
3.3
3.5
3.0
2.8
3.3
1504:
3.1
2.4
3.1
1.9
2.9
3.5
2.2
2.0
2.6
2.7
3.0
15040:
3.5
3.9
3.9
4.0
15041:
2.5
4.3
2.8
15042:
3.1
4.1
3.5
3.1
3.4
RSME: 0.96
