1337:
2.4
3.2
3.2
2.9
3.9
13370:
2.6
3.8
3.4
3.4
3.5
3.3
3.3
3.3
3.8
4.0
3.6
2.6
3.8
3.2
3.2
3.5
3.4
2.8
3.0
3.2
4.1
3.4
3.9
3.7
3.5
3.9
3.9
3.7
3.9
4.4
13371:
3.9
13372:
3.6
3.0
13374:
4.0
3.4
2.8
2.9
2.5
3.7
3.5
3.7
3.2
3.7
3.4
3.5
3.6
4.0
3.7
3.7
13375:
3.8
3.6
3.7
3.7
3.6
13376:
2.7
13377:
3.8
4.1
3.5
3.3
3.8
3.0
3.5
4.9
4.1
4.5
3.6
3.4
4.9
3.7
3.5
4.0
3.5
13378:
3.4
3.5
4.0
3.1
3.6
4.0
3.8
3.3
4.1
4.5
3.6
4.6
3.5
4.2
4.0
3.7
4.1
3.2
3.4
4.1
4.0
3.3
3.9
4.2
3.5
4.0
1.9
3.3
4.3
3.8
3.6
3.6
3.7
3.5
3.6
3.8
4.1
3.6
3.7
3.9
4.4
2.9
4.1
2.9
3.7
3.8
3.7
3.9
3.6
2.9
4.5
3.5
4.7
4.3
3.7
3.6
3.0
3.5
4.5
3.8
4.1
3.2
3.5
4.5
3.4
3.6
3.0
4.0
4.0
4.3
4.4
3.9
4.0
3.6
2.9
3.9
4.1
3.6
3.5
4.9
4.4
3.7
3.8
4.1
3.3
3.5
3.5
4.2
3.5
3.1
3.5
4.7
3.5
4.1
4.0
4.2
3.8
3.8
3.7
3.8
3.0
3.3
3.2
3.8
13379:
4.0
4.1
3.7
3.7
4.3
3.9
3.7
4.0
3.4
3.4
3.8
3.8
1338:
2.6
3.1
2.9
3.9
2.5
3.3
3.2
3.2
13380:
3.7
3.9
3.6
3.8
4.1
4.2
4.0
4.5
3.8
3.5
4.0
3.4
3.7
4.2
3.4
4.0
2.9
4.4
3.9
4.3
3.9
4.5
3.9
3.2
4.9
4.5
4.3
3.1
3.3
3.8
4.0
4.0
4.0
4.0
3.8
3.1
3.2
3.4
3.6
4.2
4.1
4.1
3.4
13381:
2.2
3.0
2.7
3.3
3.2
2.6
2.5
3.6
3.1
2.2
3.3
2.4
2.8
1.3
2.7
1.9
2.5
3.2
3.1
2.4
13382:
3.5
3.5
3.0
2.6
3.4
3.4
3.4
2.2
3.0
2.7
3.1
2.2
2.6
2.9
2.1
3.3
3.3
2.5
3.8
3.3
2.9
3.2
3.0
2.6
3.2
2.4
2.7
2.6
3.9
3.0
3.2
3.3
4.1
13383:
3.4
3.1
3.8
3.8
2.9
4.1
4.3
3.3
3.5
3.2
4.1
3.3
3.6
2.8
4.0
3.0
3.5
4.2
3.4
3.5
3.4
3.3
3.2
3.6
3.6
4.2
3.7
3.4
3.6
3.0
3.4
4.1
3.9
2.9
3.9
3.6
3.9
2.6
3.8
3.3
3.6
13384:
3.2
2.9
3.6
2.5
3.7
3.5
4.2
3.5
3.7
4.1
3.5
3.6
3.9
4.1
3.5
4.2
4.2
2.7
3.7
3.8
3.9
3.4
4.0
4.0
3.7
3.9
3.6
3.4
3.2
3.9
3.0
3.5
3.9
3.2
3.4
4.0
3.6
4.1
3.1
3.2
3.6
4.5
3.6
3.7
3.9
2.4
4.3
4.0
3.0
3.7
3.6
3.5
3.2
3.9
2.9
4.1
3.9
3.8
3.3
3.9
3.3
3.6
3.3
3.7
3.3
3.9
3.6
3.3
3.7
4.0
3.4
3.6
3.2
3.3
4.1
3.7
4.7
3.8
3.4
3.6
4.1
4.1
3.7
3.8
3.2
3.6
4.1
4.0
3.8
2.5
3.5
4.2
4.0
4.1
3.2
3.9
4.4
4.0
3.4
3.6
3.8
3.8
3.6
4.1
3.8
13385:
2.5
3.8
2.8
3.5
2.8
3.2
2.8
2.7
2.3
2.7
2.4
13386:
2.6
3.5
3.2
4.1
2.5
13387:
3.4
3.4
3.7
4.0
3.9
4.0
13388:
3.7
3.7
3.3
3.5
4.0
3.9
4.2
3.3
3.0
3.9
3.2
3.1
4.1
2.7
3.1
4.0
2.8
3.2
4.2
3.0
3.0
3.5
4.3
3.5
3.4
3.1
3.9
3.6
3.7
2.8
3.5
3.7
4.0
4.0
2.6
3.6
3.0
4.4
3.2
4.1
3.1
4.0
3.1
3.9
4.2
4.0
3.5
2.4
2.8
4.3
3.4
3.3
2.4
3.6
3.6
4.0
3.6
3.6
2.9
3.3
3.6
3.2
4.2
4.0
3.5
4.1
2.8
4.1
3.5
3.5
3.5
2.9
2.7
3.6
3.3
3.5
4.0
3.3
3.1
3.6
3.7
3.7
3.3
4.0
13389:
3.6
3.5
3.1
4.4
3.6
3.2
3.7
3.6
2.9
3.2
3.6
3.5
3.5
3.1
3.1
3.9
3.3
3.8
2.9
3.2
3.0
3.9
3.2
3.8
3.7
3.6
3.9
3.1
3.3
3.3
3.9
3.8
3.2
3.3
3.6
3.7
4.0
3.4
3.8
3.1
3.1
4.0
3.8
2.9
3.8
3.7
2.7
4.0
3.3
2.9
3.6
1339:
3.6
13390:
3.6
2.5
3.3
13391:
4.3
3.6
4.1
3.4
3.6
3.7
2.9
3.9
4.7
3.8
3.6
3.1
3.7
3.3
3.0
3.3
3.6
3.8
2.7
3.4
4.0
3.5
3.8
3.2
3.0
2.8
3.1
4.0
3.5
3.6
3.5
3.4
3.1
3.4
3.5
3.4
3.7
4.3
3.4
3.4
3.2
3.4
3.8
3.2
4.4
3.4
3.6
3.9
3.2
3.6
3.9
3.5
4.4
3.2
3.2
3.5
2.6
3.9
3.0
4.5
3.0
3.4
3.1
3.6
3.4
3.7
4.6
3.8
3.6
3.9
3.5
3.3
3.4
3.1
2.8
4.5
3.3
3.6
4.0
3.5
4.0
3.1
3.6
3.3
3.3
3.3
4.1
4.1
3.8
3.7
3.6
3.2
3.7
3.3
3.0
3.2
3.8
3.6
3.7
3.9
3.9
3.1
4.1
3.0
4.1
3.9
3.4
3.1
3.0
3.2
4.1
3.6
3.9
3.9
3.1
4.1
3.5
3.6
3.6
3.3
3.6
3.4
3.3
3.8
3.5
3.5
3.2
4.3
3.5
3.6
3.5
3.3
3.4
3.8
3.8
4.0
3.5
3.3
2.9
3.6
3.1
3.5
3.1
3.9
1.7
4.3
3.3
3.8
3.3
3.7
3.7
3.7
3.2
3.9
3.1
3.3
3.6
3.1
3.5
3.2
3.1
3.2
3.2
3.8
3.0
2.8
3.3
3.3
3.5
3.7
3.8
3.7
2.7
3.8
3.7
3.4
3.2
4.2
3.4
3.3
3.2
4.0
3.5
3.8
3.6
3.4
3.6
3.1
2.7
3.6
4.0
2.4
4.6
3.8
3.2
2.8
4.0
3.8
4.1
4.1
3.6
3.2
3.4
2.8
3.9
3.0
3.3
3.4
3.3
3.5
3.6
3.5
2.5
3.4
3.8
3.8
4.1
4.4
3.5
2.5
4.2
3.5
3.7
3.6
4.1
3.6
3.0
3.8
3.2
2.7
3.3
3.8
3.4
3.3
3.7
3.6
2.9
3.7
3.7
3.1
3.4
3.2
3.3
3.9
3.4
3.5
3.6
2.6
3.5
3.2
3.5
3.8
3.5
3.6
3.6
3.4
2.5
3.1
3.2
3.1
3.4
3.1
3.3
3.9
3.0
2.9
2.3
3.2
3.2
3.7
3.5
3.5
3.5
3.4
3.2
3.7
3.6
3.1
3.7
3.6
3.7
3.0
3.3
3.6
3.8
3.5
3.5
4.0
4.1
3.3
3.1
3.2
3.9
3.1
3.1
3.7
2.9
3.6
4.1
3.2
4.1
4.2
3.6
3.4
4.4
3.5
2.9
3.9
3.1
3.8
3.9
2.9
3.3
4.0
3.5
3.1
3.6
2.5
3.7
3.5
3.2
3.4
3.2
3.3
3.5
3.4
3.5
13392:
3.1
3.5
4.4
3.9
3.6
4.0
3.3
4.3
4.4
3.9
3.3
4.2
3.3
4.2
4.2
3.7
3.6
3.8
4.1
4.0
3.8
3.5
3.6
4.4
3.9
4.2
4.0
3.3
4.0
4.2
3.8
3.2
4.4
3.7
3.9
3.4
3.3
4.2
3.9
4.0
3.8
3.5
3.6
4.7
3.8
3.3
3.8
3.6
3.8
4.1
4.4
3.5
3.9
3.6
3.7
3.9
3.7
3.1
4.3
3.5
4.2
4.3
4.1
4.0
4.1
3.3
3.5
3.5
4.0
4.6
3.8
4.1
3.5
4.2
3.8
3.3
3.4
3.4
4.4
4.0
3.5
3.8
4.3
3.8
4.9
3.6
3.9
4.0
4.2
4.6
4.7
3.5
3.3
3.5
4.3
3.2
3.9
3.5
4.0
4.2
13393:
3.2
3.7
2.6
2.8
3.3
3.0
3.1
4.0
3.2
3.4
3.4
2.2
2.8
3.0
3.4
3.1
13394:
4.1
3.2
3.7
4.1
3.3
3.4
13395:
3.3
2.4
13398:
3.7
3.6
3.7
3.2
4.0
3.9
3.8
3.5
3.5
3.1
3.1
3.5
4.1
3.5
3.5
3.0
4.3
3.1
3.5
3.3
3.7
3.6
3.6
3.7
3.5
3.2
3.4
3.2
3.9
3.9
3.3
4.0
3.5
3.3
3.8
3.8
4.0
3.5
3.0
3.8
3.4
3.7
3.6
2.9
3.1
3.5
3.4
3.8
3.2
3.7
3.5
3.4
3.9
3.8
3.8
3.2
3.7
3.5
3.2
3.8
3.7
4.0
3.5
3.3
3.3
3.6
3.3
3.2
3.6
4.1
4.1
3.5
3.4
4.4
3.7
3.7
3.3
3.5
4.6
3.5
13399:
2.0
2.8
134:
1.6
1340:
4.0
3.2
13400:
3.3
4.3
4.5
3.6
4.8
3.8
4.3
3.9
4.1
3.4
3.8
4.0
4.4
4.2
3.7
4.0
3.1
4.3
4.9
3.8
3.8
4.5
3.7
4.3
4.0
3.5
4.3
3.6
3.5
3.3
4.4
4.0
4.2
3.9
4.1
4.1
4.0
3.5
4.0
4.4
4.2
4.0
3.7
13401:
3.4
13402:
3.9
4.4
3.8
3.2
3.6
3.8
4.1
3.1
3.8
3.8
4.5
4.4
2.5
3.0
3.8
4.1
3.6
3.5
4.1
3.5
2.8
3.5
3.9
4.5
4.0
3.7
3.4
4.0
4.2
3.6
4.8
4.1
4.4
3.8
3.6
4.5
3.9
3.5
2.7
3.6
4.0
4.9
4.1
3.7
4.0
3.7
4.0
4.4
3.5
4.2
3.4
3.7
3.9
4.6
3.9
4.3
3.8
3.6
4.0
4.1
4.4
3.8
3.7
3.3
3.2
3.6
4.5
3.8
3.9
4.6
3.9
4.6
4.9
4.3
3.3
4.5
4.2
4.1
3.8
3.9
4.2
4.5
4.1
4.2
3.2
3.5
4.0
4.3
3.8
4.0
3.7
4.5
3.8
2.9
4.1
4.4
3.6
3.7
3.2
4.2
3.8
4.0
4.1
3.6
4.0
4.1
4.0
3.9
4.4
3.4
3.6
3.9
3.9
3.7
3.7
3.8
3.9
3.3
RMSE: 0.96
