15100:
3.9
15101:
3.0
15102:
2.8
15103:
3.5
15104:
4.1
15105:
3.9
15106:
3.7
15107:
3.9
15108:
3.5
15109:
3.0
1511:
3.1
15110:
3.9
15111:
4.1
15112:
3.5
15113:
2.7
15114:
3.9
15115:
3.1
15116:
4.7
15117:
3.0
15118:
3.5
15119:
3.3
1512:
3.9
15120:
2.2
15121:
4.0
15122:
3.2
15123:
3.6
15124:
3.5
15125:
4.3
15126:
3.6
15127:
3.6
15128:
3.2
15129:
3.6
1513:
4.2
15130:
3.7
15131:
3.1
15132:
3.2
15133:
3.1
15134:
3.3
15135:
2.8
15136:
3.2
15137:
4.0
15138:
2.9
15139:
2.6
1514:
2.9
15140:
3.4
15141:
3.8
15142:
2.9
15143:
3.6
15144:
4.3
15145:
3.8
15146:
2.8
15147:
3.7
15148:
4.5
15149:
3.3
1515:
3.0
15150:
3.3
15151:
3.5
15152:
3.8
15153:
3.2
15154:
3.1
15155:
3.9
15156:
3.4
15157:
2.8
15158:
3.0
15159:
3.5
1516:
3.4
15160:
3.8
15161:
4.2
15162:
3.5
15163:
4.2
15164:
4.0
15165:
4.1
15166:
3.6
15167:
3.9
15168:
3.6
15170:
3.0
3553:
3.0
3554:
3.9
3555:
2.2
3556:
2.6
3557:
3.3
3558:
3.6
3559:
4.0
356:
3.8
3560:
3.2
3561:
2.4
3562:
3.5
3563:
2.6
3564:
3.5
3565:
3.1
3566:
3.5
3567:
3.4
3568:
3.7
3569:
3.6
357:
3.7
3570:
3.3
3571:
3.0
3572:
3.4
3573:
2.9
3574:
3.6
3575:
2.7
3576:
3.4
3578:
4.0
3579:
3.2
358:
3.9
3580:
3.3
3581:
3.2
3582:
3.7
3583:
3.5
3584:
3.2
3585:
2.9
3587:
3.9
3588:
3.1
3589:
2.5
359:
3.7
3590:
4.0
3591:
3.0
3592:
3.6
3593:
3.9
3594:
3.0
3595:
2.5
3596:
2.8
3597:
3.2
3598:
3.2
3599:
3.2
36:
3.4
360:
2.1
3600:
3.5
3601:
2.4
3602:
2.3
3603:
3.6
3604:
3.1
3605:
4.5
3606:
3.3
3607:
2.2
3608:
4.3
3609:
4.7
361:
3.2
3610:
3.9
3611:
4.0
3612:
3.5
3613:
3.7
3614:
2.8
3615:
3.5
3616:
3.5
3617:
3.6
3618:
3.3
3619:
2.7
362:
3.0
3620:
3.9
3621:
3.0
3622:
3.8
3623:
4.3
3624:
4.8
3625:
3.0
3626:
3.5
3627:
2.6
3628:
2.9
3629:
3.1
363:
2.9
3630:
2.7
3631:
4.5
3632:
2.7
3633:
3.9
3634:
2.3
3635:
3.7
3636:
3.9
3637:
2.9
3638:
3.0
3639:
3.1
364:
4.0
3640:
3.6
3641:
2.9
3642:
2.6
3643:
4.4
3644:
2.0
3645:
3.2
3646:
3.4
3647:
2.9
3648:
3.3
3649:
3.5
365:
3.1
3650:
3.4
3651:
3.7
3652:
3.3
3653:
3.6
3654:
3.3
3655:
2.1
3656:
3.2
3657:
2.4
3658:
2.3
3659:
3.5
366:
3.1
3660:
3.6
3661:
3.4
3662:
3.4
3663:
2.6
3664:
2.3
3665:
1.7
3666:
3.8
3667:
2.1
3668:
4.0
367:
3.6
3670:
4.4
3671:
3.3
3672:
3.4
3673:
3.7
3674:
4.2
3675:
3.0
3676:
3.7
3677:
3.9
3678:
3.4
3679:
4.3
368:
2.7
3680:
3.8
3681:
3.7
3682:
4.1
3684:
3.4
3685:
3.9
3686:
3.4
3687:
4.1
3688:
3.9
3689:
3.5
369:
2.5
3690:
3.5
3691:
3.4
3692:
3.5
3693:
2.6
3694:
3.7
3695:
2.1
3696:
2.2
3697:
1.7
3698:
3.2
3699:
3.5
37:
3.1
370:
3.3
3700:
3.4
3701:
1.9
3702:
4.4
3703:
3.8
3704:
2.3
3705:
4.2
3706:
3.2
3707:
3.8
3708:
3.5
3709:
3.9
371:
3.1
3710:
3.9
3711:
4.0
3712:
3.0
3713:
4.1
3714:
2.8
3715:
4.4
3716:
3.5
3717:
4.0
3718:
3.7
3719:
3.9
372:
2.4
3720:
3.8
3721:
2.7
3722:
3.8
3723:
3.0
3724:
3.4
3725:
4.1
3726:
3.4
3727:
2.7
3728:
3.6
3729:
3.5
373:
3.0
3730:
3.1
3732:
2.7
3733:
3.4
3734:
4.1
3735:
3.9
3736:
3.6
3737:
4.2
3738:
2.8
3739:
3.6
374:
3.5
3740:
4.8
3741:
3.6
3742:
4.3
3743:
3.2
3744:
3.4
3745:
2.3
3746:
3.9
3747:
3.9
3748:
3.1
3749:
2.6
375:
2.8
3750:
3.3
3751:
4.1
3752:
4.0
3753:
2.3
3754:
2.8
3755:
2.9
3756:
3.5
3757:
3.7
3758:
3.4
3759:
3.1
376:
3.7
3760:
4.3
3761:
3.4
3762:
3.6
3763:
3.6
3764:
3.8
3765:
3.3
3766:
3.2
3768:
2.8
3769:
4.1
377:
3.0
3770:
3.8
3771:
3.6
3772:
2.9
3773:
3.7
3774:
2.6
3775:
4.0
3776:
3.8
3777:
4.3
3778:
3.0
3779:
3.0
378:
3.3
3780:
3.9
3781:
3.7
3782:
3.4
3783:
3.1
3784:
3.5
3785:
3.2
3786:
3.1
3787:
3.4
3788:
2.6
3789:
3.9
379:
2.6
3790:
3.8
3791:
3.0
3792:
2.4
3794:
4.0
3795:
2.7
3796:
3.1
3797:
3.8
3798:
4.0
3799:
4.2
38:
2.1
380:
4.2
3800:
3.9
3801:
3.5
3802:
3.4
3803:
3.2
3804:
2.9
3805:
3.5
3806:
3.0
3807:
3.8
3808:
2.9
3809:
3.6
381:
3.1
3810:
3.6
3811:
3.3
3812:
3.8
3813:
3.0
3814:
3.7
3815:
3.6
3816:
3.8
3817:
3.7
3818:
3.3
3819:
3.5
382:
3.2
3820:
2.9
3821:
2.9
3822:
4.0
3823:
2.8
3824:
3.8
3825:
3.4
3826:
3.5
3827:
3.5
3828:
2.7
3829:
3.2
383:
2.8
3830:
3.1
3831:
2.7
3833:
3.6
3834:
2.9
3835:
3.2
3836:
3.6
3837:
2.9
3838:
3.4
3839:
2.7
384:
3.1
3840:
3.1
3841:
3.5
3842:
4.7
3843:
2.3
3844:
2.6
3845:
1.7
3846:
3.6
3847:
3.1
3848:
2.7
3849:
2.0
385:
4.1
3851:
4.1
3852:
4.7
3853:
2.3
3854:
3.3
3856:
3.8
3857:
2.5
3858:
3.3
3859:
3.4
386:
3.3
3860:
3.3
3861:
3.5
3862:
2.4
3863:
3.4
3864:
4.8
3865:
2.5
3866:
3.1
4618:
2.5
4619:
3.0
462:
4.3
4620:
3.7
4621:
3.1
4622:
2.8
4623:
3.1
4624:
3.4
4625:
2.0
4626:
4.2
4627:
3.9
4628:
3.9
4629:
4.0
463:
4.1
4630:
2.6
4631:
4.5
4632:
3.1
4633:
3.7
4634:
3.7
4635:
3.0
4636:
3.6
4637:
2.8
4638:
2.6
4639:
3.0
464:
3.5
4640:
3.5
4641:
3.2
4642:
4.5
4643:
4.0
4644:
3.4
4646:
4.0
4647:
3.7
4648:
3.8
4649:
3.0
465:
3.4
4650:
4.1
4651:
3.8
4652:
3.4
4653:
4.1
4654:
2.4
4655:
3.9
4656:
3.9
4657:
4.2
4658:
3.7
4659:
3.1
466:
4.3
4660:
3.1
4661:
3.0
4662:
3.0
4663:
3.9
4665:
3.0
4666:
4.3
4667:
3.0
4669:
4.1
467:
2.6
4670:
4.0
4671:
2.4
4672:
2.5
4674:
3.4
4675:
3.3
4676:
3.2
4677:
3.4
4678:
4.2
4679:
3.7
468:
3.7
4680:
3.3
4681:
2.5
4682:
4.4
4683:
4.1
4684:
4.4
4685:
3.9
4686:
4.4
4688:
3.2
4689:
4.9
469:
2.7
4690:
3.4
4691:
4.1
4692:
4.0
4693:
3.4
4694:
1.6
4695:
4.0
4696:
3.1
4697:
3.4
4698:
3.8
4699:
4.1
47:
2.7
470:
2.8
4700:
3.0
4701:
2.8
4702:
3.6
4703:
2.9
4704:
4.1
4705:
3.3
4707:
2.6
4708:
2.6
4709:
3.0
471:
4.2
4710:
3.4
4711:
3.4
4712:
3.0
4713:
3.0
4714:
3.4
4715:
3.4
4716:
3.5
4717:
2.9
4718:
3.7
4719:
3.6
472:
2.8
4720:
3.6
4721:
4.4
4722:
3.4
4723:
4.0
4724:
4.0
4725:
4.6
4726:
2.9
4727:
3.8
4728:
3.6
4729:
2.5
473:
4.4
4730:
3.7
4731:
3.0
4732:
2.9
4733:
4.3
4735:
3.1
4736:
3.3
4737:
3.4
4738:
3.9
4739:
3.3
474:
3.6
4740:
3.1
4741:
2.2
4742:
3.8
4743:
3.0
4744:
3.1
4745:
4.1
4746:
2.5
4747:
3.0
4748:
4.5
4749:
3.5
475:
4.7
4750:
2.6
4751:
3.4
4752:
3.6
4753:
2.9
4754:
3.1
4755:
3.8
4757:
3.6
4758:
2.7
4759:
4.0
476:
4.6
1:
3.8
3.4
3.9
4.7
3.7
4.1
3.4
3.8
4.2
3.5
3.1
3.6
4.1
3.8
2.6
3.8
3.7
4.7
4.2
4.1
3.1
4.6
3.7
10:
3.0
2.9
1000:
3.5
3.0
2.9
4.9
4.0
3.6
3.4
3.9
3.1
2.8
3.4
3.7
3.4
4.5
3.9
3.2
3.1
3.1
3.2
3.6
3.6
4.0
2.4
3.1
4.2
3.2
3.7
10000:
3.8
4.0
10001:
3.4
4.2
3.7
2.9
4.3
3.5
3.5
4.0
3.9
3.9
3.9
4.0
3.0
4.4
3.7
3.6
4.3
10002:
4.5
3.4
4.9
4.2
10003:
2.7
10004:
4.8
4.3
4.0
4.1
4.5
4.2
4.3
4.0
4.0
3.9
4.4
4.0
4.3
3.9
4.6
4.1
4.2
4.3
4.3
4.1
4.3
3.7
4.0
4.1
5.2
3.5
4.2
4.1
3.6
4.6
4.4
10005:
3.5
4.3
3.4
3.0
3.0
10006:
4.1
3.6
4.5
3.0
10007:
2.9
3.6
2.7
2.6
2.5
3.2
3.1
3.2
2.9
3.4
2.9
2.9
2.7
10008:
4.7
3.4
3.8
2.7
4.3
4.3
4.1
10009:
3.2
3.4
4.1
3.0
2.7
3.3
10115:
2.6
3.3
2.6
10116:
3.9
4.3
3.4
3.4
2.9
3.8
2.8
3.1
4.0
3.4
3.6
10117:
4.1
3.5
4.0
3.8
3.2
3.1
3.6
4.2
4.0
3.7
3.5
2.8
3.4
3.1
3.5
3.6
3.3
4.2
3.4
3.6
2.7
4.1
4.7
3.8
3.8
3.4
3.0
3.3
3.8
4.6
3.7
3.6
3.8
3.2
4.2
4.2
3.5
3.9
3.6
3.9
3.6
3.7
4.0
3.6
3.8
3.9
3.8
3.4
3.5
3.5
3.4
3.9
3.3
3.6
2.9
3.7
3.8
3.6
3.5
3.5
4.1
3.4
4.1
3.8
3.4
3.8
2.9
3.3
3.6
3.9
3.5
4.4
3.8
3.8
4.0
3.8
RMSE: 0.99
