3896:
4.0
3.6
3.6
4.0
3.6
3.9
3.6
3.7
3.7
3.7
3.7
3.7
3.6
4.1
4.0
3.6
4.1
3.7
3.7
4.0
3.7
3.7
4.7
3.7
4.2
3.7
3.6
3.7
4.0
3897:
3.9
2.2
2.3
2.7
3.6
3.8
3898:
3.4
3899:
3.7
3.7
3.7
4.0
39:
2.7
2.6
2.7
2.6
4.0
2.7
3.8
2.4
2.7
2.7
2.7
2.6
2.6
2.8
2.7
2.2
2.6
390:
2.8
2.8
3.9
2.8
2.9
2.6
2.9
2.9
3.8
3.9
3.8
2.9
2.9
2.9
4.0
2.8
2.9
4.2
2.8
2.8
2.8
2.4
2.8
2.9
2.8
2.9
2.7
2.9
2.8
2.8
2.9
2.8
3.8
2.9
2.9
2.8
4.2
2.9
2.9
2.1
4.3
3.8
3900:
2.8
3.8
3.8
3.9
3.8
4.3
3.8
3.9
3.9
3.9
4.1
4.2
3.9
3.9
3.8
3.8
3.8
3.8
3.9
3.8
3.0
3.8
3.9
3.9
3.8
3.9
4.7
3.9
3.9
3.8
4.3
4.1
3.9
3.0
3.8
4.1
3.9
3.9
3.9
3.8
3.8
4.0
4.1
3.9
3.9
3.9
4.1
3.9
3.9
3.9
3.1
3.9
3.8
3.9
4.1
3.9
4.2
4.0
3.9
4.0
3.9
4.1
3.1
3.8
3.9
3.9
3.9
3.9
3.2
3.9
3.8
3.9
3.8
4.7
4.0
3.9
3.9
4.2
3.9
3.9
3.9
3.9
3.9
4.2
3.9
3.8
4.0
3.8
3.9
3.9
4.3
3.8
3.9
3.8
3.8
4.0
3.8
3.9
4.1
4.1
4.0
4.0
3.9
3.2
3.9
3.9
4.1
4.1
3.8
3.8
3.0
3.9
4.2
3.9
3.8
3.9
3.9
4.1
3.8
3.8
3.9
3.8
3.9
3.8
2.9
3.9
3.0
4.2
4.2
3.9
4.0
3.8
3.9
4.5
3.9
3.9
3.8
3.8
3.9
3.9
3.9
3.8
4.1
3.8
3.9
3.8
4.1
3.9
3.1
3.8
3.8
3.9
3.9
3.8
3.9
4.0
3.8
3.9
3.8
4.3
3.8
3.9
4.0
3.8
4.0
3.9
3.8
3.8
3.9
3.9
3.9
3.9
3.1
3.8
4.0
3.8
3.0
3.8
4.1
3.8
4.2
3.8
3.8
3.8
4.1
3.8
3.8
4.5
3.9
3.9
4.2
4.1
3.9
3.9
3.8
3.9
3.8
3.9
3.1
3.9
3.9
4.0
3.9
3.8
3.9
3.8
4.0
4.0
4.1
3.9
3.9
3.8
3.9
4.0
3.9
4.4
4.0
3.9
3.9
4.0
3.9
3.8
3.9
3.2
3.9
3.9
3.0
3.9
3.9
3.9
3.9
3.8
4.0
4.0
4.4
3.9
3.9
4.1
4.5
3.9
4.2
3.9
3.9
3.8
3.8
3.8
3.8
3.9
3.9
3.8
4.0
3.9
2.9
4.1
3.9
3.8
3.8
4.0
3.9
3.9
3.9
4.0
4.4
3.9
4.1
3.9
4.0
4.2
4.4
4.0
3.9
4.3
4.0
3.9
3.9
3.9
3.9
4.1
3.8
3.9
4.2
3.9
2.9
3.9
4.1
3.9
3.8
4.2
3.9
3.9
3.9
3.8
4.2
3.0
3.8
3.9
3.8
3.9
3.9
4.1
3.9
3.8
3.8
3.8
3.9
3.0
3.9
3.8
3.9
3.9
3.9
3.8
3.9
3.1
3.8
3.9
3.8
3.9
3.9
3.8
3.8
3.9
3.8
3.9
3.9
3.8
3.9
4.0
4.4
3.8
4.2
3.9
2.9
3.9
3.9
4.0
3.9
3.9
4.1
3.9
3.8
3.9
3.8
3.9
3.9
3.9
3.9
3.9
3.9
3.9
3.8
4.1
3.8
4.2
3.9
3.9
3.9
3.8
4.0
3.8
4.2
3.9
4.0
3.9
4.1
3.8
3.2
3.9
3.9
3.8
3.8
3.9
3.9
4.0
3.8
4.0
3.8
4.1
3.9
3.9
3.8
3.9
3.9
4.5
3.9
3.8
3.8
3.9
3.9
4.1
3.9
3.9
3.9
3.8
3.9
3.8
3.8
3.8
4.1
3.9
3.8
3.9
3.8
3.9
3.9
4.6
3.9
3.8
3.8
3.9
4.0
3.9
3.9
3.8
3.9
4.1
3.9
4.2
3.9
3.0
3.8
4.1
3.9
4.3
3.8
3.9
3.8
3.8
3.9
3.9
3.9
4.0
3.8
3.8
4.1
3.8
3.8
3.9
3.9
3.1
3.9
4.0
3.8
4.4
3.8
3.9
3.9
3.9
3.9
3.9
3.1
3.9
3.8
3.9
3.9
4.2
3.9
3.0
2.4
3.9
3.9
3.9
2.3
4.2
3.8
3.9
4.7
3.9
4.2
3.9
4.1
3.9
3.9
3.8
4.0
3.9
3.9
3.8
3.9
3.9
4.1
3.8
3.9
3.8
4.1
3.8
3901:
3.0
4.1
3.1
3.1
3.0
3.0
3.0
3.0
2.9
3902:
3.5
3.4
3.6
4.0
3903:
3.7
3.7
3.6
4.3
3.6
3.7
3.7
3.6
3.6
4.1
3.1
3.7
3.7
3.7
3.6
3.7
4.0
3.7
3.7
4.4
4.0
4.0
3.7
3.7
3.7
3.7
3.6
3.7
3.6
3.7
3.7
3.7
3.6
3.7
4.0
4.0
3.7
4.5
3.6
3.7
3.1
4.4
3.7
3.7
4.1
3.8
4.1
3.8
3.7
4.5
3.0
4.2
3.6
4.2
4.4
4.2
3.7
4.2
3.6
3.6
3.6
3.7
3.8
3.7
4.0
3.8
3.7
4.4
3.7
3.7
3.7
3.8
3.7
3.7
4.0
3.7
3.7
3.7
3.0
4.2
3.7
3.6
4.2
4.2
3.7
3.7
3.7
3.7
3.7
3.7
4.0
4.1
4.0
3.6
3.8
4.0
3.7
3904:
3.2
3.1
3.9
3.8
3.1
3905:
2.4
3.6
3.6
3.6
2.8
3.6
4.4
3.5
3.6
3.7
4.3
3.7
3.6
4.4
3.6
3.7
3.7
3.6
3.7
3.6
3.7
3.7
3.6
3.6
3.7
4.2
3.6
2.9
3.6
3.6
4.1
3.7
3.6
3.5
3.5
3.7
3.5
3.9
3.6
4.1
3.0
3.7
3.6
3.7
2.8
4.1
2.7
3.6
3.7
3.6
4.3
3.6
3.6
3.7
3.6
3.1
3.6
3.6
3.6
3.6
3.5
4.6
3.1
4.1
3.6
3.7
3.7
3.0
3.5
3.6
4.0
3.0
3.6
3.7
3.6
3.5
4.1
3.6
3.6
3.5
3.9
3.6
4.2
3.6
3.6
3.6
3.6
4.0
4.6
3.1
3.7
3.7
4.3
3.6
3.5
3.6
3.6
4.3
4.1
3.7
3.6
3.9
3.6
3.6
3.7
4.4
3.6
4.0
3.1
3.7
3.7
3.5
3.5
3.1
3.5
4.1
3.6
3.0
3.6
3.6
3.7
3.6
3.6
3.6
4.4
3.6
3.5
3.5
3.7
3.7
3.1
4.2
3.6
4.0
3.6
4.5
3.6
3.7
3.5
2.8
3.7
3.6
3.6
3.5
3.6
4.3
3.7
3.6
3.7
3.6
3.6
3.6
3.6
3.6
3.5
3.6
4.6
4.2
3.1
4.4
4.4
3.9
3.6
3.6
3.5
3.7
3.6
3.7
4.0
3.7
4.2
3.6
3.5
3.9
3.6
3.6
3.6
3.6
3.6
3.6
3.6
3.6
4.1
4.1
4.2
3.6
3.6
3.7
3.6
3.0
4.0
3.6
3.6
3.6
2.9
4.0
3.7
3.6
3.6
3.7
3.7
3.1
3.6
3.6
4.5
3.6
3.5
4.1
4.1
3.7
3.6
4.0
2.8
3.5
3.7
3.6
3.7
3.7
3.7
3.6
3.7
3.7
3.6
3.6
3.6
3.5
3.6
3.6
3.6
3.6
3.6
3.5
4.6
3.7
3.6
3.6
4.1
3.7
3.7
3.6
4.0
3.5
3.6
4.0
3.6
4.1
3.6
3.6
3.6
3.6
3.6
4.0
3.5
3.6
3.7
3.6
3.5
3.6
3.7
3.6
3.6
4.5
4.1
3.7
3.6
4.0
3.1
3.5
3.6
4.1
3.6
3.6
3.6
4.1
3.7
3.6
3.6
3.6
3.7
3.1
3.7
3.6
3.7
3.6
4.2
3.6
3.6
3.7
4.3
3.7
3.6
3.6
3.6
4.7
3.1
4.3
4.3
4.3
3.6
4.3
4.1
4.0
3.6
3.6
4.0
3.6
3.6
3.5
3.6
3.6
3.5
3.6
3.7
3.7
3.1
3.6
3.6
3.6
3.6
4.0
3.6
3.6
3.6
3.5
3.7
3.7
3.6
3.6
4.2
3.6
2.9
3.6
3.6
3.6
4.0
3.6
4.4
3.6
3.7
3.7
3.9
3.5
4.0
3.6
3.6
3.7
4.1
4.0
3.6
3.7
3.5
3.7
3.5
4.0
3.5
4.1
3.5
3.7
3.6
3.6
3.6
3.6
3.9
3.6
4.0
4.2
4.2
3.6
3.6
3.5
3.6
3.5
3.6
3.6
4.2
3.6
3.6
3.6
4.0
3.6
3.6
4.3
4.6
4.0
3.6
3.7
3.6
3.6
3.5
3.6
3.7
3.6
3.7
3.6
3.6
3.7
3.5
4.0
4.0
3.6
3.6
3.6
4.2
3.6
3.5
3.6
3.5
3.6
3.7
3.9
3.7
3.7
4.3
3.7
3.5
3.7
3.6
3.7
3.6
3.5
3.6
3.9
3.6
4.0
3.5
3.6
3.6
3.5
3.7
3.5
3.9
3.5
3.6
3.6
4.6
3.7
3.5
3.7
4.3
3.6
3.6
3.6
3.6
3.6
3.5
4.5
3.6
3.7
3.6
4.5
3.6
3.6
3.6
3.6
3.6
3.7
4.1
3.7
3906:
3.4
4.0
3907:
3.4
3.3
3.4
3.4
3.4
3.3
3.5
3.4
3.9
3.3
4.0
3.9
3.5
3.4
3.9
3.4
3.4
3.4
2.4
3.4
3.4
4.0
3.5
4.6
3.4
4.0
3.4
3.4
3.4
3.5
3.3
3.3
3.5
3.4
3909:
3.5
3.5
3.5
3.5
3.4
3.0
2.8
4.7
391:
3.6
4.0
3.6
3.5
3.5
3.5
3910:
4.4
3.4
3.4
3.5
3.6
3.6
3.6
3.5
3.4
3.5
3911:
3.0
3.0
3.0
3.1
3.1
2.9
4.1
3.0
3.1
3.8
3.0
3.2
3.0
3.1
3.8
3.1
3.0
3.1
3.1
3.1
3912:
3.4
4.2
3.3
3.4
3.0
3.4
3.4
3.3
2.9
3.4
2.9
3.9
3.4
3.5
3.3
3.4
3.4
3.4
3.4
3.4
3913:
3.7
4.4
3.7
4.0
3.7
3.6
4.7
3914:
3.8
3.9
4.4
3.8
3.8
3.8
3.8
3.8
3.7
3.8
3.9
3.9
4.3
3.8
4.0
4.2
3.8
3.8
3.9
4.6
3.9
3.8
3.9
3.8
RMSE: 0.98
