2103:
3.53
3.61
2.78
3.52
3.77
3.54
3.20
3.83
3.65
3.74
3.56
3.15
3.56
3.39
3.38
3.72
3.40
4.02
2.87
3.11
3.52
3.33
3.56
2.81
3.59
3.40
3.70
3.37
3.41
3.10
3.40
3.71
3.31
3.46
3.10
3.83
3.28
3.09
3.12
3.27
3.38
2.70
2.84
2.95
3.08
3.52
3.64
3.62
2.79
2.89
3.12
3.32
3.86
3.81
3.32
3.30
3.58
3.56
3.70
3.58
3.01
3.56
3.50
3.31
3.80
3.39
3.78
2.73
3.29
2.78
3.07
3.48
3.15
3.19
2.98
3.31
3.47
3.25
3.64
3.95
2.90
3.78
3.03
3.40
3.04
3.58
3.62
4.24
3.83
2.91
3.19
3.40
3.46
3.79
3.45
3.17
3.68
3.67
3.62
8432:
3.79
3.32
2.71
3.25
2.77
3.42
2.94
3.48
3.51
3.18
3.08
3.14
3.26
4.12
3.56
3.48
3.18
2.71
3.40
3.61
3.59
3.00
3.15
2.94
2.39
3.33
3.72
2.30
2.81
2.29
3.68
3.28
3.34
13709:
3.16
3.33
3.33
3.18
3.58
3.64
3.99
3.33
13496:
3.80
3.18
3.39
3.43
3.45
3.47
2.02
2.55
3.96
2.97
3.37
3.86
3.42
10333:
3.39
3.20
3.50
3.37
4.07
3.59
3.88
3.76
5577:
3.56
4.16
4.35
4.13
4.25
3.98
3.99
3.89
3.80
4.49
4.21
4.35
4.53
3.59
3.58
3.84
3.97
4.07
3.81
4.68
3.75
3.69
4.48
3.68
4.28
3.83
4.21
4.21
3.61
4.09
3.86
3.59
4.16
4.12
4.21
5.05
4.03
3.41
3.80
4.60
4.15
3.97
3.65
3.69
4.35
3.84
3.88
3.95
3.42
3.80
3.94
4.21
3.84
4.11
4.02
3.66
3.91
4.21
4.56
4.28
4.61
4.00
3.89
3.93
3.49
4.43
3.33
4.11
3.80
4.68
4.31
3.64
3.76
4.09
4.37
4.24
3.56
3.84
4.21
2.99
3.27
4.24
3.74
4.38
3.96
4.01
4.08
5.07
4.03
4.80
3.50
4.01
3.98
3.25
3.73
3.77
4.13
4.03
3.82
4.47
3.94
3.37
13283:
2.86
3.73
2.61
3.19
3.36
3.40
3.93
3.45
2.78
15422:
3.18
3.73
4.30
3.37
2.93
3.10
3.91
3.48
2883:
3.45
3.27
4.02
3.48
3.13
3.90
2.44
5505:
3.30
4922:
2.39
3.15
2.93
2.44
2.06
2.38
2.39
11921:
3.05
2.79
3.42
1.98
3.48
2.46
2.79
9875:
2.89
2.63
2.86
2.77
2.71
2.81
2.82
3.13
2.37
2.93
2.72
2.75
2.92
3.64
2.86
3.07
3.08
3.07
2.67
3.09
2.72
2.83
2.72
2.78
3.25
3.26
2.86
2.93
3.59
3.34
2.65
3.24
2.93
2.48
3.39
3.02
2.19
2.51
10071:
3.72
3.85
3.78
4.66
4.19
3.87
4.04
4.03
4.27
4.26
3.91
4.39
3.84
4.07
3.49
4.20
3.94
4.26
3.60
4.15
4.02
9262:
4.13
3.01
2.92
9747:
3.51
3.45
3.90
3.96
4.09
3.58
3.89
3.48
3.09
2.67
3.47
3.72
3.84
4.05
4.19
3.94
4.10
3.61
4.03
3.67
3.09
3.84
3.68
4.01
3.55
3.69
4.58
3.60
3.69
4.20
3.64
3.58
3.45
2.65
3.48
3.67
3.76
3.46
3.78
3.13
3.58
4.19
3.69
3.68
4.11
4.03
3.64
3.37
3.82
3.56
3.51
3.56
3.68
3.54
3.90
3.70
3.58
3.72
4.03
3.44
4.39
3.74
4.13
3.88
3.51
4.17
4.00
3.25
3.48
3.84
3.50
3.59
3.40
4.07
3.79
3.33
4.10
3.27
3.52
3.77
3.27
3.98
3.85
3.62
3.56
3.73
3.48
3.53
3.53
3.48
3.41
4.14
3.80
4.31
3.81
3.37
3.20
3.49
3.68
3.26
4.32
3.67
3.86
3.22
3.64
3.85
3.86
3.67
3.01
4.36
3.92
3.65
3.64
3.88
3.30
4.00
3.34
4.13
4.25
3.77
4.35
3.62
4.05
3.85
3.54
4.05
4.40
3.72
3.65
3.56
3.64
4.27
3.60
3.92
3.76
3.28
3.79
3.55
3.82
3.77
3.69
3.65
3.02
3.81
3.58
3.08
4.59
3.50
3.68
3.71
3.70
4.17
3.79
2.88
3.77
3.37
3.64
3.11
3.53
3.70
3.40
3.92
3.95
3.36
2.92
3.52
3.70
3.08
4.26
3.88
3.28
3.15
3.89
3.43
3.47
3.97
4.28
3.90
3.46
3.67
3.43
827:
3.38
3403:
3.35
3.72
3.42
3.70
3.88
3.57
4.37
3.95
3.64
3.74
3.81
4.29
3.33
4.40
2.62
4.66
3.05
3.86
3.61
4.02
3.06
3.84
3.76
4.14
3.07
2.71
3.40
4.13
3.39
3.66
3.92
3.89
3.42
3.83
2.72
4.49
3.86
3.68
3.21
3.41
3.56
3.86
3.75
3.52
3.16
3.19
3.68
4.15
3.46
3.45
2.99
3.73
3.70
3.80
3.18
3.03
4.27
9349:
2.53
2.51
2.00
2.15
1.06
2.11
14735:
3.38
3.56
3.48
3.13
3.55
3.92
3.15
3.58
3.09
3.88
3.03
3.01
3.63
3.61
3.75
3.96
2.94
3.76
3.18
3.41
3.63
3.20
3.62
2.93
3.33
3.40
3.60
3.82
354:
2.25
2.08
2.02
1.76
1.78
1.99
1.81
16956:
4.39
4.06
3.97
4.11
3.59
3.93
3.65
3.84
4.19
4.50
3.80
3.80
3.17
3.34
3.72
3.90
4.34
8476:
2.64
2.96
2.83
2.53
2.89
15384:
3.67
4.15
4.29
3.72
4.76
4.11
3.50
4.11
3.93
3.32
4.16
3.17
4.03
3.73
3.81
3.08
10596:
3.49
3.41
3.42
3.32
3.47
3.86
3.56
2.90
4.17
3.25
3.49
2.79
3.14
3.14
3.03
2.52
3.08
3.56
3.53
3.15
3.47
3.50
3.58
3.14
3.01
3.51
3.37
3.70
3.28
3.06
2.51
2.86
2.48
3.81
3.23
3.09
4.06
3.34
3.09
2.58
3.45
2.48
3.28
3.64
3.25
3.03
3.82
3.17
3.22
3.29
3.53
3.18
3.57
2.70
2.81
3.03
3.37
3.35
2.79
3.43
3.35
3.39
3.21
3.07
3.92
3.68
3.72
4.01
3.00
3.72
7680:
3.21
2.86
3.48
3.20
8158:
2.59
2.47
3.13
3.49
2.84
7094:
3.38
3.19
4.09
3.23
9039:
4.15
3.60
3.61
3.39
4.36
4.12
3.63
3.42
4.09
4.14
107:
3.36
3.09
3.45
3.25
3.49
3.01
3.74
3.90
3.93
2659:
3.26
3.09
3.72
3.28
3.63
2.62
3.47
3.72
3.66
2.91
3.27
3.02
3.23
3.33
3.08
3.52
4.19
4.21
2.90
8501:
2.68
3.42
3.43
5753:
3.04
2.58
14934:
3.43
3.55
16612:
3.34
3.93
3.61
2.98
3.20
12753:
3.43
3.25
4.27
11002:
3.52
3.43
3.39
3.46
3.77
4.03
3.35
2.86
3.25
3627:
2.67
5435:
3.38
2.79
3.42
3.44
2.52
3.71
3.32
3.09
3.15
3.02
3.25
3.33
4.09
4.56
3.16
3.64
3.00
3.48
3.10
3.28
3.14
3.34
2.92
3.75
2.85
3.20
3.27
4.15
3.20
3.52
3.37
3.35
3.56
3.57
3.53
3.30
9147:
4.05
3.94
4.31
4.11
3.36
4.26
3.45
4.32
4.39
3.72
3.50
4.67
3.80
3.40
3.87
5035:
3.11
2.58
3.27
2.71
3.34
3.69
2.93
2.83
2.70
2.93
3.58
3.64
3.78
3.13
3.54
3.25
3.58
3.44
2.60
3.95
2.75
3.06
2.97
3.37
2.89
3.65
2.78
2.83
3.05
3.01
3.48
3.35
2.97
3.80
3.04
3.49
3.52
2.74
3.46
3.33
3.21
2.76
3.07
3.92
3.36
2.82
2.88
3.11
4.02
3.69
2.74
3.62
3.25
3.41
3.23
3.25
3.21
3.12
3.55
2.82
3.17
3.58
3.68
3.60
3.26
3.33
3.28
2.84
2.71
2.76
2.97
2.96
2.90
3.10
2.95
3.33
3.03
3.41
3.17
3.26
3.26
3.06
4.27
3.95
3.21
3.70
2.95
3951:
3.37
3.01
1251:
3.17
3.35
3.71
3.79
3.16
3.20
3.67
2.74
3.20
2.57
4242:
3.02
2.95
2.70
3.31
3.01
3.72
3.59
2.90
8214:
3.04
3.08
3.51
2.54
2.86
2.35
2787:
3.90
4.43
3.62
4.35
4.55
4.86
4.15
3.97
3.74
3.61
3.64
4.03
4.31
4.05
3.67
4.06
4.52
4.26
4.35
5.06
3.46
5.16
3.78
4.43
4.69
4.79
4.17
3.85
4.14
4.72
3.73
3.53
4.48
7757:
3.98
3.72
3.17
2.60
3.56
3.46
3.57
3.44
3.52
3.83
3.69
3.11
3.01
4.10
3.46
3.96
3.89
3.59
3.25
3.70
3.17
3.40
3.27
3.25
3.67
3.14
2.60
3.31
4.09
4.00
2.99
3.78
3.93
3.57
3.31
3.11
4.12
3.30
3.47
4.33
3.57
3.64
3.94
3.32
3.45
3.23
3.22
3.99
3.34
3.02
3.60
3.17
3.94
3.48
3.95
3.56
4.26
2.60
3.99
3.47
3.56
3.38
3.26
3.48
3.36
3.75
2.38
3.37
3.63
3.53
4.06
3.51
3.25
3.36
2.60
3.80
3.72
3.63
3.23
3.42
3.47
3.89
3.33
3.83
3.37
3.81
3.53
2.96
3.50
4.15
3.09
3.70
3.77
3.29
3.18
3.07
3.43
3.28
3.69
2.99
3.38
3.57
3.41
4.11
3.66
3.95
3.98
4.16
3.91
3.69
3.41
3.44
3.78
3.33
3.23
3.34
2.42
3.37
3.54
7421:
3.96
4.51
4.23
3.63
4.29
2.46
4.15
3.95
4.27
3.73
4.43
4.36
4.07
3.67
4.31
4.64
3.86
3.28
3.28
4.05
4.62
17500:
2.93
3.67
3.39
4.14
3.83
3.81
4.38
3.62
3.62
RMSE: 0.94
