1:
4
4
3
5
5
4
4
4
3
4
5
4
5
4
3
5
4
5
4
5
3
5
5
10:
3
3
1000:
3
3
2
5
5
5
2
5
4
4
5
3
3
4
5
3
3
4
3
4
1
5
3
2
4
5
4
10000:
5
4
10001:
4
4
4
4
4
5
4
5
5
5
5
5
4
5
4
4
5
10002:
5
4
5
5
10003:
3
10004:
5
5
3
5
5
5
5
5
4
1
5
1
5
3
5
4
4
3
5
5
4
4
5
5
5
4
5
5
4
5
5
10005:
1
4
5
4
3
10006:
4
5
5
5
10007:
3
5
1
3
1
2
4
3
3
3
2
4
1
10008:
4
4
5
2
4
4
3
10009:
3
3
4
3
4
5
1001:
4
4
5
3
3
2
3
3
2
5
4
4
2
3
3
5
3
4
2
3
3
4
5
3
5
3
3
2
5
3
2
5
5
5
3
4
5
3
5
3
4
4
5
5
4
5
5
3
2
4
4
1
3
5
4
4
1
3
3
3
4
2
4
3
4
2
3
4
5
4
2
4
3
3
4
3
3
3
4
3
3
4
2
5
3
3
5
4
4
2
5
4
4
4
3
3
4
5
5
3
3
3
3
3
4
2
4
5
4
3
4
3
4
3
4
3
1
2
4
4
2
3
3
4
4
3
4
4
5
4
4
4
3
2
10010:
4
3
1
1
2
4
1
2
1
3
3
3
3
1
2
3
3
5
3
3
2
2
1
10011:
4
4
10012:
3
4
4
3
3
5
3
3
3
4
2
4
3
10013:
3
3
4
4
5
4
3
3
3
3
2
5
3
4
2
3
3
3
4
4
3
4
2
4
5
3
4
3
1
3
4
3
2
3
3
3
4
4
5
2
1
2
4
3
4
3
4
4
2
4
2
3
3
2
2
3
5
10014:
2
5
3
4
3
10015:
4
3
4
4
4
5
5
3
5
4
5
4
4
5
5
4
4
3
4
4
5
3
4
5
2
2
5
5
10016:
2
1
2
2
5
10017:
3
2
3
10018:
5
4
4
3
4
3
4
3
3
4
5
3
3
4
4
3
3
3
4
4
5
3
2
5
5
5
4
4
5
5
10019:
3
2
4
2
5
4
5
2
5
4
5
3
3
3
3
4
5
2
4
3
3
3
4
4
5
2
4
3
4
5
4
3
3
4
4
5
4
3
3
4
5
4
4
5
3
3
4
5
2
4
3
1
4
4
1
5
2
4
5
1
2
4
4
3
3
5
3
4
4
1002:
4
4
4
3
4
4
5
3
4
4
3
2
4
5
10020:
4
4
5
5
3
4
4
4
5
3
3
5
4
5
5
5
3
2
5
3
4
4
5
5
4
2
5
10021:
1
2
2
1
10022:
3
2
4
3
4
4
2
2
10023:
4
4
4
5
5
2
4
5
5
3
5
10024:
4
4
2
5
5
4
3
4
3
2
10025:
2
10027:
5
5
3
5
2
5
3
5
2
5
3
4
5
3
4
5
4
5
5
2
3
5
3
1
5
4
4
1
5
5
4
3
2
4
5
5
5
4
4
3
5
5
5
4
3
4
5
1
5
4
4
5
3
4
3
5
3
5
5
4
5
4
5
4
5
5
5
4
2
4
2
4
5
5
5
3
5
4
3
3
5
3
3
5
5
5
3
4
10028:
4
3
4
5
5
3
5
10029:
3
5
3
3
10031:
3
5
4
2
5
4
3
3
4
10032:
5
5
5
4
4
2
4
4
3
3
4
4
5
4
4
2
4
5
4
4
4
5
4
5
5
3
3
4
5
4
5
3
5
5
4
3
4
4
4
5
5
1
3
5
5
4
4
10033:
5
4
5
5
4
5
2
3
5
4
4
3
5
4
10034:
1
5
10035:
4
5
5
4
4
5
5
3
4
5
3
3
5
4
4
4
5
4
4
5
10036:
4
3
3
2
5
4
3
3
3
3
3
2
4
5
4
5
3
3
3
2
4
5
5
4
3
4
4
5
5
5
2
5
2
5
3
3
4
4
4
4
1
5
5
3
5
5
5
5
3
5
4
5
5
3
5
4
4
5
4
4
4
5
4
5
4
3
2
4
5
4
5
4
4
4
5
4
4
4
5
4
4
1
5
5
1
3
4
3
4
3
3
3
3
3
4
3
5
4
1
5
5
4
3
5
4
3
5
3
5
1
4
1
3
4
4
4
3
3
2
3
4
4
4
3
4
2
5
5
2
3
5
5
4
5
4
3
4
5
4
4
5
5
4
4
4
5
3
5
4
4
3
5
2
4
4
4
3
5
5
4
4
4
1
3
4
4
5
5
5
4
5
4
4
5
3
2
5
4
4
2
2
3
4
4
5
4
3
1
5
5
3
3
5
2
5
3
4
5
5
2
4
4
4
4
3
4
4
5
5
5
4
3
5
3
5