1:
3.68
3.28
3.59
4.71
3.70
3.90
3.38
3.69
4.03
3.51
2.96
3.58
3.97
3.99
2.78
3.94
3.58
4.50
4.13
4.18
3.07
5.05
3.52
10:
2.89
2.63
1000:
3.18
2.87
2.58
4.58
3.71
3.34
3.20
3.87
2.93
2.44
3.22
3.47
3.18
4.26
3.86
2.98
2.94
2.97
3.13
3.58
3.31
3.85
2.32
2.99
3.99
3.03
3.55
10000:
3.61
3.46
10001:
3.39
4.29
3.71
2.69
4.31
3.42
3.44
3.98
3.93
3.53
4.12
4.13
2.90
4.17
3.61
3.46
4.37
10002:
4.25
3.28
4.70
3.98
10003:
2.38
10004:
5.06
4.08
4.30
3.89
4.67
4.31
4.43
4.29
4.27
4.21
4.37
3.93
4.27
3.86
4.40
4.32
4.42
4.41
4.60
4.01
4.24
4.00
4.05
4.13
5.30
3.81
4.15
4.34
3.46
4.79
4.53
10005:
3.52
3.98
3.20
2.86
2.97
10006:
3.71
3.14
3.90
2.63
10007:
2.05
2.65
2.23
2.23
2.01
2.49
2.12
2.84
2.43
2.75
2.23
2.53
2.31
10008:
4.66
3.19
3.46
2.66
4.18
3.94
3.92
10009:
2.95
3.36
4.52
2.62
2.52
3.27
1001:
4.33
3.34
2.94
3.09
3.93
3.91
3.64
3.34
2.59
3.58
3.53
3.77
2.83
3.49
3.30
3.21
3.91
3.71
2.82
3.04
2.83
3.64
3.22
2.66
3.43
2.94
3.51
3.53
3.62
4.07
3.57
4.62
2.86
3.36
3.34
3.36
3.98
2.62
2.67
3.62
3.87
2.92
3.53
3.90
3.99
3.58
3.26
3.04
3.09
3.97
3.07
2.24
2.42
3.58
3.69
4.06
2.80
3.35
3.45
3.05
3.32
3.02
3.00
2.84
3.90
2.82
2.71
2.89
3.89
3.39
2.88
3.04
3.43
2.87
3.00
3.63
2.51
2.58
3.42
3.44
3.62
3.90
2.45
3.52
3.33
3.22
3.25
3.96
3.24
2.76
3.95
3.38
3.55
3.68
3.01
2.62
3.00
3.06
3.20
3.33
3.45
3.37
2.95
2.92
3.36
3.34
3.57
3.65
3.56
2.61
2.91
3.25
3.29
2.90
3.29
2.58
2.91
3.74
3.61
2.96
3.19
3.37
3.12
3.37
3.15
3.26
2.95
3.71
3.31
3.09
3.35
3.63
3.51
3.09
10010:
2.21
2.00
2.04
2.88
2.59
2.17
2.32
2.10
1.64
2.44
1.81
1.79
1.93
1.63
2.78
2.10
1.82
2.56
1.17
2.17
1.60
1.78
1.85
10011:
4.41
4.05
10012:
3.03
3.95
2.89
3.02
3.62
3.70
2.39
3.21
2.91
3.22
3.67
3.01
2.89
10013:
3.51
3.17
3.47
3.62
3.23
3.37
3.16
3.50
3.16
3.72
2.80
3.92
3.15
3.55
2.96
3.15
2.81
3.03
3.27
2.73
2.92
2.60
3.10
3.54
3.55
3.10
3.26
2.49
2.73
3.22
3.02
2.68
2.85
3.70
3.01
2.87
3.30
3.87
3.69
2.66
3.97
3.18
3.37
3.27
3.37
2.65
3.14
3.35
2.86
3.48
2.91
3.03
3.47
3.72
3.20
2.57
3.73
10014:
3.03
3.92
2.51
3.53
3.00
10015:
3.73
3.22
2.83
3.45
3.84
3.44
4.01
3.79
3.82
3.30
3.91
3.60
3.37
4.05
4.05
3.40
3.70
4.10
3.68
4.08
5.11
4.07
4.57
2.79
3.12
3.25
4.08
3.63
10016:
2.65
1.84
2.14
2.77
3.59
10017:
3.00
3.34
3.06
10018:
4.65
3.80
2.77
2.99
3.36
3.70
3.48
3.19
2.28
3.88
3.48
3.88
3.83
3.71
3.21
3.60
3.36
3.55
3.36
3.55
3.44
3.14
3.97
4.07
3.32
3.91
3.50
3.79
3.65
4.03
10019:
3.37
3.02
3.69
2.94
4.30
4.17
3.45
2.57
3.73
3.26
4.41
2.87
2.91
3.18
3.70
3.53
3.79
3.43
3.29
4.35
3.70
3.74
3.71
3.49
3.87
3.79
3.04
3.18
3.22
3.70
3.29
3.32
3.70
3.93
3.19
3.96
2.29
3.58
3.88
3.90
3.97
4.15
3.59
3.79
4.15
2.87
3.75
4.11
3.84
3.57
2.99
3.18
3.79
3.20
3.27
2.30
2.76
3.12
4.31
3.13
2.81
3.31
3.24
3.30
3.79
4.70
3.30
4.69
3.50
1002:
3.13
2.73
3.28
3.45
3.31
3.55
3.83
2.35
3.38
3.37
3.98
3.43
3.25
2.97
10020:
3.91
4.07
3.68
4.21
3.88
3.66
3.91
4.29
4.24
3.97
3.91
4.92
3.75
4.03
3.95
3.91
4.26
3.57
4.17
3.57
4.39
3.35
3.78
3.71
3.26
2.46
4.21
10021:
1.95
2.40
2.46
2.06
10022:
2.10
3.16
2.87
2.65
3.20
3.19
2.47
2.51
10023:
3.95
3.83
3.87
3.52
4.77
3.52
3.27
3.79
3.45
3.91
4.37
10024:
3.46
3.93
3.25
3.79
3.41
3.04
3.02
3.15
3.65
3.67
10025:
2.83
10027:
4.54
3.67
3.58
3.69
3.00
3.61
3.49
4.23
3.33
4.12
3.77
3.82
4.02
3.32
3.88
4.31
3.60
4.06
4.20
3.94
3.51
4.17
3.80
3.64
4.25
4.04
4.38
4.50
4.66
4.51
4.57
4.07
3.27
3.65
4.05
4.52
4.71
4.05
4.10
3.54
4.20
4.17
5.06
3.73
3.65
4.28
4.09
3.93
4.38
4.33
3.89
4.29
3.68
3.59
3.48
4.25
3.52
3.57
4.39
4.22
3.63
3.66
3.29
3.22
4.53
4.91
3.25
4.14
3.30
4.26
4.18
4.15
3.99
3.80
4.54
3.98
4.27
4.12
2.94
3.71
4.75
4.87
2.98
3.77
4.05
4.31
3.81
4.08
10028:
2.78
3.03
2.70
3.78
3.92
2.64
4.09
10029:
2.97
3.88
3.75
2.77
10031:
3.22
2.57
3.47
2.41
3.90
2.82
2.62
2.25
2.61
10032:
3.05
4.80
4.17
4.28
4.07
2.70
3.49
3.36
3.81
2.41
3.16
4.21
4.70
3.44
4.11
2.76
3.66
3.43
3.43
3.65
3.18
3.50
3.27
3.51
3.55
3.03
3.43
3.49
4.17
3.19
3.56
3.78
4.11
3.76
3.37
3.99
3.28
3.25
3.39
3.37
3.50
3.62
3.38
2.98
3.36
3.58
3.94
10033:
3.58
3.25
2.31
3.33
3.17
2.59
3.00
2.76
3.21
2.83
3.38
3.12
4.40
3.64
10034:
1.62
2.31
10035:
2.60
4.66
4.78
4.27
4.47
4.38
3.65
3.54
3.78
3.43
4.05
3.82
4.06
4.20
3.90
3.93
4.05
4.17
4.28
5.25
10036:
3.28
3.38
3.57
3.33
3.91
3.61
3.03
3.75
2.84
3.10
3.33
3.65
4.05
3.94
4.60
4.03
3.70
4.00
2.60
3.08
3.77
3.38
4.25
3.99
3.97
4.23
3.95
3.83
3.90
3.01
3.67
3.12
3.00
3.50
3.36
3.50
3.79
3.74
3.53
3.91
3.40
3.88
4.29
4.06
3.93
4.11
4.66
4.60
3.17
4.09
3.30
3.81
3.81
3.06
3.64
4.36
3.18
4.92
3.41
4.08
3.88
4.42
3.25
4.47
3.27
4.53
3.58
4.13
3.86
4.01
4.70
4.03
3.85
3.32
3.97
4.26
4.10
3.28
4.13
4.14
3.73
3.42
4.75
4.07
2.99
3.84
3.57
3.92
3.89
3.63
3.37
4.27
3.55
4.17
3.58
3.29
3.30
3.94
3.49
4.20
4.27
3.83
3.54
4.49
3.31
2.99
3.76
3.23
3.38
3.88
3.90
3.39
3.57
3.98
3.48
3.71
4.63
3.41
3.53
3.96
3.73
3.84
3.87
3.61
3.95
3.42
4.27
4.55
3.49
3.35
3.99
3.18
3.27
4.13
3.53
3.26
3.87
3.84
4.10
3.08
4.68
4.16
3.25
3.69
3.37
4.63
3.42
3.87
3.44
3.27
3.93
3.98
4.03
3.47
3.73
3.40
4.84
3.53
3.71
4.43
4.11
3.43
3.96
4.08
3.70
3.70
4.08
4.39
3.84
3.52
3.35
3.54
4.18
3.45
3.96
3.88
3.56
4.13
4.07
4.42
3.72
4.41
3.25
3.84
4.73
3.61
3.68
3.67
4.02
3.74
3.91
3.27
3.93
4.75
4.11
2.96
3.72
3.92
3.14
3.81
3.84
3.79
3.51
3.78
2.88
4.84
3.84
4.00
3.31
3.60
3.75
3.45
4.39
3.49
3.47
10037:
3.85
2.99
3.17
3.70
3.59
3.61
3.19
2.71
3.05
3.62
3.00
3.08
3.19
3.23
10038:
3.95
3.13
2.94
3.12
2.93
3.41
3.41
2.73
10039:
1.48
1004:
2.17
2.22
2.57
2.56
3.08
2.79
2.89
3.52
2.06
2.89
3.02
3.52
3.16
2.84
2.45
2.06
2.64
2.93
2.55
2.76
3.05
2.58
2.44
1.45
2.41
2.05
2.72
2.83
2.26
2.84
2.86
10040:
2.97
2.78
3.46
10041:
3.33
2.80
2.95
2.59
2.95
3.00
3.57
2.90
3.21
2.63
2.32
3.24
3.72
2.57
3.05
3.29
3.01
2.50
2.78
2.27
2.75
3.02
2.56
2.80
3.19
2.25
3.10
2.62
3.13
2.66
3.18
10042:
4.67
4.17
4.66
4.29
4.49
4.94
5.13
4.11
5.15
4.30
4.71
4.30
4.74
4.47
4.60
4.96
4.16
4.93
4.78
4.66
4.34
4.98
3.66
4.50
4.64
5.17
4.78
3.35
4.79
4.68
4.58
4.77
4.61
5.12
4.62
5.25
4.44
4.62
4.22
3.94
4.70
4.40
4.26
4.14
4.38
5.03
4.61
4.09
4.45
4.08
4.49
4.94
5.16
4.00
5.31
5.06
3.80
4.70
3.97
4.40
4.61
4.49
4.63
4.48
3.77
3.92
4.34
4.92
4.37
3.96
4.23
4.07
4.62
4.28
4.11
5.14
4.96
4.50
4.54
4.80
4.04
4.50
4.77
4.54
5.04
4.24
4.38
4.78
3.93
4.98
4.27
4.69
5.60
4.44
4.50
4.90
4.52
4.62
4.50
4.31
4.86
4.92
4.32
5.32
4.80
4.41
4.52
4.56
5.21
4.51
4.96
4.60
3.98
4.90
4.06
4.44
4.63
4.00
4.67
5.18
3.86
5.28
4.59
5.30
4.89
5.58
3.94
4.32
4.67
4.16
4.26
4.66
4.53
2.70
4.45
4.49
5.26
5.54
4.17
5.17
4.44
5.36
4.49
4.41
4.55
4.52
4.70
3.94
4.14
4.95
4.24
4.73
5.51
4.58
4.86
4.43
4.37
3.92
4.01
4.80
3.61
5.06
4.59
4.64
4.36
5.08
4.33
4.27
4.42
4.70
5.00
5.00
4.13
4.29
4.97
4.31
4.71
5.19
5.45
4.69
4.15
4.57
5.08
4.33
4.64
5.20
4.23
3.80
4.41
4.97
4.20
4.53
4.99
4.19
4.99
5.14
5.01
4.42
4.61
4.74
4.66
4.87
4.68
4.43
4.77
3.20
4.80
4.62
4.71
4.33
4.25
4.37
5.15
5.08
5.22
4.95
4.89
4.80
4.53
4.82
4.41
4.84
5.08
4.81
4.59
4.77
4.97
4.26
4.53
4.50
4.62
4.64
4.54
4.39
5.17
4.52
4.97
4.29
4.76
4.68
4.23
5.29
4.10
4.92
4.81
4.87
5.36
4.88
4.53
4.74
4.00
4.57
5.42
4.47
4.47
4.43
4.10
4.85
4.73
4.03
4.05
3.97
4.58
5.20
3.83
4.43
4.45
4.86
4.29
4.33
4.56
5.04
4.46
4.21
3.97
4.15
4.51
4.82
4.62
4.62
4.54
4.27
4.88
4.35
4.77
4.37
4.03
5.00
4.29
4.75
4.76
4.15
4.82
4.23
4.89
4.15
4.40
4.64
4.35
4.43
4.77
4.63
4.68
4.60
3.93
4.59
4.51
4.60
4.77
4.80
4.57
4.30
4.75
4.48
4.52
4.99
4.29
5.02
4.96
4.32
4.81
4.26
4.97
4.77
4.93
4.97
4.98
4.66
5.10
4.55
5.01
4.62
4.02
4.91
4.30
4.69
4.75
5.32
4.32
5.06
5.02
4.77
5.01
5.62
4.21
4.88
4.84
5.25
4.28
4.81
5.22
4.30
4.92
4.38
4.00
4.66
4.73
4.92
4.41
4.68
4.30
4.29
4.48
4.47
4.57
4.47
4.08
4.24
5.30
4.24
5.40
4.54
4.49
4.43
4.49
5.32
3.92
3.73
4.72
4.72
4.57
4.64
4.02
4.73
4.30
5.00
4.50
4.37
4.12
4.58
4.61
4.12
4.59
3.98
4.11
5.34
4.61
3.89
4.49
4.78
4.47
4.43
4.28
4.37
4.53
4.59
4.80
4.48
3.90
4.90
5.06
4.11
4.73
4.49
4.15
4.72
4.12
5.20
4.74
3.88
5.51
4.59
4.73
5.18
4.62
4.10
4.90
5.17
4.78
4.22
4.29
5.01
4.07
4.63
4.70
3.94
4.45
3.30
4.30
4.48
4.29
5.07
4.60
4.59
4.97
4.68
4.77
4.42
4.39
4.08
4.35
5.04
3.74
4.94
5.14
5.03
4.17
4.74
4.42
4.88
4.47
4.19
4.22
4.10
5.60
4.59
4.91
3.64
4.78
5.32
4.68
4.53
4.37
5.11
5.35
4.93
4.78
5.20
4.21
3.95
4.67
4.73
4.40
4.22
5.44
4.15
3.75
4.45
4.56
4.25
4.61
4.32
4.03
4.61
4.56
4.86
4.42
4.66
4.60
4.21
3.69
3.88
4.51
4.11
3.53
5.13
4.75
4.89
3.92
4.65
4.56
4.93
4.53
4.43
4.90
4.95
5.37
4.92
4.28
4.33
4.89
4.24
4.15
4.46
5.37
4.63
4.51
3.91
3.68
5.25
4.71
4.12
4.29
4.84
5.13
4.35
5.36
5.35
4.96
4.55
4.12
4.99
4.83
4.48
5.05
5.34
4.04
5.33
4.77
4.58
3.74
3.54
5.09
2.92
4.42
4.89
4.37
4.30
3.99
4.80
4.27
4.20
4.85
4.52
4.87
5.01
4.43
4.08
4.59
4.07
4.29
4.02
3.99
5.06
4.16
4.82
4.56
3.80
4.58
4.56
5.11
3.85
4.36
4.10
4.15
4.53
4.38
4.75
5.09
4.99
4.58
4.61
4.19
4.32
3.94
4.52
4.73
4.79
4.37
4.09
4.61
4.83
4.57
4.09
3.77
4.69
4.41
4.45
5.16
4.02
4.38
4.08
5.09
4.69
4.22
4.34
4.30
5.34
4.32
4.16
4.04
4.51
4.57
4.49
4.12
4.61
3.91
3.79
4.71
4.40
4.64
4.76
4.66
4.33
4.52
4.12
5.36
4.61
4.80
4.94
4.79
4.09
4.75
4.69
4.90
4.86
5.34
4.40
4.32
4.40
4.34
4.56
4.60
4.68
5.01
4.84
4.46
4.76
4.40
4.70
3.60
4.95
3.84
4.56
4.84
5.02
4.49
4.10
4.30
4.65
4.55
4.28
4.91
5.10
5.35
4.74
4.00
4.66
4.09
4.28
5.24
4.35
4.84
4.04
4.55
4.36
4.41
5.16
4.36
4.33
4.19
5.08
4.57
4.43
4.52
4.73
4.74
4.92
4.57
4.54
4.68
3.89
4.42
4.74
4.71
4.92
4.47
4.39
4.16
4.44
4.48
4.12
4.65
4.97
4.72
5.01
4.80
4.51
4.77
4.49
4.11
5.02
5.19
4.62
3.93
4.24
4.69
3.47
4.02
4.13
4.63
4.57
5.12
4.21
5.06
4.60
4.39
4.48
4.30
3.50
4.55
4.57
3.95
4.86
4.16
4.54
4.99
4.84
4.82
5.22
4.21
5.10
5.08
4.44
4.71
4.70
RMSE: 0.89

