1:
3.3
4
3.9
2:
3.5
3.7
3.4
3:
3.3
3.5
3.6
4:
2.7
2.6
3.5
5:
4.6
4
3.9
6:
2.7
2.3
2.9
7:
2.1
2
0.8
8:
2.9
3.2
2.9
9:
2.4
2.4
3.5
10:
2.3
1.8
2.8
11:
3.7
2.7
3.2
12:
3.6
3.7
3
13:
4.7
5.7
4.6
14:
2.6
2
2.4
15:
3.8
3.3
2.5
16:
3
2.7
2.6
17:
3.3
3.3
2.3
18:
3.5
3.7
3.7
19:
3
3.1
3.7
20:
1.8
2.7
3.2
21:
2.9
2.7
2
22:
1.8
1.5
1.7
23:
3.8
2.4
3.4
24:
1.7
2.8
2.7
25:
4.1
3.7
4.3
26:
2.7
1.8
2.6
27:
3.1
3.7
3.2
28:
3.8
4.3
3.9
29:
3.5
3.4
3.3
30:
3.6
3.9
3.4
31:
2.5
3.2
3.1
32:
3.9
4.5
4.5
33:
4.7
4.3
3.7
34:
1.9
2
2.9
35:
3.2
3.6
2.6
36:
2.6
3.7
2.8
37:
3.4
4.1
3.7
38:
2
2.6
2.2
39:
2.4
2
2.4
40:
3
3.1
2.3
41:
0.9
1.1
1.7
42:
2
1.9
2.1
43:
2.2
1.2
2.6
44:
3.4
3.4
3.7
45:
2.8
1.7
2.8
46:
3
3.4
3.5
47:
3
3.3
3.4
48:
3.7
3.3
3.5
49:
3.3
3.5
3.4
50:
2.5
2.3
2.7
51:
2.8
2.7
3.4
52:
3
3.7
3.5
53:
1.5
1.4
1.8
54:
3.4
1.9
3.6
55:
2.5
2.2
2.8
56:
4.2
3.4
3.4
57:
3.7
3.2
3.7
58:
3.4
3.6
3.9
59:
3.9
1.4
2.3
60:
1.9
1.8
1.7
61:
2.3
2.4
2.9
62:
4.3
3.3
3
63:
4
2.7
3.3
64:
2.8
1.9
2.3
65:
1.8
1.4
1.5
66:
1.6
2.4
1.5
67:
2.5
2.2
2.2
68:
4.6
4.6
3.9
69:
3
3.4
2.5
70:
2.7
3.6
3.3
71:
3.2
3.6
4.5
72:
2.2
2.9
3.5
73:
4.3
4.1
4.3
74:
2.9
3.8
3
75:
2.3
3
2
76:
3.9
4.3
3.9
77:
2.6
2.8
2.3
78:
3.1
2.8
2.8
79:
3.7
3.7
3.8
80:
2.3
2.3
3
81:
4.2
2.5
2.4
82:
3.3
3
2.6
83:
3.4
3.7
3.7
84:
3
3.3
3.2
85:
4.3
4
4.3
86:
2
2
1.6
87:
3.3
3.1
3.2
88:
3.3
3.2
3.6
89:
2.6
2.2
2.2
90:
2.9
3.8
3.7
91:
4.3
4.7
4.2
92:
4.3
4.8
3.7
93:
2.9
2.4
2
94:
3.5
3.1
4.3
95:
2.5
2.1
2.4
96:
3.8
2.6
3
97:
3.1
3.6
3.9
98:
3.7
3.9
3.9
99:
2.3
1.1
0.8
100:
1.3
1.4
2.1
101:
3.3
2
2
102:
2.5
2.5
2.8
103:
3.5
4.3
3.4
104:
2.7
3.9
3.8
105:
2.8
2.6
4.2
106:
3.1
4
4.2
107:
2.5
3.6
2.6
108:
2.2
3
2.4
109:
2.7
2.1
2.2
110:
3.3
3.5
2.6
111:
3.2
2.4
2.1
112:
2.3
3.2
2.9
113:
3.8
3.7
3.8
114:
3.1
3.8
3.5
115:
3.1
3
3.8
116:
3.3
3.7
3.7
117:
3.6
2.4
3
118:
4.4
3.9
3.3
119:
2.6
1.9
2.6
120:
2.3
2.1
2.6
121:
3.4
3.9
3.6
122:
3.1
2.1
2.8
123:
2.4
2.2
2.7
124:
1.8
2
2.2
125:
3.2
3.2
1.3
126:
3.8
3.1
3.1
127:
2.3
1.6
2.2
128:
2.5
2.7
2.4
129:
2.1
3.1
1.6
130:
1.3
2.3
1.8
131:
2.3
2.6
3
132:
2.9
2.9
3.3
133:
3.3
3.7
3.7
134:
2.1
1.2
1.3
135:
4.2
3.8
4.7
136:
2.5
3.1
2.5
137:
3.4
0.6
2.2
138:
3.8
3.1
4.1
139:
2.7
2.5
2.1
140:
1.9
2.1
2.3
141:
1.6
1.6
3
142:
1.5
2.2
2
143:
3.3
3.6
3.5
144:
4.1
3.3
3.3
145:
3.7
3.6
1.1
146:
2.7
2.6
2.2
147:
2.6
1.9
1.7
148:
3.7
3.1
3
149:
1
2.7
1.8
150:
2.1
2.8
2.6
151:
2.9
1.5
1.1
152:
3.7
4.2
3.8
153:
1.9
2.8
2.1
154:
1.2
2.3
2.8
155:
3
3.7
3.5
156:
3.3
3.3
3
157:
3.6
2.9
3.2
158:
2
2.5
2.4
159:
4
4.5
3.9
160:
3.5
3.6
1.9
161:
1.8
3.6
4.1
162:
0.9
2.7
2.3
163:
2.4
2.4
2.8
164:
2.4
2.3
2
165:
4.3
4.6
2.9
166:
3.4
3.4
3.4
167:
4.6
3.8
3.4
168:
3
3.4
4
169:
3.9
1.3
4.7
170:
2.6
1.4
3.1
171:
2.9
3.8
3.5
172:
2.8
2.2
2.5
173:
2.8
2.6
3.3
174:
1.3
1.4
4.1
175:
4.2
3.5
3.7
176:
3.8
1.9
2.6
177:
2.2
2.8
0.9
178:
3.8
3.3
2.3
179:
2.7
2.9
2.1
180:
3.7
2.9
3.2
181:
2.6
1.9
2.6
182:
2.8
2.5
1.1
183:
2.6
3
2.6
184:
3
3.6
3.9
185:
2.8
3.7
3.1
186:
2.7
3.2
3.1
187:
3
3.1
2.6
188:
2.6
2.2
2.1
189:
3.6
2.5
3.1
190:
1.9
2.5
2.3
191:
4.3
3
3.6
192:
2.6
3.6
3.4
193:
2.7
4.2
3.2
194:
2.3
3.5
2.7
195:
1.3
2.8
1.3
196:
3.2
3.1
2.7
197:
4
3.7
3.4
198:
2.3
2.3
1.7
199:
3.5
4
3
200:
3.2
2.7
3
201:
3
4
3.6
202:
3.5
2.5
2.8
203:
2.9
2.9
3.4
204:
3.3
2.5
2.8
205:
3.6
3.5
4.4
206:
4
3.5
3.3
207:
2.7
3.5
2.5
208:
3.5
3.3
2.6
209:
4
4.7
4.2
210:
3.6
2.9
3.2
211:
3.6
3.4
3.9
212:
2.3
2.2
2.6
213:
2.5
2.7
2.9
214:
4.2
1.6
2.7
215:
3.9
3.7
4
216:
3.1
3.5
2.4
217:
2.8
3.1
2.8
218:
4.2
3.3
2.5
219:
1.7
2.2
2.5
220:
1.2
1.9
3.2
221:
3.5
2.9
4.1
222:
1.3
2.1
1.8
223:
4.4
3.9
4
224:
3.7
3.4
4.1
225:
2.5
1
3
226:
2.3
1.9
2.1
227:
3.5
3.2
3.1
228:
2.5
2.7
2.7
229:
2.9
3.8
4.4
230:
1.1
3
1.9
231:
2.6
3
2.7
232:
2.4
2.9
2.2
233:
3.5
2.5
3.2
234:
1.6
2.6
3.3
235:
3
2.7
2.7
236:
1.3
2.1
2.5
237:
3.1
3.2
3.6
238:
2.9
3.9
2.7
239:
4.2
3.4
3.3
240:
4.2
3.9
3.9
241:
3.9
2.6
3.9
242:
4.3
3.6
3.9
243:
3.7
1.9
2.6
244:
4.1
2.5
3.9
245:
2.7
2.1
2.6
246:
3
3.1
2.4
247:
2.3
3.2
2.7
248:
3.4
3.8
4.3
249:
2.9
3.6
1.8
250:
3.2
4
2.8
251:
3.5
3.6
3.7
252:
2.6
2.4
4.6
253:
3.1
3.7
3.3
RMSE: 3.09
