1:
3.6
3.4
3.6
4.2
3.7
3.8
3.5
3.6
3.8
3.6
3.3
3.6
3.8
3.8
3.2
3.8
3.6
4.1
3.9
3.9
3.3
4.3
3.6
10:
3.2
3.1
1000:
3.4
3.2
3.1
4.1
3.7
3.5
3.4
3.7
3.3
3
3.4
3.5
3.4
3.9
3.7
3.3
3.3
3.3
3.4
3.6
3.5
3.7
3
3.3
3.8
3.3
3.6
10000:
3.6
3.5
10001:
3.5
3.9
3.7
3.1
4
3.5
3.5
3.8
3.8
3.6
3.9
3.9
3.3
3.9
3.6
3.5
4
10002:
3.9
3.4
4.2
3.8
10003:
3
10004:
4.3
3.8
4
3.7
4.1
4
4
3.9
3.9
3.9
4
3.8
3.9
3.7
4
4
4
4
4.1
3.8
3.9
3.8
3.8
3.9
4.5
3.7
3.9
4
3.5
4.2
4.1
10005:
3.6
3.8
3.4
3.2
3.3
10006:
3.7
3.4
3.8
3.1
10007:
2.8
3.1
2.9
2.9
2.8
3
2.9
3.2
3
3.2
2.9
3.1
3
10008:
4.1
3.4
3.5
3.1
3.9
3.8
3.8
10009:
3.3
3.5
4.1
3.1
3.1
3.4
1001:
4
3.5
3.3
3.3
3.8
3.8
3.6
3.5
3.1
3.6
3.6
3.7
3.2
3.5
3.5
3.4
3.8
3.7
3.2
3.3
3.2
3.6
3.4
3.1
3.5
3.3
3.6
3.6
3.6
3.8
3.6
4.1
3.2
3.5
3.5
3.5
3.8
3.1
3.1
3.6
3.7
3.3
3.6
3.8
3.8
3.6
3.4
3.3
3.3
3.8
3.3
2.9
3
3.6
3.6
3.8
3.2
3.5
3.5
3.3
3.5
3.3
3.3
3.2
3.8
3.2
3.2
3.2
3.7
3.5
3.2
3.3
3.5
3.2
3.3
3.6
3.1
3.1
3.5
3.5
3.6
3.8
3
3.6
3.5
3.4
3.4
3.8
3.4
3.2
3.8
3.5
3.6
3.6
3.3
3.1
3.3
3.3
3.4
3.5
3.5
3.5
3.3
3.3
3.5
3.5
3.6
3.6
3.6
3.1
3.3
3.4
3.4
3.3
3.4
3.1
3.3
3.7
3.6
3.3
3.4
3.5
3.4
3.5
3.4
3.4
3.3
3.7
3.5
3.3
3.5
3.6
3.6
3.3
10010:
2.9
2.8
2.8
3.2
3.1
2.9
3
2.9
2.6
3
2.7
2.7
2.8
2.6
3.2
2.9
2.7
3.1
2.4
2.9
2.6
2.7
2.7
10011:
4
3.8
10012:
3.3
3.8
3.2
3.3
3.6
3.7
3
3.4
3.3
3.4
3.6
3.3
3.2
10013:
3.6
3.4
3.5
3.6
3.4
3.5
3.4
3.6
3.4
3.7
3.2
3.8
3.4
3.6
3.3
3.4
3.2
3.3
3.4
3.2
3.3
3.1
3.4
3.6
3.6
3.4
3.4
3
3.2
3.4
3.3
3.1
3.2
3.7
3.3
3.2
3.5
3.7
3.6
3.1
3.8
3.4
3.5
3.4
3.5
3.1
3.4
3.5
3.2
3.5
3.3
3.3
3.5
3.7
3.4
3.1
3.7
10014:
3.3
3.8
3.1
3.6
3.3
10015:
3.7
3.4
3.2
3.5
3.7
3.5
3.8
3.7
3.7
3.5
3.8
3.6
3.5
3.8
3.8
3.5
3.7
3.9
3.6
3.8
4.4
3.8
4.1
3.2
3.4
3.4
3.8
3.6
10016:
3.1
2.7
2.9
3.2
3.6
10017:
3.3
3.5
3.3
10018:
4.1
3.7
3.2
3.3
3.5
3.7
3.5
3.4
2.9
3.7
3.5
3.7
3.7
3.7
3.4
3.6
3.5
3.6
3.5
3.6
3.5
3.4
3.8
3.8
3.5
3.8
3.6
3.7
3.6
3.8
10019:
3.5
3.3
3.6
3.3
4
3.9
3.5
3.1
3.7
3.4
4
3.2
3.3
3.4
3.7
3.6
3.7
3.5
3.4
4
3.7
3.7
3.7
3.5
3.7
3.7
3.3
3.4
3.4
3.7
3.4
3.5
3.7
3.8
3.4
3.8
2.9
3.6
3.7
3.8
3.8
3.9
3.6
3.7
3.9
3.2
3.7
3.9
3.7
3.6
3.3
3.4
3.7
3.4
3.4
3
3.2
3.4
4
3.4
3.2
3.5
3.4
3.5
3.7
4.2
3.5
4.1
3.6
1002:
3.4
3.2
3.4
3.5
3.5
3.6
3.7
3
3.5
3.5
3.8
3.5
3.4
3.3
10020:
3.8
3.8
3.6
3.9
3.7
3.6
3.8
3.9
3.9
3.8
3.8
4.3
3.7
3.8
3.8
3.8
3.9
3.6
3.9
3.6
4
3.5
3.7
3.7
3.4
3
3.9
10021:
2.8
3
3
2.8
10022:
2.9
3.4
3.2
3.1
3.4
3.4
3
3.1
10023:
3.8
3.7
3.7
3.6
4.2
3.6
3.4
3.7
3.5
3.8
4
10024:
3.5
3.8
3.4
3.7
3.5
3.3
3.3
3.4
3.6
3.6
10025:
3.2
10027:
4.1
3.6
3.6
3.6
3.3
3.6
3.5
3.9
3.5
3.9
3.7
3.7
3.8
3.5
3.7
4
3.6
3.8
3.9
3.8
3.6
3.9
3.7
3.6
3.9
3.8
4
4.1
4.1
4.1
4.1
3.8
3.4
3.6
3.8
4.1
4.2
3.8
3.9
3.6
3.9
3.9
4.3
3.7
3.6
3.9
3.8
3.8
4
4
3.7
3.9
3.6
3.6
3.5
3.9
3.6
3.6
4
3.9
3.6
3.6
3.4
3.4
4.1
4.3
3.4
3.9
3.5
3.9
3.9
3.9
3.8
3.7
4.1
3.8
3.9
3.9
3.3
3.7
4.2
4.2
3.3
3.7
3.8
4
3.7
3.8
10028:
3.2
3.3
3.2
3.7
3.8
3.1
3.8
10029:
3.3
3.7
3.7
3.2
10031:
3.4
3.1
3.5
3
3.8
3.2
3.1
2.9
3.1
10032:
3.3
4.2
3.9
3.9
3.8
3.2
3.5
3.5
3.7
3
3.4
3.9
4.2
3.5
3.9
3.2
3.6
3.5
3.5
3.6
3.4
3.6
3.4
3.6
3.6
3.3
3.5
3.5
3.9
3.4
3.6
3.7
3.9
3.7
3.5
3.8
3.4
3.4
3.5
3.5
3.6
3.6
3.5
3.3
3.5
3.6
3.8
10033:
3.6
3.4
3
3.5
3.4
3.1
3.3
3.2
3.4
3.2
3.5
3.4
4
3.6
10034:
2.6
3
10035:
3.1
4.1
4.2
3.9
4
4
3.6
3.6
3.7
3.5
3.8
3.7
3.8
3.9
3.8
3.8
3.8
3.9
3.9
4.4
10036:
3.4
3.5
3.6
3.5
3.8
3.6
3.3
3.7
3.2
3.4
3.5
3.6
3.8
3.8
4.1
3.8
3.7
3.8
3.1
3.3
3.7
3.5
3.9
3.8
3.8
3.9
3.8
3.7
3.8
3.3
3.6
3.4
3.3
3.6
3.5
3.6
3.7
3.7
3.6
3.8
3.5
3.7
3.9
3.8
3.8
3.9
4.1
4.1
3.4
3.8
3.5
3.7
3.7
3.3
3.6
4
3.4
4.3
3.5
3.8
3.7
4
3.4
4
3.4
4.1
3.6
3.9
3.7
3.8
4.2
3.8
3.7
3.5
3.8
3.9
3.9
3.4
3.9
3.9
3.7
3.5
4.2
3.8
3.3
3.7
3.6
3.8
3.7
3.6
3.5
3.9
3.6
3.9
3.6
3.4
3.5
3.8
3.5
3.9
3.9
3.7
3.6
4
3.5
3.3
3.7
3.4
3.5
3.7
3.8
3.5
3.6
3.8
3.5
3.7
4.1
3.5
3.6
3.8
3.7
3.7
3.7
3.6
3.8
3.5
3.9
4.1
3.5
3.5
3.8
3.4
3.4
3.9
3.6
3.4
3.7
3.7
3.9
3.3
4.1
3.9
3.4
3.6
3.5
4.1
3.5
3.7
3.5
3.4
3.8
3.8
3.8
3.5
3.7
3.5
4.2
3.6
3.7
4
3.9
3.5
3.8
3.8
3.7
3.7
3.8
4
3.7
3.6
3.5
3.6
3.9
3.5
3.8
3.7
3.6
3.9
3.8
4
3.7
4
3.4
3.7
4.2
3.6
3.6
3.6
3.8
3.7
3.8
3.4
3.8
4.2
3.9
3.3
3.7
3.8
3.4
3.7
3.7
3.7
3.6
3.7
3.2
4.2
3.7
3.8
3.5
3.6
3.7
3.5
4
3.5
3.5
10037:
3.7
3.3
3.4
3.7
3.6
3.6
3.4
3.2
3.3
3.6
3.3
3.3
3.4
3.4
10038:
3.8
3.4
3.3
3.4
3.3
3.5
3.5
3.2
10039:
2.5
1004:
2.9
2.9
3.1
3.1
3.3
3.2
3.2
3.6
2.8
3.2
3.3
3.6
3.4
3.2
3
2.8
3.1
3.3
3.1
3.2
3.3
3.1
3
2.5
3
2.8
3.2
3.2
2.9
3.2
3.2
10040:
3.3
3.2
3.5
RMSE: 0.97
