1:
3.67
3.25
3.57
4.74
3.68
3.89
3.35
3.68
4.03
3.49
2.91
3.56
3.96
3.99
2.71
3.93
3.56
4.53
4.13
4.18
3.02
5.1
3.5
10:
3.17
2.91
1000:
3.42
3.08
2.79
4.89
3.97
3.59
3.45
4.14
3.15
2.64
3.47
3.72
3.42
4.56
4.13
3.21
3.17
3.2
3.37
3.84
3.56
4.13
2.51
3.22
4.28
3.26
3.81
10000:
4.1
3.94
10001:
3.33
4.27
3.66
2.6
4.3
3.36
3.38
3.94
3.89
3.47
4.09
4.11
2.81
4.15
3.55
3.4
4.36
10002:
4.45
3.43
4.91
4.16
10003:
3.07
10004:
4.83
3.81
4.04
3.6
4.42
4.04
4.18
4.02
4.01
3.94
4.11
3.64
4.01
3.57
4.14
4.05
4.16
4.15
4.35
3.73
3.97
3.73
3.77
3.85
5.08
3.52
3.88
4.08
3.15
4.56
4.28
10005:
3.79
4.28
3.46
3.1
3.21
10006:
4.25
3.65
4.45
3.11
10007:
2.67
3.31
2.86
2.87
2.63
3.14
2.75
3.51
3.08
3.41
2.86
3.18
2.94
10008:
4.79
3.26
3.54
2.7
4.29
4.04
4.02
10009:
3.16
3.6
4.82
2.81
2.71
3.5
1001:
4.61
3.57
3.15
3.3
4.18
4.16
3.87
3.56
2.77
3.82
3.76
4.02
3.03
3.72
3.52
3.43
4.16
3.95
3.01
3.25
3.03
3.88
3.43
2.85
3.66
3.14
3.74
3.76
3.86
4.33
3.8
4.91
3.06
3.59
3.56
3.59
4.23
2.81
2.86
3.86
4.11
3.12
3.76
4.15
4.25
3.81
3.48
3.25
3.3
4.23
3.28
2.41
2.6
3.81
3.93
4.32
2.99
3.57
3.68
3.26
3.52
3.23
3.2
3.04
4.15
3.02
2.9
3.1
4.14
3.61
3.07
3.25
3.66
3.07
3.21
3.87
2.7
2.76
3.65
3.66
3.86
4.15
2.64
3.76
3.55
3.43
3.47
4.21
3.46
2.96
4.21
3.61
3.78
3.92
3.21
2.81
3.2
3.27
3.41
3.56
3.68
3.59
3.16
3.12
3.58
3.58
3.8
3.89
3.79
2.8
3.11
3.47
3.51
3.1
3.51
2.77
3.12
3.99
3.84
3.16
3.41
3.59
3.33
3.59
3.36
3.47
3.16
3.95
3.54
3.3
3.58
3.88
3.74
3.3
10010:
2.93
2.71
2.75
3.63
3.33
2.89
3.04
2.81
2.33
3.17
2.51
2.49
2.64
2.32
3.53
2.81
2.52
3.29
1.84
2.88
2.29
2.47
2.55
10011:
4.11
3.73
10012:
3.35
4.32
3.21
3.35
3.97
4.06
2.68
3.54
3.23
3.56
4.03
3.34
3.21
10013:
3.76
3.41
3.72
3.88
3.47
3.61
3.4
3.75
3.4
3.99
3.02
4.19
3.39
3.81
3.18
3.39
3.03
3.26
3.52
2.95
3.15
2.81
3.34
3.8
3.81
3.33
3.5
2.69
2.95
3.46
3.26
2.89
3.08
3.96
3.24
3.1
3.54
4.15
3.95
2.88
4.24
3.42
3.61
3.51
3.62
2.86
3.38
3.6
3.08
3.74
3.14
3.26
3.72
3.99
3.44
2.78
3.99
10014:
3.31
4.25
2.77
3.84
3.28
10015:
3.67
3.13
2.73
3.37
3.79
3.36
3.96
3.73
3.76
3.21
3.86
3.53
3.29
4.01
4.01
3.32
3.64
4.06
3.62
4.04
5.11
4.03
4.56
2.68
3.03
3.17
4.04
3.56
10016:
3.09
2.25
2.56
3.22
4.08
10017:
3.41
3.77
3.47
10018:
4.75
3.85
2.77
3
3.38
3.74
3.51
3.21
2.25
3.93
3.51
3.94
3.88
3.75
3.23
3.64
3.38
3.59
3.39
3.59
3.47
3.15
4.03
4.13
3.34
3.96
3.54
3.84
3.69
4.09
10019:
3.55
3.18
3.88
3.1
4.52
4.39
3.63
2.7
3.93
3.44
4.63
3.02
3.06
3.34
3.89
3.71
3.98
3.61
3.47
4.58
3.89
3.94
3.9
3.67
4.07
3.99
3.2
3.35
3.39
3.89
3.46
3.49
3.9
4.14
3.36
4.17
2.41
3.77
4.09
4.1
4.17
4.37
3.78
3.98
4.37
3.02
3.94
4.32
4.04
3.76
3.15
3.35
3.99
3.37
3.44
2.43
2.91
3.29
4.53
3.29
2.96
3.48
3.41
3.47
3.99
4.94
3.47
4.93
3.68
1002:
3.26
2.85
3.42
3.6
3.45
3.7
4
2.44
3.52
3.52
4.16
3.58
3.39
3.1
10020:
3.85
4.03
3.62
4.18
3.82
3.59
3.85
4.25
4.2
3.91
3.85
4.91
3.68
3.99
3.9
3.86
4.22
3.5
4.13
3.5
4.36
3.27
3.72
3.65
3.18
2.34
4.17
10021:
2.89
3.36
3.43
3.01
10022:
2.36
3.47
3.16
2.93
3.51
3.5
2.75
2.79
10023:
4.01
3.88
3.92
3.55
4.87
3.56
3.29
3.84
3.48
3.96
4.45
10024:
3.62
4.12
3.4
3.96
3.57
3.19
3.16
3.3
3.82
3.84
10025:
3.14
10027:
4.52
3.61
3.51
3.63
2.9
3.54
3.42
4.2
3.24
4.08
3.71
3.76
3.98
3.24
3.82
4.28
3.53
4.02
4.17
3.89
3.44
4.14
3.74
3.58
4.22
4
4.35
4.47
4.65
4.49
4.55
4.02
3.19
3.59
4.01
4.49
4.7
4.01
4.06
3.47
4.16
4.13
5.07
3.67
3.58
4.25
4.05
3.88
4.35
4.3
3.84
4.25
3.61
3.52
3.4
4.21
3.45
3.51
4.37
4.18
3.57
3.59
3.2
3.14
4.51
4.91
3.16
4.1
3.21
4.24
4.14
4.11
3.94
3.74
4.52
3.93
4.24
4.08
2.84
3.65
4.74
4.86
2.88
3.71
4.01
4.28
3.75
4.03
10028:
3.19
3.44
3.1
4.24
4.39
3.04
4.56
10029:
3.32
4.28
4.14
3.11
10031:
3.46
2.78
3.72
2.61
4.18
3.04
2.83
2.44
2.82
10032:
3.05
4.89
4.23
4.34
4.12
2.68
3.52
3.38
3.84
2.37
3.16
4.27
4.79
3.46
4.16
2.75
3.69
3.45
3.45
3.68
3.18
3.53
3.29
3.54
3.58
3.03
3.45
3.51
4.23
3.19
3.59
3.81
4.16
3.79
3.39
4.04
3.29
3.26
3.41
3.38
3.52
3.65
3.41
2.98
3.37
3.61
3.99
10033:
3.94
3.6
2.62
3.68
3.5
2.91
3.34
3.09
3.55
3.16
3.74
3.46
4.81
4.01
10034:
2.17
2.91
10035:
2.36
4.52
4.65
4.11
4.33
4.23
3.46
3.35
3.6
3.23
3.88
3.64
3.89
4.04
3.72
3.75
3.88
4.01
4.12
5.14
10036:
3.2
3.3
3.5
3.25
3.85
3.54
2.93
3.68
2.74
3
3.24
3.57
4
3.88
4.58
3.98
3.63
3.95
2.48
2.99
3.71
3.3
4.21
3.94
3.91
4.19
3.89
3.77
3.84
2.91
3.6
3.02
2.89
3.43
3.28
3.42
3.73
3.68
3.45
3.86
3.32
3.82
4.25
4.01
3.88
4.06
4.65
4.58
3.07
4.05
3.22
3.75
3.75
2.96
3.57
4.33
3.09
4.91
3.33
4.03
3.82
4.39
3.16
4.44
3.19
4.5
3.51
4.09
3.8
3.96
4.68
3.98
3.79
3.23
3.92
4.22
4.05
3.19
4.09
4.1
3.67
3.34
4.74
4.02
2.89
3.78
3.49
3.86
3.83
3.56
3.29
4.23
3.48
4.13
3.51
3.2
3.22
3.89
3.41
4.15
4.24
3.77
3.49
4.46
3.22
2.89
3.7
3.14
3.3
3.83
3.84
3.31
3.5
3.93
3.4
3.64
4.61
3.33
3.46
3.9
3.67
3.78
3.81
3.54
3.9
3.34
4.24
4.52
3.44
3.26
3.94
3.09
3.19
4.07
3.46
3.17
3.82
3.79
4.05
2.98
4.67
4.12
3.16
3.62
3.29
4.61
3.34
3.82
3.36
3.18
3.88
3.92
3.98
3.4
3.67
3.32
4.83
3.46
3.64
4.4
4.06
3.35
3.91
4.04
3.64
3.63
4.03
4.36
3.79
3.44
3.26
3.46
4.14
3.37
3.91
3.82
3.49
4.09
4.03
4.39
3.66
4.38
3.16
3.78
4.71
3.54
3.61
3.6
3.97
3.67
3.86
3.19
3.88
4.74
4.06
2.86
3.65
3.87
3.05
3.74
3.78
3.73
3.43
3.72
2.77
4.84
3.77
3.95
3.22
3.53
3.68
3.37
4.36
3.41
3.39
10037:
4.15
3.25
3.43
3.99
3.87
3.9
3.46
2.95
3.31
3.9
3.25
3.34
3.45
3.5
10038:
4.35
3.49
3.29
3.47
3.28
3.78
3.79
3.07
10039:
1.99
1004:
2.5
2.55
2.92
2.91
3.45
3.15
3.26
3.92
2.39
3.25
3.4
3.91
3.54
3.2
2.79
2.39
2.99
3.3
2.9
3.12
3.43
2.92
2.78
1.74
2.75
2.37
3.07
3.19
2.59
3.2
3.22
10040:
3.42
3.22
3.94
10041:
3.69
3.14
3.29
2.91
3.29
3.35
3.94
3.24
3.57
2.95
2.63
3.6
4.09
2.89
3.39
3.65
3.35
2.82
3.11
2.58
3.08
3.37
2.88
3.13
3.54
2.56
3.45
2.95
3.48
2.98
3.53
10042:
4.25
3.72
4.24
3.85
4.06
4.53
4.74
3.67
4.76
3.86
4.3
3.86
4.33
4.05
4.18
4.56
3.72
4.52
4.37
4.24
3.9
4.58
3.2
4.07
4.22
4.78
4.36
2.86
4.38
4.27
4.16
4.36
4.19
4.73
4.2
4.86
4.01
4.2
3.78
3.49
4.29
3.97
3.82
3.7
3.95
4.63
4.19
3.64
4.02
3.63
4.06
4.54
4.77
3.55
4.93
4.66
3.34
4.29
3.52
3.97
4.19
4.07
4.21
4.06
3.31
3.47
3.91
4.52
3.94
3.51
3.79
3.62
4.2
3.84
3.67
4.75
4.56
4.07
4.12
4.39
3.59
4.07
4.36
4.11
4.64
3.8
3.95
4.37
3.47
4.58
3.83
4.27
5.23
4.01
4.07
4.5
4.1
4.2
4.08
3.88
4.45
4.52
3.89
4.93
4.39
3.99
4.1
4.14
4.82
4.08
4.56
4.18
3.53
4.49
3.62
4.01
4.21
3.55
4.25
4.79
3.4
4.89
4.17
4.91
4.48
5.21
3.48
3.88
4.25
3.72
3.82
4.25
4.11
2.18
4.02
4.06
4.88
5.16
3.73
4.78
4.01
4.97
4.07
3.98
4.12
4.1
4.28
3.49
3.71
4.55
3.8
4.32
5.13
4.16
4.45
4.01
3.94
3.46
3.56
4.39
3.14
4.67
4.17
4.22
3.93
4.68
3.9
3.84
3.99
4.29
4.6
4.6
3.69
3.85
4.57
3.88
4.3
4.8
5.08
4.27
3.71
4.15
4.68
3.89
4.22
4.81
3.8
3.34
3.98
4.57
3.76
4.11
4.59
3.75
4.59
4.75
4.61
3.99
4.19
4.33
4.24
4.46
4.26
4
4.36
2.71
4.39
4.2
4.29
3.9
3.82
3.94
4.75
4.69
4.83
4.55
4.48
4.39
4.11
4.42
3.98
4.43
4.68
4.4
4.17
4.36
4.57
3.83
4.1
4.07
4.2
4.22
4.11
3.95
4.78
4.09
4.57
3.85
4.35
4.27
3.79
4.9
3.65
4.51
4.4
4.46
4.98
4.48
4.1
4.33
3.55
4.15
5.04
4.04
4.04
4
3.66
4.44
4.32
3.58
3.6
3.52
4.16
4.81
3.37
4
4.03
4.45
3.86
3.89
4.14
4.64
4.03
3.77
3.52
3.7
4.09
4.41
4.2
4.2
4.12
3.84
4.48
3.91
4.35
3.94
3.59
4.6
3.86
4.34
4.35
3.71
4.41
3.79
4.48
3.71
3.97
4.22
3.92
4
4.36
4.21
4.27
4.18
3.47
4.17
4.09
4.17
4.35
4.38
4.15
3.87
4.34
4.06
4.09
4.59
3.81
4.62
4.55
3.89
4.4
3.82
4.57
4.35
4.52
4.57
4.58
4.24
4.7
4.13
4.61
4.2
3.57
4.5
3.87
4.27
4.34
4.94
3.89
4.66
4.62
4.36
4.61
5.25
3.77
4.47
4.43
4.86
3.84
4.4
4.83
3.86
4.52
3.95
3.55
4.25
4.31
4.52
3.98
4.26
3.86
3.85
4.06
4.05
4.15
4.04
3.63
3.81
4.91
3.8
5.02
4.12
4.07
4
4.06
4.93
3.46
3.27
4.31
4.3
4.15
4.22
3.57
4.32
3.86
4.6
4.08
3.94
3.68
4.16
4.19
3.68
4.17
3.53
3.67
4.95
4.19
3.44
4.05
4.37
4.04
4.01
3.85
3.94
4.11
4.17
4.39
4.07
3.45
4.49
4.66
3.66
4.32
4.07
3.71
4.3
3.68
4.81
4.32
3.42
5.14
4.17
4.32
4.79
4.19
3.65
4.5
4.78
4.37
3.79
3.86
4.61
3.61
4.21
4.29
3.49
4.02
2.81
3.86
4.05
3.86
4.68
4.18
4.17
4.56
4.27
4.36
3.99
3.97
3.64
3.92
4.64
3.28
4.54
4.75
4.63
3.73
4.34
4
4.47
4.04
3.75
3.78
3.66
5.23
4.17
4.5
3.18
4.37
4.93
4.26
4.1
3.95
4.71
4.96
4.52
4.37
4.81
3.77
3.49
4.25
4.32
3.97
3.77
5.06
3.71
3.28
4.03
4.14
3.81
4.19
3.88
3.58
4.19
4.13
4.46
3.99
4.24
4.18
3.77
3.22
3.43
4.09
3.66
3.05
4.74
4.33
4.48
3.47
4.23
4.14
4.52
4.11
4
4.49
4.55
4.99
4.52
3.84
3.9
4.48
3.81
3.71
4.03
4.98
4.2
4.09
3.45
3.21
4.87
4.29
3.68
3.85
4.43
4.74
3.92
4.98
4.96
4.56
4.13
3.67
4.59
4.43
4.05
4.65
4.95
3.6
4.95
4.36
4.16
3.28
3.07
4.69
2.42
3.99
4.48
3.94
3.86
3.54
4.39
3.84
3.76
4.44
4.1
4.46
4.61
4.01
3.63
4.17
3.63
3.85
3.57
3.54
4.67
3.72
4.41
4.14
3.34
4.16
4.13
4.72
3.39
3.93
3.66
3.7
4.1
3.95
4.34
4.69
4.59
4.16
4.19
3.75
3.88
3.48
4.1
4.32
4.38
3.94
3.65
4.19
4.42
4.15
3.64
3.31
4.27
3.98
4.02
4.76
3.57
3.95
3.63
4.69
4.27
3.78
3.91
3.86
4.96
3.88
3.72
3.6
4.09
4.15
4.07
3.67
4.19
3.46
3.33
4.29
3.97
4.22
4.35
4.23
3.9
4.1
3.67
4.97
4.19
4.39
4.54
4.38
3.64
4.34
4.28
4.5
4.46
4.96
3.96
3.89
3.97
3.9
4.14
4.18
4.26
4.6
4.44
4.03
4.35
3.97
4.29
3.13
4.54
3.38
4.14
4.44
4.62
4.06
3.65
3.86
4.23
4.12
3.84
4.51
4.69
4.96
4.33
3.55
4.24
3.65
3.84
4.85
3.93
4.43
3.59
4.13
3.93
3.98
4.77
3.93
3.89
3.74
4.69
4.15
3.99
4.09
4.31
4.33
4.52
4.15
4.12
4.27
3.43
3.99
4.33
4.3
4.52
4.04
3.96
3.72
4.02
4.05
3.68
4.23
4.56
4.2
4.61
4.38
4.08
4.36
4.06
3.66
4.62
4.8
4.2
3.48
3.8
4.27
2.99
3.57
3.68
4.21
4.14
4.72
3.77
4.66
4.18
3.96
4.05
3.86
3.03
4.12
4.15
3.5
4.45
3.71
4.12
4.59
4.43
4.41
4.83
3.77
4.7
4.68
4.01
4.3
4.28
RMSE: 0.92