10130:
2.9
3.9
3.4
3.6
3.0
2.7
3.5
3.0
3.3
3.5
3.0
3.3
4.1
3.9
4.2
3.2
2.1
3.8
4.0
2.8
3.7
3.4
3.3
3.9
2.7
3.1
2.9
3.8
4.0
4.2
3.4
3.6
4.2
3.1
3.4
3.9
3.3
4.0
3.4
3.5
3.2
3.8
3.9
4.0
4.0
3.2
3.5
3.2
3.9
3.5
3.3
3.3
3.9
3.1
3.4
3.8
3.2
4.1
3.9
2.6
4.0
3.5
3.1
3.2
3.0
3.6
3.8
4.0
2.8
4.1
4.2
3.1
4.4
3.1
3.5
3.2
3.5
3.7
3.3
2.9
3.7
3.8
3.8
3.4
3.8
4.2
3.6
3.6
3.4
3.6
3.9
4.1
4.1
2.7
3.7
3.0
3.9
3.2
4.2
3.5
3.0
3.6
3.1
3.4
3.5
3.4
3.6
3.5
3.7
3.6
4.1
3.4
3.4
3.8
3.2
3.8
3.2
3.6
4.2
4.1
3.2
4.0
3.7
4.4
3.9
4.1
3.0
4.1
3.4
3.2
4.0
3.6
3.8
3.2
3.4
2.8
3.8
3.4
4.0
3.5
10131:
3.3
3.9
3.5
3.1
3.4
3.5
3.6
2.6
2.9
3.1
10132:
2.9
3.5
3.3
2.8
2.2
2.5
2.3
3.2
2.7
3.4
2.8
3.1
2.0
2.5
2.6
3.3
2.9
3.2
2.6
2.9
2.7
3.3
2.8
3.0
2.7
3.3
3.0
4.1
2.9
4.0
2.1
10133:
2.6
2.9
1.9
2.2
3.0
3.0
2.1
2.8
3.3
10134:
3.9
3.8
4.0
3.9
3.3
10135:
3.5
3.4
3.8
3.6
3.6
3.9
4.0
4.1
4.0
2.9
3.7
10136:
3.1
3.3
2.9
3.6
10137:
3.4
3.3
4.2
3.7
4.2
4.6
3.6
3.5
4.3
4.0
4.7
4.0
4.6
3.6
3.8
2.0
3.3
3.6
3.7
3.6
4.5
4.2
3.7
4.3
3.4
3.4
3.7
3.9
3.5
3.9
4.2
3.6
4.4
4.2
10138:
3.0
2.2
3.0
10139:
3.5
4.0
3.9
3.7
3.4
3.8
3.8
3.9
3.3
3.3
3.4
3.8
3.1
3.8
3.2
3.6
3.7
3.6
3.5
1014:
2.4
2.2
2.7
2.9
2.8
3.4
2.5
2.5
2.6
2.8
2.2
2.1
3.2
2.4
2.1
2.5
3.4
2.7
2.3
3.1
3.1
2.3
1.8
1.5
2.9
2.3
2.7
2.7
3.0
2.1
2.2
2.2
2.9
2.5
1.2
2.0
1.6
1.8
1.8
2.5
2.1
2.9
1.6
2.2
3.0
10140:
4.2
4.3
3.3
4.1
3.6
5.0
3.8
3.6
5.0
3.8
3.1
3.7
3.4
3.2
3.1
3.5
3.2
3.8
3.5
3.1
4.4
3.7
4.0
3.1
3.4
3.3
4.0
3.8
3.1
4.7
4.0
3.1
4.0
4.1
4.3
3.6
3.4
3.5
4.5
3.8
4.2
4.0
3.6
4.2
4.4
3.9
3.6
3.4
4.5
3.8
4.1
4.8
4.6
4.5
4.5
10141:
4.0
4.4
4.4
4.7
4.6
3.9
4.5
4.6
4.1
3.6
3.9
4.9
4.1
5.2
4.0
4.5
4.6
3.6
3.8
3.8
3.8
4.6
3.7
4.4
4.8
4.2
4.8
4.3
4.4
4.5
4.1
4.1
4.2
4.7
5.2
5.0
3.7
3.7
4.3
4.1
4.6
3.1
3.7
4.8
3.7
4.6
4.4
4.2
5.0
4.7
3.8
3.8
4.3
5.3
4.3
4.5
3.7
4.7
4.9
4.1
4.5
4.3
4.5
4.0
4.2
4.1
5.0
4.8
3.9
3.7
3.5
4.7
4.3
4.2
3.8
4.2
4.7
4.3
4.1
3.4
4.2
5.1
10142:
3.5
3.5
3.3
3.7
3.8
3.2
3.2
3.2
3.8
3.1
2.8
4.0
2.9
3.0
4.4
3.7
4.3
2.9
3.5
3.0
2.7
3.5
4.1
3.3
10143:
4.4
3.7
3.8
4.3
4.1
3.6
3.8
3.5
4.0
3.3
4.1
4.0
4.2
3.5
3.8
3.8
4.1
3.7
3.7
4.2
3.5
4.2
3.8
3.5
3.9
3.8
3.9
4.2
4.3
3.8
4.0
3.6
5.0
3.7
3.5
3.9
4.3
3.7
5.0
4.4
3.8
2.7
4.5
3.7
4.4
4.2
3.5
4.6
4.4
3.8
4.0
4.0
4.3
4.3
3.8
3.7
4.0
4.0
3.7
3.8
4.1
3.4
3.9
3.9
3.5
3.9
3.7
3.6
3.1
3.9
3.9
3.8
4.1
4.0
4.1
3.9
3.7
3.5
2.6
4.2
4.6
3.7
3.4
3.8
4.4
4.0
3.8
3.6
3.9
3.7
3.7
10144:
2.8
3.8
2.9
3.3
3.7
3.4
2.8
3.6
3.6
3.6
3.3
3.4
3.7
3.7
3.5
3.1
3.0
3.9
3.5
3.4
2.7
3.2
3.5
10145:
1.6
2.1
3.0
2.8
3.6
2.5
10146:
3.8
3.5
3.3
3.2
3.2
3.3
10147:
4.2
4.2
4.1
4.3
3.7
4.2
4.3
4.0
4.2
4.4
4.2
3.7
4.4
4.2
3.7
4.3
4.1
3.8
3.7
3.9
3.9
3.9
4.5
3.9
4.5
3.9
4.3
3.9
4.5
3.4
4.2
4.5
4.2
3.9
3.7
4.3
4.7
4.6
4.7
4.7
4.3
3.4
4.4
4.6
4.5
4.1
3.9
4.3
4.3
4.1
4.0
5.1
4.2
3.7
4.5
4.7
4.2
4.0
4.4
3.8
3.7
4.2
5.0
4.0
4.3
4.1
4.0
4.0
4.3
3.7
3.9
3.5
3.4
4.3
3.6
3.8
3.5
4.6
4.0
4.0
4.0
3.8
4.1
3.8
4.0
4.4
4.0
4.0
10148:
2.7
2.0
2.0
2.5
2.1
2.2
2.9
2.3
2.8
2.6
2.9
3.3
2.3
2.1
10149:
1.8
1015:
4.0
4.0
3.5
3.7
4.7
3.2
3.6
3.8
3.9
4.3
4.3
3.6
3.4
3.3
4.0
3.6
3.4
4.4
3.9
4.2
3.8
3.2
3.5
4.0
5.1
3.4
3.7
4.8
4.5
3.7
10150:
3.4
2.8
10151:
3.8
3.7
4.2
3.1
3.0
3.2
3.3
3.5
2.0
3.0
3.0
4.3
10152:
3.8
3.2
4.2
4.0
3.9
3.9
4.3
3.3
4.0
4.1
3.9
4.4
4.1
3.5
3.6
4.4
4.0
3.8
4.1
3.6
4.1
2.7
3.7
3.3
3.1
3.4
4.1
3.9
4.2
4.2
3.6
3.9
3.5
2.9
3.8
3.9
3.7
3.9
2.8
3.6
4.2
4.2
4.0
3.4
4.0
3.0
4.1
3.8
3.4
4.4
3.8
3.5
3.5
3.8
4.0
3.1
4.0
4.3
4.2
3.7
3.3
3.8
4.0
3.9
3.7
3.5
3.8
3.9
3.5
4.2
3.8
4.3
3.3
4.6
4.2
3.0
3.8
3.9
3.6
3.0
3.9
3.5
4.4
3.7
3.5
3.8
3.8
3.2
3.5
3.4
4.1
3.7
3.6
4.1
3.8
3.8
3.4
3.9
3.8
4.2
3.7
3.9
3.6
4.3
3.5
3.7
4.0
3.6
3.6
4.2
3.9
3.6
4.7
4.3
3.3
3.2
3.6
3.5
3.8
3.9
3.8
3.9
3.3
3.6
3.5
3.6
3.8
3.5
3.2
3.1
2.8
3.8
3.9
3.2
3.4
3.6
4.3
3.9
3.3
3.4
3.9
3.4
3.8
4.0
4.0
4.1
3.2
3.9
4.2
3.9
3.0
3.7
3.2
3.4
4.5
4.1
3.9
3.9
3.8
3.5
3.6
3.8
3.7
3.5
3.7
3.4
3.9
3.7
3.5
3.4
3.6
3.4
4.2
3.8
4.2
3.7
4.2
3.8
3.9
3.9
3.9
3.7
3.5
3.4
3.6
3.3
3.7
3.8
3.6
3.5
4.0
4.3
4.5
3.4
3.6
3.7
3.8
3.7
4.2
3.9
3.3
3.9
2.8
3.3
3.3
3.3
3.3
3.4
3.9
2.9
3.5
3.8
4.0
3.5
3.6
3.9
4.0
4.1
4.2
3.4
4.0
3.2
3.7
3.7
3.2
3.9
3.7
3.8
3.3
3.5
3.9
3.9
2.9
3.5
4.3
4.1
3.7
3.1
3.9
3.7
3.4
3.8
3.9
4.2
3.9
3.6
3.1
3.7
4.1
3.8
3.1
3.7
4.2
3.8
3.8
4.5
3.7
3.6
3.9
4.2
3.4
4.3
10153:
3.2
3.3
2.1
3.0
3.7
2.9
3.2
2.6
3.1
3.5
3.0
2.8
3.4
3.0
3.3
2.9
3.0
2.9
3.5
10154:
2.5
3.7
2.6
2.3
2.6
10155:
3.6
3.7
2.4
3.0
3.2
3.3
3.5
3.1
3.9
3.2
3.7
2.6
3.1
4.2
3.0
3.5
3.3
3.6
3.4
3.3
3.2
2.7
4.0
2.6
3.8
3.1
3.3
3.0
2.7
3.4
3.8
3.9
3.4
3.2
2.9
3.2
3.2
3.0
3.9
3.0
3.2
3.4
3.7
3.8
3.3
3.0
3.5
3.4
10156:
2.5
3.2
3.3
2.3
2.5
2.7
2.8
2.2
3.2
2.2
2.1
2.9
2.7
2.6
10157:
3.8
3.5
3.2
3.6
3.7
3.5
4.0
3.8
3.6
3.9
3.1
4.2
4.5
3.4
4.4
4.2
3.7
3.4
4.0
3.4
3.0
3.6
4.0
3.3
3.5
3.3
3.8
3.5
4.3
3.6
3.2
3.6
3.5
3.7
4.3
3.9
3.7
3.5
3.7
3.3
4.0
10158:
3.9
3.8
2.5
3.2
3.6
3.9
4.2
3.9
3.7
3.7
3.4
3.2
4.0
3.5
3.6
3.8
3.1
3.7
4.0
3.7
3.6
2.9
3.2
3.8
3.3
3.8
3.2
4.0
3.3
4.0
3.5
3.9
4.0
3.9
3.6
3.6
4.2
4.0
3.5
4.5
3.6
4.6
3.7
3.2
4.1
3.9
4.4
3.4
4.1
4.1
4.5
4.4
3.6
3.6
3.1
3.2
3.2
3.2
3.4
4.0
4.0
4.4
4.2
3.0
4.8
3.4
3.7
3.5
4.7
3.6
2.8
3.6
3.4
4.0
3.9
4.4
2.9
3.5
3.4
3.1
3.0
3.4
3.5
3.7
4.2
4.3
3.2
3.8
3.6
3.4
3.7
3.9
4.2
4.1
3.5
4.0
3.5
3.8
3.3
3.6
3.6
3.9
3.8
3.6
3.6
3.5
2.9
3.5
3.5
3.8
3.3
4.1
3.5
3.6
3.3
4.2
3.4
2.4
3.3
3.4
3.8
3.4
3.3
3.4
3.6
3.5
4.3
10159:
4.2
3.8
4.9
3.3
3.7
3.8
4.4
3.9
3.6
3.9
3.6
4.0
3.5
3.8
3.8
3.9
3.6
4.1
4.8
4.0
3.8
4.0
4.4
4.3
3.4
3.9
3.8
3.8
4.0
3.9
3.6
3.7
4.0
3.2
3.9
3.4
3.6
4.5
4.1
3.6
3.7
4.1
3.7
3.3
3.2
4.0
3.7
4.2
3.8
3.6
4.3
1016:
1.0
10160:
3.0
2.6
10161:
2.9
3.5
3.4
4.4
3.8
10162:
3.7
3.5
4.3
3.6
4.0
4.0
4.4
3.9
3.3
3.9
4.1
4.1
4.1
4.2
4.3
3.7
3.4
3.9
3.7
4.2
3.0
4.0
3.9
4.7
4.1
4.0
3.5
4.0
2.9
3.6
4.1
3.8
4.3
2.6
3.8
4.5
3.8
3.6
3.5
3.8
4.2
3.9
3.7
3.4
4.5
3.9
4.2
4.1
3.8
3.8
3.7
3.9
3.6
4.0
4.1
4.0
4.2
4.2
3.8
3.0
4.2
4.4
3.6
3.7
4.5
4.0
4.3
3.9
3.7
3.7
4.5
3.9
4.6
4.0
3.9
4.2
4.5
4.0
3.6
3.8
3.8
3.8
3.7
4.1
4.0
3.7
3.6
3.7
4.0
3.1
4.4
4.0
4.3
3.4
3.4
3.1
3.8
3.7
4.0
4.3
3.6
3.6
3.7
4.5
2.7
4.0
3.2
4.0
3.8
3.4
3.5
4.4
4.0
4.4
3.9
4.6
3.3
4.4
4.5
3.4
3.7
4.0
3.6
3.7
3.9
3.6
4.0
4.4
4.4
3.3
3.4
4.2
3.7
4.2
3.8
3.6
3.8
4.1
4.1
3.4
3.8
4.3
3.7
4.5
3.5
3.8
4.0
3.6
4.0
3.5
4.0
3.6
3.8
3.7
3.9
4.0
4.3
4.2
4.0
3.6
4.1
3.8
2.5
3.7
4.0
10163:
1.5
2.4
10164:
4.5
3.9
3.4
4.1
4.7
4.0
4.0
4.0
3.1
3.6
3.8
3.9
3.4
4.0
3.9
3.8
4.3
4.2
3.4
3.8
4.5
10165:
3.4
1.5
2.7
3.1
2.3
3.1
2.5
1.6
3.5
2.4
2.7
2.8
2.9
2.4
10166:
1.4
2.3
1.6
2.4
0.7
1.6
10167:
3.3
3.0
2.7
10168:
3.3
2.5
1.8
2.6
2.4
3.2
2.6
3.3
3.1
2.8
2.8
3.4
2.4
3.1
3.2
2.9
3.6
2.9
2.6
3.4
3.4
3.3
3.1
1.8
3.2
3.2
2.7
3.1
3.2
3.1
3.4
2.9
3.3
3.1
2.4
3.4
3.8
2.8
3.4
3.3
3.3
3.1
2.1
3.1
1.9
3.6
3.0
2.8
3.4
2.6
3.4
4.0
2.8
3.3
2.8
3.1
2.6
2.8
3.4
2.1
2.8
3.0
3.9
3.6
2.8
2.8
1.7
4.0
3.6
3.0
2.6
3.7
2.9
2.9
2.6
3.1
2.9
2.5
3.2
1.8
3.9
3.2
2.6
2.4
3.9
3.5
3.2
4.1
3.2
3.6
2.0
3.0
3.6
2.2
3.4
2.2
3.9
3.3
3.3
3.6
2.5
3.4
3.1
4.2
2.0
3.6
3.0
2.7
3.1
3.2
3.2
3.8
3.1
3.3
3.1
3.0
4.1
2.9
3.3
2.3
2.8
3.3
3.2
2.6
3.1
3.3
2.7
3.0
2.5
2.7
3.1
3.1
3.5
2.9
2.7
3.1
3.3
3.5
3.1
3.5
2.9
3.3
2.2
3.3
2.9
3.3
3.5
3.2
2.9
2.5
2.9
3.1
2.8
2.9
3.8
3.4
3.3
2.9
3.1
3.0
3.2
2.4
2.7
3.2
2.6
3.0
2.7
2.8
2.5
2.4
3.1
3.2
3.1
3.6
2.8
2.1
3.4
3.3
3.2
3.7
2.7
1.6
2.9
3.1
3.1
3.9
3.3
3.0
3.0
3.5
2.5
2.6
3.2
3.3
2.6
3.0
2.7
2.5
2.1
2.5
2.5
2.6
3.1
1.9
2.7
3.1
2.4
3.0
3.4
2.4
2.8
3.1
2.8
2.5
2.6
3.2
3.3
3.3
3.2
3.2
3.9
3.8
2.7
2.9
2.3
3.1
3.0
3.5
3.2
3.2
3.0
2.4
2.6
2.4
3.1
3.1
2.9
3.5
4.0
3.1
2.8
2.5
2.8
3.5
3.1
2.9
3.1
3.3
2.3
2.6
2.1
2.9
2.6
3.5
4.1
2.9
3.2
2.9
3.8
3.0
2.5
4.2
2.6
3.7
3.5
3.2
3.9
2.5
3.2
2.7
3.1
2.5
4.2
3.5
3.0
2.9
3.6
3.5
3.4
3.2
3.2
2.4
2.7
3.4
3.3
2.2
3.4
2.8
2.6
2.9
3.0
2.8
2.7
2.6
2.5
2.5
2.9
3.3
3.7
3.0
2.9
3.4
2.8
2.6
2.3
3.1
2.8
2.5
3.2
2.6
3.1
3.3
3.7
2.6
3.0
3.2
2.7
2.8
2.7
3.3
2.2
3.1
2.7
3.1
3.1
2.9
2.8
2.7
2.4
3.0
3.6
3.4
4.1
3.1
4.3
2.5
3.9
3.3
3.4
2.6
3.2
3.1
2.6
2.3
3.6
2.6
3.3
3.8
3.4
3.5
2.8
2.4
3.0
2.6
2.6
2.8
2.5
2.9
3.4
3.7
2.7
2.9
3.1
2.7
3.3
2.6
3.6
3.3
3.2
2.6
3.5
2.6
2.7
2.7
2.7
2.6
2.6
2.7
3.7
2.9
2.7
3.1
3.3
3.2
2.0
3.1
3.3
2.8
3.9
2.7
2.4
3.4
3.9
2.8
2.3
3.4
3.0
2.8
2.7
2.8
3.0
2.8
3.0
3.1
2.4
2.7
3.3
3.7
2.9
3.0
2.3
2.9
2.3
2.9
3.0
3.0
3.0
2.4
3.2
2.6
2.2
3.1
3.2
3.3
2.9
3.2
2.6
RMSE: 0.96
