2423:
3.2
3.4
3.1
2.6
2.8
2.8
2.7
3
2.8
3
2.4
3.3
3.3
3.2
3
2.9
3.1
2.2
2.6
3.1
3.5
3.1
3.5
1.6
4.2
2.9
2.3
3.8
2.7
2.6
3.1
3.7
2.9
2.3
2.5
3.3
2.7
3.4
3
2.9
2.5
2.6
3.4
2.8
2.4
2424:
3.7
3.5
3.2
3.9
3.4
3.8
3.4
3.7
3.8
3.6
1.6
3.1
4.2
3.7
3.5
3.6
3
3.5
4.3
2.5
3.4
3.5
3.9
3.8
4.3
4.4
4.1
3.5
4
4.1
2.9
3.7
3.8
3.9
4.5
3.3
3.7
3.8
3.9
3.5
3.8
3.3
3.5
3.6
3.3
3.4
4.6
3.8
3.6
3.5
3.9
3.6
3.4
3.4
3.7
3.7
3.7
3.8
3
3.6
3.6
3.7
3
4.2
3.8
3.4
3.3
3.6
3.7
3.5
2.9
4.1
3.1
3.4
3.6
3.7
2.8
3.6
4
4.2
3.8
3.5
3.2
3.7
4.3
3.6
4.8
3.8
3.3
3.2
2.5
3.6
3.4
2425:
3.2
3.9
3.6
2426:
1
1
2
1
1.8
1.2
1.4
1.1
1
1.8
2427:
2.7
2.3
2428:
2.5
2429:
3.2
2.5
243:
2.9
3.1
2.9
3.1
2.6
2430:
3.7
4.1
4.2
3.7
4
4.4
4.6
3.6
4.1
4.1
4.5
4.2
4.5
4
3.5
4.2
4.2
3.5
4.2
3.9
4.4
3.5
4.6
3.8
3.8
3.9
4.7
5
3.9
3.7
4.5
3.6
4.5
4.5
3.9
3.9
4.4
4.6
4
4.7
5
3.7
4.2
3.7
4
3.8
3.8
4.9
3.6
4.3
4.2
4
3.4
4.4
4
3.6
4.4
3.8
4
4.2
4
4.2
4.6
4.6
3.8
4.5
3.9
3.8
3.6
4
4.4
4.4
5
4.3
3.9
4
4.3
4
4.2
4.3
3.6
3.9
3.9
4
3.7
4.1
4
3.9
4
4.5
3.9
4.2
3.7
3.7
4.5
4.3
4.1
4.2
4.2
4.5
4.3
4.7
3.6
3.7
4
4.3
3.3
4.3
3.9
4.2
4.3
4.4
2.8
3.5
3.3
4
4
3.5
3.7
3.9
4.6
4.3
3.6
3.9
4
3.9
3.8
4.2
4.4
4.3
4.5
4.1
4.2
4.5
4.7
4.1
3.7
4
3.9
4.3
3.8
3.9
3.8
3.9
4.2
4.1
4.9
4.1
4.5
3.7
3.8
4.5
4.3
3.1
4.1
3.7
4.4
4
4.8
4.2
3.8
3.7
4
3.8
4.3
4
4.2
4.2
4.3
5
3.8
3.8
3.4
4.1
3.8
4.8
4.3
4.5
4.7
4
4.6
3.7
3.9
4.3
3.9
3.6
4.3
4.7
4.7
4.6
3.6
3.8
4.3
4.1
4
3.7
3.4
4.2
3.9
4.3
4.9
3.8
4.4
4.3
4.4
4.3
3.5
3.2
3.7
3.4
3.7
4.1
4.3
4.1
4.1
3.1
4.6
3.9
4.7
3.6
4.2
3.9
4.5
4.1
4.4
3.6
4.5
3.2
4.1
4.1
4.5
4
4.3
4.6
4.5
3.6
3.7
3.5
3.5
4.1
4.3
4
4.3
4.2
3.8
4.3
4.5
3.4
4.2
4.6
3.4
4.5
3.7
4.2
3.9
4
4.3
4.5
4.2
3.6
4.1
4.4
3.6
4.6
3.8
3.5
4.3
3.8
4.3
4.5
3.7
3.9
4.1
4.4
3.8
4.2
4.4
4
3.4
3.7
3.5
3.5
4.4
4.5
4
3.9
4.3
4.3
3.5
4
3.7
4.2
3.6
3.7
3.8
3.8
4.6
3.9
4
4.1
4.4
4.1
4.3
4.4
4.7
4.5
4.2
3.8
4.5
3.3
4.3
4.3
4.5
4.6
3.6
3.4
4
3.6
3.4
3.1
4.1
4.8
3.9
3.8
3.5
3.7
3.8
4.4
4.2
4
3.8
4.3
4.2
3.9
4.2
3.3
4
3.6
4.5
3.5
4.6
4.2
5
4.6
4.2
3.9
4.8
4.5
4.4
3.9
4.4
3.7
4
4
4.1
3.9
4.4
3.8
4.3
4.6
4.2
4.1
3.8
4.3
3.4
4
5
3.9
3.7
4
3.7
3.7
4
4.7
4.7
4.3
4.6
4.8
4.2
3.3
4
3.9
4.2
4.6
3.7
4.3
3.6
4.2
4.3
4
2.9
4.2
3.4
3.6
3.8
3.2
4
4
4.3
3.4
4
4
4.3
4.2
4.5
3.9
4.8
3.4
4.2
3.5
4.3
4.2
3.9
3.7
4.7
4.1
4.2
4.3
3.9
3.4
3.8
3.8
3.7
3.7
3.3
3.8
4.4
4.2
3.6
3.9
4.2
3.6
3.5
3.8
4
4.6
4
4
3.9
4.4
4
3.6
4.7
4.4
3.6
3.8
3.7
3.6
4
4.5
4
4.3
4.4
4.3
3.7
4
4.1
3.6
4.2
4.3
4.3
4.9
4.2
4.3
4
3.7
3.6
4.3
4.2
3.5
4.2
3.7
3.6
3.8
3.8
4.1
4.1
4
3.9
4.2
4.4
4.2
4.1
4
4
4.5
3.6
4.3
3.9
3.5
3.6
4.4
4.2
4.2
3.8
4.2
4.5
4.6
3.6
5
3.1
3.7
3.9
4.1
4
4.9
3.6
4.3
5
4.6
4.5
3.9
3.6
4.2
3.7
4.4
4.5
4.4
4.4
4
3.6
4
3
4.1
3.6
3.3
3.6
4.1
4.8
3.8
4
3.8
3.3
4.3
4.6
3.7
4
3.8
4
3.9
4.1
4.2
4.1
4.6
3.8
4
4.2
4.8
4.3
3.9
4.4
4.2
3.3
3.7
3.7
4.6
4.8
4.4
4.3
4.1
4.4
3.5
3.8
3.6
4.9
3.7
3.5
3.6
3.8
4.1
4.2
4.7
4.3
3.7
4.8
3.8
4.2
4.2
4.1
4.5
4.2
3.8
4.3
3.9
4.5
4.4
3.7
4.6
4.2
3.8
4.3
4.2
4
4.4
3.4
4.3
3.9
4.3
3.9
4.5
4.9
4.1
4.1
3.5
4.4
4.7
4.4
4.4
4
3.3
4
4.1
3.9
4
4.2
3.7
4
4.6
4.5
3.8
3.4
3.4
4.9
3.7
3.5
3.9
3.8
4.1
4.3
4.9
4.3
3.6
4.5
4.5
3.7
4.2
4.1
3.9
4.2
3.6
3.3
4.6
4.6
4.2
4.2
3.9
3.7
4
4
3.4
3.8
4.4
3.7
3.8
3.8
3.6
4
4.2
3.6
3.9
3.8
4.1
3.9
4
4.4
3.3
3.6
4.1
3.8
3.5
4.1
4.6
3.7
3.8
3.9
4.5
3.9
4.2
4.5
3.5
4.6
4.3
3.6
5
4
4.3
4.4
4.2
4.4
4.2
3.8
3.5
3.7
3.3
3.7
4.6
4.9
4.1
3.6
4.4
5
3.9
4.6
3.6
3.8
3.8
4
2431:
3.7
3.4
3.1
3.3
2.9
3.6
3.7
3.4
3.5
3.8
3.2
4
3.2
2.5
4.4
3.1
4
3.2
2.9
3.7
3.6
4.3
3.3
2.8
3.1
2.7
3.7
3.6
3.6
2432:
1.9
1.8
2
1.6
2433:
3.9
4.6
3.9
4.2
3.2
3.6
3.2
3.9
4.9
4.4
4
3.8
4.1
3.5
4.5
4.6
4.4
2.3
3.2
4.1
4
4
4.4
4.1
4.1
4
3.9
3.6
4.1
3.6
4.8
3.4
4.2
3.7
3.9
4.2
4
3.9
4.1
4.5
3.9
3.4
3.8
3.5
3.7
3.7
4.4
4.6
3.8
3.5
4.3
3.4
3.4
4.5
2434:
2.9
2.4
2.5
3.1
2.9
3.2
3.1
2.8
2.8
2.4
3.6
3.4
2435:
2.6
3.5
4
3.1
3.6
3.5
3
3.7
3
2.3
3.6
2.7
2.3
2.4
3.4
2.7
3
3.5
2.1
3.5
2.5
4
2.9
2.6
2.9
2.6
3.2
3.5
2436:
1.5
2.1
2437:
1.8
1.5
2438:
1.4
2439:
3.9
4.3
4.3
3.3
3.6
3.7
3.8
3.6
3.7
5
3.4
4.2
3.1
3.2
3.7
4.9
3.7
3.5
3.8
3.6
4.4
244:
3.6
2440:
4
4.5
3.7
4.3
3.8
4.1
4.2
4.1
4.4
3.7
4.1
4.5
4.1
3.5
4.1
5
2.9
4
5
4.3
4.4
2.5
4.4
4.9
3
4.6
3.9
4.1
4
4.2
3.3
4.3
4.4
3.8
5
3.4
4.1
3.4
3.4
4
3.5
4.1
3.8
3.3
2441:
4
4.1
3.5
4.4
4.6
4.1
4.4
4.2
4.6
4.6
4.3
3.9
4.4
4.6
4.4
4.3
3.4
4.3
3.6
3.6
4.4
4.1
4.2
4.4
4.4
4.5
4.5
3.9
4.3
4.3
4.2
4.5
4.1
4
5
3.9
4.5
3.9
5
4.8
4.4
5
3.5
4.3
3.6
4.3
4.2
4.5
3.9
4.3
4
4.9
3.7
4.1
3.9
4.4
3.5
4.6
4.6
4.4
4.2
4.1
3.8
4.1
3.5
3.8
3.6
3.9
4.2
3.9
4.2
4.2
4.3
4.3
4.2
3.5
3.9
4.2
4.6
4.1
3.5
4.2
4.1
4.5
4.3
4.3
4
4.5
4.1
4.4
4.1
4.1
4
3.4
4.5
4
4.1
4.5
5
3.8
4.4
5
3.9
3.9
4.2
4.4
4
4.4
5
3.7
4.8
4
4.6
3.5
3.9
4.5
4.6
4.4
4.8
3.9
4.5
3.9
4.4
4.3
4.3
3.6
3.8
4.3
3.8
3.7
4.5
4
3.9
3.4
4.6
3.9
4.5
4
3.1
4.2
4.7
3.2
4.3
4
3.7
3.7
3.4
4.4
4.2
3.8
5
3.9
4.1
3.9
4.9
4.6
3.6
4.1
3.6
4.4
3.9
4.3
3.4
4.7
4.2
4.3
3.5
3.1
4.4
4.6
3.7
4.4
5
3.9
4.9
4.2
3.8
3.9
4.1
4.8
4.4
3.8
4.8
4.5
4.3
3.9
4.7
4.1
4.2
4.1
3.9
4.2
4.9
4.6
4.5
3.8
3.9
4.1
5
3.8
3.8
4
4.6
3.9
3.8
4.7
4.1
4.2
4.2
4.5
4.2
4.1
4.1
4.3
3.8
5
4.1
5
5
4.3
3.6
4.4
4.1
3.8
4.1
3.7
3.9
4
4.2
4.4
4.2
4
4.1
4.4
4
3.6
4.6
4.3
4.3
3.9
4.2
3.8
3.7
4
4.1
4
4.2
5
4
4.5
4.7
4.4
4.4
3.9
4.7
3.6
3.9
4.5
3.6
4
4.1
4.1
4.1
4.1
5
5
4.1
4.5
4.2
4.4
3.4
4.1
4.1
4.3
4
4
5
4.4
3.7
3.6
3.2
3.2
4.1
4.3
3.8
4.2
4.2
3.5
4.1
3.4
4.8
4.3
4.7
4.3
4.2
3.5
4.1
4.9
3.5
3.7
4.3
3.5
4.6
4.1
3.9
4.2
4.1
4.3
3.9
3.7
4.7
3.9
4.2
4.1
5
4.8
4.3
4
4
3.9
4
4.4
4.5
3.9
3.6
4.8
4.1
3.8
4.5
4.5
4.5
3.9
3.7
4.5
4.5
4.1
3.7
4.6
4.1
4
4
3.1
4.3
4.2
4.3
3.9
4.7
4.2
4.2
3.6
3.9
4.7
4.5
4.7
4.3
4.5
3.9
4.1
4.3
4.4
RMSE: 0.89
