1:
3.71
3.31
3.62
4.74
3.73
3.93
3.41
3.72
4.06
3.54
2.99
3.61
4.00
4.02
2.81
3.97
3.61
4.53
4.16
4.21
3.10
5.08
3.55
10:
2.92
2.66
1000:
3.21
2.90
2.61
4.61
3.74
3.37
3.23
3.90
2.96
2.47
3.25
3.50
3.21
4.29
3.89
3.01
2.97
3.00
3.16
3.61
3.34
3.88
2.35
3.02
4.02
3.06
3.58
10000:
3.64
3.49
10001:
3.42
4.32
3.74
2.72
4.34
3.45
3.47
4.01
3.96
3.56
4.15
4.16
2.93
4.20
3.64
3.49
4.40
10002:
4.28
3.31
4.73
4.01
10003:
2.40
10004:
5.08
4.10
4.32
3.91
4.69
4.33
4.45
4.31
4.29
4.23
4.39
3.95
4.29
3.88
4.42
4.34
4.44
4.43
4.62
4.03
4.26
4.02
4.07
4.15
5.32
3.83
4.17
4.36
3.48
4.81
4.55
10005:
3.54
4.00
3.22
2.88
2.99
10006:
3.74
3.17
3.93
2.66
10007:
2.07
2.67
2.25
2.25
2.03
2.51
2.14
2.86
2.45
2.77
2.25
2.55
2.33
10008:
4.68
3.21
3.48
2.68
4.20
3.96
3.94
10009:
2.97
3.38
4.54
2.64
2.54
3.29
1001:
4.35
3.36
2.96
3.11
3.95
3.93
3.66
3.36
2.61
3.60
3.55
3.79
2.85
3.51
3.32
3.23
3.93
3.73
2.84
3.06
2.85
3.66
3.24
2.68
3.45
2.96
3.53
3.55
3.64
4.09
3.59
4.64
2.88
3.38
3.36
3.38
4.00
2.64
2.69
3.64
3.89
2.94
3.55
3.92
4.01
3.60
3.28
3.06
3.11
3.99
3.09
2.26
2.44
3.60
3.71
4.08
2.82
3.37
3.47
3.07
3.34
3.04
3.02
2.86
3.92
2.84
2.73
2.91
3.91
3.41
2.90
3.06
3.45
2.89
3.02
3.65
2.53
2.60
3.44
3.46
3.64
3.92
2.47
3.54
3.35
3.24
3.27
3.98
3.26
2.78
3.97
3.40
3.57
3.70
3.03
2.64
3.02
3.08
3.22
3.35
3.47
3.39
2.97
2.94
3.38
3.36
3.59
3.67
3.58
2.63
2.93
3.27
3.31
2.92
3.31
2.60
2.93
3.76
3.63
2.98
3.21
3.39
3.14
3.39
3.17
3.28
2.97
3.73
3.33
3.11
3.37
3.65
3.53
3.11
10010:
2.23
2.02
2.06
2.90
2.61
2.19
2.34
2.12
1.66
2.46
1.83
1.81
1.95
1.65
2.80
2.12
1.84
2.58
1.19
2.19
1.62
1.80
1.87
10011:
4.43
4.07
10012:
3.05
3.97
2.91
3.04
3.64
3.72
2.41
3.23
2.93
3.24
3.69
3.03
2.91
10013:
3.54
3.20
3.50
3.65
3.26
3.40
3.19
3.53
3.19
3.75
2.83
3.95
3.18
3.58
2.99
3.18
2.84
3.06
3.30
2.76
2.95
2.63
3.13
3.57
3.58
3.13
3.29
2.52
2.76
3.25
3.05
2.71
2.88
3.73
3.04
2.90
3.33
3.90
3.72
2.69
4.00
3.21
3.40
3.30
3.40
2.68
3.17
3.38
2.89
3.51
2.94
3.06
3.50
3.75
3.23
2.60
3.76
10014:
3.06
3.95
2.54
3.56
3.03
10015:
3.75
3.24
2.85
3.47
3.86
3.46
4.03
3.81
3.84
3.32
3.93
3.62
3.39
4.07
4.07
3.42
3.72
4.12
3.70
4.10
5.13
4.09
4.59
2.81
3.14
3.27
4.10
3.65
10016:
2.68
1.87
2.17
2.80
3.62
10017:
3.03
3.37
3.09
10018:
4.68
3.83
2.80
3.02
3.39
3.73
3.51
3.22
2.31
3.91
3.51
3.91
3.86
3.74
3.24
3.63
3.39
3.58
3.39
3.58
3.47
3.17
4.00
4.10
3.35
3.94
3.53
3.82
3.68
4.06
10019:
3.40
3.05
3.72
2.97
4.33
4.20
3.48
2.60
3.76
3.29
4.44
2.90
2.94
3.21
3.73
3.56
3.82
3.46
3.32
4.38
3.73
3.77
3.74
3.52
3.90
3.82
3.07
3.21
3.25
3.73
3.32
3.35
3.73
3.96
3.22
3.99
2.32
3.61
3.91
3.93
4.00
4.18
3.62
3.82
4.18
2.90
3.78
4.14
3.87
3.60
3.02
3.21
3.82
3.23
3.30
2.33
2.79
3.15
4.34
3.16
2.84
3.34
3.27
3.33
3.82
4.73
3.33
4.72
3.53
1002:
3.15
2.75
3.30
3.47
3.33
3.57
3.85
2.37
3.40
3.39
4.00
3.45
3.27
2.99
10020:
3.94
4.10
3.71
4.24
3.91
3.69
3.94
4.32
4.27
4.00
3.94
4.95
3.78
4.06
3.98
3.94
4.29
3.60
4.20
3.60
4.42
3.38
3.81
3.74
3.29
2.49
4.24
10021:
1.98
2.43
2.49
2.09
10022:
2.13
3.19
2.90
2.68
3.23
3.22
2.50
2.54
10023:
3.98
3.86
3.90
3.55
4.80
3.55
3.30
3.82
3.48
3.94
4.40
10024:
3.48
3.95
3.27
3.81
3.43
3.06
3.04
3.17
3.67
3.69
10025:
2.86
10027:
4.57
3.70
3.61
3.72
3.03
3.64
3.52
4.26
3.36
4.15
3.80
3.85
4.05
3.35
3.91
4.34
3.63
4.09
4.23
3.97
3.54
4.20
3.83
3.67
4.28
4.07
4.41
4.53
4.69
4.54
4.60
4.10
3.30
3.68
4.08
4.55
4.74
4.08
4.13
3.57
4.23
4.20
5.09
3.76
3.68
4.31
4.12
3.96
4.41
4.36
3.92
4.32
3.71
3.62
3.51
4.28
3.55
3.60
4.42
4.25
3.66
3.69
3.32
3.25
4.56
4.94
3.28
4.17
3.33
4.29
4.21
4.18
4.02
3.83
4.57
4.01
4.30
4.15
2.97
3.74
4.78
4.90
3.01
3.80
4.08
4.34
3.84
4.11
10028:
2.81
3.06
2.73
3.81
3.95
2.67
4.12
10029:
3.00
3.91
3.78
2.80
10031:
3.24
2.59
3.49
2.43
3.92
2.84
2.64
2.27
2.63
10032:
3.08
4.83
4.20
4.31
4.10
2.73
3.52
3.39
3.84
2.44
3.19
4.24
4.73
3.47
4.14
2.79
3.69
3.46
3.46
3.68
3.21
3.53
3.30
3.54
3.58
3.06
3.46
3.52
4.20
3.22
3.59
3.81
4.14
3.79
3.40
4.02
3.31
3.28
3.42
3.40
3.53
3.65
3.41
3.01
3.39
3.61
3.97
10033:
3.60
3.27
2.33
3.35
3.19
2.61
3.02
2.78
3.23
2.85
3.40
3.14
4.42
3.66
10034:
1.64
2.33
10035:
2.62
4.68
4.80
4.29
4.49
4.40
3.67
3.56
3.80
3.45
4.07
3.84
4.08
4.22
3.92
3.95
4.07
4.19
4.30
5.27
10036:
3.30
3.40
3.59
3.35
3.93
3.63
3.05
3.77
2.86
3.12
3.35
3.67
4.07
3.96
4.62
4.05
3.72
4.02
2.62
3.10
3.79
3.40
4.27
4.01
3.99
4.25
3.97
3.85
3.92
3.03
3.69
3.14
3.02
3.52
3.38
3.52
3.81
3.76
3.55
3.93
3.42
3.90
4.31
4.08
3.95
4.13
4.68
4.62
3.19
4.11
3.32
3.83
3.83
3.08
3.66
4.38
3.20
4.94
3.43
4.10
3.90
4.44
3.27
4.49
3.29
4.55
3.60
4.15
3.88
4.03
4.72
4.05
3.87
3.34
3.99
4.28
4.12
3.30
4.15
4.16
3.75
3.44
4.77
4.09
3.01
3.86
3.59
3.94
3.91
3.65
3.39
4.29
3.57
4.19
3.60
3.31
3.32
3.96
3.51
4.22
4.29
3.85
3.56
4.51
3.33
3.01
3.78
3.25
3.40
3.90
3.92
3.41
3.59
4.00
3.50
3.73
4.65
3.43
3.55
3.98
3.75
3.86
3.89
3.63
3.97
3.44
4.29
4.57
3.51
3.37
4.01
3.20
3.29
4.15
3.55
3.28
3.89
3.86
4.12
3.10
4.70
4.18
3.27
3.71
3.39
4.65
3.44
3.89
3.46
3.29
3.95
4.00
4.05
3.49
3.75
3.42
4.86
3.55
3.73
4.45
4.13
3.45
3.98
4.10
3.72
3.72
4.10
4.41
3.86
3.54
3.37
3.56
4.20
3.47
3.98
3.90
3.58
4.15
4.09
4.44
3.74
4.43
3.27
3.86
4.75
3.63
3.70
3.69
4.04
3.76
3.93
3.29
3.95
4.77
4.13
2.98
3.74
3.94
3.16
3.83
3.86
3.81
3.53
3.80
2.90
4.86
3.86
4.02
3.33
3.62
3.77
3.47
4.41
3.51
3.49
10037:
3.88
3.02
3.20
3.73
3.62
3.64
3.22
2.74
3.08
3.65
3.03
3.11
3.22
3.26
RMSE: 0.98
