1000:
3.2
10004:
4.8
10005:
3.5
10006:
3.7
1001:
2.9
2.6
3.3
10013:
3.5
10015:
4.1
3.7
10018:
2.3
10019:
3.3
3.5
3.3
3.9
1002:
3.0
10027:
3.6
4.3
10036:
3.5
4.5
10037:
3.8
10041:
2.8
10042:
4.4
3.8
4.9
5.3
4.2
4.9
4.0
4.2
4.4
4.7
3.9
5.0
4.4
4.3
4.6
5.4
4.9
4.2
4.4
5.2
3.9
5.2
10043:
4.0
4.1
3.8
10044:
4.5
4.0
10048:
3.3
1005:
2.7
10053:
3.8
3.6
3.6
4.0
4.1
10054:
2.9
10055:
3.2
3.4
2.3
10059:
1.1
10060:
2.4
10061:
4.5
4.7
5.2
4.3
4.4
4.1
4.9
10063:
4.6
10065:
2.4
10072:
4.7
4.9
4.4
10073:
2.9
10078:
2.8
2.9
3.0
10079:
5.2
1008:
2.8
4.0
10080:
3.9
4.7
4.9
4.6
5.1
5.1
4.6
4.9
4.9
4.5
4.2
4.9
4.7
4.4
4.6
4.7
4.6
3.9
10081:
3.5
10082:
2.9
2.5
2.5
3.5
2.8
10084:
3.6
4.0
4.6
10088:
3.6
3.6
3.1
4.3
3.9
4.3
3.8
10090:
4.5
10095:
4.0
10096:
4.3
3.5
4.0
3.7
10097:
2.4
10099:
5.0
10100:
3.5
2.4
10101:
4.4
10103:
5.0
3.7
10105:
4.1
10107:
3.5
10111:
2.8
10114:
3.2
4.2
3.8
3.8
2.9
3.4
3.1
3.3
2.7
2.6
3.1
3.3
3.1
3.1
3.5
2.9
3.2
1.9
3.4
10117:
3.7
3.8
10119:
3.7
3.7
3.0
3.6
3.7
1012:
3.6
3.1
3.2
3.8
3.8
3.5
4.1
10123:
3.7
3.8
3.4
2.5
3.2
3.5
10125:
4.0
10126:
4.2
10128:
2.8
10130:
2.8
3.5
3.5
10132:
2.3
2.8
2.7
10133:
3.4
10136:
3.1
10137:
3.5
4.7
2.0
3.7
10139:
3.5
10140:
3.4
10141:
4.7
4.6
4.6
3.6
4.7
10142:
3.3
10143:
3.9
2.7
4.0
3.7
3.1
2.7
3.4
10147:
3.9
4.1
10148:
2.9
1015:
3.6
10152:
4.1
3.7
3.6
3.9
3.7
2.8
3.3
3.9
3.7
3.4
3.3
3.7
10153:
2.7
10155:
3.5
10157:
4.5
10158:
3.9
3.8
3.7
10159:
4.0
10161:
4.4
10162:
4.1
3.8
3.9
4.1
3.8
4.0
3.8
3.7
10168:
3.4
3.1
2.4
2.1
3.4
3.3
3.8
2.9
4.0
4.3
3.0
2.9
3.0
3.4
3.7
2.5
3.7
3.5
3.3
2.5
3.3
3.4
3.5
3.9
2.6
1017:
4.3
10170:
3.8
3.4
2.1
3.4
3.1
4.0
3.2
3.6
10172:
3.4
10173:
2.6
3.3
2.8
3.7
2.5
2.0
2.6
2.6
2.8
2.6
10176:
3.3
10178:
3.1
10179:
3.8
1018:
1.7
10182:
3.2
2.7
10186:
3.3
10189:
3.2
3.2
10190:
2.1
2.7
2.9
3.5
10191:
3.2
10199:
3.2
102:
3.0
1020:
3.7
5.5
3.9
4.5
4.5
3.7
4.9
3.8
4.3
4.9
4.6
4.9
3.5
4.7
3.4
4.4
10202:
3.9
4.5
10209:
4.4
2.9
1021:
4.3
10210:
1.5
10211:
3.2
10212:
3.8
3.2
10218:
4.5
10219:
2.4
2.8
1022:
2.9
10221:
2.9
10222:
3.7
3.4
3.6
10225:
3.9
4.6
4.1
3.8
3.7
3.8
10226:
3.1
2.9
2.5
2.8
3.8
2.9
3.5
3.4
3.4
3.9
10227:
3.7
10229:
2.4
3.2
3.0
2.6
3.1
2.7
2.9
2.1
2.8
3.1
3.0
2.8
3.7
1.9
2.4
2.0
2.5
3.0
2.9
3.3
2.9
3.0
1023:
3.3
3.0
10230:
3.0
2.8
3.0
10231:
3.5
3.5
3.4
3.8
3.7
4.0
4.2
3.7
4.0
3.8
4.3
3.9
3.3
3.9
3.4
4.1
3.1
3.7
3.9
3.6
3.1
4.0
3.9
3.6
4.0
4.0
4.0
4.1
3.6
3.8
3.5
3.5
3.7
3.2
3.9
2.8
3.6
3.5
3.9
3.7
3.2
3.5
3.7
3.5
3.3
4.0
3.5
3.9
10234:
3.0
10236:
3.3
10240:
2.9
1.9
10241:
3.5
3.1
2.9
3.7
10243:
3.2
3.3
3.0
10245:
2.9
10246:
2.8
10249:
2.3
10251:
4.1
10253:
2.9
3.2
10254:
3.8
3.8
3.2
4.6
10255:
3.5
3.5
4.4
4.1
4.0
1026:
3.9
3.6
4.0
4.6
10265:
3.5
1027:
4.1
3.2
3.1
3.4
3.5
3.6
3.5
3.8
4.0
3.5
3.8
10271:
3.2
10274:
3.1
2.8
2.8
10275:
3.0
3.9
3.9
3.8
4.8
3.1
3.5
2.6
3.7
3.6
3.3
4.5
4.2
3.8
3.5
4.0
4.1
3.6
4.0
3.8
10276:
3.5
3.6
4.5
4.5
4.4
3.8
10277:
3.7
3.4
4.1
4.0
4.2
4.2
2.9
3.7
3.2
4.1
10280:
3.7
10281:
3.4
3.4
3.0
3.8
3.6
3.3
3.7
10282:
2.5
2.4
3.0
2.7
10283:
3.8
10289:
3.4
10290:
3.5
2.8
10298:
3.3
4.0
3.7
4.2
4.5
10300:
3.5
3.8
4.3
10304:
1.1
10314:
2.9
3.8
3.0
2.9
3.8
3.3
2.3
3.3
2.8
3.9
2.7
3.8
2.6
3.5
3.5
4.0
4.1
2.8
3.3
3.3
3.8
3.6
3.9
10318:
3.6
1032:
3.6
3.6
3.4
4.0
4.1
3.7
10321:
4.9
10329:
2.3
10337:
3.1
10341:
3.5
3.6
10344:
3.4
2.9
10345:
3.0
1035:
3.7
4.3
3.4
3.5
4.1
3.4
3.6
3.6
4.0
2.7
3.2
3.8
10353:
3.8
10354:
4.1
4.2
4.7
3.3
10357:
4.7
10358:
2.6
3.1
3.3
3.9
2.7
3.4
2.9
2.8
3.1
3.3
2.5
3.4
3.2
3.0
3.5
2.7
3.9
3.8
3.2
3.4
2.9
3.0
3.4
3.3
3.8
3.4
2.2
3.9
3.5
3.3
3.8
3.2
2.8
2.7
2.9
2.7
2.2
2.8
3.7
2.9
3.8
2.2
2.8
2.8
3.3
1.8
3.0
3.0
3.5
2.9
2.1
2.5
3.0
2.9
3.0
3.2
3.4
3.1
3.1
2.3
2.9
4.0
3.3
3.0
3.3
3.0
3.6
4.2
2.3
3.4
3.6
2.6
3.1
3.2
3.3
3.2
2.9
2.8
3.1
3.2
3.3
3.0
3.3
3.7
3.1
3.0
3.5
3.7
3.0
3.1
3.5
3.0
3.2
3.2
2.2
3.0
2.4
10359:
3.0
2.6
3.0
3.0
3.7
3.2
3.2
3.3
3.3
3.1
3.7
3.2
3.6
3.2
3.7
3.1
10362:
3.6
3.0
3.2
10363:
3.9
2.9
3.7
3.5
3.6
3.9
3.3
2.9
10364:
2.8
10366:
2.0
10367:
2.7
3.0
1037:
2.9
10371:
3.2
3.4
3.1
10372:
3.9
3.8
4.3
4.1
3.4
10374:
3.4
10375:
3.2
4.0
3.7
3.3
3.5
3.8
4.2
4.2
2.9
3.6
3.6
4.5
3.8
10378:
3.8
4.4
4.0
3.4
3.6
3.2
3.7
3.3
4.4
4.0
4.7
4.7
3.8
3.3
3.4
10379:
3.6
3.9
3.5
3.5
3.7
3.7
10388:
3.7
10389:
3.1
1039:
3.1
2.8
3.6
10390:
3.3
10392:
3.4
2.9
2.6
3.2
10393:
1.9
10395:
3.5
10396:
4.0
10397:
2.4
3.0
3.3
1.8
104:
3.7
3.5
5.0
3.8
10402:
3.3
2.9
2.5
10406:
4.6
10407:
2.9
10412:
3.8
10413:
3.0
10414:
2.9
10418:
3.9
3.9
10419:
2.7
1042:
2.9
10420:
4.1
10421:
3.0
2.7
3.5
2.3
1.5
10422:
3.4
10423:
3.8
3.6
3.7
10424:
4.4
3.9
3.7
4.1
3.7
3.8
3.3
3.6
4.0
10425:
2.5
10426:
3.7
3.8
3.6
4.4
10428:
2.5
3.0
4.5
4.7
3.3
10429:
4.1
3.5
3.9
3.9
3.5
3.8
1043:
3.4
2.8
10433:
3.8
4.2
4.3
10436:
3.8
3.4
2.0
3.3
1044:
3.2
3.7
10446:
3.8
4.0
4.7
3.6
3.3
3.9
3.8
3.0
10449:
4.5
3.6
3.8
4.3
3.9
4.4
3.9
3.6
4.3
3.6
4.8
4.5
4.1
1045:
3.4
10451:
4.0
4.2
4.4
4.0
3.2
4.1
4.1
3.3
2.6
10453:
3.5
4.1
10455:
4.0
10456:
3.2
10458:
3.3
1046:
2.4
3.3
3.1
3.7
3.0
3.5
3.7
4.1
3.4
2.9
3.4
4.4
2.9
3.7
2.5
3.7
3.1
3.4
3.5
3.2
3.2
3.0
3.3
3.2
3.0
3.2
3.3
3.0
4.0
3.8
3.4
3.6
10460:
3.8
3.6
10461:
3.4
3.4
1047:
3.4
10471:
3.2
10472:
3.2
10474:
4.0
10476:
3.2
10480:
3.9
10482:
3.6
10484:
3.1
10485:
1.0
10491:
4.2
4.3
1050:
4.5
3.8
3.9
3.1
3.7
4.5
4.6
3.5
3.3
4.5
3.9
3.1
3.8
3.7
4.2
10504:
4.2
10505:
2.9
1051:
3.5
10510:
2.2
10512:
3.8
10517:
1.7
2.3
10519:
3.4
1052:
3.4
10527:
3.5
10531:
2.1
10545:
4.4
4.2
4.4
4.0
5.1
1055:
3.2
2.8
10550:
4.0
3.6
4.3
3.6
3.8
4.3
4.2
3.8
4.3
2.7
3.9
4.5
3.4
3.3
3.5
3.6
4.0
3.6
2.1
3.8
3.0
4.0
4.2
4.0
4.3
3.2
3.3
3.7
3.5
3.1
3.9
3.8
4.2
3.8
3.8
3.1
3.9
3.8
3.5
3.0
3.3
3.7
3.5
3.4
3.3
3.1
3.0
3.8
10552:
4.5
10555:
3.0
10556:
4.7
10558:
3.8
10560:
4.0
3.5
10561:
3.6
3.3
2.4
3.6
4.2
4.2
4.3
4.0
4.1
3.8
3.9
3.9
4.1
2.9
3.7
3.8
2.8
3.8
4.1
3.5
3.2
2.8
3.6
3.7
4.0
4.2
4.4
4.1
3.7
4.0
3.6
3.6
3.8
2.8
3.2
3.2
3.8
3.8
4.3
3.5
3.7
10562:
1.7
10564:
2.8
10566:
4.1
3.3
10568:
2.3
10576:
3.5
4.3
3.2
3.5
3.2
3.7
4.3
1058:
3.2
4.2
10582:
3.9
3.4
3.8
3.7
3.1
3.7
3.9
3.4
3.0
3.1
3.1
4.2
4.5
2.4
2.7
3.1
3.3
3.5
10583:
3.2
4.4
3.3
3.7
3.5
3.8
3.6
3.7
4.1
3.3
3.5
4.8
3.4
3.6
3.2
3.8
4.0
3.2
3.0
3.3
3.8
3.7
3.3
3.4
3.6
3.6
3.7
3.1
10584:
2.5
10586:
3.5
10589:
3.7
10593:
3.7
10594:
2.9
10598:
4.6
3.9
4.4
4.3
5.1
4.2
4.0
4.2
3.7
3.8
106:
4.2
4.0
1060:
3.2
2.8
3.6
2.9
2.4
3.5
2.6
3.0
3.7
3.3
2.0
10600:
3.3
2.6
10601:
3.7
10604:
3.6
10605:
3.5
2.7
10607:
3.4
5.1
4.8
4.1
4.2
4.2
4.4
3.9
4.4
4.3
3.8
3.2
3.8
3.9
4.2
4.0
4.1
10608:
3.8
3.4
1061:
4.1
10612:
3.8
4.0
10613:
3.9
4.0
10614:
2.9
10617:
3.9
2.9
1062:
3.4
10620:
3.8
4.2
4.1
4.2
4.3
10621:
3.0
10622:
3.8
2.6
10625:
3.2
2.9
4.2
3.5
2.9
2.1
10627:
3.1
1063:
3.2
10633:
2.6
2.4
10634:
3.8
10635:
2.8
3.1
10639:
3.5
3.6
10640:
3.9
10643:
3.8
4.5
4.6
4.8
4.3
4.3
4.5
10644:
4.3
4.0
4.2
10645:
1.9
10646:
3.3
10648:
2.8
1066:
4.1
3.9
2.9
3.8
4.0
4.0
3.3
3.6
3.8
4.8
4.9
4.9
4.1
10661:
4.0
3.6
3.6
10662:
4.3
3.6
4.2
4.0
10664:
3.4
3.7
10666:
2.7
3.9
3.5
10667:
3.2
2.4
3.4
10669:
3.9
10673:
3.9
10677:
3.7
10678:
3.4
10679:
3.6
1068:
3.4
10680:
1.4
10683:
3.0
10690:
2.7
10692:
3.8
10694:
4.5
10695:
2.9
3.3
2.4
3.4
2.9
10697:
3.2
10702:
3.8
3.3
4.2
10710:
3.1
10711:
2.5
1072:
4.2
10724:
3.4
10729:
3.9
4.8
4.0
4.2
4.1
3.1
4.3
4.6
2.5
1073:
4.1
3.7
4.0
4.4
3.8
3.8
3.7
2.6
5.0
3.8
4.0
3.9
3.4
4.2
3.7
4.1
3.7
3.9
4.1
4.0
4.5
3.6
3.8
4.1
3.9
4.2
3.7
4.0
4.6
4.3
3.7
4.5
3.8
4.3
3.9
4.4
4.5
3.9
3.9
3.5
4.3
3.8
4.6
3.9
3.8
3.8
3.6
3.9
3.2
3.9
4.4
5.1
2.9
4.2
4.1
4.3
5.0
4.6
4.5
4.2
4.8
4.8
4.5
4.1
3.9
4.5
4.0
3.7
4.0
4.4
3.9
3.7
4.0
3.8
4.1
3.6
4.4
5.1
4.1
3.3
3.8
4.2
3.3
3.6
4.5
3.8
3.7
4.4
3.8
4.1
4.1
4.0
3.8
4.1
4.5
4.0
3.9
4.2
4.1
3.7
3.5
3.8
4.3
3.7
4.0
4.2
4.7
3.3
3.7
3.8
4.4
4.3
4.3
4.0
3.9
4.6
4.0
3.7
4.2
4.4
4.0
5.3
4.4
4.9
4.0
4.0
3.7
3.7
4.1
4.1
3.1
3.3
5.0
3.9
3.8
3.8
4.2
3.7
4.9
3.7
3.4
3.7
3.5
4.5
4.5
3.9
3.9
3.4
3.9
4.4
4.0
4.4
3.8
4.2
4.1
3.4
3.9
3.9
4.2
3.8
3.7
4.3
3.1
3.8
3.8
4.3
4.3
3.7
5.0
4.5
3.8
5.3
4.3
4.0
10730:
3.2
2.6
3.7
2.7
3.5
3.0
2.2
3.4
3.4
4.1
2.8
3.8
3.2
4.3
3.9
3.7
3.1
3.6
3.4
3.6
3.7
3.2
10734:
3.1
10736:
4.0
3.3
10739:
3.7
3.8
3.9
3.3
3.6
1074:
3.4
10741:
2.8
10742:
3.1
10743:
4.2
10747:
4.4
3.8
3.2
10748:
3.3
1075:
3.3
2.9
10757:
4.5
10759:
2.4
3.2
2.5
2.2
2.7
3.0
3.5
2.6
3.1
1.9
2.4
1.9
2.3
2.9
2.2
2.5
3.6
1.5
2.8
2.9
2.7
3.0
2.3
2.3
2.2
2.6
2.8
2.6
2.7
3.2
2.7
3.0
2.7
2.5
2.1
3.5
2.4
2.8
2.4
2.6
3.1
2.4
1.0
1.8
2.3
3.2
2.4
1.8
2.4
3.6
3.2
2.5
2.2
3.0
2.5
2.1
2.6
2.1
1076:
4.5
4.1
10761:
4.0
10763:
4.0
10764:
4.8
4.5
10767:
3.4
1077:
2.9
10773:
4.8
3.4
3.8
3.6
4.0
2.1
3.5
3.0
4.0
3.1
3.4
3.9
3.7
3.3
2.9
4.1
4.2
3.5
3.0
10774:
3.2
4.0
4.2
3.6
4.8
3.5
4.1
3.8
4.6
3.7
4.0
3.8
3.6
3.7
10778:
4.0
4.3
4.3
4.4
3.9
4.1
4.6
4.0
1078:
3.5
10785:
3.6
3.8
3.0
3.6
3.7
3.3
3.6
3.6
4.1
3.1
10786:
3.3
3.2
10794:
2.5
108:
3.3
3.0
3.5
2.9
2.7
3.7
2.4
3.2
2.8
3.1
3.2
2.3
1080:
2.4
10808:
4.1
3.5
3.6
4.1
3.8
10809:
4.1
10813:
3.5
3.6
10814:
4.4
4.2
3.7
4.5
10816:
2.8
10818:
3.2
10819:
3.2
3.4
10820:
5.1
4.1
3.8
3.6
4.7
3.9
4.5
4.6
4.2
3.8
4.0
10821:
2.6
10822:
3.7
10828:
2.9
3.7
3.6
3.5
4.8
3.7
4.5
4.5
4.2
3.8
3.6
3.9
3.6
3.9
10830:
3.4
4.3
3.5
3.1
10832:
4.5
4.3
3.5
4.1
4.5
3.6
3.9
3.9
10835:
3.8
2.9
4.0
2.5
3.1
2.7
10836:
3.9
10837:
4.0
1084:
3.8
10841:
3.7
10845:
2.6
10846:
3.2
10847:
3.4
3.2
1085:
2.6
3.3
10851:
3.5
10852:
3.6
4.1
3.0
4.1
3.9
10853:
2.7
10854:
4.4
4.3
1086:
3.2
10860:
3.3
3.2
10861:
3.5
10863:
2.8
10871:
3.0
10873:
2.5
2.9
10877:
3.9
RMSE: 0.98
