1:
3.82935
3.38498
3.90246
4.75049
3.68378
4.08632
3.40521
3.84062
4.2037
3.51403
3.16223
3.58438
4.07212
3.80757
2.58447
3.84745
3.6968
4.73778
4.19552
4.11145
3.13401
4.66026
3.68782
10:
2.89555
2.81733
1000:
3.40775
2.90622
2.75116
4.81455
3.90801
3.47566
3.334
3.81649
3.03547
2.65945
3.28372
3.55355
3.29025
4.43909
3.75832
3.10483
2.99159
2.94918
3.13092
3.51963
3.45344
3.85632
2.33513
2.97131
4.12707
3.14065
3.57231
10000:
3.63255
3.80498
10001:
3.40961
4.20856
3.73195
2.90104
4.33937
3.52051
3.48127
3.99144
3.9093
3.95309
3.9388
4.00686
2.99527
4.38492
3.67935
3.61772
4.34578
10002:
4.39042
3.3399
4.78608
4.15072
10003:
2.35845
10004:
4.96626
4.3797
4.09872
4.24163
4.59186
4.28471
4.40584
4.14206
4.16054
3.98454
4.50431
4.12028
4.38187
3.98586
4.68923
4.19044
4.33892
4.4716
4.46433
4.20265
4.40393
3.87482
4.12325
4.2671
5.3428
3.61334
4.37083
4.26884
3.75893
4.71192
4.52789
10005:
3.43981
4.15095
3.29131
2.85657
2.91544
10006:
3.85706
3.34661
4.23327
2.82882
10007:
2.63153
3.27941
2.43858
2.32624
2.18599
2.92702
2.80082
2.88674
2.62125
3.09118
2.63518
2.62611
2.37545
10008:
4.70398
3.35162
3.73836
2.64316
4.23252
4.29494
4.07977
10009:
3.0792
3.29823
4.05148
2.94577
2.64961
3.16886
1001:
4.34757
3.45269
3.0638
3.38162
4.16011
3.88412
3.59229
3.3409
2.71357
3.57593
3.68742
3.74199
2.90196
3.68925
3.25894
3.2365
4.16306
3.90547
2.92916
3.1866
2.88972
3.66835
3.22862
2.71263
3.35681
3.36069
3.47963
3.43559
3.63116
4.10366
3.80043
4.77474
2.92169
3.43885
3.33118
3.58357
3.76192
2.76418
2.80227
3.62774
3.88243
2.81711
3.41432
3.95793
3.91401
3.60836
3.23902
3.23526
3.13139
3.98645
3.27283
2.41883
2.62665
3.50519
3.9342
4.14825
2.98866
3.52607
3.51633
3.03275
3.35492
3.10981
3.07539
2.8972
3.91679
2.97974
2.80914
3.12569
4.10894
3.41248
2.87124
3.12229
3.36454
3.0186
3.11155
3.83897
2.6094
2.71357
3.35579
3.44013
3.74015
3.81995
2.70111
3.58632
3.29399
3.36845
3.19288
4.10104
3.46668
3.07884
4.10613
3.60349
3.62914
3.79704
3.20893
2.71907
2.96227
3.28235
3.06242
3.38992
3.36187
3.54349
3.07605
3.08156
3.37374
3.34259
3.67471
3.65325
3.72996
2.96944
2.90412
3.21875
3.52958
3.00065
3.302
2.90083
2.90804
3.78339
3.50762
2.84637
3.44966
3.24297
3.17443
3.45614
3.30313
3.47296
3.13974
3.80087
3.55564
3.34622
3.41785
3.55895
3.56736
3.08965
10010:
2.32167
2.44499
2.10156
3.27057
2.86928
2.44274
2.52239
2.35025
1.94522
2.62108
2.06701
1.8985
2.01653
1.86744
2.78547
2.19391
2.1023
2.74381
1.25675
2.33328
1.74824
2.2285
1.97749
10011:
4.61509
4.17201
10012:
3.19068
4.07235
2.99441
3.1057
3.78646
3.83096
2.43165
3.19516
3.01888
3.28437
3.77941
3.10274
3.08382
10013:
3.66926
3.28589
3.56775
3.65816
3.28515
3.41348
3.19968
3.76029
3.18081
3.86246
3.08594
4.16588
3.35216
3.55424
3.0729
3.32129
2.88142
3.14635
3.31403
2.78695
3.03785
2.8577
3.12294
3.78561
3.59265
3.14172
3.3933
2.52295
2.8504
3.1869
3.12031
2.64974
2.78619
3.74725
3.12475
2.99961
3.51038
3.91751
3.80132
2.73407
4.09836
3.24487
3.37521
3.41117
3.4329
2.70397
3.2948
3.43583
2.96825
3.56295
3.07929
3.05608
3.45026
3.6288
3.22821
2.57656
3.78506
10014:
3.23451
3.94165
2.57177
3.49756
2.94655
10015:
3.74928
3.17552
3.16001
3.53794
3.79762
3.94638
4.16779
3.90665
4.06345
3.59965
3.83714
3.69173
3.57097
4.22726
4.19039
3.48372
3.69361
4.1044
3.92508
4.05725
5.35538
4.17207
4.42264
2.87851
3.11837
3.31187
4.23278
3.72442
10016:
3.0338
2.37925
2.69113
3.11581
3.7302
10017:
3.31954
3.51142
3.19408
10018:
4.57598
3.63761
2.9964
3.08056
3.26734
3.6486
3.49305
3.11888
2.67098
4.16697
3.61887
4.02039
3.94391
3.67765
3.39195
3.70548
3.26082
3.65373
3.6187
3.465
3.46133
3.0491
3.83466
3.96984
3.20466
3.84171
3.53562
3.72439
3.74236
3.90704
10019:
3.35631
3.23038
3.7948
2.92502
4.16818
4.20623
3.50521
2.47383
3.63119
3.26886
4.18921
2.82693
2.92162
3.23998
3.65198
3.74823
3.66903
3.49056
3.32989
4.35304
3.32842
3.84599
3.53418
3.60787
3.91401
3.69108
3.2086
3.20301
3.27078
3.64315
3.24766
3.37331
3.57041
3.96559
3.33651
3.8914
2.44718
3.6837
3.8055
4.04965
4.09137
4.10908
3.72556
3.57185
4.16233
2.9684
3.86266
3.95441
4.05747
3.67925
3.11622
3.23457
3.65163
3.31756
3.45973
2.07548
2.81619
3.14837
4.32419
3.2924
3.09565
3.40826
3.25235
3.33111
3.69611
4.31026
3.30239
4.65913
3.52969
1002:
3.2018
3.05292
3.49298
3.39814
3.22038
3.68319
3.7521
2.40642
3.38785
3.42162
4.0989
3.60433
3.39964
2.9386
10020:
4.08889
3.9242
3.80868
4.3907
3.85859
3.73062
4.01888
4.26637
4.47628
4.0165
3.97465
4.89923
3.74484
4.16197
4.15055
3.74837
4.29548
3.67153
4.25188
3.80065
4.29342
3.2237
3.67806
3.70576
3.33215
2.3962
4.21373
10021:
2.16716
2.45672
2.51159
2.0667
10022:
2.3453
3.29404
3.00108
2.6913
3.47276
3.4802
2.54434
2.76425
10023:
4.12892
3.96714
4.06224
3.74851
4.86936
3.5258
3.31155
3.83273
4.23954
3.82882
4.51378
10024:
3.44317
4.07133
3.50925
3.90026
3.59969
3.32228
3.20942
3.28313
3.66021
3.69398
10025:
3.19106
10027:
4.52458
3.71556
3.69523
3.73361
2.88512
3.64968
3.61643
4.29804
3.28756
4.13687
3.73
3.77235
4.05324
3.44038
3.80462
4.37551
3.64528
3.9112
4.02729
3.9012
3.53424
4.27262
3.83878
3.69278
4.1869
4.00415
4.32913
4.48513
4.5421
4.47316
4.43606
4.02099
3.1193
3.71834
4.14949
4.43097
4.65853
3.87618
4.1065
3.50458
4.22785
4.15374
5.12009
3.55387
3.49908
4.19569
4.15356
3.95724
4.40858
4.41769
3.75724
4.32938
3.7796
3.71264
3.46212
4.21439
3.51222
3.44127
4.41219
4.12448
3.78414
3.7439
3.54825
3.27186
4.42975
4.98523
3.28527
4.10275
3.11945
4.00811
3.95868
4.13137
3.96287
3.84877
4.51281
3.90085
4.28101
4.29041
3.08654
3.75916
4.75095
5.00015
3.14255
3.92292
3.91921
4.26113
4.00763
4.01904
10028:
2.91063
3.07386
2.9714
4.06696
4.20058
2.84463
4.12477
10029:
3.42894
3.95232
3.99978
3.06259
10031:
3.47085
2.73298
3.69373
2.64372
4.03817
3.09441
2.72887
2.56803
2.89616
10032:
2.99709
4.99864
4.2126
4.07987
3.94057
2.85071
3.49353
3.38948
3.81179
2.44032
3.32382
4.38667
4.72007
3.50145
4.1213
2.80014
3.57426
3.60652
3.48974
3.77482
3.37916
3.28365
3.21542
3.86315
3.65661
3.15662
3.5029
3.56085
4.22094
3.24231
3.5706
3.65929
4.10693
3.93261
3.35009
3.9676
3.26042
3.30127
3.45824
3.31875
3.4378
3.70057
3.36927
2.93711
3.2368
3.5999
4.00423
10033:
3.61289
3.48385
2.46182
3.59776
3.24607
2.85583
3.05876
2.81116
3.1987
3.04676
3.61817
3.25131
4.79116
3.57577
10034:
1.83661
2.55366
10035:
2.89249
4.77378
4.89068
4.17808
4.65213
4.31764
3.71746
3.86233
4.06531
3.5108
3.83684
4.07192
3.98265
4.12976
3.74786
4.01642
4.22022
4.19119
4.48006
4.99293
10036:
3.48721
3.47232
3.67688
3.37268
4.09827
3.67005
3.2756
3.65312
2.9279
3.22357
3.32022
3.59289
4.06669
3.99783
4.87057
3.92841
3.79146
4.0856
2.68279
3.12945
4.00923
3.76793
4.39671
4.05708
3.99339
4.12972
3.8861
3.9848
4.01278
3.07345
3.72983
3.35674
3.03769
3.49715
3.70301
3.5913
3.89579
3.92275
3.49129
3.81889
3.38736
4.01365
4.42058
4.14624
4.001
3.94609
4.48466
4.69827
3.11962
4.17131
3.30797
3.96427
3.94759
3.17343
3.57503
4.41802
3.33124
4.96537
3.66564
4.1105
3.89725
4.47009
3.38041
4.48293
3.35973
4.64369
3.83168
4.00874
3.88582
3.96969
4.65892
4.17753
3.91992
3.3745
4.1745
4.31177
4.15771
3.48367
4.02248
4.12303
3.83794
3.43298
4.88839
4.16404
3.01875
3.86577
3.73755
3.89624
3.93441
3.44449
3.63383
4.17754
3.54744
4.30362
3.63489
3.08173
3.61792
3.99659
3.52686
4.33396
4.25483
4.08384
3.44151
4.52633
3.54509
3.17983
4.02462
3.66773
3.6063
3.96361
3.96723
3.46817
3.59029
3.95517
3.46859
4.03018
4.61958
3.39419
3.62796
4.03673
3.82297
3.71984
3.99637
3.67642
4.15055
3.61973
4.49838
4.62278
3.70497
3.51002
4.02359
3.41238
3.35965
4.23421
3.72881
3.22547
4.02196
4.00245
4.16755
3.487
4.87094
4.09387
3.45459
3.86101
3.63799
4.24101
3.58791
4.13479
3.35783
3.55172
4.08862
4.20642
4.01063
3.60732
3.93107
3.56192
5.00384
3.75075
3.78364
4.4715
4.00091
3.65387
3.89543
4.23983
3.75933
3.82859
4.04529
4.20242
3.87684
3.53927
3.56651
3.58258
4.31347
3.51835
3.88996
4.14447
3.59594
4.03247
4.02324
4.4949
3.85474
4.39257
3.23965
3.92015
4.74984
3.72057
3.71242
3.68966
4.10384
3.8471
3.94864
3.41916
4.14452
5.00816
4.20389
3.13048
3.74861
4.01595
3.11561
3.78045
3.95728
3.92071
3.6335
3.80457
3.29124
4.97994
3.90393
4.02867
3.60914
3.90201
3.80811
3.50977
4.40921
3.72496
3.52093
10037:
4.02674
3.08323
3.22815
3.86126
3.70711
3.63271
3.26236
2.94005
3.23938
3.75258
3.21432
3.25253
3.34828
3.43684
10038:
3.7977
3.20341
3.04428
3.37794
2.96083
3.57073
3.36493
3.11999
10039:
1.83682
1004:
2.38622
2.54814
2.67286
2.78576
3.29939
3.10258
2.96703
3.83247
2.14834
2.99891
3.14716
3.77113
3.20665
3.10002
2.88773
2.73358
2.76348
3.07874
2.58407
3.01144
3.2021
3.02002
2.78285
1.79142
2.70499
2.28
2.61752
3.02324
2.38761
3.23951
2.96158
10040:
3.47097
3.01961
3.55251
10041:
3.38185
2.84149
3.08225
2.69916
3.11802
3.02849
3.9928
2.90095
3.28993
2.53616
2.73768
3.37547
3.86147
2.83338
3.2506
3.35862
3.24385
2.55019
2.94102
2.54591
3.30671
3.17706
2.75281
3.17035
3.37022
2.48181
3.10285
2.88972
3.19923
2.70892
3.11087
10042:
4.78402
4.22678
4.60124
4.25631
4.37801
4.81543
4.94276
4.11088
5.0449
4.34035
4.67066
4.28273
4.65481
4.45357
4.5632
5.02893
4.29262
5.06194
4.93731
4.59137
4.52522
4.89269
3.37228
4.31061
4.68397
5.09207
5.01252
3.4586
4.79326
4.84873
4.4538
4.71888
4.53883
5.27144
4.56914
5.17185
4.67887
4.69132
4.37533
4.26614
4.60392
4.35944
4.20845
4.31964
4.46615
5.00941
4.37404
4.19944
4.49785
3.85486
4.52045
4.90977
5.23075
4.10916
5.25984
4.82831
3.99993
4.69964
4.16197
4.50417
4.66644
4.5555
4.66567
4.49854
3.72327
3.95758
4.19015
5.00664
4.17873
4.1379
4.38261
4.2045
4.6307
4.30158
4.24273
5.00896
4.88332
4.4195
4.48373
4.8573
4.12816
4.6473
4.75983
4.49797
4.88895
4.14561
4.60431
4.79845
4.0386
5.1358
4.27069
4.47923
5.69565
4.45036
4.22693
4.86026
4.51252
4.54959
4.3893
4.44944
4.61268
4.94863
4.31785
5.26693
4.87452
4.39033
4.63283
4.65375
5.4017
4.63852
4.90114
4.67112
4.04478
4.96513
4.15015
4.54496
4.55771
4.25897
4.66778
5.21575
4.02603
5.396
4.7732
5.1646
4.80654
5.60984
3.95666
4.42609
4.50232
4.23305
4.22385
4.66179
4.49736
2.8015
4.40377
4.4467
5.33531
5.23377
4.27018
5.03973
4.48266
5.2818
4.47983
4.29016
4.53525
4.72666
4.75714
3.92946
4.00031
5.00292
4.22899
4.81356
5.0739
4.41147
4.80598
4.37761
4.48845
4.04603
4.00717
4.82873
3.82334
5.09763
4.62414
4.90575
4.33879
5.06208
4.49238
4.34996
4.57961
4.62009
4.93522
4.89176
4.05794
4.37066
5.06496
4.27381
4.82286
5.05016
5.46841
4.74541
4.2646
4.75111
5.08512
4.35177
4.47372
5.25289
4.15504
3.87585
4.60072
4.99088
4.16361
4.51455
4.96986
4.41843
4.97407
5.09925
4.98388
4.58083
4.63322
4.75362
4.68315
4.78498
4.4067
4.46165
4.85497
2.90877
4.81362
4.53722
4.71996
4.4359
4.39804
4.46607
5.07451
4.97447
5.25481
4.81812
5.15069
4.85683
4.50179
4.68838
4.58404
4.81392
5.10176
4.76978
4.8024
4.64635
4.86133
4.3431
4.51116
4.27454
4.63853
4.60042
4.51166
4.39933
5.28109
4.60001
4.90509
4.30088
4.79703
4.69826
4.1643
5.12704
4.10227
4.96923
4.9318
4.81448
4.97536
4.77567
4.64286
4.52684
4.05756
4.60852
5.17271
4.50375
4.57387
4.505
4.08798
4.74615
4.68408
3.98463
4.29856
4.19427
4.72242
5.20667
3.87526
4.36758
4.43209
4.67143
4.25048
4.15018
4.52728
4.87381
4.59129
4.34809
4.18155
4.13499
4.35397
4.83198
4.68508
4.63768
4.42076
4.4104
4.92651
4.41062
4.72808
4.30924
4.07279
4.72323
4.197
4.72566
4.79065
4.15176
4.70421
4.15065
4.91143
4.19514
4.17988
4.74922
4.33488
4.44801
4.77613
4.60408
4.68841
4.68948
4.00007
4.62737
4.38898
4.71521
4.9266
4.87674
4.65912
4.38423
4.71386
4.63725
4.41712
5.08594
4.32097
5.0035
4.95284
4.24913
4.79303
4.38895
5.03809
4.69629
5.00793
4.96853
4.78042
4.62887
5.23794
4.48525
4.84126
4.62209
4.06682
4.89037
4.33586
4.64617
4.81968
5.26872
4.15399
4.91971
4.84331
4.59774
4.9232
5.82626
4.13264
4.8798
4.81471
5.20909
4.2344
4.81211
5.19672
4.34065
4.83897
4.40756
4.04057
4.8058
4.66797
4.97139
4.36852
4.85197
4.13767
4.17769
4.50579
4.59289
4.60313
4.34455
4.22219
RMSE: 0.9
