1:
3.6
3.2
3.5
4.7
3.7
3.9
3.3
3.6
4
3.5
2.9
3.5
3.9
3.9
2.7
3.9
3.5
4.5
4.1
4.1
3
5
3.5
10:
2.8
2.6
1000:
3.1
2.8
2.5
4.5
3.7
3.3
3.2
3.8
2.9
2.4
3.2
3.4
3.1
4.2
3.8
2.9
2.9
2.9
3.1
3.5
3.3
3.8
2.3
2.9
3.9
3
3.5
10000:
3.6
3.4
10001:
3.3
4.2
3.7
2.6
4.3
3.4
3.4
3.9
3.9
3.5
4.1
4.1
2.8
4.1
3.6
3.4
4.3
10002:
4.2
3.2
4.7
3.9
10003:
2.3
10004:
5
4
4.3
3.8
4.6
4.3
4.4
4.2
4.2
4.2
4.3
3.9
4.2
3.8
4.4
4.3
4.4
4.4
4.6
4
4.2
4
4
4.1
5.3
3.8
4.1
4.3
3.4
4.7
4.5
10005:
3.5
3.9
3.2
2.8
2.9
10006:
3.7
3.1
3.9
2.6
10007:
2
2.6
2.2
2.2
2
2.4
2.1
2.8
2.4
2.7
2.2
2.5
2.3
10008:
4.6
3.1
3.4
2.6
4.1
3.9
3.9
10009:
2.9
3.3
4.5
2.6
2.5
3.2
1001:
4.3
3.3
2.9
3
3.9
3.9
3.6
3.3
2.5
3.5
3.5
3.7
2.8
3.4
3.3
3.2
3.9
3.7
2.8
3
2.8
3.6
3.2
2.6
3.4
2.9
3.5
3.5
3.6
4
3.5
4.6
2.8
3.3
3.3
3.3
3.9
2.6
2.6
3.6
3.8
2.9
3.5
3.9
3.9
3.5
3.2
3
3
3.9
3
2.2
2.4
3.5
3.6
4
2.8
3.3
3.4
3
3.3
3
3
2.8
3.9
2.8
2.7
2.8
3.8
3.3
2.8
3
3.4
2.8
3
3.6
2.5
2.5
3.4
3.4
3.6
3.9
2.4
3.5
3.3
3.2
3.2
3.9
3.2
2.7
3.9
3.3
3.5
3.6
3
2.6
3
3
3.1
3.3
3.4
3.3
2.9
2.9
3.3
3.3
3.5
3.6
3.5
2.6
2.9
3.2
3.2
2.8
3.2
2.5
2.9
3.7
3.6
2.9
3.1
3.3
3.1
3.3
3.1
3.2
2.9
3.7
3.3
3
3.3
3.6
3.5
3
15301:
3
3.4
3.2
3.6
2.4
2.3
3
2.9
2.5
2.8
3.7
3.2
3
3.1
2.6
2
2.3
15302:
1.1
2.2
1.8
15303:
3.7
3.3
3.8
3.9
3.9
3.5
3.6
3.9
3.5
3.9
3.3
3.9
3.7
3.6
3.4
3.2
3.8
3.9
4.1
3.1
4.3
3.8
4.4
4.1
3.2
3.6
3.2
4.5
3.6
3.4
3.4
3.8
3.1
15304:
2.9
3.5
2.5
3
3.5
4
3.3
3.4
3.3
3.8
3.2
3.6
3.9
4.1
3.2
3.3
3.4
3.3
4.5
15305:
4
3.7
4.3
3.6
3.4
4.1
4.6
3.9
4.4
3.7
3.7
4.2
3.8
4
4
4.2
4.5
3.7
3.9
4
4
3.1
3.4
3.4
4
4.3
3.9
4.2
4.2
4.3
3.8
2.9
3.1
3.8
4.3
3.4
3.6
4.3
3.8
3.9
4.4
3.3
3.9
4.6
4.1
4.4
4.1
4.1
3.3
3.7
4.3
3.7
3.9
4.4
3.6
3.9
3.8
3.4
4.9
3.6
3.9
4.2
4.1
4
3.9
4.4
4.3
4.2
15306:
4.4
4.1
4.4
4.1
4.1
5.1
4.9
4.4
4.4
4.7
4.2
4.2
4.1
4.4
4
3.6
4.6
4.8
4.2
3.4
4.1
1627:
4.8
4.1
3.9
3.5
4.7
4.1
4.3
3.3
3.2
3.7
3.5
4.4
3.8
3.5
4.4
3.4
3.2
3.7
4
4.3
3.6
3.5
4.2
3.9
3.7
3.8
4.2
3.2
3.6
3.3
3.9
3.1
3.8
4.6
3.1
3.6
3.4
2.8
4.1
3.5
4.4
4
4.4
3.4
3.3
3.9
2.9
3.3
3.1
3.7
3.2
3.2
3.5
3.3
3.3
3.1
3.6
3.6
3.1
3.8
3.9
3.4
3.7
3.6
3.4
3.1
4.1
3.9
3.7
4
3.5
4.1
3.9
3.6
3.8
3.3
3
3.6
16270:
2.2
2.4
2.6
2.9
2.9
4.1
2.2
2.6
3.1
3
1.9
2.3
16271:
2.8
2.9
3.3
16272:
5.1
3.5
3.4
4.2
4.4
4
3.8
4.3
3.5
4.1
4.1
4.5
2.7
4
4.3
4.7
4
3.9
4.6
4.1
3.8
4.2
3.9
4.2
4.3
4
4.2
3.9
4.1
3.8
4.6
4.4
4.8
4.2
4
4.4
4.5
3.9
4
3.8
3.7
3.8
4
4.5
4.5
3.4
3.8
4.1
3.5
3.9
4.2
3.8
4.4
4.4
4.3
4
4.1
4.3
3
4
4.2
4.6
3.4
3.8
4.4
3.9
3.7
4
3.7
3.7
4.2
3.9
4.4
3.3
4.8
3.8
4
4.1
3.4
3.7
4.4
3.7
3.4
4
3.8
4.1
3.4
4
4
4.6
3.7
4.3
3.5
4
3.1
4.2
4.1
4.2
3.9
3.6
4.4
3.8
4.4
3.6
4.1
4.5
4.3
4.2
3.5
3.7
4.1
4
5.1
4.4
3.7
4
4.1
3.6
3.9
3.2
4.6
3.7
4.7
4.2
4
3.7
3.5
3.7
4.4
3.5
3.6
3.4
3.6
3.8
3.7
3.7
3.1
3.8
4.3
3.5
3.3
4.2
3.3
4.4
4.4
2.9
3.2
4.2
3.6
3.4
3.4
3.7
4
3.5
4.2
4.2
4.3
3.6
3.3
3.9
4
3.9
4
3.2
3.8
4.7
3.2
4.1
4
3.5
4.1
4.3
4
4.1
4.2
4.2
4.2
4.2
4
4
3.8
3.7
3.2
4.6
3.1
4.3
3.4
4.1
3.4
3.5
4
3.5
3.4
3.7
4.1
4.6
3.5
3.9
3.2
4.3
3.9
3.6
3.9
3.8
4.2
4.1
4.1
3.6
4
3.6
4.1
3.5
4.1
3
3.8
4.1
4
4
3.7
3.5
3.1
4
4
3.8
4
3.7
4
3.7
4.3
3.8
3.6
3.9
3.7
3.5
3.7
4
4.1
3.1
4.5
9849:
3.9
3.1
2.2
2.3
3.1
3.1
2.9
3.6
2.8
3
2.7
2.4
2.7
2.1
3.6
2.2
2.6
2.8
985:
3.7
3.5
2.8
3.3
3.4
3.6
3.7
3.8
3.2
3.8
3.5
3.5
3.4
3.6
3.5
3.2
3.3
2.9
4.4
4
3.9
3.3
3.7
4.2
4.3
3.7
3.4
3.3
3.5
3.7
4.2
3.7
3.3
3.5
3.8
3.7
4.2
4
4
3.6
3.8
3
4
4.5
3.8
3.7
3.1
3.7
3.6
3.4
4.3
3.4
4.5
4
4.3
3.1
3.7
4.2
3.5
4
3.4
3.7
3
2.9
3.4
3.9
3.5
4.2
3.7
3.3
4.2
4.1
3.5
3.6
4
2.7
3.5
3.7
3.7
3.2
4
4
3.2
2.5
3.2
4.3
4.5
4
3.9
3.5
4.9
3.3
3.7
4
3.6
3.1
3.5
3.3
3.3
3.9
2
3.8
3.5
3.6
3.6
3.8
3.7
4.2
3.7
3.7
3.7
2.7
3.4
3.1
3.1
2.9
3.2
4
3.7
3.5
3.8
3.1
3.4
2.4
4.5
3.6
3.6
4
3.9
3.9
4
3.6
3.7
3.6
4.3
3.5
3.5
3.5
3.7
3.9
3.7
3.7
4
3.9
3.7
3.5
3
3.4
3.4
4.4
2.8
4
2.7
4.1
3.7
3.9
3.7
3.4
3.5
4.3
3.8
3.2
2.7
3.3
4.2
4.2
4.2
3.9
3.2
3.4
3.6
3.8
3.7
3.7
4
3.8
3.5
3.7
3.9
3.4
3.9
4
3.6
3.5
3.3
4.5
4.1
3.6
3.3
4.1
4.1
4.2
4
4.3
3.2
3.9
3.8
3.7
3.1
3.6
3.1
4
3.8
3.6
4
4.2
3.5
3.6
4.3
3.4
4.4
3.4
4.6
3.8
3.8
4
3.3
3.7
3.9
4.2
3.4
3.8
3.7
4.2
3.7
3.6
4
3.3
3.6
3.9
3.5
3.6
4
4.2
3
3.5
3.8
3.7
3.5
4
3.3
3.4
2.8
3.2
4.1
2.6
2.4
4.5
4.7
2.8
3.9
3.7
3.6
3.5
3.7
3.5
3.9
3.3
4.1
3.8
3.8
2.9
RMSE: 0.97
