1018:
3.9
1.9
3.6
3.4
3.7
3.7
3.2
3.8
10181:
3.3
2.1
3.0
2.5
2.2
2.3
10182:
2.4
3.3
3.0
3.1
3.5
3.4
2.6
3.2
3.6
3.0
2.7
3.2
3.1
2.5
3.5
2.8
10183:
2.5
10184:
3.1
2.5
3.0
2.0
1.6
10185:
4.0
3.4
3.7
3.4
4.1
3.8
3.7
4.1
4.2
3.8
3.6
3.6
3.9
3.4
4.2
3.8
4.1
3.7
3.5
4.7
10186:
4.4
3.1
3.4
3.7
3.6
3.8
3.7
3.8
3.4
2.7
3.5
3.2
3.3
3.4
3.2
2.8
2.9
3.0
3.0
3.9
3.0
3.2
3.2
3.7
2.9
10188:
3.0
3.4
3.5
10189:
3.8
3.5
3.4
4.1
3.5
3.4
3.8
3.5
3.4
3.1
3.1
3.7
3.4
3.6
4.1
3.2
3.0
2.2
3.6
3.6
3.7
3.2
3.3
3.6
3.4
3.2
3.4
3.4
2.8
3.3
3.6
3.3
3.7
4.3
2.4
4.0
3.2
3.2
2.9
3.1
3.2
3.1
3.4
3.0
2.2
3.4
2.7
3.6
3.5
3.0
4.0
3.4
3.2
3.4
3.0
3.7
3.6
3.7
4.1
2.7
4.0
2.4
3.5
3.5
3.3
3.4
3.5
3.3
3.5
3.0
3.8
2.9
2.6
2.6
3.5
3.5
4.8
2.4
3.3
3.4
1019:
2.3
2.9
10190:
2.7
3.0
3.4
3.6
2.3
3.2
3.3
2.8
3.0
3.1
2.3
3.3
2.6
2.9
2.4
3.0
2.7
3.6
3.5
4.2
3.4
3.2
4.2
3.5
3.0
2.7
3.1
4.0
3.3
3.5
3.1
2.2
3.6
3.5
3.3
3.6
2.8
3.5
2.7
3.3
2.9
3.4
3.3
3.6
3.1
3.5
3.4
3.8
2.6
2.6
3.6
4.7
3.1
3.1
2.8
4.3
3.1
10191:
3.9
3.6
3.3
3.5
3.2
3.2
3.5
3.4
3.2
4.0
3.1
3.7
3.1
3.7
3.5
3.7
3.9
10193:
4.5
3.8
3.8
3.5
3.4
2.9
4.2
4.5
2.8
2.9
3.2
3.9
2.9
10194:
3.8
10195:
3.3
3.5
3.1
3.2
2.6
4.1
3.6
3.1
3.3
3.5
3.6
10196:
2.3
2.6
2.4
2.9
10198:
3.3
3.4
3.9
3.0
2.8
10199:
3.9
3.4
3.6
102:
2.7
2.6
2.7
2.8
2.2
2.3
2.3
2.5
2.7
2.9
2.6
3.1
1.8
2.7
2.4
2.8
1020:
4.4
4.7
4.4
5.0
3.9
5.6
4.2
4.0
4.2
4.2
4.1
4.3
4.0
4.9
4.3
4.5
3.9
4.3
4.5
4.0
4.1
4.0
4.5
4.6
4.4
4.4
4.6
3.4
4.5
4.3
4.6
3.3
5.3
3.9
4.3
4.7
4.5
3.1
3.9
4.1
3.9
4.5
4.5
3.7
4.3
4.2
4.5
4.5
4.5
4.7
4.3
4.2
4.2
4.3
4.1
3.8
4.2
4.2
4.6
4.0
5.3
3.9
4.5
5.0
3.6
5.3
4.6
5.5
4.3
4.2
4.4
4.4
3.5
4.4
4.3
4.7
4.6
4.7
4.2
3.7
5.5
4.7
4.8
4.8
3.9
4.4
4.3
4.1
5.5
4.3
3.7
4.2
4.3
4.9
4.1
4.3
4.4
4.6
4.1
3.9
3.9
4.7
4.0
4.3
5.3
3.9
3.4
4.1
3.6
4.2
4.3
4.3
4.6
3.9
4.3
3.8
4.4
4.3
3.8
4.1
4.4
4.3
3.6
4.4
4.0
4.6
4.0
4.9
4.0
4.7
4.5
4.0
4.8
4.2
4.7
4.8
4.2
4.4
4.4
4.8
4.0
4.0
4.4
4.1
3.8
4.3
4.1
4.6
4.2
3.8
4.4
4.6
4.1
4.5
5.2
5.0
4.4
4.9
4.3
4.4
3.7
4.4
4.4
4.1
4.3
4.0
4.4
4.8
4.0
4.3
3.9
4.3
4.0
3.7
4.0
4.0
4.4
4.7
4.6
3.8
4.4
4.7
3.9
4.4
5.2
3.7
4.0
4.8
4.3
4.5
4.0
4.3
3.7
4.9
5.0
4.0
4.1
4.7
4.0
3.8
3.6
3.9
4.4
4.9
3.8
4.4
4.6
4.6
4.3
5.0
4.1
4.1
4.5
4.3
4.5
4.1
4.0
4.2
3.6
4.5
4.8
4.7
4.6
4.2
4.0
4.0
4.2
4.4
4.0
5.0
4.4
4.2
4.3
5.3
4.4
4.0
4.1
4.5
4.5
4.4
3.9
4.5
4.3
4.7
3.6
4.0
4.1
3.6
4.6
4.4
4.4
4.8
4.1
4.2
4.5
3.7
4.2
4.6
4.9
4.8
4.4
3.8
4.3
4.6
4.6
4.0
4.3
4.4
4.3
4.0
4.4
4.4
4.5
4.1
3.6
4.4
3.2
3.7
4.2
4.0
4.5
4.4
4.1
4.5
3.9
3.9
4.1
3.3
4.2
4.0
5.1
4.5
4.4
4.4
4.9
4.2
4.0
5.0
4.4
4.8
4.1
4.8
4.5
4.0
4.4
4.0
4.6
4.3
4.5
4.4
3.8
5.2
4.7
4.0
4.3
4.1
4.8
4.0
4.6
4.3
3.8
4.6
4.0
4.2
4.2
4.1
4.1
4.2
4.2
4.0
5.3
4.2
4.3
4.5
4.6
4.4
4.4
4.2
4.6
4.1
4.3
4.2
3.9
4.5
4.8
4.8
4.2
4.2
4.2
4.4
3.9
4.3
3.3
4.1
10200:
3.7
3.2
2.2
3.5
2.4
2.8
2.8
3.0
2.7
2.9
3.1
2.9
3.2
3.3
3.0
3.2
3.0
2.5
3.2
3.0
3.2
2.6
10201:
3.3
4.1
10202:
4.6
3.6
3.5
4.3
3.3
4.4
4.0
3.8
3.6
3.4
4.1
3.9
3.8
3.8
3.8
3.8
3.7
3.5
3.9
3.8
3.8
3.9
4.1
4.0
4.6
10203:
3.1
3.6
2.9
3.4
3.0
3.2
3.8
2.6
3.4
3.0
3.1
3.5
2.8
10204:
2.8
2.2
3.0
4.3
2.3
3.3
3.3
2.3
2.8
2.6
3.1
3.1
3.8
2.6
10205:
3.7
2.5
3.2
2.7
10206:
2.6
2.2
2.4
2.0
2.9
4.8
2.6
3.1
2.9
2.7
10207:
3.6
3.2
2.8
3.7
3.0
3.3
10208:
1.5
1.6
10209:
3.3
4.0
2.8
3.1
3.2
3.4
2.5
3.6
3.2
4.6
3.0
1021:
3.2
3.2
3.0
3.4
3.8
3.9
4.1
3.3
3.3
3.6
3.2
4.3
3.8
3.3
3.5
3.6
3.7
3.8
3.5
3.5
3.4
4.0
3.5
4.2
3.6
4.4
3.7
2.7
4.3
3.7
3.0
4.2
4.0
3.4
3.8
4.0
3.5
3.7
3.5
3.4
2.8
4.0
4.8
3.5
3.7
3.2
3.8
3.9
3.8
3.5
3.3
3.6
3.6
4.2
3.7
4.4
3.6
3.9
3.6
3.3
3.2
3.5
3.5
4.0
4.8
3.4
3.2
4.1
4.1
10210:
1.7
1.6
10211:
3.6
3.3
3.2
3.4
3.6
2.9
4.4
3.0
3.5
3.5
2.0
2.9
3.2
3.0
2.8
3.7
3.0
2.7
3.5
3.1
3.1
10212:
3.7
3.2
3.6
4.0
3.6
3.0
3.5
3.5
3.4
3.2
4.6
3.4
4.2
3.4
3.3
3.8
3.1
4.0
3.4
3.2
3.6
3.6
3.7
4.0
3.5
4.4
3.8
3.8
3.9
3.9
2.7
3.2
3.7
3.6
3.5
3.4
3.3
3.2
4.0
3.6
3.4
3.0
3.5
3.7
3.9
3.2
3.7
3.9
4.2
3.8
3.4
3.1
3.5
3.6
3.4
3.8
4.0
2.6
3.9
3.6
3.3
3.8
3.3
4.0
3.4
3.6
3.8
3.5
3.5
4.0
3.8
3.9
4.4
3.9
3.3
4.2
4.1
3.7
3.5
3.3
3.5
4.5
3.8
4.0
3.3
3.4
3.8
3.4
3.7
3.1
3.1
4.3
3.9
3.0
3.8
3.5
4.2
3.8
3.5
3.3
3.1
3.3
3.7
3.8
4.1
4.0
3.5
4.1
3.8
3.5
4.2
3.0
3.7
3.5
4.2
4.1
3.5
3.8
3.5
3.3
3.6
3.6
3.4
10213:
3.7
3.5
3.7
3.4
3.2
3.8
4.3
3.6
4.1
3.9
3.9
4.1
3.9
4.3
4.9
3.5
4.5
3.7
4.4
3.0
3.8
3.7
3.7
3.4
3.4
4.0
3.1
3.8
3.8
3.9
3.9
4.1
4.0
4.2
4.0
10214:
2.7
3.9
4.0
3.3
3.1
3.3
3.2
3.8
3.1
3.6
3.1
3.2
3.4
3.3
2.7
2.6
3.4
2.4
3.1
3.1
3.2
3.3
2.8
3.2
10215:
4.0
3.6
10216:
2.8
2.6
3.1
3.2
10217:
3.4
2.4
2.5
2.8
2.7
2.4
2.5
2.9
2.5
10218:
2.6
2.5
2.9
3.1
2.9
2.7
3.3
2.7
3.3
2.3
4.9
10219:
2.0
2.6
1.9
2.4
2.4
2.9
3.1
3.0
2.8
2.6
2.7
2.4
2.6
3.1
2.3
2.5
2.7
2.7
2.9
2.8
3.0
2.7
2.4
1022:
3.0
2.4
3.5
3.2
3.5
3.4
3.6
3.3
2.6
3.1
3.5
3.2
3.2
3.4
3.5
3.3
3.5
3.1
2.8
3.1
2.9
3.1
2.9
3.1
2.7
3.2
3.5
2.8
2.6
2.7
1.9
3.1
3.1
3.0
3.6
3.5
2.8
2.6
3.4
10220:
2.3
3.0
3.4
10221:
3.6
4.1
3.1
3.1
2.8
3.7
3.7
3.3
4.0
4.4
3.5
3.8
3.5
3.2
3.1
3.1
3.8
10222:
3.2
3.5
5.3
4.4
4.3
3.7
3.4
4.2
3.2
3.5
3.6
2.6
3.8
3.3
4.4
3.7
3.9
4.3
3.6
3.5
4.2
3.6
3.7
3.1
4.5
3.5
3.7
3.9
3.9
4.3
3.3
3.0
3.3
4.1
4.2
4.0
3.8
3.2
3.6
3.8
3.5
3.8
3.1
4.0
3.2
3.7
3.3
3.9
3.8
4.2
3.4
3.8
2.7
3.2
3.9
3.0
3.6
4.5
3.6
4.6
4.1
3.7
3.5
4.9
3.3
3.9
3.7
3.7
3.6
3.6
3.7
2.3
3.3
3.4
3.9
3.6
3.3
4.6
5.3
4.3
3.8
2.8
3.8
3.2
3.6
3.3
3.0
3.5
3.4
3.8
3.5
4.3
3.6
3.7
4.1
3.3
4.2
4.1
3.9
3.7
3.9
3.5
3.7
4.0
4.6
3.5
3.7
3.2
5.2
3.4
3.6
4.7
3.4
4.3
3.9
3.7
3.2
3.6
4.0
3.3
3.1
3.4
3.7
3.3
3.4
4.5
3.5
4.0
4.6
3.6
3.7
4.0
2.8
3.5
3.8
4.1
3.6
3.4
3.5
3.2
3.7
4.0
3.6
3.6
3.6
4.5
3.6
3.4
4.1
3.3
3.6
4.0
4.8
3.4
3.6
4.1
4.0
3.7
3.9
4.1
4.2
3.6
3.3
3.7
3.6
3.5
4.2
3.3
3.1
3.6
3.7
3.4
3.4
4.0
3.6
3.8
4.2
3.5
4.2
4.2
3.7
3.9
4.1
3.7
3.8
3.8
3.2
4.1
3.5
4.5
3.7
3.7
3.6
4.3
3.7
3.9
3.9
3.1
3.5
4.1
3.4
3.3
3.7
3.3
3.9
3.1
3.6
10223:
3.8
3.9
4.5
4.0
4.4
3.5
4.1
4.4
4.7
4.2
3.6
10224:
3.7
10225:
3.7
3.8
4.0
4.2
3.5
4.3
4.7
3.9
4.1
3.4
3.4
3.5
3.4
3.9
3.4
3.7
3.4
3.1
3.6
2.9
3.8
3.5
3.9
3.8
3.7
3.8
3.4
3.7
3.3
3.4
4.2
3.2
4.0
3.9
4.2
3.5
3.1
3.4
4.2
3.7
4.3
4.0
3.8
3.7
3.8
3.8
4.3
3.7
3.7
3.2
4.7
3.9
4.0
3.5
4.0
3.9
3.8
3.4
3.2
3.9
4.3
4.0
4.0
3.8
3.6
3.9
3.4
4.8
3.8
3.7
4.1
4.0
3.7
4.3
3.8
4.7
4.4
3.7
3.7
3.3
3.3
4.3
3.5
4.7
3.9
4.1
4.1
3.4
4.1
4.3
3.8
3.7
3.5
4.0
3.5
3.4
3.7
4.1
3.6
3.9
3.8
3.7
3.5
4.4
3.5
3.8
3.8
4.1
4.3
4.8
3.5
3.9
4.2
3.7
4.0
3.5
3.4
3.4
3.1
3.6
4.4
4.0
4.1
4.3
3.1
3.2
4.6
4.2
3.9
3.5
3.8
4.0
4.3
3.3
3.8
3.6
4.2
3.8
3.7
4.2
3.9
4.0
4.1
4.0
4.1
4.2
3.6
3.8
3.8
3.8
4.1
3.7
4.2
3.7
4.2
3.9
2.8
3.7
3.9
3.9
4.5
3.7
3.9
3.8
4.7
4.1
3.5
3.5
2.8
3.8
3.1
3.4
3.7
3.4
3.8
3.7
4.2
3.7
3.9
3.5
4.4
3.8
3.5
3.4
3.5
3.9
4.1
3.9
3.3
3.8
3.5
4.3
3.7
3.7
4.2
4.7
4.6
3.4
3.6
3.4
3.9
3.8
3.9
3.4
3.5
4.0
3.8
4.2
3.8
3.6
5.0
4.1
3.9
4.3
3.4
3.6
4.5
3.6
4.0
4.1
3.7
4.0
3.7
4.2
3.8
3.8
4.3
3.8
3.5
3.4
3.9
3.2
4.2
3.7
4.4
3.9
4.2
4.5
3.5
3.9
4.0
4.2
3.7
4.5
3.6
4.1
3.7
3.9
3.9
3.8
3.9
3.5
4.1
4.4
3.9
3.8
4.5
4.2
3.6
3.4
4.3
3.6
3.8
4.1
4.3
3.7
4.2
4.0
3.8
3.8
3.3
4.0
4.5
3.4
4.3
10226:
2.8
2.3
3.4
3.4
3.1
3.2
3.1
2.7
2.7
3.2
3.0
3.1
3.0
2.8
3.3
3.6
1.7
3.0
2.9
3.1
3.5
3.8
2.4
3.8
3.5
3.1
3.1
2.7
2.9
2.8
2.5
3.8
2.6
2.9
3.6
2.8
2.6
3.5
2.6
3.6
3.1
3.7
3.2
3.3
3.1
3.1
2.9
3.1
3.3
3.1
3.1
3.6
3.0
2.6
2.7
3.3
2.9
3.4
3.5
3.3
3.4
2.9
2.9
2.8
3.2
3.1
3.5
3.3
2.9
2.7
3.4
3.3
2.7
3.5
3.6
3.6
2.8
3.3
2.8
3.7
3.0
3.4
3.4
2.8
3.3
2.7
3.1
3.0
3.5
3.0
2.9
3.7
3.4
3.4
2.9
3.2
3.4
3.6
3.4
2.8
3.1
3.1
3.4
3.9
2.8
3.3
3.0
3.1
3.3
2.8
2.7
2.4
3.1
3.2
2.9
2.9
3.3
3.1
2.6
3.7
3.6
3.0
3.2
2.9
3.0
3.1
3.4
3.2
2.8
3.4
3.4
3.1
3.0
2.9
3.2
3.3
3.4
3.3
3.4
3.3
3.0
3.5
2.5
3.7
3.0
3.2
3.0
3.3
3.3
3.2
2.9
2.9
3.2
3.4
3.1
3.1
3.2
3.1
3.6
2.9
3.2
2.8
3.7
3.0
3.4
3.1
4.0
2.7
3.1
3.4
3.7
3.5
2.7
3.3
3.0
3.4
3.5
3.4
3.0
3.2
4.0
2.6
2.8
3.3
3.3
3.6
2.7
3.1
2.9
3.2
3.3
3.7
2.5
3.1
2.7
2.9
3.1
3.4
3.0
3.0
10227:
4.3
3.9
4.2
3.8
3.4
3.7
3.1
10228:
3.0
10229:
2.6
3.5
2.8
3.3
3.3
3.2
3.3
4.0
2.2
2.8
3.4
3.1
2.6
2.5
2.7
3.3
3.6
3.3
3.6
3.0
3.2
3.1
2.6
2.4
3.1
3.3
3.1
3.6
2.9
3.0
3.2
3.2
3.3
3.6
3.0
3.4
2.8
2.8
2.8
2.8
2.8
3.1
3.2
2.9
3.4
2.4
3.7
3.2
2.9
3.0
3.5
3.1
3.2
3.7
2.9
3.0
3.3
2.7
2.8
2.9
3.6
2.8
2.9
2.9
2.5
3.2
2.7
2.5
2.3
2.7
2.9
3.1
2.7
3.4
2.8
2.4
3.6
3.5
4.2
2.6
2.6
2.8
3.6
3.3
2.9
3.8
2.4
2.5
2.8
3.5
2.8
3.1
3.0
2.9
3.1
4.0
3.0
2.5
2.8
RMSE: 0.96
