9856:
3.8
1.8
3.6
3.5
3.5
3.2
2.8
3.2
3.9
3.9
4.0
3.2
3.7
3.5
3.5
9857:
3.3
3.1
2.7
2.8
9858:
2.6
2.5
2.6
2.5
3.8
1.6
2.2
2.5
1.4
2.6
2.6
1.8
2.4
2.5
2.0
9859:
2.2
2.3
3.3
2.8
3.6
3.3
3.0
3.0
2.5
3.0
3.2
3.0
3.3
2.1
2.3
986:
3.5
4.4
3.0
3.9
3.6
3.4
3.6
3.6
3.9
3.4
3.7
4.0
3.9
4.0
3.8
9860:
1.5
2.2
1.5
1.9
2.0
2.4
9861:
3.5
2.6
3.3
2.6
3.4
3.8
3.7
3.1
3.2
4.0
2.6
2.8
9862:
2.6
3.9
3.4
4.2
3.7
3.4
4.3
4.4
3.2
4.2
3.5
4.1
4.2
4.4
4.3
9863:
2.7
3.6
3.7
2.8
3.3
3.1
3.2
3.5
3.9
3.8
3.3
3.4
3.5
3.6
4.3
9864:
4.6
5.0
4.2
4.7
5.2
4.3
4.5
4.8
4.3
4.8
5.2
4.0
5.4
4.5
5.3
9865:
3.1
3.2
3.2
3.1
3.6
4.3
4.2
3.7
3.0
3.8
9866:
3.8
3.7
3.2
3.6
4.1
4.6
3.6
3.8
3.7
4.0
3.5
9867:
3.8
3.2
4.0
3.5
3.6
3.6
2.7
3.6
9868:
4.1
4.0
4.0
2.9
4.2
3.8
4.5
4.6
3.6
3.2
3.4
4.5
3.7
4.2
4.7
9869:
2.5
2.7
3.1
2.7
987:
3.0
3.1
3.4
3.1
9870:
3.5
2.5
1.9
3.4
3.0
2.5
4.0
2.9
3.7
2.1
2.9
2.9
2.1
2.9
2.6
9873:
2.8
2.9
2.0
3.6
3.4
2.8
3.0
2.6
3.3
2.9
3.6
2.3
3.6
3.0
3.2
9874:
3.0
3.4
2.6
9875:
2.9
2.6
2.8
2.7
2.7
2.8
2.8
3.1
2.3
2.9
2.7
2.7
2.9
3.7
2.8
9876:
2.8
2.0
3.1
9877:
3.2
3.4
3.3
3.6
9878:
2.7
2.8
3.4
3.2
2.7
3.2
3.7
3.1
3.0
3.0
2.8
3.1
3.3
2.7
3.5
9879:
3.2
2.3
2.3
3.2
988:
3.3
4.6
3.7
3.8
3.5
2.7
3.9
3.6
4.0
3.6
4.0
3.2
3.7
3.7
3.6
9880:
2.1
1.6
2.9
1.4
2.1
9881:
2.7
1.7
2.0
9882:
4.7
4.2
4.6
4.1
4.5
4.2
3.6
3.2
3.3
3.8
4.3
3.9
3.7
4.6
3.7
9883:
2.9
9884:
4.4
3.8
3.1
9885:
2.9
3.2
9886:
3.4
3.7
4.4
3.6
3.7
4.1
3.6
3.3
4.4
3.9
4.4
2.9
3.5
3.9
3.9
9888:
3.7
3.2
3.9
3.1
3.7
3.4
4.5
3.0
2.7
3.3
3.3
4.5
3.8
3.8
4.2
9889:
1.7
2.9
989:
2.9
2.7
2.6
1.7
2.8
3.2
2.5
2.4
3.0
3.1
3.1
2.6
3.2
2.8
3.3
9890:
3.1
3.5
3.8
3.4
3.0
3.3
3.2
2.8
3.7
9892:
3.7
4.0
3.3
3.7
9893:
2.9
3.3
3.6
3.1
4.6
4.2
3.7
3.4
9894:
2.3
9896:
0.9
3.2
2.9
2.9
3.0
2.5
2.1
9897:
1.8
2.3
9898:
2.9
2.5
2.4
3.5
9899:
3.0
2.7
3.4
2.4
3.8
2.8
4.1
990:
3.5
2.8
3.3
3.8
3.3
3.5
3.5
3.6
4.3
3.5
5.2
4.0
4.2
3.8
3.0
9900:
3.1
3.0
2.7
3.1
3.1
3.6
3.1
3.1
3.1
3.8
3.3
4.1
3.0
3.3
3.1
9901:
4.5
3.9
3.6
3.8
3.2
3.0
3.0
4.3
4.2
3.7
3.2
3.2
3.8
3.8
9902:
3.8
3.9
3.9
4.0
4.2
3.4
3.4
3.4
3.2
3.0
3.5
3.5
4.2
3.8
3.7
9903:
2.6
2.6
2.6
9905:
3.4
3.7
4.1
4.4
3.4
3.7
3.4
3.7
4.8
3.1
4.0
4.4
4.6
3.9
4.0
9906:
1.4
9907:
3.3
2.8
3.2
9908:
3.9
4.7
4.1
4.2
4.2
3.8
3.7
3.9
4.3
3.1
3.9
3.7
4.2
4.5
4.1
9909:
4.8
4.6
4.7
3.7
4.5
4.3
3.7
4.8
4.9
4.2
5.3
4.1
4.9
4.4
4.7
991:
3.9
3.5
3.4
3.1
2.6
4.1
3.4
9910:
2.4
4.3
3.1
9911:
2.9
3.6
2.8
3.2
2.7
2.5
2.9
9912:
1.5
2.4
2.5
2.1
2.0
1.9
2.2
9913:
3.5
4.3
3.5
4.0
3.3
3.5
4.0
3.3
4.0
3.7
4.1
3.9
3.7
3.4
3.2
9914:
3.2
2.7
9915:
2.1
2.5
2.2
2.5
2.2
2.3
2.2
2.1
2.0
1.7
2.5
2.2
2.0
2.6
2.2
9916:
3.8
2.5
2.9
3.9
2.8
4.7
3.3
2.8
3.4
3.9
3.5
3.9
3.7
3.7
3.7
9917:
2.0
2.2
1.7
2.3
2.1
2.5
2.5
2.1
3.1
9918:
3.4
9919:
3.5
992:
4.3
4.0
3.9
4.9
3.3
4.1
4.7
4.7
4.0
4.0
3.5
4.5
3.4
4.0
3.6
9920:
3.0
9921:
3.0
3.3
3.3
1.1
3.2
2.4
9922:
4.3
4.3
4.1
4.3
4.3
4.2
4.9
4.1
4.2
3.4
4.2
3.8
4.9
4.8
4.5
9923:
3.4
4.3
3.4
4.0
3.3
3.7
3.9
3.9
3.0
4.0
4.4
4.1
4.3
3.8
3.6
9924:
3.4
9925:
3.9
3.0
3.1
4.9
9926:
3.3
3.0
3.0
2.8
2.2
2.1
2.5
2.8
2.7
2.9
2.8
2.9
9929:
4.0
4.5
4.3
4.0
4.3
4.2
4.4
4.1
4.7
4.3
4.5
3.8
3.6
4.7
4.7
993:
2.8
4.1
3.4
3.4
3.3
3.4
2.8
2.6
3.3
4.0
3.1
3.3
3.2
3.3
3.4
9930:
2.0
9932:
2.2
9934:
1.7
9935:
4.8
4.2
3.7
3.5
4.5
3.9
4.6
3.1
2.8
4.2
3.5
4.0
3.0
4.3
9936:
3.7
2.8
3.1
3.6
3.2
4.4
3.0
3.1
3.0
2.7
3.3
4.3
9937:
3.7
3.2
4.6
3.7
4.2
3.8
3.7
3.8
3.2
4.1
3.9
3.7
3.4
9938:
2.8
3.7
3.4
3.4
3.0
3.1
3.1
2.9
2.8
2.6
3.5
4.0
3.3
2.9
4.1
9939:
3.2
4.0
2.8
3.9
3.2
4.4
3.7
3.1
3.9
4.1
3.8
3.5
4.3
3.2
3.2
994:
3.3
2.9
3.5
3.3
4.2
3.2
4.2
3.3
3.1
3.8
3.2
3.9
4.1
3.2
3.2
9940:
3.7
3.4
3.9
3.2
3.5
3.9
3.8
3.3
3.6
3.4
3.8
3.6
4.1
3.9
2.9
9941:
3.6
3.4
4.1
9942:
1.7
1.0
1.3
1.2
1.8
1.9
9943:
3.5
3.6
2.2
9945:
3.8
3.6
3.4
3.6
3.1
9946:
3.9
3.9
4.1
4.2
4.4
4.8
4.5
3.6
3.9
4.0
3.6
4.4
4.2
4.0
4.1
9947:
4.0
3.7
4.3
3.1
4.5
2.6
2.8
3.6
9948:
2.8
1.3
3.3
2.7
2.8
2.4
3.1
2.7
9949:
4.5
3.4
3.1
3.9
2.9
3.2
3.7
4.3
3.6
4.1
3.4
3.9
3.5
3.8
4.0
995:
1.7
2.3
1.9
2.6
0.6
1.2
9950:
3.7
3.0
3.0
3.3
3.5
3.2
4.1
3.3
3.4
3.8
3.6
3.8
3.6
3.0
3.4
9951:
3.0
3.3
4.5
3.6
3.6
3.8
9952:
3.0
3.7
3.4
3.1
3.3
9953:
3.7
9954:
3.3
4.3
3.7
3.6
3.9
3.7
3.8
3.8
3.7
4.6
4.0
3.7
3.9
3.9
4.5
9955:
3.3
3.1
2.3
3.8
2.9
3.8
2.9
9956:
3.5
9957:
3.2
3.0
2.5
2.8
2.8
9958:
2.9
4.3
3.9
3.7
3.8
3.9
4.0
9959:
3.6
4.3
3.5
3.2
3.2
2.8
3.3
3.6
3.8
4.2
3.8
3.5
3.3
3.4
3.4
996:
4.7
3.2
4.6
4.5
4.5
4.2
4.8
3.6
3.0
4.0
4.4
4.7
4.3
4.2
5.4
9960:
4.1
4.2
4.3
3.8
4.5
3.8
3.4
3.6
3.9
3.2
4.0
3.6
4.3
4.3
5.0
9961:
4.7
4.2
3.5
4.6
4.9
4.1
4.4
4.0
5.2
4.0
4.1
4.4
4.8
4.0
4.0
9962:
1.9
3.3
3.0
3.0
9963:
3.0
3.5
2.5
2.9
3.1
3.2
2.7
3.1
9964:
3.5
3.5
3.9
4.8
3.7
4.8
4.2
4.0
3.6
3.7
4.0
3.5
3.9
4.3
4.0
9965:
3.8
3.8
3.3
2.8
2.7
3.8
3.0
3.1
9966:
4.0
4.2
3.9
3.6
3.8
3.7
4.2
3.7
3.7
3.4
3.1
4.3
3.3
3.4
3.7
9967:
3.4
2.4
9968:
3.3
4.3
9969:
2.5
2.6
997:
3.8
3.5
3.1
3.7
3.1
3.5
3.0
3.8
4.6
2.9
9970:
4.0
4.0
3.2
4.4
4.1
4.4
4.2
4.2
4.2
3.7
4.2
3.9
3.6
4.7
3.7
9971:
2.7
3.7
3.9
3.7
9972:
3.1
2.9
2.6
2.9
3.9
2.1
2.2
3.0
3.1
3.1
3.1
2.8
3.0
9974:
3.4
2.7
3.2
2.1
3.1
3.1
2.8
3.3
3.0
3.7
2.7
2.7
3.4
2.8
2.8
9975:
2.0
0.9
2.5
1.1
2.2
1.8
1.8
0.6
9976:
4.2
3.5
3.2
3.6
4.3
3.6
4.0
3.6
3.2
3.7
4.0
3.6
3.9
3.9
2.9
9977:
3.7
3.5
2.8
3.2
3.5
2.8
2.8
3.6
2.8
3.3
3.5
3.5
3.4
3.2
3.5
9978:
2.6
2.8
2.7
2.3
2.5
9979:
4.3
4.3
4.1
4.5
4.8
998:
3.9
3.8
2.6
3.9
3.5
9980:
2.9
4.2
3.2
3.4
3.0
2.6
3.1
2.7
9981:
3.4
5.0
3.2
4.2
3.7
4.4
4.3
3.8
4.7
3.5
4.0
4.5
4.1
3.7
3.3
9982:
3.4
3.1
3.4
3.5
3.9
4.0
9983:
3.7
3.8
3.6
4.1
4.2
4.4
3.8
3.6
4.1
3.3
4.0
3.0
2.5
3.5
3.4
9984:
3.7
3.8
4.3
3.4
3.4
4.1
3.2
3.7
3.6
3.3
3.6
4.1
3.6
3.7
4.6
9985:
2.9
3.4
3.9
3.8
3.3
2.9
3.3
3.4
3.3
4.0
3.2
3.5
3.8
2.9
2.6
9986:
3.3
4.0
3.7
3.7
4.1
3.7
3.4
3.7
3.1
3.6
3.5
3.5
3.7
3.9
3.5
9987:
3.6
2.9
3.3
4.5
3.5
4.1
4.5
4.9
3.4
4.1
3.6
3.8
3.0
2.9
3.7
9988:
4.0
3.6
3.2
4.2
4.9
3.5
3.6
3.8
3.6
3.8
4.3
4.0
4.3
3.9
4.1
9989:
2.3
2.6
2.5
3.3
999:
2.6
2.7
2.4
3.0
2.4
2.6
2.1
2.2
2.7
3.0
2.9
3.2
2.0
2.8
2.6
9990:
4.6
3.3
3.1
3.9
3.8
4.0
3.4
4.0
3.8
9991:
3.6
3.8
3.6
3.2
3.6
3.7
3.8
3.0
2.7
4.0
3.0
2.7
3.3
3.7
2.5
9992:
1.7
1.8
9993:
5.4
4.3
3.4
3.5
3.9
3.7
3.9
9994:
3.5
3.1
3.6
3.7
4.0
9995:
3.3
3.3
3.2
2.6
2.8
3.4
3.0
4.2
3.4
3.1
3.0
3.0
3.7
2.9
3.4
9996:
4.2
3.1
3.0
3.4
4.3
3.3
3.8
3.7
3.9
2.5
3.1
3.7
3.7
3.0
2.7
9997:
3.7
3.9
3.8
4.0
9998:
2.8
3.0
3.7
9999:
1.3
RMSE: 0.98
