1:
3.69
3.49
3.64
4.19
3.69
3.79
3.54
3.69
3.86
3.6
3.33
3.64
3.83
3.84
3.23
3.81
3.64
4.1
3.91
3.93
3.38
4.37
3.61
10:
3.29
3.16
1000:
3.44
3.28
3.14
4.14
3.7
3.52
3.45
3.78
3.31
3.07
3.46
3.58
3.44
3.98
3.77
3.33
3.32
3.33
3.41
3.64
3.5
3.77
3
3.34
3.84
3.36
3.62
10000:
3.65
3.58
10001:
3.54
3.99
3.7
3.19
4
3.56
3.57
3.83
3.81
3.61
3.91
3.91
3.3
3.93
3.65
3.57
4.03
10002:
3.97
3.49
4.19
3.83
10003:
3.04
10004:
4.37
3.89
4
3.79
4.17
4
4.06
3.99
3.98
3.95
4.03
3.81
3.98
3.77
4.04
4
4.05
4.05
4.14
3.85
3.96
3.85
3.87
3.91
4.48
3.75
3.92
4.02
3.57
4.23
4.11
10005:
3.6
3.83
3.44
3.27
3.33
10006:
3.7
3.41
3.8
3.16
10007:
2.87
3.17
2.96
2.96
2.85
3.09
2.9
3.26
3.06
3.22
2.96
3.11
3
10008:
4.17
3.44
3.57
3.17
3.93
3.81
3.8
10009:
3.32
3.53
4.1
3.15
3.1
3.48
1001:
4.01
3.52
3.32
3.39
3.81
3.8
3.66
3.51
3.14
3.63
3.61
3.73
3.26
3.59
3.49
3.45
3.8
3.7
3.25
3.36
3.26
3.66
3.45
3.17
3.56
3.31
3.6
3.61
3.65
3.88
3.63
4.15
3.27
3.53
3.51
3.53
3.83
3.15
3.18
3.66
3.78
3.3
3.61
3.79
3.84
3.63
3.47
3.36
3.39
3.83
3.38
2.96
3.05
3.63
3.69
3.88
3.24
3.52
3.57
3.37
3.5
3.35
3.34
3.26
3.79
3.25
3.2
3.29
3.79
3.54
3.28
3.36
3.56
3.28
3.34
3.66
3.1
3.13
3.55
3.56
3.65
3.79
3.07
3.61
3.51
3.45
3.47
3.82
3.46
3.23
3.82
3.53
3.62
3.69
3.35
3.15
3.34
3.38
3.44
3.51
3.57
3.53
3.32
3.3
3.52
3.51
3.63
3.67
3.62
3.15
3.3
3.47
3.49
3.29
3.49
3.13
3.3
3.71
3.65
3.32
3.44
3.53
3.4
3.53
3.42
3.47
3.32
3.7
3.5
3.39
3.52
3.66
3.6
3.39
10010:
2.95
2.84
2.86
3.28
3.14
2.93
3
2.89
2.66
3.07
2.75
2.74
2.81
2.66
3.23
2.89
2.76
3.12
2.43
2.93
2.65
2.73
2.77
10011:
4.05
3.87
10012:
3.36
3.82
3.29
3.35
3.65
3.69
3.04
3.45
3.3
3.46
3.68
3.35
3.29
10013:
3.6
3.43
3.58
3.65
3.46
3.53
3.42
3.59
3.43
3.7
3.25
3.8
3.42
3.62
3.32
3.42
3.25
3.36
3.48
3.21
3.3
3.14
3.4
3.62
3.62
3.39
3.48
3.09
3.21
3.45
3.36
3.18
3.27
3.7
3.35
3.28
3.49
3.78
3.69
3.18
3.83
3.43
3.53
3.48
3.53
3.17
3.42
3.52
3.27
3.59
3.3
3.36
3.58
3.71
3.45
3.13
3.71
10014:
3.36
3.81
3.1
3.61
3.34
10015:
3.71
3.45
3.26
3.57
3.76
3.56
3.85
3.74
3.75
3.49
3.8
3.64
3.53
3.87
3.87
3.54
3.69
3.89
3.68
3.88
4.4
3.88
4.13
3.24
3.4
3.47
3.88
3.66
10016:
3.17
2.77
2.92
3.23
3.64
10017:
3.35
3.52
3.37
10018:
4.17
3.75
3.23
3.34
3.53
3.7
3.59
3.44
2.99
3.79
3.59
3.79
3.76
3.7
3.45
3.65
3.53
3.62
3.53
3.62
3.57
3.42
3.83
3.88
3.51
3.8
3.6
3.74
3.67
3.86
10019:
3.53
3.36
3.69
3.32
3.99
3.93
3.57
3.13
3.71
3.48
4.05
3.28
3.3
3.43
3.7
3.61
3.74
3.56
3.49
4.02
3.7
3.72
3.7
3.59
3.78
3.74
3.36
3.44
3.46
3.7
3.49
3.5
3.7
3.81
3.44
3.83
2.99
3.64
3.79
3.8
3.83
3.92
3.64
3.74
3.92
3.28
3.72
3.9
3.77
3.63
3.34
3.44
3.74
3.45
3.48
3
3.23
3.41
4
3.41
3.25
3.5
3.46
3.49
3.74
4.19
3.49
4.19
3.6
1002:
3.41
3.21
3.48
3.57
3.5
3.62
3.76
3.02
3.53
3.53
3.83
3.56
3.47
3.33
10020:
3.8
3.88
3.69
3.95
3.78
3.68
3.8
3.99
3.96
3.83
3.8
4.3
3.72
3.86
3.82
3.8
3.98
3.63
3.93
3.63
4.04
3.52
3.73
3.7
3.48
3.08
3.95
10021:
2.82
3.04
3.08
2.88
10022:
2.9
3.43
3.28
3.17
3.44
3.44
3.08
3.1
10023:
3.82
3.76
3.78
3.6
4.23
3.61
3.48
3.74
3.57
3.8
4.03
10024:
3.57
3.81
3.47
3.74
3.55
3.36
3.35
3.42
3.67
3.68
10025:
3.26
10027:
4.12
3.68
3.64
3.69
3.34
3.65
3.59
3.96
3.51
3.91
3.73
3.76
3.86
3.51
3.79
4
3.65
3.88
3.95
3.82
3.6
3.93
3.75
3.67
3.97
3.87
4.04
4.1
4.17
4.1
4.13
3.88
3.48
3.67
3.87
4.11
4.19
3.87
3.9
3.62
3.94
3.93
4.38
3.71
3.67
3.99
3.89
3.81
4.03
4.01
3.79
3.99
3.69
3.64
3.58
3.97
3.61
3.63
4.04
3.95
3.66
3.67
3.49
3.46
4.11
4.3
3.47
3.92
3.5
3.98
3.94
3.92
3.84
3.75
4.12
3.84
3.98
3.91
3.32
3.7
4.21
4.28
3.34
3.73
3.87
4
3.75
3.89
10028:
3.24
3.36
3.2
3.74
3.81
3.17
3.89
10029:
3.33
3.79
3.72
3.23
10031:
3.45
3.13
3.58
3.05
3.8
3.25
3.15
2.97
3.15
10032:
3.37
4.25
3.93
3.99
3.88
3.19
3.59
3.53
3.75
3.05
3.42
3.95
4.19
3.57
3.9
3.23
3.68
3.56
3.56
3.67
3.43
3.6
3.48
3.6
3.62
3.36
3.56
3.59
3.93
3.44
3.63
3.74
3.9
3.72
3.53
3.84
3.48
3.47
3.54
3.53
3.59
3.66
3.53
3.34
3.52
3.64
3.82
10033:
3.63
3.47
3
3.51
3.43
3.14
3.34
3.23
3.45
3.26
3.54
3.4
4.04
3.66
10034:
2.65
3
10035:
3.15
4.17
4.23
3.98
4.08
4.03
3.67
3.61
3.73
3.56
3.87
3.75
3.87
3.95
3.79
3.81
3.87
3.93
3.98
4.46
10036:
3.49
3.53
3.63
3.51
3.8
3.65
3.36
3.72
3.27
3.39
3.51
3.67
3.87
3.81
4.15
3.86
3.69
3.84
3.14
3.39
3.73
3.53
3.97
3.84
3.83
3.96
3.82
3.76
3.79
3.35
3.68
3.4
3.34
3.59
3.53
3.59
3.74
3.72
3.61
3.8
3.54
3.78
3.99
3.87
3.81
3.9
4.17
4.14
3.43
3.89
3.5
3.75
3.75
3.37
3.66
4.02
3.44
4.3
3.55
3.88
3.78
4.05
3.47
4.08
3.48
4.11
3.63
3.91
3.77
3.85
4.19
3.86
3.77
3.5
3.83
3.97
3.89
3.48
3.91
3.91
3.71
3.55
4.21
3.88
3.34
3.76
3.63
3.8
3.79
3.66
3.53
3.98
3.62
3.93
3.63
3.49
3.49
3.81
3.59
3.94
3.98
3.76
3.61
4.09
3.5
3.34
3.72
3.46
3.53
3.79
3.79
3.54
3.63
3.83
3.58
3.7
4.16
3.55
3.61
3.82
3.71
3.76
3.78
3.65
3.82
3.55
3.98
4.12
3.59
3.52
3.84
3.44
3.48
3.91
3.61
3.47
3.78
3.77
3.89
3.38
4.19
3.92
3.47
3.69
3.53
4.16
3.56
3.78
3.56
3.48
3.81
3.83
3.86
3.58
3.71
3.55
4.26
3.61
3.7
4.06
3.9
3.56
3.83
3.89
3.7
3.69
3.88
4.04
3.77
3.6
3.52
3.61
3.94
3.57
3.82
3.78
3.62
3.91
3.88
4.05
3.7
4.05
3.47
3.77
4.21
3.65
3.68
3.68
3.85
3.71
3.8
3.48
3.81
4.21
3.9
3.33
3.7
3.8
3.41
3.75
3.76
3.74
3.6
3.73
3.28
4.27
3.76
3.84
3.5
3.64
3.72
3.57
4.04
3.59
3.58
10037:
3.77
3.34
3.43
3.7
3.64
3.65
3.44
3.2
3.37
3.65
3.34
3.38
3.44
3.46
10038:
3.82
3.41
3.32
3.4
3.31
3.55
3.55
3.21
10039:
2.58
1004:
2.93
2.96
3.13
3.13
3.39
3.24
3.29
3.61
2.88
3.29
3.36
3.61
3.43
3.26
3.07
2.88
3.17
3.31
3.12
3.23
3.37
3.14
3.06
2.57
3.05
2.87
3.21
3.26
2.98
3.27
3.28
10040:
3.33
3.24
3.58
10041:
3.51
3.25
3.32
3.14
3.32
3.35
3.63
3.29
3.45
3.16
3
3.47
3.7
3.13
3.37
3.49
3.35
3.09
3.23
2.98
3.22
3.36
3.12
3.24
3.44
2.97
3.39
3.16
3.41
3.17
3.43
10042:
4.17
3.93
4.17
3.99
4.09
4.32
4.41
3.9
4.42
4
4.19
4
4.21
4.08
4.15
4.33
3.93
4.31
4.23
4.17
4.01
4.34
3.68
4.1
4.17
4.42
4.23
3.52
4.23
4.19
4.14
4.23
4.15
4.41
4.16
4.46
4.07
4.16
3.96
3.82
4.19
4.05
3.98
3.92
4.04
4.36
4.15
3.89
4.07
3.89
4.09
4.32
4.42
3.85
4.5
4.38
3.75
4.19
3.83
4.05
4.15
4.09
4.16
4.09
3.73
3.81
4.02
4.31
4.03
3.83
3.96
3.88
4.16
3.99
3.9
4.42
4.33
4.09
4.12
4.25
3.87
4.09
4.23
4.11
4.37
3.97
4.04
4.23
3.81
4.34
3.98
4.19
4.64
4.07
4.1
4.3
4.11
4.16
4.1
4
4.28
4.31
4.01
4.51
4.25
4.05
4.11
4.13
4.44
4.1
4.33
4.15
3.84
4.3
3.88
4.07
4.16
3.85
4.17
4.44
3.78
4.48
4.14
4.5
4.29
4.64
3.82
4.01
4.17
3.93
3.97
4.17
4.11
3.2
4.07
4.09
4.48
4.62
3.93
4.42
4.06
4.52
4.09
4.05
4.12
4.11
4.19
3.82
3.92
4.32
3.97
4.21
4.6
4.14
4.28
4.06
4.03
3.81
3.85
4.25
3.65
4.38
4.14
4.17
4.03
4.39
4.01
3.98
4.06
4.19
4.35
4.35
3.91
3.99
4.33
4
4.19
4.44
4.57
4.19
3.92
4.13
4.39
4.01
4.17
4.44
3.96
3.75
4.05
4.33
3.95
4.11
4.34
3.94
4.34
4.42
4.35
4.06
4.15
4.21
4.17
4.28
4.17
4.06
4.23
3.45
4.25
4.16
4.19
4.01
3.97
4.03
4.42
4.39
4.46
4.32
4.29
4.25
4.11
4.26
4.05
4.27
4.39
4.25
4.14
4.23
4.33
3.98
4.11
4.09
4.15
4.17
4.12
4.04
4.42
4.11
4.33
3.99
4.23
4.19
3.96
4.48
3.9
4.3
4.25
4.28
4.53
4.29
4.11
4.21
3.85
4.13
4.56
4.08
4.08
4.06
3.9
4.27
4.21
3.86
3.87
3.83
4.14
4.44
3.76
4.06
4.07
4.27
3.99
4.01
4.13
4.37
4.08
3.95
3.83
3.92
4.1
4.26
4.15
4.16
4.12
3.98
4.29
4.02
4.23
4.03
3.86
4.35
3.99
4.21
4.23
3.92
4.26
3.96
4.29
3.92
4.05
4.17
4.02
4.06
4.23
4.16
4.19
4.15
3.81
4.14
4.1
4.15
4.23
4.23
4.13
4
4.21
4.09
4.11
4.34
3.99
4.36
4.32
4.01
4.25
3.98
4.33
4.23
4.31
4.33
4.34
4.17
4.4
4.12
4.35
4.16
3.86
4.3
4
4.19
4.21
4.51
4.01
4.37
4.36
4.23
4.35
4.65
3.95
4.29
4.27
4.46
3.99
4.25
4.46
4
4.31
4.04
3.85
4.17
4.21
4.31
4.05
4.19
4
3.99
4.09
4.08
4.13
4.08
3.89
3.97
4.5
3.97
4.55
4.12
4.09
4.06
4.09
4.51
3.81
3.71
4.21
4.21
4.13
4.17
3.85
4.21
4
4.35
4.1
4.03
3.91
4.14
4.15
3.91
4.14
3.84
3.9
4.52
4.15
3.79
4.09
4.23
4.08
4.06
3.99
4.03
4.11
4.14
4.25
4.09
3.8
4.3
4.37
3.9
4.21
4.09
3.92
4.21
3.91
4.44
4.21
3.79
4.6
4.14
4.21
4.44
4.16
3.9
4.3
4.42
4.23
3.96
3.99
4.35
RMSE : 0.92
