482:
3.4
4.1
4.1
3.8
3.8
4.0
3.7
3.4
3.9
3.6
3.5
4.2
3.8
3.8
3.5
3.8
3.5
3.6
3.5
3.6
3.8
3.6
3.9
3.9
3.7
3.9
3.9
3.8
3.8
4.1
10042:
4.1
4.2
4.2
4.1
4.2
4.2
4.2
4.3
4.3
4.2
4.2
4.0
4.0
4.0
4.3
3.9
4.5
4.2
4.1
4.3
4.4
3.9
4.0
4.0
4.3
4.0
4.3
4.2
4.0
4.5
3.8
4.3
4.5
4.0
3.6
4.4
3.8
4.0
4.2
4.1
4.2
4.4
10043:
4.0
10088:
3.5
3.6
3.7
3.7
4.1
10168:
2.8
3.7
3.0
3.7
3.6
3.5
3.2
2.7
3.4
3.3
3.5
3.9
3.4
3.5
3.3
3.6
3.5
3.8
3.7
3.3
3.2
3.5
3.5
3.3
3.4
3.0
3.1
3.4
3.7
3.6
3.4
3.4
3.4
3.6
3.4
3.3
3.1
3.0
3.3
3.4
3.6
3.8
3.0
3.2
3.2
10173:
3.4
3.0
3.0
10185:
4.1
10212:
4.0
3.4
10229:
3.5
3.3
3.3
3.3
3.6
3.1
3.2
3.3
3.2
3.2
3.2
3.1
10229:
2.9
3.3
3.2
2.9
3.4
3.3
2.9
3.4
3.4
3.4
3.5
2.9
3.1
3.3
10231:
3.7
3.4
3.4
3.8
3.6
3.4
3.6
3.5
10275:
3.8
3.5
3.7
3.5
3.7
3.4
4.1
3.3
3.4
3.7
3.6
3.6
3.5
3.9
3.8
3.3
3.8
3.6
3.6
3.5
3.8
3.5
3.6
3.6
3.9
3.3
3.4
10347:
4.1
3.9
10372:
4.1
10375:
3.5
3.4
3.5
3.5
4.0
3.6
3.8
3.6
3.4
3.4
4.2
3.7
3.7
3.6
3.5
3.5
3.9
3.7
10421:
3.3
2.9
3.7
2.9
10428:
3.7
3.6
3.3
3.6
1046:
4.2
4.0
3.8
3.6
3.5
3.5
3.3
3.3
3.6
3.0
3.2
3.4
4.0
3.2
3.4
3.7
3.6
3.4
3.9
3.5
3.4
3.9
3.4
3.7
3.3
3.1
4.0
3.8
3.3
3.3
3.8
3.5
3.6
3.3
3.5
3.5
3.9
3.3
4.0
3.5
3.4
3.6
3.4
3.5
3.4
3.6
3.5
4.2
3.5
3.4
3.7
1047:
3.7
10550:
3.3
3.5
3.9
3.4
3.4
3.9
3.6
4.0
3.9
3.4
3.8
3.7
3.6
3.5
3.5
3.5
3.7
10550:
3.9
3.8
3.6
3.5
3.7
4.0
3.8
3.9
3.3
3.5
4.2
3.5
4.2
3.9
3.4
3.8
3.7
3.7
3.6
3.4
3.7
3.5
3.3
3.6
3.7
3.6
3.8
3.7
3.4
3.9
3.8
3.3
10561:
3.3
3.9
3.4
3.8
3.5
3.6
3.8
3.7
3.6
3.5
3.7
4.0
3.4
3.6
3.5
3.3
4.0
3.6
3.4
3.8
3.9
3.5
3.6
3.2
3.8
4.1
4.0
3.6
3.6
3.4
4.2
3.3
3.5
3.8
3.7
3.3
3.7
10582:
3.4
3.3
3.3
3.7
3.4
3.4
3.2
3.6
3.5
3.4
3.5
3.2
3.7
3.4
3.8
3.3
3.4
3.3
3.3
10583:
3.8
3.6
3.4
3.8
3.4
3.5
3.7
3.6
3.1
3.4
3.7
3.7
3.7
3.9
3.6
3.7
3.3
4.1
3.9
3.3
3.4
3.5
3.5
3.7
3.5
3.6
3.7
3.2
3.5
3.5
3.6
3.5
4.0
3.6
3.6
3.7
3.6
3.6
3.2
3.9
3.5
3.6
3.5
3.4
3.6
3.5
10598:
4.1
3.8
3.7
4.1
3.7
3.4
3.8
4.2
4.0
4.1
4.3
3.4
3.6
4.3
4.1
3.7
4.2
3.9
3.9
3.9
4.1
3.7
3.9
4.1
4.1
3.6
4.0
4.3
4.3
4.1
3.6
4.2
4.1
4.2
3.5
4.2
3.9
3.8
4.2
4.1
4.0
3.8
3.7
3.8
4.1
4.1
10607:
3.9
4.2
3.8
4.0
3.9
4.2
3.8
4.2
3.8
3.9
10625:
3.6
4.0
3.5
3.8
3.4
3.2
3.7
3.4
10643:
4.2
4.0
4.4
4.3
4.3
4.1
4.0
3.8
4.0
4.2
3.6
1066:
3.7
4.2
3.7
3.7
3.7
3.7
3.7
4.1
3.7
3.4
4.0
3.8
3.6
3.6
4.1
3.4
3.7
3.6
3.7
3.9
3.8
3.3
3.5
4.0
3.8
3.7
3.6
3.7
3.6
3.6
3.7
3.9
4.1
3.9
10695:
3.2
3.4
3.4
2.8
3.2
3.3
3.3
3.8
3.2
3.5
3.6
3.3
1073:
4.2
3.7
3.8
4.0
3.8
3.7
3.6
3.5
3.9
3.4
3.9
3.8
3.8
4.4
4.0
3.9
4.1
3.8
3.8
3.9
3.9
3.9
3.7
3.6
3.7
3.9
3.9
4.0
4.1
4.1
3.9
3.8
4.0
3.6
3.7
3.7
3.6
3.9
3.6
4.0
4.0
3.5
3.8
3.8
3.6
3.5
4.2
3.7
3.8
3.7
3.9
3.7
1073:
3.6
3.9
3.9
3.7
3.3
3.6
3.9
4.4
3.8
3.8
3.9
4.0
3.6
3.9
3.7
3.7
4.0
3.8
3.5
3.2
3.7
3.7
4.2
4.0
3.5
4.1
3.9
3.9
3.7
4.0
4.0
3.8
3.7
4.0
3.8
3.6
4.0
3.8
3.7
3.8
4.0
3.7
4.1
4.0
3.5
4.1
3.5
3.9
3.4
3.5
4.1
4.1
3.7
4.0
4.2
4.1
3.7
4.0
4.2
4.1
3.7
4.1
4.1
4.2
3.8
3.8
3.9
3.8
3.7
4.3
4.0
3.7
3.7
4.0
3.9
4.1
3.6
3.8
3.8
4.4
3.8
3.6
4.1
3.5
3.8
3.9
4.3
4.0
3.8
4.2
4.0
4.1
4.0
4.1
3.7
3.6
3.7
4.0
4.0
3.8
4.1
3.7
4.1
3.5
4.0
4.2
4.0
4.0
3.5
3.9
3.6
3.9
3.7
3.5
4.1
4.0
3.7
3.9
3.7
4.0
3.7
3.9
3.9
4.0
3.7
4.0
3.2
4.2
4.0
3.7
3.6
4.1
4.1
3.8
3.8
3.5
3.9
3.9
4.2
3.6
3.6
4.0
3.9
4.5
3.9
3.7
4.3
3.5
4.0
3.7
3.9
3.6
3.7
3.7
3.7
3.6
3.7
3.6
3.8
3.9
4.0
4.0
4.2
4.0
4.0
3.9
4.0
4.1
3.3
3.4
3.8
4.3
3.7
3.8
3.5
4.0
4.1
3.7
3.5
4.0
4.0
4.1
3.8
4.0
3.9
4.3
3.7
4.1
3.7
4.1
3.8
4.1
3.6
3.5
4.0
3.7
3.8
4.0
4.0
3.7
3.7
4.1
3.7
4.0
4.1
3.7
4.2
3.7
4.2
1073:
4.0
3.6
3.7
4.3
4.0
4.0
3.6
4.3
3.9
3.8
4.2
3.8
3.7
4.0
4.4
4.1
3.6
3.8
3.8
4.0
3.9
3.8
3.9
3.7
4.0
4.0
3.6
4.0
4.1
4.0
3.8
4.1
4.0
4.3
4.0
3.8
3.7
4.0
3.7
3.8
3.7
4.1
4.1
3.8
4.1
3.9
3.7
4.3
4.1
4.0
3.8
4.1
3.6
3.8
4.1
3.7
3.8
4.0
4.1
3.6
3.5
3.5
3.5
3.6
3.7
3.3
3.7
4.1
4.0
3.6
3.4
3.5
3.3
3.6
4.3
3.8
3.7
3.8
3.6
4.1
3.8
3.5
4.1
4.0
3.8
3.6
3.8
3.7
3.7
4.0
1073:
3.7
3.9
3.9
4.0
3.9
4.3
4.4
3.5
3.6
3.8
3.6
4.2
4.0
3.8
3.8
3.9
3.9
4.1
3.7
4.0
3.9
3.7
3.9
3.6
3.8
3.7
3.8
1073:
3.6
3.9
3.7
3.8
4.2
4.3
4.0
3.8
3.6
4.1
3.7
3.8
4.3
3.3
4.1
4.2
3.9
3.9
3.9
3.7
3.8
3.6
4.1
3.8
3.3
1073:
4.0
4.0
4.0
3.7
3.8
3.4
3.5
4.1
1073:
3.7
3.9
3.8
4.4
4.2
3.6
3.8
10759:
3.2
3.0
2.6
3.0
3.3
2.7
3.2
2.6
3.3
2.9
3.4
2.8
2.8
3.3
2.9
2.5
2.9
3.0
2.8
10778:
4.0
4.0
4.1
4.3
3.9
4.2
4.1
4.1
4.4
3.8
4.3
4.2
3.9
4.0
4.3
3.9
4.3
4.0
4.3
4.1
4.2
4.2
4.3
10785:
4.1
3.7
3.4
3.8
3.8
3.5
3.7
10828:
3.8
3.9
3.6
3.7
10894:
3.5
3.0
3.3
3.3
2.9
3.2
10894:
3.6
10899:
3.6
3.7
3.6
3.5
3.5
3.6
3.9
3.6
3.2
3.8
4.0
3.2
3.5
3.3
3.7
3.5
3.5
3.5
3.3
3.6
3.5
4.0
3.2
3.3
3.1
4813:
4.1
4.2
4.1
3.7
4.0
4.0
3.8
3.9
3.6
3.8
RMSE: 0.57
