17288:
3.5
3.5
3.8
4.8
2.6
4.2
2.8
16004:
3.1
3.4
6633:
3.9
4.0
3.2
3.8
3.1
3.3
4.0
3.9
4.2
3.6
4.0
4.3
3.9
4.5
4.2
3.4
3.7
3.9
4.5
3.0
4.3
4.2
4.0
4.0
3.6
4.2
4.2
3.5
3.7
3.8
3.9
3.7
4.2
3.9
4.0
3.9
4.7
3.9
3.9
3.8
4.5
3.6
4.2
4.1
4.5
4.1
3.9
4.1
3.7
3.7
4.3
4.1
3.7
4.1
4.2
3.4
4.3
4.3
3.7
3.8
3.3
3.9
3.6
3.2
3.9
4.2
3.7
3.5
4.0
3.9
4.1
3.9
3.7
4.4
4.4
3599:
3.2
4.3
4.0
4.1
3.2
3.4
3.7
3.7
3.9
3.6
3.6
3.5
3.6
3.6
3.3
3.4
3.4
3.2
3.6
3.3
3.7
3.8
3.4
3.8
2.9
4.4
3.0
3.4
2.7
4.4
3.6
2.3
2.8
3.7
4.0
3.7
3.8
2.9
3.0
3.4
3.4
1933:
2.1
3.0
2.4
1.9
2.6
2.8
2.2
2.8
2.5
2.9
2.4
2.5
2.4
2.5
3.1
2.1
3381:
3.7
2.9
4.0
3.6
3.9
3.3
3.0
3.8
3.9
4.6
3.6
4.7
3.2
4.0
3.9
3.9
3.6
3.9
3.8
4.6
3049:
2.6
2.7
2.5
2.8
9934:
2.0
1743:
4.8
3.4
3.6
2.6
3.7
3.7
3.8
4.1
3.8
3.4
4.2
4.0
3.4
3.5
3.2
3.7
4.8
3.7
3.3
3.8
3.6
4.0
4.0
3.6
3.9
3.7
2.8
3.8
3.7
4.5
2.7
4.0
3.9
3.1
3.1
3.7
3.8
4.1
4.0
3.6
3.2
3.9
3.0
4.3
4.3
3.2
3.9
2.8
3.6
4.2
4.1
3.2
3.3
4.7
4.3
4.4
3.9
3.8
4.2
3.7
3.9
5.0
3.6
4.6
3.5
3.5
3.3
3.8
4.1
2.6
4.0
3.5
4.3
4.2
3.8
5418:
2.9
3.4
4.0
3.7
3.9
4.1
15280:
2.5
10286:
3.5
2.8
4.3
3.6
3.1
3.5
3.9
3.2
3.4
4.3
3.5
4.6
3.8
3.6
3.8
3.5
3.8
3.4
4.1
3.8
3.2
3.5
3.6
3.3
15456:
3.2
3.2
3.3
854:
2.5
2.7
2407:
2.7
2.6
3.1
2.7
3.0
2.8
3.5
2.9
3.3
3.0
2.4
3.4
2.4
3.0
2.7
2.4
3.3
13583:
3.2
3.9
4.1
3.8
3.2
3.5
9909:
4.8
4.5
4.6
3.7
4.3
4.1
3.6
4.7
4.8
4.1
4.9
4.0
4.7
4.3
4.6
3.9
4.2
5.1
4.4
4.1
4.5
4.9
4.5
4.9
5.4
4.6
4.0
4.9
4.6
4.5
5.3
3.9
4.3
4.9
4.6
4.8
4.0
4.7
4.6
3.9
4.6
4.5
4.1
3.3
4.6
4.4
4.0
4.5
4.6
3.6
4.1
4.5
5.1
4.9
4.7
4.6
4.0
4.9
3.8
4.4
3.6
4.5
4.1
4.6
4.8
4.3
4.6
4.5
3.4
4.1
4.9
4.6
4.8
4.2
4.4
9880:
2.2
1.6
2.9
2.1
2.3
9389:
2.3
2.7
2.6
2.9
3.1
3.1
2.4
2.3
2.8
2.9
2.7
2.5
2.8
2.8
3.5
2.5
2.5
2.8
3.4
3.2
2.1
2.1
3.1
2.5
2.9
2.4
3.3
3.1
3.1
2.6
3.1
2.7
3.0
1.5
3.0
2.2
3.1
2.3
2.5
2.9
12712:
3.9
3.8
2.6
3.1
1162:
3.8
3.3
3.8
3.8
3.9
4.0
4.5
2.9
4.0
3.2
3.1
3.2
924:
2.5
2.6
2.4
3.2
349:
2.3
3.7
2.5
7899:
2.4
3.1
3.1
3.8
2.7
2.9
3.0
2.9
3.8
3.4
3.3
3.0
2.8
2.3
2.3
3.5
2.9
16564:
3.1
3.3
2.6
3.7
3.0
3.1
3.3
3.3
3.4
3.4
3.2
2.9
2.0
3.6
3.4
4.0
2.4
3.0
3.6
3.5
3.2
3.0
3.3
3903:
3.5
3.5
3.2
4.4
3.1
3.8
3.9
3.3
3.4
4.2
2.8
3.3
3.7
4.1
3.2
3.8
4.1
3.5
3.8
4.6
4.1
4.1
4.0
3.8
3.6
3.8
3.3
3.5
3.1
3.7
4.0
3.9
3.2
3.5
3.9
4.0
3.4
4.5
3.3
3.6
3.0
4.7
4.2
3.9
4.1
4.0
4.2
3.8
3.8
4.7
2.7
4.2
3.3
4.4
4.6
4.5
3.6
4.2
3.5
3.5
3.3
3.5
4.1
3.5
4.2
4.0
3.8
4.4
3.6
3.7
3.7
3.9
3.6
3.9
4.1
3785:
3.0
3.1
3.3
3.5
3.4
8828:
3.3
3.1
3.6
3.2
8544:
2.2
4.0
3.1
2.8
2.9
3.0
3.4
3.8
2.7
2.9
2.3
7721:
2.5
3.2
3.8
3.7
4.0
3.2
3.3
4.5
3.7
3.5
3.2
3.4
3.8
3295:
2.2
2.0
3.7
2.5
1.9
1.2
160:
3.1
2.7
3.0
2.9
2.5
3.0
3.1
3.0
2.9
2.7
3.6
2.6
3.4
3.2
3.1
2.7
14730:
2.6
4.6
3.8
2.9
7336:
4.2
3.6
3.5
3.3
2.9
3.3
3.8
3.8
3.7
3.8
3.4
3.4
4.3
3.7
3.4
3.5
3.5
3.9
3.6
3.5
3.8
3.9
3.8
4.0
3.4
3.3
3.4
3.8
3.5
3.9
3.1
3.7
3.5
3.6
4.0
3.5
3.1
3.3
3.4
4.1
3.2
3.9
3.6
4.1
3.4
3.5
3.3
3.6
3.9
3.9
3.8
4.0
4.0
3.7
3.8
4.2
3.4
3.5
2.7
3.8
3.4
3.1
3.3
3.9
3.3
3.5
3.2
4.8
3.8
3.6
3.2
3.4
3.6
3.0
3.8
13990:
3.9
3.2
3.5
4.3
3.1
3.4
3.0
4.2
3.1
2.8
4.1
4.5
3.5
3.0
3.2
4.4
3.1
4.0
3.6
3.6
3.3
3.7
3.8
3.5
3.4
3.6
3.6
3.5
3.6
4.3
2.5
4.4
3.4
3.5
3.4
3.1
3.5
3.9
3.4
3.2
3.4
3.9
3.3
3.9
3.0
3.1
3.5
3.1
3.8
3.1
3.2
3.6
3.2
3.2
3.3
4.3
3.1
3.2
2.7
3.1
3.0
4.2
3.3
3.6
3.7
3.1
3.4
3.7
9691:
3.6
3.8
3.3
3.3
5.1
3.1
4.2
132:
3.2
2.7
1.8
2.7
3.6
3.7
2.4
3.1
3.1
3.1
2.7
15034:
4.3
4.0
2.1
3.2
3.4
3.5
3.0
2.5
3.2
3.0
3.1
3.0
3.3
3.2
2.4
2.9
2.9
2.8
2.8
2.7
3.5
3.7
3.7
3.1
2.9
3.6
7452:
2.5
3.2
1.8
2.7
17123:
2.9
3.6
3.5
2.5
2.8
3.2
17105:
2.3
2.0
1.7
3.1
2.6
6500:
4.0
3.7
3.7
3.9
3.5
3.5
3.4
3.9
3.3
3.8
3.3
3.5
3.4
3.2
3.4
3.7
3.4
4.0
4.1
3.7
3.6
3.6
3.9
2.3
3.8
3.6
3.8
3.7
3.4
3.8
4.1
3.3
3.8
3.4
3.2
4.2
3.5
3.9
3.1
3.4
3.5
2.9
3.3
3.4
3.3
3.2
3.6
4.1
3.3
3.5
3.3
3.6
4.0
3.7
4.1
2.7
3.3
3.6
3.6
3.8
4.0
3.4
3.5
3.4
3.4
3.1
10443:
2.8
6188:
3.7
3.0
3.1
2.0
2.8
3.4
3.0
2.7
2.6
3.2
3.5
3.7
2.5
2.7
3.4
2.4
2.3
13590:
2.3
2.6
1.7
6114:
3.4
3.0
3.1
3.9
2.5
3.7
2.9
3.8
2.9
3.8
3.3
3.8
4.8
3.7
3.0
3.3
3.9
3.5
3.1
3.1
3.4
2.5
2.8
3.0
2.8
2.8
3.8
3.2
2.8
3.4
3491:
2.5
3.4
2.6
3.6
3.4
3.3
3.8
3.8
3.2
3.2
3.9
3.0
3.1
3.5
3.4
4.0
3.8
3.1
3.0
4.2
3.4
12764:
4.0
4.3
4.2
3.5
4.0
17143:
2.0
2.5
17516:
2.9
2.5
9542:
3.4
3.3
2.6
3.4
2.7
3.5
3.5
3.1
3.6
3.2
3.1
3.8
3.0
2.9
2.9
3.8
3.1
2.8
3.6
3.2
3.6
3.3
3.4
2.9
3.1
3.2
2.8
3.3
3.4
3.3
3.4
3.8
3.4
3.1
3.1
3.7
3.2
2.8
2.8
3.6
3.5
3.1
2.4
3.3
3.6
3.1
3.7
3.1
2.9
4.3
2.9
3.5
3.8
3.3
2.5
4.7
2.3
3.4
3.2
3.4
3.4
4.2
3.0
3.2
3.0
3.1
3.4
3.2
3.5
4.1
3.1
3.7
3.3
3.5
3.7
2268:
2.4
1.9
2.9
2.8
3.0
4990:
4.0
2.9
3.7
3.4
4.4
4.3
2.8
3.3
4.2
411:
2.7
2.6
2.7
3.0
11732:
2.8
4.2
3.7
3.5
3.0
3.4
3.1
3.4
3.9
3.1
3.5
3.0
3.6
2.8
3.0
4.2
3.9
3.3
3.3
3.8
3.8
3.2
3.3
4.2
3.1
4.1
4.0
3.2
3.5
2.9
4.6
3.5
4.0
3.7
3.7
3.5
2.9
3.8
3.7
2.7
3.0
3.8
2.9
3.2
3.5
3.5
2.9
3.7
4.3
3.9
3.8
4.5
2.9
4.3
4.0
4.1
3.8
3.7
3.7
3.4
3.2
4.8
4.0
4.0
3.7
3.6
2.6
3.0
2.9
1.9
4.4
3.5
3.2
3.7
3.7
5109:
3.6
3.6
4.6
3.1
2.8
9239:
2.4
14075:
3.2
3.2
3.7
2.8
4.2
3.9
3.7
3.6
2.9
2.9
3.0
4.3
4.1
3.6
3.6
3.3
3.7
3.8
3.1
3.4
4.1
3.1
3.8
4.0
17608:
1.6
1.3
1.7
1.9
0.6
1.5
1059:
1.1
1.0
1.3
1.8
2.2
1.7
11063:
2.3
2.2
2.6
2.2
2.0
1.8
4778:
3.5
3.4
3.5
3.5
3.8
3.4
4.1
3.1
3.8
3.4
3.6
3.0
3.4
4.1
3.5
3.1
3.2
3.1
3.6
2.8
3.1
3.3
3.9
3.2
4.1
3.9
3.5
3.7
3.2
3.4
3.8
3.5
4.0
3.7
3.8
4.0
3.8
4.6
4.1
2.6
3.3
3.3
2.9
3.0
3.6
3.5
3.4
3.5
3.1
3.2
3.7
3.3
3.3
3.3
3.8
3.4
4.2
3.6
2.7
3.2
3.6
3.8
3.7
2.8
3.3
3.5
3.4
3.2
3.0
3.5
3.4
3.7
3.7
3.2
3.2
10479:
3.3
3.3
3.4
4086:
3.9
3.5
3.4
3.1
3.0
2.2
2.7
3.3
1.9
3.4
2.6
4.0
4.2
2.9
3.1
4.0
4.1
3.5
17713:
4.3
3.9
4.1
3.6
14690:
2.5
1.9
2.2
1996:
3.0
2.9
3.2
14494:
2.6
3.5
2.9
3.7
4.0
3.7
15057:
3.9
4.2
3.2
4.4
3.7
3.5
3.9
3.5
3.7
3.6
4.8
3.6
3.7
4.1
3.2
4.4
4.1
3.4
3.7
3.9
3.9
3.7
3.8
3.5
4.4
4.0
3.7
4.0
3.9
3.8
4.1
3.0
3.9
3.9
3.7
4.1
3.5
4.5
4.0
4.5
3.8
3.9
4.4
3.3
4.0
4.1
3.6
4.9
3.9
4.2
4.0
3.6
3.4
4.5
3.5
3.1
3.7
3.5
3.7
3.4
4.3
3.5
4.1
3.4
3.1
3.8
3.7
3.8
4.6
3.3
3.9
3.3
3.9
4.1
3.4
16320:
2.8
3.9
4.2
4.0
4.1
3.4
3.9
4.2
4.3
3.0
3.9
3.7
3.3
4.7
4.2
3.5
4.2
4.0
4.2
3.3
4.7
7963:
3.0
3.3
2.8
12430:
2.6
3.1
3.2
3.8
3.2
3.7
3.1
4.3
3.5
4.0
4.3
3.0
2.8
3.4
3.4
4.2
3.7
3.1
3.6
3.7
3.6
3.5
3.8
4.7
2.9
3.5
3.8
3.7
3.7
4.1
3.3
3.4
3.4
4.7
4.0
2.9
3.2
3.8
3.2
3.5
3.2
3.5
3.3
3.7
4.0
3.7
3.2
3.7
3.7
3.3
3.4
3.1
4.9
3.7
4.1
3.8
3.2
3.3
3.6
3.5
3.5
3.3
2.9
3.4
3.4
3.5
3.9
2.8
4.9
3.7
3.3
3.3
4.2
3.2
3.4
RMSE: 0.95
