139:
2.2
2.5
3.1
1390:
4.3
3.9
2.9
3.8
4.0
3.8
4.0
3.3
4.0
13900:
4.2
3.6
3.5
3.7
3.7
4.5
3.6
13902:
3.1
2.3
3.0
2.6
3.0
2.3
13903:
3.3
2.2
2.9
3.5
3.5
4.2
3.2
3.2
3.5
2.9
3.3
2.6
3.7
2.9
3.3
3.6
3.7
2.9
1.5
2.6
4.1
3.0
13904:
3.3
3.9
3.9
3.5
2.6
3.6
3.6
13905:
2.9
2.0
2.1
13907:
2.1
2.9
2.8
3.1
1.9
2.6
2.5
13908:
3.5
3.7
3.6
4
4.0
3.2
3.6
3.3
3.8
4.1
4.1
3.7
3.7
4.2
4.1
3.0
3.7
3.6
3.6
3.2
3.3
3.8
4.0
13909:
3.2
3.5
3.5
3.9
2.5
3.5
3.0
3.1
4.2
4.0
4.3
2.9
4.3
1.8
3.6
2.8
3.3
4.0
1391:
4.1
3.7
2.6
2.4
3.1
3.5
3.5
4.4
3.5
2.6
3.1
3.4
2.8
3.6
3.5
3.9
3.4
3.5
2.8
2.2
3.5
3.3
13910:
3.4
2.6
13911:
3.3
3.5
2.6
3.2
13912:
3.1
3.1
3.1
3.4
3.4
4.0
3.3
3.5
13913:
3.4
13914:
3.7
3.9
2.9
3.7
3.7
3.6
3.7
2.6
2.0
2.7
2.7
3.2
4.3
3.5
3.4
3.4
3.2
3.4
3.1
3.1
4.1
3.6
3.1
3.1
3.4
3.7
3.2
3.2
3.0
3.1
3.2
2.6
2.8
3.4
3.1
3.2
3.4
3.4
4.0
2.8
2.8
3.9
3.0
3.1
2.5
3.2
3.1
4
3.5
3.8
3.1
3.4
3.4
3.9
3.6
3.2
3.3
3.8
3.4
3.5
3.3
2.6
2.9
3.1
3.7
3.5
3.1
3.3
2.9
3.2
2.9
2.6
2.6
3.6
3.2
2.9
3.1
3.5
2.8
3.4
4.0
2.9
3.8
3.4
3.1
3.4
3.3
3.2
3.6
3.3
3.2
3.4
3.5
2.6
2.9
2.9
3.3
3.4
2.7
3.1
3.3
3.4
3.0
2.9
3.7
3.1
3.2
3.3
3.8
3.0
3.2
3.4
3.2
3.6
3.2
3.2
3.7
3.1
3.6
2.4
3.2
3.2
3.3
2.7
3.7
3.2
3.9
3.3
3.3
2.7
2.7
3.9
4.5
3.1
3.7
3.3
3.6
3.9
3.5
2.4
3.9
3.5
3.7
3.8
3.4
3.2
4.0
3.3
2.8
3.2
3.5
3.1
3.3
3.1
13915:
2.7
2.2
13916:
3.9
3.3
4.2
4
3.1
3.0
3.3
4.5
3.8
4.1
3.7
3.1
3.5
2.6
3.1
3
3.3
2.5
2.1
3.6
4.3
3.1
3.6
3.3
3.4
3.5
3.2
3.5
2.6
3.4
3.8
3.8
3.6
3.9
3.8
2.4
2.9
3.1
3.8
3.3
3.5
3.8
3.0
3.6
3.4
3.2
3.3
3.3
4.1
3.5
3.5
3.7
3.6
3.1
3.4
3.9
2.9
2.9
3.2
3.7
3.4
3.5
3.2
3.1
3.6
3.3
3.9
2.9
3.3
2.7
3.6
3.7
3.6
3.3
4.0
4.2
4
2.9
2.9
3.9
3.1
2.9
2.8
3.5
3.7
4.1
3.5
2.9
3.4
3.4
3.8
2.9
3.5
3.0
3.8
3.5
3.1
3.8
3.8
3.2
2.6
3.1
3.5
4.1
3.6
4.7
2.5
2.7
2.8
4.4
3.9
3.7
3.6
3.5
3.9
3.6
3.3
3.6
3.5
3.7
3.9
3.7
3.1
2.7
3.9
4.0
3.7
3.6
3.4
3.0
2.9
3.8
3.8
3.5
2.8
3.2
3.4
3.4
3.8
2.9
2.8
3.0
4.5
2.6
3.0
3.8
4.4
3.2
3.3
2.8
4.2
3.0
3.1
3.0
3.4
3.4
2.8
3.2
3.3
2.7
3.6
3.8
3.7
4.0
3.1
3.9
3.4
3.1
3.9
3.3
3.6
3.3
4
3.7
3.6
4.3
3.5
3.8
4.0
3.7
3.1
3.7
4.0
3.7
3.4
3.6
3.3
4.0
3.9
3.2
3.3
2.5
3.6
3.1
2.9
3.4
3.4
3.3
13918:
3.9
13919:
2.7
1392:
2.7
3.0
2.9
3.3
2.7
2.8
3.0
3.3
3.5
2.8
2.7
2.8
3.2
3.4
3.2
2.5
3
3.7
1.6
3.2
3.0
2.5
3.0
3.2
2.8
3.4
3.5
2.9
3.4
4.0
3.2
3.7
3.0
3.3
2.9
3.7
2.9
4.1
2.9
13921:
3.0
2.6
3.4
2.2
2.6
3.0
2.5
2.5
2.8
3.0
2.9
2.6
3.0
2.5
2.7
3.0
2.7
2.5
3.2
3.1
3.2
2.7
3.0
2.9
2.1
3.3
13922:
3.3
3.6
3.6
3.6
4.9
3.5
3.5
3.5
3.8
3.2
4.2
3.0
3.2
3.8
3.3
3.7
3.4
3.8
3.7
3.9
3.0
3.2
3.6
3.1
3.6
3.7
3.6
4.0
3.7
3.4
3.8
4.2
3.5
3.8
3.7
3.3
3.0
3.2
4.0
3.7
3.7
4.4
4.0
3.1
4.2
3.9
4.0
3.9
3.4
3.9
3.8
3.8
2.2
3.0
2.3
3.8
13923:
3.8
3.4
4.2
3.3
3.7
4.4
3.9
3.1
2.5
3.6
4.0
3.7
3.8
4.1
3.8
3.8
3.7
3.6
3.7
3.9
3.8
3.6
4.3
3.7
3.3
3.1
3.6
4.2
3.8
3.3
3.7
3.5
4.0
3.6
4
4.0
3.9
2.8
4.8
4.2
4.2
3.0
4.1
4.0
4.2
3.5
2.7
3.7
4.3
3.8
3.7
4.1
3.8
3.8
3.8
3.8
3.5
3.5
2.8
3.9
3.7
4.3
3.4
3.7
4.1
4.0
2.5
3.7
3.2
3.8
4.0
3.4
3.7
3.7
3.8
3.7
3.1
3.7
3.9
4.1
4.1
3.8
3.6
4.0
3.7
3.5
3.4
3.5
4.0
4.1
3.5
4.2
2.9
4.1
3.8
4.2
3.4
3.4
3.8
3.7
4.3
4.3
3.8
4.4
3.8
3.6
2.9
3.5
4.3
3.5
3.4
3.7
4.2
3.8
3.9
3.8
4.2
4.4
4.2
3.8
3.9
3.6
3.8
3.6
3.6
3.5
3.9
3.2
3.4
3.4
3.3
4.0
4.2
4.2
3.7
4.1
3.5
3.9
4.3
3.9
4.4
3.8
2.9
3.8
3.8
4.1
4.7
4.0
3.4
3.6
4.0
4.2
4.0
3.9
3.8
3.8
3.9
4.0
3.1
4.0
3.5
3.3
3.6
4.1
3.7
3.6
3.8
3.8
4.2
3.5
3.9
3.5
3.5
3.2
3.4
4.1
3.8
4.0
3.7
3.9
3.9
4.1
3.6
4.1
4.0
3.6
3.2
3.3
3.3
3.8
4.0
4.2
3.7
4.0
4.4
4.2
4.7
3.0
3.7
3.1
3.1
3.3
3.7
3.9
4.1
3.6
4.7
3.6
3.6
3.8
3.6
3.7
4.4
3.5
3.7
2.8
4.6
3.0
3.9
3.9
3.7
4.0
4.1
4.5
3.7
4.2
4.4
4.2
3.5
3.5
3.7
3.4
3.3
3.6
3.5
3.2
3.6
3.9
3.7
3.6
4.5
4.7
2.9
3.4
4.1
3.7
3.7
4.1
3.7
4.0
3.6
4
3.7
4.9
3.5
4.4
4.7
4.3
4.2
3.5
3.8
4.1
3.7
3.4
4.3
4.1
4.0
4.0
3.7
4.0
4.3
3.5
3.1
3.8
3.8
4.0
3.7
4
3.4
3.9
3.4
4.5
4.0
3.6
3.3
3.7
4.5
3.6
3.8
2.9
3.3
4.1
3.7
3.9
4.2
3.5
3.5
3.5
3.7
3.3
3.9
3.2
3.6
3.6
3.8
3.6
4.4
3.4
3.8
2.9
3.4
3.8
3.8
3.3
3.5
4.6
3.5
3.9
3.9
4.0
3.1
4.4
3.4
4.0
3.5
4.2
3.8
4.0
3.8
3.1
3.4
3.7
3.4
4.4
3.3
3.4
4.2
4.2
4.2
4.4
4.0
4.1
4.5
3.6
4.3
4.1
3.7
3.3
3.6
3.6
3.5
3.9
4.2
3.6
4.3
4.0
4
2.4
3.5
3.4
4.0
4.1
4.1
3.4
3.3
RMSE: 0.99
