22:
2.97
3.25
3.43
2.18
220:
3.60
3.39
3.20
4.02
4.28
2.66
2200:
3.70
3.49
3.42
2.57
3.38
2.73
3.54
3.36
4.06
3.53
3.71
4.14
2.53
3.04
4.59
4.04
2.14
4.10
3.87
2.65
1.63
3.91
2.62
3.79
2.88
2.74
3.23
2.88
3.78
3.40
4.14
2.53
3.03
4.01
3.37
3.95
2.90
4.12
4.08
3.57
3.53
2.71
3.44
3.34
3.76
3.43
4.21
3.28
3.28
3.69
3.67
3.86
3.17
3.34
3.59
3.89
4.14
3.49
3.41
3.80
2.93
7055:
3.84
4.16
3.90
3.85
3.99
2.81
3.27
3.64
3.48
3.26
3.24
3.79
3.34
2.96
3.95
4.01
3.96
3.38
2.41
3.72
3.41
3.67
3.77
4.11
3.88
3.32
3.57
3.62
3.62
3.95
3.87
3.12
3.27
3.50
3.98
3.75
2.40
3.89
3.72
3.47
3.32
2.48
3.88
3.41
3.69
4.45
3.55
3.14
3.69
3.11
3.94
4.44
3.60
3.34
2.86
3.58
3.85
3.49
3.42
4.75
3.94
3.37
3.68
3.12
3.94
3.44
2.99
3.01
3.41
3.36
4.15
3.07
3.13
3.50
3.17
4.03
3.70
3.10
3.16
3.53
3.72
3.33
3.15
3.84
3.22
3.25
3.66
3.80
4.12
4.06
3.50
2.89
3.34
3.35
4.32
3.24
3.65
3.78
3.98
4.22
4.18
3.66
4.34
3.88
3.81
3.58
4.31
4.49
3.33
3.14
3.22
3.55
4.14
3.52
3.53
3.18
3.20
3.40
3.07
3.34
3.55
4.21
3.19
3.42
3.63
3.42
3.58
3.57
3.68
3.51
3.13
3.25
3.28
3.93
3.59
4.26
2.94
3.99
4.01
3.24
3.55
3.10
3.93
3.32
3.88
3.08
3.75
4.13
3.41
3.85
3.03
4.04
3.20
3.93
3.87
4.01
4.22
3.38
3.57
3.32
4.36
2.35
3.29
3.26
3.35
3.48
3.85
3.19
3.36
3.66
3.05
3.83
4.04
3.79
3.56
3.37
3.61
3.15
4.16
3.31
4.00
3.40
3.92
3.70
4.32
3.73
3.64
2.63
3.50
3.51
3.65
3.13
3.38
3.29
3.15
3.94
3.41
4.25
3.69
3.23
3.45
3.16
3.60
2.83
3.39
2.96
4.00
4.20
3.60
3.58
4.40
4.19
3.31
3.95
3.62
3.57
3.55
3.69
3.13
3.65
4.02
3.17
4.15
2.90
3.29
3.57
3.35
3.25
3.77
2.59
3.36
4.29
3.21
3.82
4.10
4.04
3.82
4.14
3.88
3.46
3.22
4.00
3.17
2.86
3.23
4.05
3.41
3.96
4.44
3.21
4.30
3.73
3.78
3.07
3.94
3.83
4.17
4.11
3.87
3.80
3.12
3.53
3.59
4.51
3.39
3.96
3.56
3.54
3.78
3.53
3.63
3.22
3.23
3.38
3.69
3.61
3.47
3.62
3.38
3.12
3.88
3.86
3.48
4.57
3.60
3.34
3.79
3.94
3.72
3.64
3.32
3.44
3.55
3.26
3.92
7056:
3.30
3.33
4.18
3.84
3.69
3.77
4.12
4.25
3.25
3.80
3.33
4.08
3.33
2.66
7057:
4.40
5.09
4.01
4.79
4.42
4.26
4.56
4.69
4.18
4.33
4.73
4.44
4.21
3.97
4.86
4.75
4.36
4.90
3.80
4.35
4.97
4.55
4.45
4.18
4.63
3.71
3.81
4.19
3.94
4.44
4.76
5.00
4.35
4.53
4.26
4.44
3.74
3.84
4.51
4.28
3.97
4.05
4.58
4.00
4.36
4.51
4.73
4.32
4.14
4.49
4.23
4.83
4.22
4.32
4.99
4.74
4.59
4.53
5.24
4.68
4.63
4.23
3.69
4.26
3.85
3.62
4.28
4.28
3.78
4.08
4.18
4.12
4.63
3.98
4.28
4.49
5.10
3.87
4.19
4.01
5.07
4.75
4.82
3.95
4.40
4.59
4.56
3.81
4.49
4.28
4.33
4.51
4.21
4.45
3.83
4.14
4.55
4.02
4.67
3.95
7284:
2.72
3.76
3.28
3.67
2.88
3.73
2.94
2.79
3.79
3.23
3.32
3.47
3.57
3.06
2.58
3.14
7288:
4.83
4.57
4.07
3.98
4.13
3.72
4.32
3.79
3.19
4.36
3.55
4.64
3.32
3.99
4.26
3.98
3.89
4.43
3.69
4.01
4.34
3.71
3.94
4.19
3.96
4.28
3.69
3.33
3.33
4.67
3.85
4.65
3.13
4.37
3.10
3.47
4.17
3.41
4.38
3.74
4.27
2.93
4.17
3.78
3.78
4.11
3.92
3.94
3.54
3.09
3.07
3.48
3.90
4.38
3.81
3.91
3.69
4.22
3.87
4.20
3.66
3.58
4.48
3.74
4.16
7289:
3.62
3.61
3.78
3807:
3.65
3.31
3.44
4.08
2.56
3.28
2.16
3.57
4.24
2.54
2.77
3.35
3.34
3.68
3.34
3.86
3.33
3.29
3.36
3.75
3.86
4.03
3.00
2.74
4.16
3.45
3.86
3.39
3.07
3.71
3.95
3.49
3.44
3.60
3.07
3.70
3.91
3.02
3.63
3.77
3.49
3.20
3.51
3.57
2.79
3.73
3.85
3.94
3.43
4.14
2.85
3.87
3.76
3.20
4.20
3.14
3.90
3.43
3.41
3.55
3.75
2.96
4.32
3.79
3808:
3.02
3.98
2.83
3.88
3.44
3.73
3.26
3.07
3.47
2.71
3.11
3809:
3.87
4.09
3.19
3.47
3.20
3.71
4.11
3.23
2.80
3.20
2.86
3.04
3.03
4.05
3.61
2.96
2.59
3.07
381:
3.18
3.28
3.30
3.77
4.02
4.39
4.27
3.94
3.98
4.34
3.95
3.28
3.91
3.60
4.57
3.45
4.75
3.80
4.56
4.27
3.60
3.66
3.81
4.06
3.64
2.74
3.95
3.88
3.61
4.37
3.79
3.95
4.32
4.31
4.44
4.07
3.80
3.77
4.38
3.96
3.37
3.01
3.80
3.18
3.85
3.40
4.02
4.11
3.67
3.36
3.86
4.14
3.72
3.15
4.53
3.45
3.35
4.04
3.89
3.91
3.79
3.93
4.10
3.78
3.94
4.01
4.00
3.87
3.72
3.91
4.37
3.74
3.87
3.69
4.37
4.01
4.09
3.57
4.24
3.76
3.94
3.76
3.79
4.08
4.25
3.41
3.90
3.58
3.00
3.88
4.01
3.95
3.61
3.55
3.73
4.11
4.25
4.55
4.35
4.48
3.12
3.74
3.74
3.60
3.30
3.88
4.10
4.46
4.11
3.18
3.86
4.31
3.54
3.95
4.10
3.68
4.13
4.07
3.85
3.54
4.17
3.35
4.88
4.08
4.08
3.62
12071:
3.87
3.70
3.65
3.73
4.13
4.23
3.46
4.58
3.75
3.36
3.73
3.54
3.11
3.92
3.76
3.92
3.40
4.49
3.48
3.95
3.32
3.28
3.77
3.65
4.34
2.81
3.82
2.69
3.89
3.91
3.76
4.22
4.65
3.96
3.93
4.93
3.82
3.92
3.99
3.69
3.81
3.97
4.12
3.68
3.58
3.93
4.25
3.75
3.65
3.84
4.11
3.53
3.68
4.15
3.68
4.36
4.09
4.23
3.97
3.99
4.30
3.60
3.50
3.85
4.04
3.55
3.81
4.10
3.61
4.47
3.78
3.33
4.31
3.54
3.90
3.75
2.93
4.01
3.34
4.94
3.97
4.48
3.55
3.71
4.04
3.22
4.58
3.85
3.18
3.53
4.06
4.11
3.41
3.88
4.06
4.20
3.47
3.98
3.88
3.74
3.81
3.95
4.33
3.63
4.55
3.81
4.08
3.74
3.75
4.01
3.32
3.78
3.60
3.86
3.58
3.73
3.44
3.74
3.69
3.70
3.67
3.18
4.17
4.24
4.03
3.14
3.80
3.71
4.52
4.55
3.95
3.91
3.30
3.70
4.11
2.96
4.88
4.07
4.19
3.78
3.79
3.69
3.67
3.76
4.30
4.60
3.95
3.34
3.27
3.94
3.74
1:
3.73
3.31
3.72
4.71
3.67
3.97
3.37
3.74
4.09
3.49
3.04
3.56
4.00
3.87
2.66
3.87
3.61
4.59
4.14
4.12
3.08
4.83
3.58
10001:
3.35
4.20
3.67
2.75
4.28
3.42
3.41
3.94
3.87
3.69
3.98
4.02
2.90
4.23
3.60
3.49
4.31
10002:
4.45
3.44
4.87
4.20
10003:
2.98
10004:
4.76
3.97
3.94
3.81
4.38
4.04
4.16
3.96
3.96
3.84
4.18
3.77
4.07
3.67
4.29
4.00
4.12
4.19
4.28
3.85
4.07
3.68
3.83
3.94
5.07
3.46
4.00
4.05
3.35
4.50
4.27
10005:
3.70
4.29
3.47
3.08
3.17
10006:
4.22
3.68
4.51
3.17
RMSE: 0.94
