1:
2.14
2.24
2.315
2.43
2.32
2.2
1.975
2.23
2.205
2.595
2.35
2.36
1.93
2.23
2.58
2.375
2.215
2.335
2.465
2.33
2.44
2.62
2.035
10:
3.665
3.21
1000:
3.13
3.195
3.195
3.375
3.55
3.465
3.485
3.46
3.375
3.325
4
3.905
3.405
3.355
3.41
3.54
3.43
3.045
3.555
3.37
3.445
3.395
3.515
3.25
3.525
3.475
2.97
10000:
3.465
3.545
10001:
3.25
3.435
3.025
2.885
3.27
3.3
3.48
2.95
3.035
3.24
3.355
3.6
2.865
3.235
2.945
3.725
3.075
10002:
3.365
3.675
3.355
3.365
10003:
3.695
10004:
3.905
3.655
4.16
3.75
3.96
4.215
3.59
3.88
4.07
3.945
3.59
3.835
3.935
4.335
4.06
3.825
3.81
3.535
3.87
3.725
4.055
3.95
4.195
3.74
3.555
3.835
3.895
4.12
4.035
3.895
3.735
10005:
3.91
3.94
4.165
3.775
3.65
10006:
2.87
3.3
3.605
3.26
10007:
3.785
3.905
4.195
3.66
3.815
4
3.575
3.765
4.125
3.57
3.5
4.15
3.665
10008:
3.9
3.855
3.87
3.835
3.81
4.22
3.53
10009:
2.69
2.81
2.935
2.845
3.065
2.805
1001:
3.75
3.68
3.895
4.31
3.825
3.65
3.885
3.76
3.845
4.09
3.745
4
3.85
4.04
4.24
3.89
3.495
3.9
3.785
3.965
3.69
3.94
3.795
3.785
4.275
3.63
3.695
3.97
3.59
3.94
3.315
4.095
3.6
3.605
3.86
3.71
3.93
3.965
4.15
3.68
3.625
3.87
3.615
3.725
4.05
3.36
4.42
3.525
4.015
3.885
3.585
3.675
3.835
3.645
3.55
4.185
3.685
3.67
3.73
4.035
3.925
3.76
3.72
3.705
3.985
3.895
4.095
3.58
4.4
3.63
3.71
4.155
3.84
3.63
3.705
3.5
4.16
4.055
4.24
4.085
3.76
3.995
4.02
4.22
3.88
3.51
4.045
4.4
3.73
3.565
4
3.835
4.04
3.91
3.89
3.855
3.54
3.635
3.62
3.785
4.045
3.705
3.73
3.965
3.87
3.615
3.645
4.05
3.695
3.4
3.95
3.885
3.96
3.575
3.745
3.515
3.715
4.25
3.985
4.06
3.915
3.91
3.48
3.4
3.76
4.14
3.725
3.735
3.9
3.86
3.865
3.705
3.74
4.33
10010:
3.48
3.325
3.585
3.215
3.09
3.33
2.88
3.34
3.6
3.31
3.32
3.03
3.315
3.425
3.575
3.085
3.18
2.905
3.36
3.17
3.56
3.375
3.415
10011:
3.225
3.33
10012:
3.215
3.165
3.24
3.435
3.55
3.275
3.165
3.22
3.2
3.09
3.185
3.965
3.315
10013:
3.365
3.58
3.365
3.255
3.545
3.455
3.34
3.36
3.53
3.41
3.25
3.14
3.335
2.84
3.045
3.375
3.09
2.925
3.06
3.305
3.2
3.33
3.78
3.465
3.205
3.295
3.47
3.375
3.72
3.215
3.515
3
3.135
3.52
3.22
3.8
2.8
3.09
3.29
3.155
3.475
3.37
3.08
3.28
2
2.705
3.51
3.06
3.395
3.365
3.05
3.43
3.47
3.445
3.22
3.64
3.225
10014:
4.405
4.665
4.51
4.26
4.44
10015:
3.495
3.195
2.815
3.09
3.435
3.225
2.925
3.025
3.585
3.155
3.1
3.2
2.86
3.2
3.48
3.375
3.06
3.075
3.25
3.805
3.615
3.165
2.995
3.225
3.245
3.545
3.225
3.875
10016:
3.43
3.665
3.58
3.5
3.08
10017:
3.68
3.485
4.24
10018:
3.525
3.7
3.825
4.27
4.135
3.555
3.835
4.41
3.9
3.775
4.48
3.98
4.03
3.455
3.78
3.76
3.56
3.93
3.96
3.75
3.905
3.735
4.01
3.95
3.775
3.77
4.12
4.11
3.6
3.535
10019:
3.525
3.535
3.65
3.535
3.65
3.97
3.87
3.755
4.105
3.725
3.56
3.725
4.045
3.7
3.835
3.115
3.94
4.105
3.465
3.265
3.98
4.5
3.85
3.965
3.715
4.035
3.51
4
4.19
3.88
3.35
3.665
3.875
4.33
3.94
3.75
4
3.635
4.065
4.08
4.175
3.555
3.755
3.735
3.92
3.5
3.735
4.29
3.445
4.115
3.795
3.78
3.825
3.62
3.87
3.6
3.87
4.05
3.37
3.975
4.13
3.675
3.665
3.58
3.875
4.12
3.895
3.805
3.885
1002:
4.02
4.01
3.635
3.85
4
3.6
4.225
3.93
3.915
4.15
3.72
3.545
3.94
3.395
10020:
3.695
3.04
3.325
3.23
3.14
3.175
2.925
3.055
3.205
3.07
3.645
3.235
3.6
2.75
3.43
3.38
2.135
3.005
3.54
3.245
3.59
3.5
3.02
3.1
3.255
2.98
3.36
10021:
3.315
3.54
3.105
3.17
10022:
3.105
3.73
3.475
3.4
3.35
3.385
2.895
3.175
10023:
3.58
3.6
3.51
3.545
3.15
3.085
3.335
3.225
3.62
2.5
3.25
10024:
3.86
3.905
3.865
4
4.07
3.955
3.91
3.995
3.59
4.35
10025:
3.63
10027:
3.225
3.155
3.645
3.645
3.245
3.44
3.39
2.975
3.955
3.13
3.55
3.39
3.37
3.14
3.045
3.735
3.33
3.425
3.305
3.29
3.08
3.16
2.965
3.495
3.02
3.225
3.32
2.91
3.58
3.69
3.185
3.59
3.475
3.315
3.265
2.75
3.26
3.125
3.34
3.715
3.07
3.5
2.95
3.25
3.555
3.26
3.32
4
3.49
3.4
3.325
3.765
3.45
3.325
3.13
3.56
3.195
3.385
3.28
3.635
3.26
3.44
3.665
3.625
3.325
3.89
3.36
3.53
3.44
3.32
3.56
3.47
3.27
3.375
3.63
3.25
3.36
3.495
3.56
3.55
3.165
3
3.47
3.595
3.275
3.5
3.45
3.23
10028:
3.66
4.16
3.945
3.61
4.135
3.915
3.73
10029:
3.36
3.165
3.275
3.745
10031:
3.815
3.64
4.03
4.02
4.235
4.05
4.085
3.75
3.73
10032:
3.66
3.55
3.505
3.74
3.065
3.315
3.55
2.845
3.485
3.5
3.51
2.86
3.275
3.165
3.45
3.3
3.34
3.09
3.685
3.28
3.405
3.48
3.445
3.07
3.13
3.71
3.18
3.12
3.475
3.24
2.425
3.475
3.23
3.965
3.405
3.51
3.055
3.575
3.43
3.475
3.56
3.39
3.49
3.365
3.525
3.56
3.16
10033:
3.015
3.46
3.58
3.895
3.515
3.515
3.13
3.405
3.62
3.565
3.62
3.405
3.625
3.65
10034:
3.325
3.22
10035:
3.53
2.945
3.7
3.25
3.555
3
3.825
3.155
3.685
3.19
3.58
3.315
3.475
3.59
3.24
3.29
3.225
3.22
3.22
3.355
10036:
3.58
3.095
3.425
3.56
3.63
3.46
3.35
3.625
3.085
3.345
3.255
3.485
3.735
3.335
3.45
3.48
3.365
3.385
3.55
3.545
3.315
3.26
3.25
3.34
3.5
3.74
3.105
3.38
3.59
3.26
3.13
3.365
3.355
3.37
3.58
3.415
3.385
3.295
3.295
3.36
3.08
3.375
3.405
2.88
3.665
3.58
3.665
2.915
2.975
3.195
3.2
3.42
3.725
3.335
3.37
3.07
3.44
3.195
3.015
3.355
3.42
3.075
3.08
3.405
3.415
3.17
2.965
3.145
2.95
3.5
3.215
3.44
3
3.315
3.225
3.395
3.205
3.38
3.185
3.1
3.375
3.32
2.89
3.285
3.18
3.36
2.98
3.445
3.245
3.39
3.32
3.33
3.275
3.615
3.33
3.04
3.44
3.48
2.775
3.29
3.575
3.29
3.46
3.125
3.5
3.125
3.66
3.82
3.2
3.215
3.29
3.47
3.215
2.975
2.98
2
3.225
3.865
3.37
3.5
3.27
3.505
3.305
3.68
3.43
3.195
3.135
3.165
3.335
3.25
3.25
3.27
3.5
3.16
3.41
2.985
3.09
3.065
3.54
3.075
3.515
3.19
3.485
3.695
3.25
3.365
3.395
3.615
3.26
3.045
3.35
3.48
3.145
3.195
3.19
3.345
3.375
3.145
2.99
3.065
3.34
3.835
3.5
3.355
3.28
3.435
3.215
3.115
3.215
3.28
3.28
3.22
3.3
3.77
3.38
3.125
3.31
3.39
3.345
3.1
3.515
3.41
3.23
3.735
3.435
3.29
3.085
2.93
3.41
3.735
3.065
3.075
2.535
3.38
3.145
3.505
3.435
3.45
3.32
3.82
3.315
3.535
3.82
3.625
3.55
3.495
3.23
3.89
3.245
3.305
3.445
3.565
3.46
3.51
3.46
10037:
4.24
3.875
3.68
4.25
3.9
3.945
3.74
3.835
3.655
3.64
3.685
4.415
4.025
3.8
10038:
3.83
3.47
3.485
3.29
3.505
3.425
2.335
3.615
10039:
3.03
1004:
4.215
3.625
3.505
3.89
3.805
3.705
3.53
3.925
3.84
3.86
3.32
3.94
3.625
3.685
4.32
3.825
3.82
4.165
4.25
4.055
4.09
3.99
3.95
3.93
4.13
4.075
4.015
4.015
4.09
3.745
4.125
10040:
3.805
3.755
3.99
10041:
3.66
2.99
3.24
3.285
3.585
3.22
3.425
3.69
3.19
3.34
2.82
3.365
3.66
2.855
3.32
3.295
3.18
3.44
3.56
3.45
3.31
3.37
3.295
3.235
3.14
2.765
3.37
3.325
3.175
3.39
3.27
10042:
4.03
3.815
3.19
4.165
4.01
3.78
3.97
3.955
3.88
3.61
3.82
3.525
4.17
3.715
3.6
3.71
4.03
4.02
3.67
3.735
3.725
3.85
4.16
3.87
3.745
3.345
3.545
3.92
3.74
3.39
3.54
3.685
4.165
3.87
3.63
3.29
3.07
3.785
3.21
3.97
3.6
3.85
3.33
3.495
3.84
3.325
4
4.215
3.985
3.63
3.855
3.96
3.955
3.785
4.295
3.62
4.19
3.595
3.725
3.905
3.565
3.89
3.635
3.735
3.52
4.03
3.88
4.25
4.065
4.055
3.895
3.965
3.68
4.22
3.745
3.805
3.765
3.745
4.16
3.73
3.91
4.26
3.865
4.175
4
3.68
3.5
3.635
4
3.825
3.84
4.06
4.5
3.75
4.015
3.94
4.015
4.27
3.93
3.905
3.915
3.84
3.81
3.485
3.62
3.98
3.415
3.765
3.69
4.31
3.635
3.745
3.65
3.77
4.285
3.765
3.535
3.935
3.66
3.89
3.48
3.76
4.01
3.805
3.67
3.94
3.84
4.195
3.55
3.855
3.62
3.77
3.785
3.97
3.82
4.165
3.925
4.17
3.52
4.12
3.415
3.685
3.865
3.215
3.305
4.05
3.71
3.79
3.965
3.79
4.025
3.87
3.665
3.935
4.46
3.825
3.67
3.84
3.825
3.78
3.995
3.455
3.645
3.93
3.93
4.05
3.93
3.89
4.04
3.65
2.915
3.705
3.595
4
4.375
3.97
3.67
3.975
3.885
3.765
3.98
4.17
3.59
3.76
3.86
3.7
3.82
4.15
4.02
4.025
4.18
3.815
3.88
3.905
4.11
3.825
4.005
4.18
3.94
3.96
3.5
3.725
3.875
3.915
3.785
3.655
3.44
3.75
4.305
3.84
3.69
3.8
3.875
3.76
3.715
4.1
3.88
3.51
3.435
3.78
3.715
3.595
3.82
3.895
3.845
3.5
4
3.73
4.115
3.945
3.675
3.935
4.115
3.62
3.725
3.83
3.7
3.765
4.22
4.05
3.665
3.635
3.875
3.805
3.77
3.3
3.61
3.665
3.725
3.81
3.75
3.88
4
3.875
3.7
3.67
3.99
3.415
3.965
3.555
3.755
3.195
3.865
3.955
RSME: 3.57966